============================================================
  Generated by:           Genus(TM) Synthesis Solution 21.19-s055_1
  Generated on:           Dec 17 2024  11:37:30 pm
  Module:                 CiscV_0
  Operating conditions:   PVT_1P8V_25C (balanced_tree)
  Wireload mode:          enclosed
  Area mode:              timing library
============================================================


  Gate   Instances     Area               Library
------------------------------------------------------------
AND2X1          21    20160.000    KISTA_SOI_STDLIB2_CCS_TT
AND3X1          10    12800.000    KISTA_SOI_STDLIB2_CCS_TT
AND4X1           5     8000.000    KISTA_SOI_STDLIB2_CCS_TT
AO21X1          16    20480.000    KISTA_SOI_STDLIB2_CCS_TT
AOI21X1        440   422400.000    KISTA_SOI_STDLIB2_CCS_TT
BUFX2           19    12160.000    KISTA_SOI_STDLIB2_CCS_TT
BUFX3            7     4480.000    KISTA_SOI_STDLIB2_CCS_TT
DFFX1          288  1244160.000    KISTA_SOI_STDLIB2_CCS_TT
INVX1           29     9280.000    KISTA_SOI_STDLIB2_CCS_TT
INVX2          344   110080.000    KISTA_SOI_STDLIB2_CCS_TT
INVX3          202    64640.000    KISTA_SOI_STDLIB2_CCS_TT
MX2X1           32    61440.000    KISTA_SOI_STDLIB2_CCS_TT
NAND2X1        321   205440.000    KISTA_SOI_STDLIB2_CCS_TT
NAND2X2        404   258560.000    KISTA_SOI_STDLIB2_CCS_TT
NAND3X1        140   134400.000    KISTA_SOI_STDLIB2_CCS_TT
NAND4X1        110   140800.000    KISTA_SOI_STDLIB2_CCS_TT
NOR2X1         103    65920.000    KISTA_SOI_STDLIB2_CCS_TT
NOR2X2         326   208640.000    KISTA_SOI_STDLIB2_CCS_TT
NOR2X3           9     8640.000    KISTA_SOI_STDLIB2_CCS_TT
NOR3X1          76    72960.000    KISTA_SOI_STDLIB2_CCS_TT
NOR4X1          59    75520.000    KISTA_SOI_STDLIB2_CCS_TT
OA21X1          16    20480.000    KISTA_SOI_STDLIB2_CCS_TT
OAI21X1        537   515520.000    KISTA_SOI_STDLIB2_CCS_TT
OR2X1           24    23040.000    KISTA_SOI_STDLIB2_CCS_TT
OR3X1            6     7680.000    KISTA_SOI_STDLIB2_CCS_TT
OR4X1            9    14400.000    KISTA_SOI_STDLIB2_CCS_TT
XNOR2X1         13    20800.000    KISTA_SOI_STDLIB2_CCS_TT
XOR2X1           4     6400.000    KISTA_SOI_STDLIB2_CCS_TT
------------------------------------------------------------
total         3570  3769280.000



     Type      Instances     Area    Area %
--------------------------------------------
sequential           288 1244160.000   33.0
inverter             575  184000.000    4.9
buffer                26   16640.000    0.4
logic               2681 2324480.000   61.7
physical_cells         0       0.000    0.0
--------------------------------------------
total               3570 3769280.000  100.0
