Path 1: MET (69047 ps) Setup Check with Pin internal_addr_internal_reg[1]/CK->D
          Group: CLK
     Startpoint: (R) pres_state_reg[7]/CK
          Clock: (R) CLK
       Endpoint: (R) internal_addr_internal_reg[1]/D
          Clock: (R) CLK

                     Capture       Launch
        Clock Edge:+  100000            0
       Src Latency:+       0            0
       Net Latency:+     200 (I)      200 (I)
           Arrival:=  100200          200

             Setup:-    1282
       Uncertainty:-     300
     Required Time:=   98618
      Launch Clock:-     200
         Data Path:-   29371
             Slack:=   69047

#---------------------------------------------------------------------------------------------------------
#          Timing Point           Flags   Arc   Edge   Cell     Fanout  Load Trans Delay Arrival Instance
#                                                                       (fF)  (ps)  (ps)   (ps)  Location
#---------------------------------------------------------------------------------------------------------
  pres_state_reg[7]/CK            -       -     R     (arrival)    288     -     0     0     200    (-,-)
  pres_state_reg[7]/Q             -       CK->Q F     DFFX1          2 109.4  1115  3588    3788    (-,-)
  g256845/Y                       -       A->Y  F     BUFX3          8 422.1   395  1776    5564    (-,-)
  g256843/Y                       -       A->Y  R     INVX2          9 445.7   786  1229    6793    (-,-)
  g258343/Y                       -       A->Y  R     AND2X1         4 229.0   836  1698    8491    (-,-)
  g256408/Y                       -       A->Y  F     INVX2         12 491.1   670  1169    9660    (-,-)
  g256406/Y                       -       A->Y  R     INVX2         10 461.2   813  1447   11106    (-,-)
  g256055/Y                       -       B->Y  F     NAND2X2        2 111.1   378   626   11732    (-,-)
  g255732/Y                       -       B->Y  R     NAND2X2        1  36.3   171   439   12171    (-,-)
  g254947/Y                       -       D->Y  F     NAND4X1        1  29.8   496   621   12792    (-,-)
  g254270/Y                       -       D->Y  R     NOR4X1         1  34.8   910  1213   14005    (-,-)
  g253986/Y                       -       B->Y  F     AOI21X1        1  32.4   351   553   14558    (-,-)
  g258359/Y                       -       C->Y  F     OR4X1          3 120.8   510  2221   16779    (-,-)
  drc_bufs258140/Y                -       A->Y  R     INVX2          1  36.3   141   473   17252    (-,-)
  g253262__5115/Y                 -       D->Y  F     NAND4X1        1  29.8   578   612   17864    (-,-)
  g253176__3680/Y                 -       D->Y  R     NOR4X1         1  36.3   930  1286   19150    (-,-)
  g253143__7098/Y                 -       D->Y  F     NAND4X1        1  29.8   558   809   19958    (-,-)
  g253123__8428/Y                 -       D->Y  R     NOR4X1         1  36.3   929  1274   21232    (-,-)
  g253116__5107/Y                 -       D->Y  F     NAND4X1        1  29.8   558   808   22041    (-,-)
  g253115__5107/Y                 -       D->Y  R     NOR4X1         1  36.3   939  1274   23314    (-,-)
  g253114__6417/Y                 -       D->Y  F     NAND4X1        1  29.8   582   810   24125    (-,-)
  g253113__8246/Y                 -       D->Y  R     NOR4X1         1  36.3   939  1288   25413    (-,-)
  g253112__2883/Y                 -       D->Y  F     NAND4X1        1  29.8   607   810   26223    (-,-)
  g253111__5122/Y                 -       D->Y  R     NOR4X1         1  33.0   901  1254   27477    (-,-)
  g253110__6783/Y                 -       C->Y  F     AOI21X1        1  36.3   367   606   28082    (-,-)
  g253109__6260/Y                 -       D->Y  R     NAND4X1        1  36.9   305   592   28674    (-,-)
  g253108__5107/Y                 -       D->Y  F     NOR4X1         1  36.3   252   394   29069    (-,-)
  g253107__2398/Y                 -       D->Y  R     NAND4X1        1  33.0   292   502   29571    (-,-)
  internal_addr_internal_reg[1]/D <<<     -     R     DFFX1          1     -     -     0   29571    (-,-)
#---------------------------------------------------------------------------------------------------------
