============================================================
  Generated by:           Genus(TM) Synthesis Solution 21.19-s055_1
  Generated on:           Jan 02 2025  01:23:18 am
  Module:                 BRISC_top_no_io
  Operating conditions:   PVT_1P8V_25C (balanced_tree)
  Wireload mode:          enclosed
  Area mode:              timing library
============================================================


Path 1: VIOLATED (-18229 ps) Setup Check with Pin U4/pc_reg[31]/CK->D
          Group: CLK
     Startpoint: (R) U4/U0_rs2_data_internal_reg[4]/CK
          Clock: (R) CLK
       Endpoint: (R) U4/pc_reg[31]/D
          Clock: (R) CLK

                     Capture       Launch     
        Clock Edge:+    3000            0     
       Src Latency:+       0            0     
       Net Latency:+     200 (I)      200 (I) 
           Arrival:=    3200          200     
                                              
             Setup:-    1255                  
       Uncertainty:-     300                  
     Required Time:=    1645                  
      Launch Clock:-     200                  
         Data Path:-   19674                  
             Slack:=  -18229                  

#-----------------------------------------------------------------------------------------------------------
#           Timing Point            Flags   Arc   Edge   Cell     Fanout  Load Trans Delay Arrival Instance 
#                                                                         (fF)  (ps)  (ps)   (ps)  Location 
#-----------------------------------------------------------------------------------------------------------
  U4/U0_rs2_data_internal_reg[4]/CK -       -     R     (arrival)   1466     -     0     0     200    (-,-) 
  U4/U0_rs2_data_internal_reg[4]/Q  -       CK->Q F     DFFX1          1  35.7   571  2626    2826    (-,-) 
  U4/g15/Y                          -       A->Y  R     INVX1          2 112.6   438   927    3753    (-,-) 
  U4/fopt445603/Y                   -       A->Y  R     BUFX2          1  55.3   148   741    4494    (-,-) 
  U4/g461319/Y                      -       A->Y  F     NOR2X2         3 183.5   307   472    4965    (-,-) 
  U4/g461318/Y                      -       A->Y  R     NAND2X1        1  81.3   373   716    5681    (-,-) 
  U4/g461474/Y                      -       A->Y  F     NOR2X3         4 197.4   249   495    6176    (-,-) 
  U4/fopt466189/Y                   -       A->Y  F     BUFX4          4 156.8   146   788    6964    (-,-) 
  U4/g273021/Y                      -       A->Y  R     NAND2X1        1  36.3   266   434    7398    (-,-) 
  U4/g272456__8428/Y                -       D->Y  F     NAND4X1        1  33.6   528   684    8082    (-,-) 
  U4/g461641/Y                      -       A->Y  R     NOR3X1         1  55.5   828  1456    9538    (-,-) 
  U4/g461640/Y                      -       A->Y  F     NAND2X2        1  79.0   310   450    9988    (-,-) 
  U4/g461181/Y                      -       B->Y  R     NOR2X3         1  76.7   252   521   10509    (-,-) 
  U4/g461736/Y                      -       A->Y  F     INVX3          7 322.9   282   497   11006    (-,-) 
  U4/g463468/Y                      -       B->Y  R     NAND2X2        2  68.9   208   464   11470    (-,-) 
  U4/g463466/Y                      -       C->Y  F     OAI21X1        1  36.3   300   524   11994    (-,-) 
  U4/g443918/Y                      -       B->Y  R     NAND2X1        1  34.8   210   490   12483    (-,-) 
  U4/g444324/Y                      -       B->Y  F     AOI21X1        1  55.8   343   536   13020    (-,-) 
  U4/g418645/Y                      -       B->Y  R     NOR2X2         1  82.2   365   680   13700    (-,-) 
  U4/g465770/Y                      -       B->Y  F     NAND2X3        2 129.2   253   467   14167    (-,-) 
  U4/g465772/Y                      -       A->Y  R     NAND2X2        1  82.2   213   481   14648    (-,-) 
  U4/g465771/Y                      -       B->Y  F     NAND2X3        4 203.5   406   541   15189    (-,-) 
  U4/g461686/Y                      -       B->Y  R     NAND2X3        2 112.4   208   567   15756    (-,-) 
  U4/g455904/Y                      -       A->Y  F     NAND2X2        2 109.9   284   487   16243    (-,-) 
  U4/g445100/Y                      -       A->Y  R     NAND2X2        1  82.2   217   501   16744    (-,-) 
  U4/g443975/Y                      -       B->Y  F     NAND2X3        3 125.7   226   416   17160    (-,-) 
  U4/g443977/Y                      -       B->Y  R     NAND2X2        1  82.2   217   458   17618    (-,-) 
  U4/g450466/Y                      -       B->Y  F     NAND2X3        2 159.2   277   471   18089    (-,-) 
  U4/g443593/Y                      -       B->Y  R     NAND2X3        3 146.5   252   542   18630    (-,-) 
  U4/g443592/Y                      -       A->Y  F     INVX3          1  79.0   103   241   18871    (-,-) 
  U4/g443082/Y                      -       B->Y  R     NOR2X3         1  56.9   209   340   19211    (-,-) 
  U4/g400/Y                         -       B->Y  F     NAND2X2        1  54.5   164   336   19547    (-,-) 
  U4/g441918/Y                      -       A->Y  R     NAND2X2        1  33.0   121   327   19874    (-,-) 
  U4/pc_reg[31]/D                   <<<     -     R     DFFX1          1     -     -     0   19874    (-,-) 
#-----------------------------------------------------------------------------------------------------------

