============================================================
  Generated by:           Genus(TM) Synthesis Solution 21.19-s055_1
  Generated on:           Dec 30 2024  10:45:18 pm
  Module:                 BRISC_top_no_io
  Operating conditions:   PVT_1P8V_25C (balanced_tree)
  Wireload mode:          enclosed
  Area mode:              timing library
============================================================

                                 
  Gate   Instances      Area               Library           
-------------------------------------------------------------
ADDFX1          58    287680.000    KISTA_SOI_STDLIB2_CCS_TT 
ADDHX1           6     13440.000    KISTA_SOI_STDLIB2_CCS_TT 
AND2X1         143    137280.000    KISTA_SOI_STDLIB2_CCS_TT 
AND3X1          17     21760.000    KISTA_SOI_STDLIB2_CCS_TT 
AND4X1          25     40000.000    KISTA_SOI_STDLIB2_CCS_TT 
AO21X1         101    129280.000    KISTA_SOI_STDLIB2_CCS_TT 
AOI21X1       1211   1162560.000    KISTA_SOI_STDLIB2_CCS_TT 
BUFX2          666    426240.000    KISTA_SOI_STDLIB2_CCS_TT 
BUFX3            4      2560.000    KISTA_SOI_STDLIB2_CCS_TT 
DFFX1         1472   6359040.000    KISTA_SOI_STDLIB2_CCS_TT 
INVX1            7      2240.000    KISTA_SOI_STDLIB2_CCS_TT 
INVX2         1174    375680.000    KISTA_SOI_STDLIB2_CCS_TT 
INVX3          696    222720.000    KISTA_SOI_STDLIB2_CCS_TT 
MX2X1           83    159360.000    KISTA_SOI_STDLIB2_CCS_TT 
NAND2X1       3236   2071040.000    KISTA_SOI_STDLIB2_CCS_TT 
NAND2X2       2013   1288320.000    KISTA_SOI_STDLIB2_CCS_TT 
NAND3X1        285    273600.000    KISTA_SOI_STDLIB2_CCS_TT 
NAND4X1        792   1013760.000    KISTA_SOI_STDLIB2_CCS_TT 
NOR2X1         290    185600.000    KISTA_SOI_STDLIB2_CCS_TT 
NOR2X2         705    451200.000    KISTA_SOI_STDLIB2_CCS_TT 
NOR2X3          39     37440.000    KISTA_SOI_STDLIB2_CCS_TT 
NOR3X1         170    163200.000    KISTA_SOI_STDLIB2_CCS_TT 
NOR4X1         109    139520.000    KISTA_SOI_STDLIB2_CCS_TT 
OA21X1          87    111360.000    KISTA_SOI_STDLIB2_CCS_TT 
OAI21X1       2038   1956480.000    KISTA_SOI_STDLIB2_CCS_TT 
OR2X1           58     55680.000    KISTA_SOI_STDLIB2_CCS_TT 
OR3X1           15     19200.000    KISTA_SOI_STDLIB2_CCS_TT 
OR4X1           17     27200.000    KISTA_SOI_STDLIB2_CCS_TT 
XNOR2X1         49     78400.000    KISTA_SOI_STDLIB2_CCS_TT 
XOR2X1          20     32000.000    KISTA_SOI_STDLIB2_CCS_TT 
-------------------------------------------------------------
total        15586  17243840.000                             


                                             
     Type      Instances     Area     Area % 
---------------------------------------------
sequential          1472  6359040.000   36.9 
inverter            1877   600640.000    3.5 
buffer               670   428800.000    2.5 
logic              11567  9855360.000   57.2 
physical_cells         0        0.000    0.0 
---------------------------------------------
total              15586 17243840.000  100.0 

