============================================================
  Generated by:           Genus(TM) Synthesis Solution 21.19-s055_1
  Generated on:           Dec 30 2024  07:01:19 pm
  Module:                 BRISC_top_no_io
  Operating conditions:   PVT_1P8V_25C (balanced_tree)
  Wireload mode:          enclosed
  Area mode:              timing library
============================================================

                                 
  Gate   Instances      Area               Library           
-------------------------------------------------------------
ADDHX1           4      8960.000    KISTA_SOI_STDLIB2_CCS_TT 
AND2X1         203    194880.000    KISTA_SOI_STDLIB2_CCS_TT 
AND3X1          14     17920.000    KISTA_SOI_STDLIB2_CCS_TT 
AND4X1          33     52800.000    KISTA_SOI_STDLIB2_CCS_TT 
AO21X1          30     38400.000    KISTA_SOI_STDLIB2_CCS_TT 
AOI21X1       1093   1049280.000    KISTA_SOI_STDLIB2_CCS_TT 
BUFX2          356    227840.000    KISTA_SOI_STDLIB2_CCS_TT 
BUFX3            4      2560.000    KISTA_SOI_STDLIB2_CCS_TT 
DFFX1         1472   6359040.000    KISTA_SOI_STDLIB2_CCS_TT 
INVX1           11      3520.000    KISTA_SOI_STDLIB2_CCS_TT 
INVX2          998    319360.000    KISTA_SOI_STDLIB2_CCS_TT 
INVX3          772    247040.000    KISTA_SOI_STDLIB2_CCS_TT 
MX2X1           84    161280.000    KISTA_SOI_STDLIB2_CCS_TT 
NAND2X1       3661   2343040.000    KISTA_SOI_STDLIB2_CCS_TT 
NAND2X2       1438    920320.000    KISTA_SOI_STDLIB2_CCS_TT 
NAND2X3          3      2880.000    KISTA_SOI_STDLIB2_CCS_TT 
NAND3X1        372    357120.000    KISTA_SOI_STDLIB2_CCS_TT 
NAND4X1        773    989440.000    KISTA_SOI_STDLIB2_CCS_TT 
NOR2X1         475    304000.000    KISTA_SOI_STDLIB2_CCS_TT 
NOR2X2         902    577280.000    KISTA_SOI_STDLIB2_CCS_TT 
NOR2X3          41     39360.000    KISTA_SOI_STDLIB2_CCS_TT 
NOR3X1         175    168000.000    KISTA_SOI_STDLIB2_CCS_TT 
NOR4X1         181    231680.000    KISTA_SOI_STDLIB2_CCS_TT 
OA21X1          59     75520.000    KISTA_SOI_STDLIB2_CCS_TT 
OAI21X1       2059   1976640.000    KISTA_SOI_STDLIB2_CCS_TT 
OR2X1           85     81600.000    KISTA_SOI_STDLIB2_CCS_TT 
OR3X1           18     23040.000    KISTA_SOI_STDLIB2_CCS_TT 
OR4X1           20     32000.000    KISTA_SOI_STDLIB2_CCS_TT 
XNOR2X1        110    176000.000    KISTA_SOI_STDLIB2_CCS_TT 
XOR2X1          38     60800.000    KISTA_SOI_STDLIB2_CCS_TT 
-------------------------------------------------------------
total        15484  17041600.000                             


                                             
     Type      Instances     Area     Area % 
---------------------------------------------
sequential          1472  6359040.000   37.3 
inverter            1781   569920.000    3.3 
buffer               360   230400.000    1.4 
logic              11871  9882240.000   58.0 
physical_cells         0        0.000    0.0 
---------------------------------------------
total              15484 17041600.000  100.0 

