============================================================
  Generated by:           Genus(TM) Synthesis Solution 21.19-s055_1
  Generated on:           Dec 30 2024  09:02:18 pm
  Module:                 BRISC_top_no_io
  Operating conditions:   PVT_1P8V_25C (balanced_tree)
  Wireload mode:          enclosed
  Area mode:              timing library
============================================================


Path 1: MET (64399 ps) Setup Check with Pin U4/alu_result_reg[1]/CK->D
          Group: CLK
     Startpoint: (R) U4/execution_enable_buffer_reg[0]/CK
          Clock: (F) CLK
       Endpoint: (F) U4/alu_result_reg[1]/D
          Clock: (R) CLK

                     Capture       Launch     
        Clock Edge:+  163000        81500     
       Src Latency:+       0            0     
       Net Latency:+     200 (I)      200 (I) 
           Arrival:=  163200        81700     
                                              
             Setup:-     796                  
       Uncertainty:-     300                  
     Required Time:=  162104                  
      Launch Clock:-   81700                  
         Data Path:-   16005                  
             Slack:=   64399                  

#--------------------------------------------------------------------------------------------------------------
#            Timing Point              Flags   Arc   Edge   Cell     Fanout  Load Trans Delay Arrival Instance 
#                                                                            (fF)  (ps)  (ps)   (ps)  Location 
#--------------------------------------------------------------------------------------------------------------
  U4/execution_enable_buffer_reg[0]/CK -       -     R     (arrival)      7     -     0     0   81700    (-,-) 
  U4/execution_enable_buffer_reg[0]/Q  -       CK->Q F     DFFX1          2  86.0   942  3288   84988    (-,-) 
  U4/drc_bufs383216/Y                  -       A->Y  R     INVX2          2  89.3   275   839   85827    (-,-) 
  U4/drc_bufs383215/Y                  -       A->Y  F     INVX2          3 126.1   189   387   86214    (-,-) 
  U4/g379327/Y                         -       B->Y  F     AND2X1         3 166.4   464  1138   87352    (-,-) 
  U4/g379201/Y                         -       A->Y  R     INVX2          8 326.8   584  1051   88403    (-,-) 
  U4/g378827/Y                         -       B->Y  F     NOR2X2         2 111.4   242   474   88877    (-,-) 
  U4/g378149/Y                         -       B->Y  R     NAND2X2        2 114.2   263   533   89410    (-,-) 
  U4/g376428/Y                         -       B->Y  F     NOR2X2         7 363.4   519   768   90177    (-,-) 
  U4/g375749/Y                         -       B->Y  R     NAND2X2        9 347.4   662  1169   91346    (-,-) 
  U4/g370147/Y                         -       C->Y  F     AOI21X1        2  64.8   392   669   92016    (-,-) 
  U4/g384325/Y                         -       C->Y  R     AOI21X1        1  33.4   455   913   92928    (-,-) 
  U4/g384324/Y                         -       C->Y  R     OA21X1         2  89.3   377  1249   94177    (-,-) 
  U4/g369529/Y                         -       A->Y  F     OAI21X1        1  32.4   306   504   94681    (-,-) 
  U4/g369487/Y                         -       C->Y  R     AOI21X1        1  36.7   477   899   95580    (-,-) 
  U4/g369434/Y                         -       C->Y  F     NAND3X1        1  32.4   378   601   96181    (-,-) 
  U4/g369419/Y                         -       C->Y  R     AOI21X1        1  36.7   492   932   97113    (-,-) 
  U4/g369316/Y                         -       C->Y  F     NAND3X1        1  30.6   370   592   97705    (-,-) 
  U4/alu_result_reg[1]/D               <<<     -     F     DFFX1          1     -     -     0   97705    (-,-) 
#--------------------------------------------------------------------------------------------------------------

