============================================================
  Generated by:           Genus(TM) Synthesis Solution 21.19-s055_1
  Generated on:           Jan 02 2025  02:02:43 am
  Module:                 BRISC_top_no_io
  Operating conditions:   PVT_1P8V_25C (balanced_tree)
  Wireload mode:          enclosed
  Area mode:              timing library
============================================================

                                 
  Gate   Instances      Area               Library           
-------------------------------------------------------------
ADDHX1           3      6720.000    KISTA_SOI_STDLIB2_CCS_TT 
AND2X1          74     71040.000    KISTA_SOI_STDLIB2_CCS_TT 
AND3X1          16     20480.000    KISTA_SOI_STDLIB2_CCS_TT 
AND4X1          56     89600.000    KISTA_SOI_STDLIB2_CCS_TT 
AO21X1          56     71680.000    KISTA_SOI_STDLIB2_CCS_TT 
AOI21X1        980    940800.000    KISTA_SOI_STDLIB2_CCS_TT 
BUFX2          263    168320.000    KISTA_SOI_STDLIB2_CCS_TT 
BUFX3          330    211200.000    KISTA_SOI_STDLIB2_CCS_TT 
BUFX4           77     61600.000    KISTA_SOI_STDLIB2_CCS_TT 
BUFX9           31     29760.000    KISTA_SOI_STDLIB2_CCS_TT 
DFFX1         1472   6359040.000    KISTA_SOI_STDLIB2_CCS_TT 
INVX1          195     62400.000    KISTA_SOI_STDLIB2_CCS_TT 
INVX2         2385    763200.000    KISTA_SOI_STDLIB2_CCS_TT 
INVX3         1541    493120.000    KISTA_SOI_STDLIB2_CCS_TT 
INVX4           91     43680.000    KISTA_SOI_STDLIB2_CCS_TT 
MX2X1            5      9600.000    KISTA_SOI_STDLIB2_CCS_TT 
NAND2X1       3471   2221440.000    KISTA_SOI_STDLIB2_CCS_TT 
NAND2X2       3217   2058880.000    KISTA_SOI_STDLIB2_CCS_TT 
NAND2X3        249    239040.000    KISTA_SOI_STDLIB2_CCS_TT 
NAND3X1        388    372480.000    KISTA_SOI_STDLIB2_CCS_TT 
NAND4X1        281    359680.000    KISTA_SOI_STDLIB2_CCS_TT 
NOR2X1         409    261760.000    KISTA_SOI_STDLIB2_CCS_TT 
NOR2X2        1592   1018880.000    KISTA_SOI_STDLIB2_CCS_TT 
NOR2X3         214    205440.000    KISTA_SOI_STDLIB2_CCS_TT 
NOR3X1         150    144000.000    KISTA_SOI_STDLIB2_CCS_TT 
NOR4X1          49     62720.000    KISTA_SOI_STDLIB2_CCS_TT 
OA21X1          42     53760.000    KISTA_SOI_STDLIB2_CCS_TT 
OAI21X1       2309   2216640.000    KISTA_SOI_STDLIB2_CCS_TT 
OR2X1           23     22080.000    KISTA_SOI_STDLIB2_CCS_TT 
OR3X1            3      3840.000    KISTA_SOI_STDLIB2_CCS_TT 
OR4X1            2      3200.000    KISTA_SOI_STDLIB2_CCS_TT 
XNOR2X1         65    104000.000    KISTA_SOI_STDLIB2_CCS_TT 
XOR2X1          40     64000.000    KISTA_SOI_STDLIB2_CCS_TT 
-------------------------------------------------------------
total        20079  18814080.000                             


                                             
     Type      Instances     Area     Area % 
---------------------------------------------
sequential          1472  6359040.000   33.8 
inverter            4212  1362400.000    7.2 
buffer               701   470880.000    2.5 
logic              13694 10621760.000   56.5 
physical_cells         0        0.000    0.0 
---------------------------------------------
total              20079 18814080.000  100.0 

