============================================================
  Generated by:           Genus(TM) Synthesis Solution 21.19-s055_1
  Generated on:           Dec 30 2024  11:42:34 pm
  Module:                 BRISC_top_no_io
  Operating conditions:   PVT_1P8V_25C (balanced_tree)
  Wireload mode:          enclosed
  Area mode:              timing library
============================================================

                                 
  Gate   Instances      Area               Library           
-------------------------------------------------------------
ADDFX1          58    287680.000    KISTA_SOI_STDLIB2_CCS_TT 
ADDHX1           6     13440.000    KISTA_SOI_STDLIB2_CCS_TT 
AND2X1         145    139200.000    KISTA_SOI_STDLIB2_CCS_TT 
AND3X1          13     16640.000    KISTA_SOI_STDLIB2_CCS_TT 
AND4X1          43     68800.000    KISTA_SOI_STDLIB2_CCS_TT 
AO21X1         102    130560.000    KISTA_SOI_STDLIB2_CCS_TT 
AOI21X1       1241   1191360.000    KISTA_SOI_STDLIB2_CCS_TT 
BUFX2          657    420480.000    KISTA_SOI_STDLIB2_CCS_TT 
BUFX3           26     16640.000    KISTA_SOI_STDLIB2_CCS_TT 
DFFX1         1472   6359040.000    KISTA_SOI_STDLIB2_CCS_TT 
INVX1            6      1920.000    KISTA_SOI_STDLIB2_CCS_TT 
INVX2         1196    382720.000    KISTA_SOI_STDLIB2_CCS_TT 
INVX3          699    223680.000    KISTA_SOI_STDLIB2_CCS_TT 
MX2X1           83    159360.000    KISTA_SOI_STDLIB2_CCS_TT 
NAND2X1       3183   2037120.000    KISTA_SOI_STDLIB2_CCS_TT 
NAND2X2       2007   1284480.000    KISTA_SOI_STDLIB2_CCS_TT 
NAND3X1        287    275520.000    KISTA_SOI_STDLIB2_CCS_TT 
NAND4X1        774    990720.000    KISTA_SOI_STDLIB2_CCS_TT 
NOR2X1         289    184960.000    KISTA_SOI_STDLIB2_CCS_TT 
NOR2X2         689    440960.000    KISTA_SOI_STDLIB2_CCS_TT 
NOR2X3          37     35520.000    KISTA_SOI_STDLIB2_CCS_TT 
NOR3X1         169    162240.000    KISTA_SOI_STDLIB2_CCS_TT 
NOR4X1         107    136960.000    KISTA_SOI_STDLIB2_CCS_TT 
OA21X1          89    113920.000    KISTA_SOI_STDLIB2_CCS_TT 
OAI21X1       2050   1968000.000    KISTA_SOI_STDLIB2_CCS_TT 
OR2X1           59     56640.000    KISTA_SOI_STDLIB2_CCS_TT 
OR3X1           14     17920.000    KISTA_SOI_STDLIB2_CCS_TT 
OR4X1           17     27200.000    KISTA_SOI_STDLIB2_CCS_TT 
XNOR2X1         49     78400.000    KISTA_SOI_STDLIB2_CCS_TT 
XOR2X1          20     32000.000    KISTA_SOI_STDLIB2_CCS_TT 
-------------------------------------------------------------
total        15587  17254080.000                             


                                             
     Type      Instances     Area     Area % 
---------------------------------------------
sequential          1472  6359040.000   36.9 
inverter            1901   608320.000    3.5 
buffer               683   437120.000    2.5 
logic              11531  9849600.000   57.1 
physical_cells         0        0.000    0.0 
---------------------------------------------
total              15587 17254080.000  100.0 

