============================================================
  Generated by:           Genus(TM) Synthesis Solution 21.19-s055_1
  Generated on:           Dec 30 2024  09:02:18 pm
  Module:                 BRISC_top_no_io
  Operating conditions:   PVT_1P8V_25C (balanced_tree)
  Wireload mode:          enclosed
  Area mode:              timing library
============================================================

                                 
  Gate   Instances      Area               Library           
-------------------------------------------------------------
ADDFX1          58    287680.000    KISTA_SOI_STDLIB2_CCS_TT 
ADDHX1           6     13440.000    KISTA_SOI_STDLIB2_CCS_TT 
AND2X1         117    112320.000    KISTA_SOI_STDLIB2_CCS_TT 
AND3X1          23     29440.000    KISTA_SOI_STDLIB2_CCS_TT 
AND4X1          18     28800.000    KISTA_SOI_STDLIB2_CCS_TT 
AO21X1         103    131840.000    KISTA_SOI_STDLIB2_CCS_TT 
AOI21X1       1153   1106880.000    KISTA_SOI_STDLIB2_CCS_TT 
BUFX2          504    322560.000    KISTA_SOI_STDLIB2_CCS_TT 
BUFX3            1       640.000    KISTA_SOI_STDLIB2_CCS_TT 
DFFX1         1472   6359040.000    KISTA_SOI_STDLIB2_CCS_TT 
INVX1           13      4160.000    KISTA_SOI_STDLIB2_CCS_TT 
INVX2         1206    385920.000    KISTA_SOI_STDLIB2_CCS_TT 
INVX3          631    201920.000    KISTA_SOI_STDLIB2_CCS_TT 
MX2X1           84    161280.000    KISTA_SOI_STDLIB2_CCS_TT 
NAND2X1       3576   2288640.000    KISTA_SOI_STDLIB2_CCS_TT 
NAND2X2       1754   1122560.000    KISTA_SOI_STDLIB2_CCS_TT 
NAND3X1        298    286080.000    KISTA_SOI_STDLIB2_CCS_TT 
NAND4X1        771    986880.000    KISTA_SOI_STDLIB2_CCS_TT 
NOR2X1         279    178560.000    KISTA_SOI_STDLIB2_CCS_TT 
NOR2X2         719    460160.000    KISTA_SOI_STDLIB2_CCS_TT 
NOR2X3          37     35520.000    KISTA_SOI_STDLIB2_CCS_TT 
NOR3X1         166    159360.000    KISTA_SOI_STDLIB2_CCS_TT 
NOR4X1         117    149760.000    KISTA_SOI_STDLIB2_CCS_TT 
OA21X1          96    122880.000    KISTA_SOI_STDLIB2_CCS_TT 
OAI21X1       2057   1974720.000    KISTA_SOI_STDLIB2_CCS_TT 
OR2X1           57     54720.000    KISTA_SOI_STDLIB2_CCS_TT 
OR3X1           23     29440.000    KISTA_SOI_STDLIB2_CCS_TT 
OR4X1           19     30400.000    KISTA_SOI_STDLIB2_CCS_TT 
XNOR2X1         42     67200.000    KISTA_SOI_STDLIB2_CCS_TT 
XOR2X1          28     44800.000    KISTA_SOI_STDLIB2_CCS_TT 
-------------------------------------------------------------
total        15428  17137600.000                             


                                             
     Type      Instances     Area     Area % 
---------------------------------------------
sequential          1472  6359040.000   37.1 
inverter            1850   592000.000    3.5 
buffer               505   323200.000    1.9 
logic              11601  9863360.000   57.6 
physical_cells         0        0.000    0.0 
---------------------------------------------
total              15428 17137600.000  100.0 

