============================================================
  Generated by:           Genus(TM) Synthesis Solution 21.19-s055_1
  Generated on:           Dec 31 2024  07:15:05 am
  Module:                 BRISC_top_no_io
  Operating conditions:   PVT_1P8V_25C (balanced_tree)
  Wireload mode:          enclosed
  Area mode:              timing library
============================================================


Path 1: MET (356091 ps) Setup Check with Pin U4/alu_result_reg[7]/CK->D
          Group: CLK
     Startpoint: (R) U4/execution_enable_buffer_reg[0]/CK
          Clock: (F) CLK
       Endpoint: (F) U4/alu_result_reg[7]/D
          Clock: (R) CLK

                     Capture       Launch     
        Clock Edge:+  748000       374000     
       Src Latency:+       0            0     
       Net Latency:+     200 (I)      200 (I) 
           Arrival:=  748200       374200     
                                              
             Setup:-     888                  
       Uncertainty:-     300                  
     Required Time:=  747012                  
      Launch Clock:-  374200                  
         Data Path:-   16721                  
             Slack:=  356091                  

#--------------------------------------------------------------------------------------------------------------
#            Timing Point              Flags   Arc   Edge   Cell     Fanout  Load Trans Delay Arrival Instance 
#                                                                            (fF)  (ps)  (ps)   (ps)  Location 
#--------------------------------------------------------------------------------------------------------------
  U4/execution_enable_buffer_reg[0]/CK -       -     R     (arrival)      7     -     0     0  374200    (-,-) 
  U4/execution_enable_buffer_reg[0]/Q  -       CK->Q F     DFFX1          3 121.4  1204  3741  377941    (-,-) 
  U4/drc_bufs382857/Y                  -       A->Y  R     INVX2          2 112.4   349  1044  378985    (-,-) 
  U4/g378491/Y                         -       B->Y  F     NOR2X2         2 111.1   210   418  379403    (-,-) 
  U4/g378038/Y                         -       B->Y  R     NAND2X2        3 154.2   473   593  379996    (-,-) 
  U4/g383409/Y                         -       C->Y  R     OR3X1          3 166.8   622  1302  381298    (-,-) 
  U4/drc_bufs382215/Y                  -       A->Y  F     INVX3          5 273.7   312   584  381882    (-,-) 
  U4/g374785/Y                         -       B->Y  R     NAND2X2       12 430.6   851  1188  383070    (-,-) 
  U4/g369179/Y                         -       C->Y  F     AOI21X1        3 120.8   641   920  383990    (-,-) 
  U4/g369094/Y                         -       A->Y  R     INVX2          2  66.0   203   625  384615    (-,-) 
  U4/g368987/Y                         -       C->Y  F     AOI21X1        2  64.8   400   482  385096    (-,-) 
  U4/g383682/Y                         -       C->Y  R     AOI21X1        1  33.4   459   916  386013    (-,-) 
  U4/g383681/Y                         -       C->Y  R     OA21X1         2  89.3   376  1250  387262    (-,-) 
  U4/g368628/Y                         -       A->Y  F     OAI21X1        1  32.4   302   504  387766    (-,-) 
  U4/g368592/Y                         -       C->Y  R     AOI21X1        1  36.7   476   897  388662    (-,-) 
  U4/g368539/Y                         -       C->Y  F     NAND3X1        1  32.4   378   600  389263    (-,-) 
  U4/g368507/Y                         -       C->Y  R     AOI21X1        1  36.3   511   929  390192    (-,-) 
  U4/g368406/Y                         -       D->Y  F     NAND4X1        1  30.6   508   730  390921    (-,-) 
  U4/alu_result_reg[7]/D               <<<     -     F     DFFX1          1     -     -     0  390921    (-,-) 
#--------------------------------------------------------------------------------------------------------------

