============================================================
  Generated by:           Genus(TM) Synthesis Solution 21.19-s055_1
  Generated on:           Jan 02 2025  01:04:21 am
  Module:                 BRISC_top_no_io
  Operating conditions:   PVT_1P8V_25C (balanced_tree)
  Wireload mode:          enclosed
  Area mode:              timing library
============================================================

                                 
  Gate   Instances      Area               Library           
-------------------------------------------------------------
AND2X1          97     93120.000    KISTA_SOI_STDLIB2_CCS_TT 
AND3X1          17     21760.000    KISTA_SOI_STDLIB2_CCS_TT 
AND4X1          58     92800.000    KISTA_SOI_STDLIB2_CCS_TT 
AO21X1          23     29440.000    KISTA_SOI_STDLIB2_CCS_TT 
AOI21X1        966    927360.000    KISTA_SOI_STDLIB2_CCS_TT 
BUFX2          799    511360.000    KISTA_SOI_STDLIB2_CCS_TT 
BUFX3          226    144640.000    KISTA_SOI_STDLIB2_CCS_TT 
BUFX4           70     56000.000    KISTA_SOI_STDLIB2_CCS_TT 
BUFX8            1      1280.000    KISTA_SOI_STDLIB2_CCS_TT 
BUFX9           41     39360.000    KISTA_SOI_STDLIB2_CCS_TT 
DFFX1         1472   6359040.000    KISTA_SOI_STDLIB2_CCS_TT 
INVX1          260     83200.000    KISTA_SOI_STDLIB2_CCS_TT 
INVX2         2306    737920.000    KISTA_SOI_STDLIB2_CCS_TT 
INVX3         1648    527360.000    KISTA_SOI_STDLIB2_CCS_TT 
INVX4          105     50400.000    KISTA_SOI_STDLIB2_CCS_TT 
MX2X1           10     19200.000    KISTA_SOI_STDLIB2_CCS_TT 
NAND2X1       3701   2368640.000    KISTA_SOI_STDLIB2_CCS_TT 
NAND2X2       3146   2013440.000    KISTA_SOI_STDLIB2_CCS_TT 
NAND2X3        237    227520.000    KISTA_SOI_STDLIB2_CCS_TT 
NAND3X1        329    315840.000    KISTA_SOI_STDLIB2_CCS_TT 
NAND4X1        351    449280.000    KISTA_SOI_STDLIB2_CCS_TT 
NOR2X1         404    258560.000    KISTA_SOI_STDLIB2_CCS_TT 
NOR2X2        1554    994560.000    KISTA_SOI_STDLIB2_CCS_TT 
NOR2X3         193    185280.000    KISTA_SOI_STDLIB2_CCS_TT 
NOR3X1         113    108480.000    KISTA_SOI_STDLIB2_CCS_TT 
NOR4X1          59     75520.000    KISTA_SOI_STDLIB2_CCS_TT 
OA21X1          41     52480.000    KISTA_SOI_STDLIB2_CCS_TT 
OAI21X1       2261   2170560.000    KISTA_SOI_STDLIB2_CCS_TT 
OR2X1           30     28800.000    KISTA_SOI_STDLIB2_CCS_TT 
OR3X1            4      5120.000    KISTA_SOI_STDLIB2_CCS_TT 
OR4X1            2      3200.000    KISTA_SOI_STDLIB2_CCS_TT 
XNOR2X1         68    108800.000    KISTA_SOI_STDLIB2_CCS_TT 
XOR2X1          47     75200.000    KISTA_SOI_STDLIB2_CCS_TT 
-------------------------------------------------------------
total        20639  19135520.000                             


                                             
     Type      Instances     Area     Area % 
---------------------------------------------
sequential          1472  6359040.000   33.2 
inverter            4319  1398880.000    7.3 
buffer              1137   752640.000    3.9 
logic              13711 10624960.000   55.5 
physical_cells         0        0.000    0.0 
---------------------------------------------
total              20639 19135520.000  100.0 

