============================================================
  Generated by:           Genus(TM) Synthesis Solution 21.19-s055_1
  Generated on:           Jan 02 2025  02:22:52 am
  Module:                 BRISC_top_no_io
  Operating conditions:   PVT_1P8V_25C (balanced_tree)
  Wireload mode:          enclosed
  Area mode:              timing library
============================================================

                                 
  Gate   Instances      Area               Library           
-------------------------------------------------------------
ADDHX1           1      2240.000    KISTA_SOI_STDLIB2_CCS_TT 
AND2X1         110    105600.000    KISTA_SOI_STDLIB2_CCS_TT 
AND3X1          15     19200.000    KISTA_SOI_STDLIB2_CCS_TT 
AND4X1          73    116800.000    KISTA_SOI_STDLIB2_CCS_TT 
AO21X1          18     23040.000    KISTA_SOI_STDLIB2_CCS_TT 
AOI21X1        993    953280.000    KISTA_SOI_STDLIB2_CCS_TT 
BUFX2          193    123520.000    KISTA_SOI_STDLIB2_CCS_TT 
BUFX3          346    221440.000    KISTA_SOI_STDLIB2_CCS_TT 
BUFX4           86     68800.000    KISTA_SOI_STDLIB2_CCS_TT 
BUFX9           49     47040.000    KISTA_SOI_STDLIB2_CCS_TT 
DFFX1         1472   6359040.000    KISTA_SOI_STDLIB2_CCS_TT 
INVX1          233     74560.000    KISTA_SOI_STDLIB2_CCS_TT 
INVX2         2531    809920.000    KISTA_SOI_STDLIB2_CCS_TT 
INVX3         1372    439040.000    KISTA_SOI_STDLIB2_CCS_TT 
INVX4          103     49440.000    KISTA_SOI_STDLIB2_CCS_TT 
MX2X1            2      3840.000    KISTA_SOI_STDLIB2_CCS_TT 
NAND2X1       3779   2418560.000    KISTA_SOI_STDLIB2_CCS_TT 
NAND2X2       2836   1815040.000    KISTA_SOI_STDLIB2_CCS_TT 
NAND2X3        212    203520.000    KISTA_SOI_STDLIB2_CCS_TT 
NAND3X1        372    357120.000    KISTA_SOI_STDLIB2_CCS_TT 
NAND4X1        399    510720.000    KISTA_SOI_STDLIB2_CCS_TT 
NOR2X1         363    232320.000    KISTA_SOI_STDLIB2_CCS_TT 
NOR2X2        1463    936320.000    KISTA_SOI_STDLIB2_CCS_TT 
NOR2X3         212    203520.000    KISTA_SOI_STDLIB2_CCS_TT 
NOR3X1         147    141120.000    KISTA_SOI_STDLIB2_CCS_TT 
NOR4X1          53     67840.000    KISTA_SOI_STDLIB2_CCS_TT 
OA21X1          49     62720.000    KISTA_SOI_STDLIB2_CCS_TT 
OAI21X1       2267   2176320.000    KISTA_SOI_STDLIB2_CCS_TT 
OR2X1           26     24960.000    KISTA_SOI_STDLIB2_CCS_TT 
OR3X1            6      7680.000    KISTA_SOI_STDLIB2_CCS_TT 
OR4X1            5      8000.000    KISTA_SOI_STDLIB2_CCS_TT 
XNOR2X1         69    110400.000    KISTA_SOI_STDLIB2_CCS_TT 
XOR2X1          39     62400.000    KISTA_SOI_STDLIB2_CCS_TT 
-------------------------------------------------------------
total        19894  18755360.000                             


                                             
     Type      Instances     Area     Area % 
---------------------------------------------
sequential          1472  6359040.000   33.9 
inverter            4239  1372960.000    7.3 
buffer               674   460800.000    2.5 
logic              13509 10562560.000   56.3 
physical_cells         0        0.000    0.0 
---------------------------------------------
total              19894 18755360.000  100.0 

