============================================================
  Generated by:           Genus(TM) Synthesis Solution 21.19-s055_1
  Generated on:           Dec 30 2024  07:10:31 pm
  Module:                 BRISC_top_no_io
  Operating conditions:   PVT_1P8V_25C (balanced_tree)
  Wireload mode:          enclosed
  Area mode:              timing library
============================================================


Path 1: MET (6 ps) Setup Check with Pin U4/alu_result_reg[30]/CK->D
          Group: CLK
     Startpoint: (R) U4/U0_rs_sel_internal_reg[0]/CK
          Clock: (R) CLK
       Endpoint: (R) U4/alu_result_reg[30]/D
          Clock: (R) CLK

                     Capture       Launch     
        Clock Edge:+   55000            0     
       Src Latency:+       0            0     
       Net Latency:+     200 (I)      200 (I) 
           Arrival:=   55200          200     
                                              
             Setup:-    1283                  
       Uncertainty:-     300                  
     Required Time:=   53617                  
      Launch Clock:-     200                  
         Data Path:-   53411                  
             Slack:=       6                  

#-------------------------------------------------------------------------------------------------------------
#          Timing Point           Flags     Arc     Edge   Cell     Fanout  Load Trans Delay Arrival Instance 
#                                                                           (fF)  (ps)  (ps)   (ps)  Location 
#-------------------------------------------------------------------------------------------------------------
  U4/U0_rs_sel_internal_reg[0]/CK -       -         R     (arrival)   1466     -     0     0     200    (-,-) 
  U4/U0_rs_sel_internal_reg[0]/Q  -       CK->Q     F     DFFX1          2 111.0  1127  3608    3808    (-,-) 
  U4/drc_bufs375138/Y             -       A->Y      R     INVX3          6 417.8   563  1420    5228    (-,-) 
  U4/drc_bufs375135/Y             -       A->Y      F     INVX3          9 342.9   343   646    5873    (-,-) 
  U4/g296472/Y                    -       A->Y      R     NOR2X2         4 244.6   913  1385    7258    (-,-) 
  U4/g296455/Y                    -       A->Y      F     INVX3          5 397.4   458   804    8062    (-,-) 
  U4/g296401/Y                    -       A->Y      R     NOR2X3        16 579.8  1381  2028   10091    (-,-) 
  U4/g294488/Y                    -       A->Y      F     NAND2X1        1  35.2   390   447   10538    (-,-) 
  U4/g292493__4733/Y              -       C->Y      R     NAND4X1        1  35.6   303   620   11158    (-,-) 
  U4/g292297__9315/Y              -       C->Y      F     NOR4X1         1  36.3   240   427   11585    (-,-) 
  U4/g375180/Y                    -       C->Y      R     NAND3X1        1  34.8   259   482   12067    (-,-) 
  U4/g375179/Y                    -       A->Y      R     OR3X1          8 420.6  1480  2272   14339    (-,-) 
  U4/add_3413_38_g2566/Y          -       B->Y      F     NAND2X2        2  99.6   458   636   14975    (-,-) 
  U4/add_3413_38_g2443/Y          -       A->Y      F     OA21X1         2  98.9   332  1407   16382    (-,-) 
  U4/add_3413_38_g2627/Y          -       B->Y      F     OA21X1         2 100.8   336  1304   17686    (-,-) 
  U4/add_3413_38_g2436/Y          -       B->Y      R     OAI21X1        2 119.4   937  1372   19058    (-,-) 
  U4/add_3413_38_g2435/Y          -       B->Y      F     NAND2X2        1  55.7   283   432   19490    (-,-) 
  U4/add_3413_38_g2433/Y          -       B->Y      R     NAND2X2        1 126.3   292   584   20074    (-,-) 
  U4/g375207/COUT                 -       CIN->COUT R     ADDFX1         2 119.4   756  2190   22264    (-,-) 
  U4/add_3413_38_g2429/Y          -       B->Y      F     NAND2X2        1  55.7   260   427   22691    (-,-) 
  U4/add_3413_38_g2427/Y          -       B->Y      R     NAND2X2        2 119.4   285   555   23246    (-,-) 
  U4/add_3413_38_g2426/Y          -       B->Y      F     NAND2X2        1  55.7   209   355   23601    (-,-) 
  U4/add_3413_38_g2424/Y          -       B->Y      R     NAND2X2        2 119.4   286   523   24124    (-,-) 
  U4/add_3413_38_g2423/Y          -       B->Y      F     NAND2X2        2  90.3   273   443   24566    (-,-) 
  U4/g375133/Y                    -       A->Y      F     AND2X1         1  33.1   142   778   25344    (-,-) 
  U4/g375132/Y                    -       A->Y      F     OA21X1         2 100.8   336  1284   26628    (-,-) 
  U4/add_3413_38_g2416/Y          -       B->Y      R     OAI21X1        2  97.3   787  1199   27827    (-,-) 
  U4/add_3413_38_g2414/Y          -       B->Y      F     AOI21X1        2  98.9   570   941   28768    (-,-) 
  U4/add_3413_38_g2/Y             -       B->Y      F     OA21X1         2 100.8   337  1444   30213    (-,-) 
  U4/add_3413_38_g2409/Y          -       B->Y      R     OAI21X1        2 119.4   937  1372   31585    (-,-) 
  U4/add_3413_38_g2408/Y          -       B->Y      F     NAND2X2        1  55.7   283   432   32016    (-,-) 
  U4/add_3413_38_g2406/Y          -       B->Y      R     NAND2X2        2 139.2   311   611   32627    (-,-) 
  U4/add_3413_38_g2405/Y          -       A->Y      F     INVX3          1  33.4    77   174   32802    (-,-) 
  U4/add_3413_38_g2403/Y          -       B->Y      R     OAI21X1        2 119.4   937  1227   34029    (-,-) 
  U4/add_3413_38_g2402/Y          -       B->Y      F     NAND2X2        2 111.5   400   641   34670    (-,-) 
  U4/add_3413_38_g2400/Y          -       B->Y      R     NOR2X2         2  91.9   401   754   35424    (-,-) 
  U4/add_3413_38_g2396/Y          -       B->Y      F     AOI21X1        3 147.1   730  1051   36475    (-,-) 
  U4/add_3413_38_g2393/Y          -       C->Y      R     NOR3X1         1  57.1   843  1399   37874    (-,-) 
  U4/add_3413_38_g2389/Y          -       B->Y      F     NOR2X2         1  31.5   210   237   38111    (-,-) 
  U4/add_3413_38_g2384/Y          -       B->Y      F     OA21X1         1  33.4   174   970   39081    (-,-) 
  U4/add_3413_38_g2381/Y          -       B->Y      R     OAI21X1        3 153.6  1168  1549   40630    (-,-) 
  U4/add_3413_38_g2376/Y          -       B->Y      F     AOI21X1        2 100.8   644  1043   41673    (-,-) 
  U4/add_3413_38_g2373/Y          -       B->Y      R     OAI21X1        2 139.2  1071  1703   43376    (-,-) 
  U4/add_3413_38_g2372/Y          -       A->Y      F     INVX3          1  33.4   154   122   43498    (-,-) 
  U4/add_3413_38_g2370/Y          -       B->Y      R     OAI21X1        2 118.8   933  1266   44764    (-,-) 
  U4/add_3413_38_g2369/Y          -       A->Y      F     INVX2          1  33.4   178   203   44967    (-,-) 
  U4/add_3413_38_g2367/Y          -       B->Y      R     OAI21X1        1 126.3   984  1338   46304    (-,-) 
  U4/g375206/COUT                 -       CIN->COUT R     ADDFX1         1 126.3   781  2464   48768    (-,-) 
  U4/g375205/SUM                  -       CIN->SUM  R     ADDFX1         3 148.6   649  3715   52483    (-,-) 
  U4/g360923/Y                    -       B->Y      F     AOI21X1        1  34.8   308   546   53030    (-,-) 
  U4/g360607/Y                    -       B->Y      R     NAND4X1        1  33.0   296   582   53611    (-,-) 
  U4/alu_result_reg[30]/D         <<<     -         R     DFFX1          1     -     -     0   53611    (-,-) 
#-------------------------------------------------------------------------------------------------------------

