============================================================
  Generated by:           Genus(TM) Synthesis Solution 21.19-s055_1
  Generated on:           Dec 30 2024  06:31:22 pm
  Module:                 BRISC_top_no_io
  Operating conditions:   PVT_1P8V_25C (balanced_tree)
  Wireload mode:          enclosed
  Area mode:              timing library
============================================================

                                 
  Gate   Instances      Area               Library           
-------------------------------------------------------------
ADDHX1           5     11200.000    KISTA_SOI_STDLIB2_CCS_TT 
AND2X1          92     88320.000    KISTA_SOI_STDLIB2_CCS_TT 
AND3X1          32     40960.000    KISTA_SOI_STDLIB2_CCS_TT 
AND4X1          38     60800.000    KISTA_SOI_STDLIB2_CCS_TT 
AO21X1          20     25600.000    KISTA_SOI_STDLIB2_CCS_TT 
AOI21X1        965    926400.000    KISTA_SOI_STDLIB2_CCS_TT 
BUFX16           1      2240.000    KISTA_SOI_STDLIB2_CCS_TT 
BUFX2          460    294400.000    KISTA_SOI_STDLIB2_CCS_TT 
BUFX3          120     76800.000    KISTA_SOI_STDLIB2_CCS_TT 
BUFX4           76     60800.000    KISTA_SOI_STDLIB2_CCS_TT 
BUFX9           24     23040.000    KISTA_SOI_STDLIB2_CCS_TT 
DFFX1         1472   6359040.000    KISTA_SOI_STDLIB2_CCS_TT 
INVX1          290     92800.000    KISTA_SOI_STDLIB2_CCS_TT 
INVX2         2392    765440.000    KISTA_SOI_STDLIB2_CCS_TT 
INVX3         1376    440320.000    KISTA_SOI_STDLIB2_CCS_TT 
INVX4           87     41760.000    KISTA_SOI_STDLIB2_CCS_TT 
MX2X1           47     90240.000    KISTA_SOI_STDLIB2_CCS_TT 
NAND2X1       3507   2244480.000    KISTA_SOI_STDLIB2_CCS_TT 
NAND2X2       2983   1909120.000    KISTA_SOI_STDLIB2_CCS_TT 
NAND2X3        275    264000.000    KISTA_SOI_STDLIB2_CCS_TT 
NAND3X1        393    377280.000    KISTA_SOI_STDLIB2_CCS_TT 
NAND4X1        375    480000.000    KISTA_SOI_STDLIB2_CCS_TT 
NOR2X1         342    218880.000    KISTA_SOI_STDLIB2_CCS_TT 
NOR2X2        1404    898560.000    KISTA_SOI_STDLIB2_CCS_TT 
NOR2X3         270    259200.000    KISTA_SOI_STDLIB2_CCS_TT 
NOR3X1         112    107520.000    KISTA_SOI_STDLIB2_CCS_TT 
NOR4X1          84    107520.000    KISTA_SOI_STDLIB2_CCS_TT 
OA21X1          97    124160.000    KISTA_SOI_STDLIB2_CCS_TT 
OAI21X1       2233   2143680.000    KISTA_SOI_STDLIB2_CCS_TT 
OR2X1           42     40320.000    KISTA_SOI_STDLIB2_CCS_TT 
OR3X1            9     11520.000    KISTA_SOI_STDLIB2_CCS_TT 
OR4X1            4      6400.000    KISTA_SOI_STDLIB2_CCS_TT 
XNOR2X1         44     70400.000    KISTA_SOI_STDLIB2_CCS_TT 
XOR2X1          19     30400.000    KISTA_SOI_STDLIB2_CCS_TT 
-------------------------------------------------------------
total        19690  18693600.000                             


                                             
     Type      Instances     Area     Area % 
---------------------------------------------
sequential          1472  6359040.000   34.0 
inverter            4145  1340320.000    7.2 
buffer               681   457280.000    2.4 
logic              13392 10536960.000   56.4 
physical_cells         0        0.000    0.0 
---------------------------------------------
total              19690 18693600.000  100.0 

