============================================================
  Generated by:           Genus(TM) Synthesis Solution 21.19-s055_1
  Generated on:           Dec 31 2024  05:24:35 am
  Module:                 BRISC_top_no_io
  Operating conditions:   PVT_1P8V_25C (balanced_tree)
  Wireload mode:          enclosed
  Area mode:              timing library
============================================================


Path 1: MET (302091 ps) Setup Check with Pin U4/alu_result_reg[7]/CK->D
          Group: CLK
     Startpoint: (R) U4/execution_enable_buffer_reg[0]/CK
          Clock: (F) CLK
       Endpoint: (F) U4/alu_result_reg[7]/D
          Clock: (R) CLK

                     Capture       Launch     
        Clock Edge:+  640000       320000     
       Src Latency:+       0            0     
       Net Latency:+     200 (I)      200 (I) 
           Arrival:=  640200       320200     
                                              
             Setup:-     888                  
       Uncertainty:-     300                  
     Required Time:=  639012                  
      Launch Clock:-  320200                  
         Data Path:-   16721                  
             Slack:=  302091                  

#--------------------------------------------------------------------------------------------------------------
#            Timing Point              Flags   Arc   Edge   Cell     Fanout  Load Trans Delay Arrival Instance 
#                                                                            (fF)  (ps)  (ps)   (ps)  Location 
#--------------------------------------------------------------------------------------------------------------
  U4/execution_enable_buffer_reg[0]/CK -       -     R     (arrival)      7     -     0     0  320200    (-,-) 
  U4/execution_enable_buffer_reg[0]/Q  -       CK->Q F     DFFX1          3 121.4  1204  3741  323941    (-,-) 
  U4/drc_bufs382867/Y                  -       A->Y  R     INVX2          2 112.4   349  1044  324985    (-,-) 
  U4/g378500/Y                         -       B->Y  F     NOR2X2         2 111.1   210   418  325403    (-,-) 
  U4/g378047/Y                         -       B->Y  R     NAND2X2        3 154.2   473   593  325996    (-,-) 
  U4/g383419/Y                         -       C->Y  R     OR3X1          3 166.8   622  1302  327298    (-,-) 
  U4/drc_bufs382225/Y                  -       A->Y  F     INVX3          5 273.7   312   584  327882    (-,-) 
  U4/g374785/Y                         -       B->Y  R     NAND2X2       12 430.6   851  1188  329070    (-,-) 
  U4/g369179/Y                         -       C->Y  F     AOI21X1        3 120.8   641   920  329990    (-,-) 
  U4/g369094/Y                         -       A->Y  R     INVX2          2  66.0   203   625  330615    (-,-) 
  U4/g368987/Y                         -       C->Y  F     AOI21X1        2  64.8   400   482  331096    (-,-) 
  U4/g383692/Y                         -       C->Y  R     AOI21X1        1  33.4   459   916  332013    (-,-) 
  U4/g383691/Y                         -       C->Y  R     OA21X1         2  89.3   376  1250  333262    (-,-) 
  U4/g368628/Y                         -       A->Y  F     OAI21X1        1  32.4   302   504  333766    (-,-) 
  U4/g368592/Y                         -       C->Y  R     AOI21X1        1  36.7   476   897  334662    (-,-) 
  U4/g368539/Y                         -       C->Y  F     NAND3X1        1  32.4   378   600  335263    (-,-) 
  U4/g368507/Y                         -       C->Y  R     AOI21X1        1  36.3   511   929  336192    (-,-) 
  U4/g368406/Y                         -       D->Y  F     NAND4X1        1  30.6   508   730  336921    (-,-) 
  U4/alu_result_reg[7]/D               <<<     -     F     DFFX1          1     -     -     0  336921    (-,-) 
#--------------------------------------------------------------------------------------------------------------

