============================================================
  Generated by:           Genus(TM) Synthesis Solution 21.19-s055_1
  Generated on:           Dec 30 2024  07:01:19 pm
  Module:                 BRISC_top_no_io
  Operating conditions:   PVT_1P8V_25C (balanced_tree)
  Wireload mode:          enclosed
  Area mode:              timing library
============================================================


Path 1: MET (23 ps) Setup Check with Pin U4/pc_reg[31]/CK->D
          Group: CLK
     Startpoint: (R) U4/U0_rs2_data_internal_reg[0]/CK
          Clock: (R) CLK
       Endpoint: (R) U4/pc_reg[31]/D
          Clock: (R) CLK

                     Capture       Launch     
        Clock Edge:+   46000            0     
       Src Latency:+       0            0     
       Net Latency:+     200 (I)      200 (I) 
           Arrival:=   46200          200     
                                              
             Setup:-    1296                  
       Uncertainty:-     300                  
     Required Time:=   44604                  
      Launch Clock:-     200                  
         Data Path:-   44382                  
             Slack:=      23                  

#------------------------------------------------------------------------------------------------------------------------------------------
#                          Timing Point                            Flags   Arc   Edge   Cell     Fanout  Load Trans Delay Arrival Instance 
#                                                                                                        (fF)  (ps)  (ps)   (ps)  Location 
#------------------------------------------------------------------------------------------------------------------------------------------
  U4/U0_rs2_data_internal_reg[0]/CK                                -       -     R     (arrival)   1466     -     0     0     200    (-,-) 
  U4/U0_rs2_data_internal_reg[0]/Q                                 -       CK->Q F     DFFX1          2 111.0  1127  3608    3808    (-,-) 
  U4/g271320/Y                                                     -       A->Y  R     INVX3          3 167.3   340  1018    4826    (-,-) 
  U4/g271318/Y                                                     -       A->Y  F     INVX2          2 133.8   210   422    5248    (-,-) 
  U4/g271250/Y                                                     -       A->Y  R     NAND2X3        8 525.4   674  1051    6299    (-,-) 
  U4/g271211/Y                                                     -       B->Y  F     NOR2X2         2 129.2   282   533    6832    (-,-) 
  U4/g271201/Y                                                     -       A->Y  R     INVX3         13 586.1   690  1066    7898    (-,-) 
  U4/g271032/Y                                                     -       B->Y  F     NOR2X2         9 328.2   475   905    8803    (-,-) 
  U4/g270384/Y                                                     -       A->Y  R     NAND2X1        1  34.6   261   641    9444    (-,-) 
  U4/g269716__7410/Y                                               -       A->Y  R     AND4X1         1  56.9   341  1578   11022    (-,-) 
  U4/g269510__7482/Y                                               -       B->Y  F     NAND2X2        1  54.7   190   364   11386    (-,-) 
  U4/g269402__5477/Y                                               -       A->Y  R     NOR2X2         1  82.2   361   687   12073    (-,-) 
  U4/g269359__2346/Y                                               -       B->Y  F     NAND2X3        7 418.8   655   944   13017    (-,-) 
  U4/g269338__6131/Y                                               -       B->Y  R     NAND2X2        1  56.9   202   643   13660    (-,-) 
  U4/g269318__1666/Y                                               -       B->Y  F     NAND2X2        2 130.4   383   515   14175    (-,-) 
  U4/add_3258_34_Y_add_3260_34_Y_add_3252_30_Y_add_3250_30_g2578/Y -       A->Y  R     INVX3          1  56.9   123   419   14594    (-,-) 
  U4/add_3258_34_Y_add_3260_34_Y_add_3252_30_Y_add_3250_30_g2552/Y -       B->Y  F     NAND2X2        2 111.4   280   444   15038    (-,-) 
  U4/add_3258_34_Y_add_3260_34_Y_add_3252_30_Y_add_3250_30_g2462/Y -       B->Y  R     NAND2X2        1  56.9   166   438   15476    (-,-) 
  U4/add_3258_34_Y_add_3260_34_Y_add_3252_30_Y_add_3250_30_g2460/Y -       B->Y  F     NAND2X2        2 122.2   316   483   15959    (-,-) 
  U4/add_3258_34_Y_add_3260_34_Y_add_3252_30_Y_add_3250_30_g2457/Y -       B->Y  R     NAND2X2        1  56.9   186   459   16418    (-,-) 
  U4/add_3258_34_Y_add_3260_34_Y_add_3252_30_Y_add_3250_30_g2455/Y -       B->Y  F     NAND2X2        2 123.1   319   492   16909    (-,-) 
  U4/add_3258_34_Y_add_3260_34_Y_add_3252_30_Y_add_3250_30_g2454/Y -       B->Y  R     NAND2X2        1  36.8   156   409   17318    (-,-) 
  U4/add_3258_34_Y_add_3260_34_Y_add_3252_30_Y_add_3250_30_g2772/Y -       B->Y  R     AND2X1         2  97.7   400  1054   18373    (-,-) 
  U4/add_3258_34_Y_add_3260_34_Y_add_3252_30_Y_add_3250_30_g2449/Y -       B->Y  F     OAI21X1        2 123.1   678   911   19284    (-,-) 
  U4/add_3258_34_Y_add_3260_34_Y_add_3252_30_Y_add_3250_30_g2448/Y -       B->Y  R     NAND2X2        1  56.9   206   654   19938    (-,-) 
  U4/add_3258_34_Y_add_3260_34_Y_add_3252_30_Y_add_3250_30_g2446/Y -       B->Y  F     NAND2X2        2 142.1   358   544   20482    (-,-) 
  U4/add_3258_34_Y_add_3260_34_Y_add_3252_30_Y_add_3250_30_g2445/Y -       A->Y  R     INVX3          1  35.2    96   358   20840    (-,-) 
  U4/add_3258_34_Y_add_3260_34_Y_add_3252_30_Y_add_3250_30_g2443/Y -       B->Y  F     OAI21X1        2 123.1   678   798   21638    (-,-) 
  U4/add_3258_34_Y_add_3260_34_Y_add_3252_30_Y_add_3250_30_g2442/Y -       B->Y  R     NAND2X2        1  56.9   206   654   22292    (-,-) 
  U4/add_3258_34_Y_add_3260_34_Y_add_3252_30_Y_add_3250_30_g2440/Y -       B->Y  F     NAND2X2        2 123.1   320   498   22791    (-,-) 
  U4/add_3258_34_Y_add_3260_34_Y_add_3252_30_Y_add_3250_30_g2439/Y -       B->Y  R     NAND2X2        2  92.0   239   535   23326    (-,-) 
  U4/g397516/Y                                                     -       A->Y  R     AND2X1         1  34.0   194   822   24148    (-,-) 
  U4/g397515/Y                                                     -       A->Y  R     OA21X1         2 119.6   473  1274   25422    (-,-) 
  U4/add_3258_34_Y_add_3260_34_Y_add_3252_30_Y_add_3250_30_g2433/Y -       B->Y  F     NOR2X2         1  55.8   199   332   25754    (-,-) 
  U4/add_3258_34_Y_add_3260_34_Y_add_3252_30_Y_add_3250_30_g2431/Y -       B->Y  R     NOR2X2         2  97.6   420   650   26404    (-,-) 
  U4/add_3258_34_Y_add_3260_34_Y_add_3252_30_Y_add_3250_30_g2771/Y -       B->Y  R     OA21X1         2  97.6   403  1166   27570    (-,-) 
  U4/add_3258_34_Y_add_3260_34_Y_add_3252_30_Y_add_3250_30_g2/Y    -       B->Y  R     OA21X1         2  97.7   403  1161   28731    (-,-) 
  U4/add_3258_34_Y_add_3260_34_Y_add_3252_30_Y_add_3250_30_g2423/Y -       B->Y  F     OAI21X1        2 123.1   677   912   29644    (-,-) 
  U4/add_3258_34_Y_add_3260_34_Y_add_3252_30_Y_add_3250_30_g2422/Y -       B->Y  R     NAND2X2        1  56.9   206   654   30298    (-,-) 
  U4/add_3258_34_Y_add_3260_34_Y_add_3252_30_Y_add_3250_30_g2420/Y -       B->Y  F     NAND2X2        2 123.1   319   498   30796    (-,-) 
  U4/add_3258_34_Y_add_3260_34_Y_add_3252_30_Y_add_3250_30_g2419/Y -       B->Y  R     NAND2X2        1  56.9   186   460   31256    (-,-) 
  U4/add_3258_34_Y_add_3260_34_Y_add_3252_30_Y_add_3250_30_g2417/Y -       B->Y  F     NAND2X2        2 123.1   318   492   31748    (-,-) 
  U4/add_3258_34_Y_add_3260_34_Y_add_3252_30_Y_add_3250_30_g2416/Y -       B->Y  R     NAND2X2        3 170.3   362   695   32443    (-,-) 
  U4/add_3258_34_Y_add_3260_34_Y_add_3252_30_Y_add_3250_30_g2413/Y -       B->Y  F     NOR2X2         1  55.8   146   316   32759    (-,-) 
  U4/add_3258_34_Y_add_3260_34_Y_add_3252_30_Y_add_3250_30_g2410/Y -       B->Y  R     NOR2X2         3 176.7   684   929   33688    (-,-) 
  U4/add_3258_34_Y_add_3260_34_Y_add_3252_30_Y_add_3250_30_g2408/Y -       B->Y  F     NOR2X2         1  55.8   198   340   34028    (-,-) 
  U4/add_3258_34_Y_add_3260_34_Y_add_3252_30_Y_add_3250_30_g2403/Y -       B->Y  R     NOR2X2         1  35.2   235   405   34434    (-,-) 
  U4/add_3258_34_Y_add_3260_34_Y_add_3252_30_Y_add_3250_30_g2398/Y -       B->Y  F     OAI21X1        1  55.7   402   521   34954    (-,-) 
  U4/add_3258_34_Y_add_3260_34_Y_add_3252_30_Y_add_3250_30_g2395/Y -       B->Y  R     NAND2X2        1  56.9   186   510   35464    (-,-) 
  U4/add_3258_34_Y_add_3260_34_Y_add_3252_30_Y_add_3250_30_g2394/Y -       B->Y  F     NAND2X2        2 123.1   318   492   35956    (-,-) 
  U4/add_3258_34_Y_add_3260_34_Y_add_3252_30_Y_add_3250_30_g2392/Y -       B->Y  R     NAND2X2        2  91.8   239   534   36489    (-,-) 
  U4/g397514/Y                                                     -       A->Y  R     AO21X1         1  55.5   264   957   37446    (-,-) 
  U4/g397513/Y                                                     -       A->Y  F     NAND2X2        2 123.1   318   529   37975    (-,-) 
  U4/add_3258_34_Y_add_3260_34_Y_add_3252_30_Y_add_3250_30_g2387/Y -       B->Y  R     NAND2X2        1  56.9   186   460   38435    (-,-) 
  U4/add_3258_34_Y_add_3260_34_Y_add_3252_30_Y_add_3250_30_g2385/Y -       B->Y  F     NAND2X2        2 123.1   319   492   38926    (-,-) 
  U4/add_3258_34_Y_add_3260_34_Y_add_3252_30_Y_add_3250_30_g2384/Y -       B->Y  R     NAND2X2        1  56.9   186   460   39387    (-,-) 
  U4/add_3258_34_Y_add_3260_34_Y_add_3252_30_Y_add_3250_30_g2382/Y -       B->Y  F     NAND2X2        2 123.1   318   492   39879    (-,-) 
  U4/add_3258_34_Y_add_3260_34_Y_add_3252_30_Y_add_3250_30_g2381/Y -       B->Y  R     NAND2X2        1  56.9   186   460   40338    (-,-) 
  U4/add_3258_34_Y_add_3260_34_Y_add_3252_30_Y_add_3250_30_g2379/Y -       B->Y  F     NAND2X2        2 123.1   318   492   40830    (-,-) 
  U4/add_3258_34_Y_add_3260_34_Y_add_3252_30_Y_add_3250_30_g2378/Y -       B->Y  R     NAND2X2        1  56.9   186   460   41290    (-,-) 
  U4/add_3258_34_Y_add_3260_34_Y_add_3252_30_Y_add_3250_30_g2376/Y -       B->Y  F     NAND2X2        2 123.1   318   492   41781    (-,-) 
  U4/add_3258_34_Y_add_3260_34_Y_add_3252_30_Y_add_3250_30_g2375/Y -       B->Y  R     NAND2X2        1  56.9   186   460   42241    (-,-) 
  U4/add_3258_34_Y_add_3260_34_Y_add_3252_30_Y_add_3250_30_g2373/Y -       B->Y  F     NAND2X2        1  67.4   205   361   42602    (-,-) 
  U4/add_3258_34_Y_add_3260_34_Y_add_3252_30_Y_add_3250_30_g2372/Y -       B->Y  R     XNOR2X1        1  34.8   475   932   43534    (-,-) 
  U4/g383138/Y                                                     -       B->Y  F     AOI21X1        1  32.7   298   501   44035    (-,-) 
  U4/g379180/Y                                                     -       C->Y  R     OAI21X1        1  33.0   378   547   44582    (-,-) 
  U4/pc_reg[31]/D                                                  <<<     -     R     DFFX1          1     -     -     0   44582    (-,-) 
#------------------------------------------------------------------------------------------------------------------------------------------

