============================================================
  Generated by:           Genus(TM) Synthesis Solution 21.19-s055_1
  Generated on:           Dec 30 2024  07:10:31 pm
  Module:                 BRISC_top_no_io
  Operating conditions:   PVT_1P8V_25C (balanced_tree)
  Wireload mode:          enclosed
  Area mode:              timing library
============================================================

                                 
  Gate   Instances      Area               Library           
-------------------------------------------------------------
ADDFX1           3     14880.000    KISTA_SOI_STDLIB2_CCS_TT 
ADDHX1           5     11200.000    KISTA_SOI_STDLIB2_CCS_TT 
AND2X1         165    158400.000    KISTA_SOI_STDLIB2_CCS_TT 
AND3X1          10     12800.000    KISTA_SOI_STDLIB2_CCS_TT 
AND4X1          10     16000.000    KISTA_SOI_STDLIB2_CCS_TT 
AO21X1          24     30720.000    KISTA_SOI_STDLIB2_CCS_TT 
AOI21X1       1055   1012800.000    KISTA_SOI_STDLIB2_CCS_TT 
BUFX2          321    205440.000    KISTA_SOI_STDLIB2_CCS_TT 
BUFX3            5      3200.000    KISTA_SOI_STDLIB2_CCS_TT 
DFFX1         1472   6359040.000    KISTA_SOI_STDLIB2_CCS_TT 
INVX1            1       320.000    KISTA_SOI_STDLIB2_CCS_TT 
INVX2          886    283520.000    KISTA_SOI_STDLIB2_CCS_TT 
INVX3          724    231680.000    KISTA_SOI_STDLIB2_CCS_TT 
MX2X1           86    165120.000    KISTA_SOI_STDLIB2_CCS_TT 
NAND2X1       4559   2917760.000    KISTA_SOI_STDLIB2_CCS_TT 
NAND2X2       1047    670080.000    KISTA_SOI_STDLIB2_CCS_TT 
NAND3X1        251    240960.000    KISTA_SOI_STDLIB2_CCS_TT 
NAND4X1        890   1139200.000    KISTA_SOI_STDLIB2_CCS_TT 
NOR2X1         234    149760.000    KISTA_SOI_STDLIB2_CCS_TT 
NOR2X2         710    454400.000    KISTA_SOI_STDLIB2_CCS_TT 
NOR2X3          70     67200.000    KISTA_SOI_STDLIB2_CCS_TT 
NOR3X1         160    153600.000    KISTA_SOI_STDLIB2_CCS_TT 
NOR4X1         174    222720.000    KISTA_SOI_STDLIB2_CCS_TT 
OA21X1          65     83200.000    KISTA_SOI_STDLIB2_CCS_TT 
OAI21X1       1989   1909440.000    KISTA_SOI_STDLIB2_CCS_TT 
OR2X1           63     60480.000    KISTA_SOI_STDLIB2_CCS_TT 
OR3X1           31     39680.000    KISTA_SOI_STDLIB2_CCS_TT 
OR4X1           18     28800.000    KISTA_SOI_STDLIB2_CCS_TT 
XNOR2X1        106    169600.000    KISTA_SOI_STDLIB2_CCS_TT 
XOR2X1          43     68800.000    KISTA_SOI_STDLIB2_CCS_TT 
-------------------------------------------------------------
total        15177  16880800.000                             


                                             
     Type      Instances     Area     Area % 
---------------------------------------------
sequential          1472  6359040.000   37.7 
inverter            1611   515520.000    3.1 
buffer               326   208640.000    1.2 
logic              11768  9797600.000   58.0 
physical_cells         0        0.000    0.0 
---------------------------------------------
total              15177 16880800.000  100.0 

