============================================================
  Generated by:           Genus(TM) Synthesis Solution 21.19-s055_1
  Generated on:           Dec 30 2024  08:06:22 pm
  Module:                 BRISC_top_no_io
  Operating conditions:   PVT_1P8V_25C (balanced_tree)
  Wireload mode:          enclosed
  Area mode:              timing library
============================================================

                                 
  Gate   Instances      Area               Library           
-------------------------------------------------------------
ADDFX1          88    436480.000    KISTA_SOI_STDLIB2_CCS_TT 
ADDHX1           5     11200.000    KISTA_SOI_STDLIB2_CCS_TT 
AND2X1         139    133440.000    KISTA_SOI_STDLIB2_CCS_TT 
AND3X1          12     15360.000    KISTA_SOI_STDLIB2_CCS_TT 
AND4X1          24     38400.000    KISTA_SOI_STDLIB2_CCS_TT 
AO21X1          52     66560.000    KISTA_SOI_STDLIB2_CCS_TT 
AOI21X1       1048   1006080.000    KISTA_SOI_STDLIB2_CCS_TT 
BUFX2          595    380800.000    KISTA_SOI_STDLIB2_CCS_TT 
BUFX3            9      5760.000    KISTA_SOI_STDLIB2_CCS_TT 
DFFX1         1472   6359040.000    KISTA_SOI_STDLIB2_CCS_TT 
INVX1            4      1280.000    KISTA_SOI_STDLIB2_CCS_TT 
INVX2          968    309760.000    KISTA_SOI_STDLIB2_CCS_TT 
INVX3          700    224000.000    KISTA_SOI_STDLIB2_CCS_TT 
MX2X1           82    157440.000    KISTA_SOI_STDLIB2_CCS_TT 
NAND2X1       3695   2364800.000    KISTA_SOI_STDLIB2_CCS_TT 
NAND2X2       1845   1180800.000    KISTA_SOI_STDLIB2_CCS_TT 
NAND3X1        272    261120.000    KISTA_SOI_STDLIB2_CCS_TT 
NAND4X1        818   1047040.000    KISTA_SOI_STDLIB2_CCS_TT 
NOR2X1         229    146560.000    KISTA_SOI_STDLIB2_CCS_TT 
NOR2X2         725    464000.000    KISTA_SOI_STDLIB2_CCS_TT 
NOR2X3          39     37440.000    KISTA_SOI_STDLIB2_CCS_TT 
NOR3X1         155    148800.000    KISTA_SOI_STDLIB2_CCS_TT 
NOR4X1         163    208640.000    KISTA_SOI_STDLIB2_CCS_TT 
OA21X1          66     84480.000    KISTA_SOI_STDLIB2_CCS_TT 
OAI21X1       1942   1864320.000    KISTA_SOI_STDLIB2_CCS_TT 
OR2X1           66     63360.000    KISTA_SOI_STDLIB2_CCS_TT 
OR3X1           22     28160.000    KISTA_SOI_STDLIB2_CCS_TT 
OR4X1           19     30400.000    KISTA_SOI_STDLIB2_CCS_TT 
XNOR2X1         27     43200.000    KISTA_SOI_STDLIB2_CCS_TT 
XOR2X1          13     20800.000    KISTA_SOI_STDLIB2_CCS_TT 
-------------------------------------------------------------
total        15294  17139520.000                             


                                             
     Type      Instances     Area     Area % 
---------------------------------------------
sequential          1472  6359040.000   37.1 
inverter            1672   535040.000    3.1 
buffer               604   386560.000    2.3 
logic              11546  9858880.000   57.5 
physical_cells         0        0.000    0.0 
---------------------------------------------
total              15294 17139520.000  100.0 

