============================================================
  Generated by:           Genus(TM) Synthesis Solution 21.19-s055_1
  Generated on:           Dec 30 2024  09:39:35 pm
  Module:                 BRISC_top_no_io
  Operating conditions:   PVT_1P8V_25C (balanced_tree)
  Wireload mode:          enclosed
  Area mode:              timing library
============================================================

                                 
  Gate   Instances      Area               Library           
-------------------------------------------------------------
ADDFX1          58    287680.000    KISTA_SOI_STDLIB2_CCS_TT 
ADDHX1           6     13440.000    KISTA_SOI_STDLIB2_CCS_TT 
AND2X1         119    114240.000    KISTA_SOI_STDLIB2_CCS_TT 
AND3X1          18     23040.000    KISTA_SOI_STDLIB2_CCS_TT 
AND4X1          21     33600.000    KISTA_SOI_STDLIB2_CCS_TT 
AO21X1         103    131840.000    KISTA_SOI_STDLIB2_CCS_TT 
AOI21X1       1142   1096320.000    KISTA_SOI_STDLIB2_CCS_TT 
BUFX2          512    327680.000    KISTA_SOI_STDLIB2_CCS_TT 
BUFX3            1       640.000    KISTA_SOI_STDLIB2_CCS_TT 
DFFX1         1472   6359040.000    KISTA_SOI_STDLIB2_CCS_TT 
INVX1           11      3520.000    KISTA_SOI_STDLIB2_CCS_TT 
INVX2         1181    377920.000    KISTA_SOI_STDLIB2_CCS_TT 
INVX3          642    205440.000    KISTA_SOI_STDLIB2_CCS_TT 
MX2X1           84    161280.000    KISTA_SOI_STDLIB2_CCS_TT 
NAND2X1       3582   2292480.000    KISTA_SOI_STDLIB2_CCS_TT 
NAND2X2       1747   1118080.000    KISTA_SOI_STDLIB2_CCS_TT 
NAND3X1        308    295680.000    KISTA_SOI_STDLIB2_CCS_TT 
NAND4X1        768    983040.000    KISTA_SOI_STDLIB2_CCS_TT 
NOR2X1         279    178560.000    KISTA_SOI_STDLIB2_CCS_TT 
NOR2X2         722    462080.000    KISTA_SOI_STDLIB2_CCS_TT 
NOR2X3          41     39360.000    KISTA_SOI_STDLIB2_CCS_TT 
NOR3X1         164    157440.000    KISTA_SOI_STDLIB2_CCS_TT 
NOR4X1         119    152320.000    KISTA_SOI_STDLIB2_CCS_TT 
OA21X1          90    115200.000    KISTA_SOI_STDLIB2_CCS_TT 
OAI21X1       2062   1979520.000    KISTA_SOI_STDLIB2_CCS_TT 
OR2X1           60     57600.000    KISTA_SOI_STDLIB2_CCS_TT 
OR3X1           25     32000.000    KISTA_SOI_STDLIB2_CCS_TT 
OR4X1           17     27200.000    KISTA_SOI_STDLIB2_CCS_TT 
XNOR2X1         41     65600.000    KISTA_SOI_STDLIB2_CCS_TT 
XOR2X1          29     46400.000    KISTA_SOI_STDLIB2_CCS_TT 
-------------------------------------------------------------
total        15424  17138240.000                             


                                             
     Type      Instances     Area     Area % 
---------------------------------------------
sequential          1472  6359040.000   37.1 
inverter            1834   586880.000    3.4 
buffer               513   328320.000    1.9 
logic              11605  9864000.000   57.6 
physical_cells         0        0.000    0.0 
---------------------------------------------
total              15424 17138240.000  100.0 

