============================================================
  Generated by:           Genus(TM) Synthesis Solution 21.19-s055_1
  Generated on:           Dec 30 2024  09:58:11 pm
  Module:                 BRISC_top_no_io
  Operating conditions:   PVT_1P8V_25C (balanced_tree)
  Wireload mode:          enclosed
  Area mode:              timing library
============================================================


Path 1: MET (90591 ps) Setup Check with Pin U4/alu_result_reg[7]/CK->D
          Group: CLK
     Startpoint: (R) U4/execution_enable_buffer_reg[0]/CK
          Clock: (F) CLK
       Endpoint: (F) U4/alu_result_reg[7]/D
          Clock: (R) CLK

                     Capture       Launch     
        Clock Edge:+  217000       108500     
       Src Latency:+       0            0     
       Net Latency:+     200 (I)      200 (I) 
           Arrival:=  217200       108700     
                                              
             Setup:-     888                  
       Uncertainty:-     300                  
     Required Time:=  216012                  
      Launch Clock:-  108700                  
         Data Path:-   16721                  
             Slack:=   90591                  

#--------------------------------------------------------------------------------------------------------------
#            Timing Point              Flags   Arc   Edge   Cell     Fanout  Load Trans Delay Arrival Instance 
#                                                                            (fF)  (ps)  (ps)   (ps)  Location 
#--------------------------------------------------------------------------------------------------------------
  U4/execution_enable_buffer_reg[0]/CK -       -     R     (arrival)      7     -     0     0  108700    (-,-) 
  U4/execution_enable_buffer_reg[0]/Q  -       CK->Q F     DFFX1          3 121.4  1204  3741  112441    (-,-) 
  U4/drc_bufs382715/Y                  -       A->Y  R     INVX2          2 112.4   349  1044  113485    (-,-) 
  U4/g378506/Y                         -       B->Y  F     NOR2X2         2 111.1   210   418  113903    (-,-) 
  U4/g378053/Y                         -       B->Y  R     NAND2X2        3 154.2   473   593  114496    (-,-) 
  U4/g383138/Y                         -       C->Y  R     OR3X1          3 166.8   622  1302  115798    (-,-) 
  U4/drc_bufs382201/Y                  -       A->Y  F     INVX3          5 273.7   312   584  116382    (-,-) 
  U4/g374785/Y                         -       B->Y  R     NAND2X2       12 430.6   851  1188  117570    (-,-) 
  U4/g369179/Y                         -       C->Y  F     AOI21X1        3 120.8   641   920  118490    (-,-) 
  U4/g369094/Y                         -       A->Y  R     INVX2          2  66.0   203   625  119115    (-,-) 
  U4/g368987/Y                         -       C->Y  F     AOI21X1        2  64.8   400   482  119596    (-,-) 
  U4/g383427/Y                         -       C->Y  R     AOI21X1        1  33.4   459   916  120513    (-,-) 
  U4/g383426/Y                         -       C->Y  R     OA21X1         2  89.3   376  1250  121762    (-,-) 
  U4/g368628/Y                         -       A->Y  F     OAI21X1        1  32.4   302   504  122266    (-,-) 
  U4/g368592/Y                         -       C->Y  R     AOI21X1        1  36.7   476   897  123162    (-,-) 
  U4/g368539/Y                         -       C->Y  F     NAND3X1        1  32.4   378   600  123763    (-,-) 
  U4/g368507/Y                         -       C->Y  R     AOI21X1        1  36.3   511   929  124692    (-,-) 
  U4/g368406/Y                         -       D->Y  F     NAND4X1        1  30.6   508   730  125421    (-,-) 
  U4/alu_result_reg[7]/D               <<<     -     F     DFFX1          1     -     -     0  125421    (-,-) 
#--------------------------------------------------------------------------------------------------------------

