============================================================
  Generated by:           Genus(TM) Synthesis Solution 21.19-s055_1
  Generated on:           Jan 02 2025  02:42:00 am
  Module:                 BRISC_top_no_io
  Operating conditions:   PVT_1P8V_25C (balanced_tree)
  Wireload mode:          enclosed
  Area mode:              timing library
============================================================

                                 
  Gate   Instances      Area               Library           
-------------------------------------------------------------
AND2X1         120    115200.000    KISTA_SOI_STDLIB2_CCS_TT 
AND3X1          21     26880.000    KISTA_SOI_STDLIB2_CCS_TT 
AND4X1          99    158400.000    KISTA_SOI_STDLIB2_CCS_TT 
AO21X1         147    188160.000    KISTA_SOI_STDLIB2_CCS_TT 
AOI21X1        888    852480.000    KISTA_SOI_STDLIB2_CCS_TT 
BUFX2          147     94080.000    KISTA_SOI_STDLIB2_CCS_TT 
BUFX3          426    272640.000    KISTA_SOI_STDLIB2_CCS_TT 
BUFX4           81     64800.000    KISTA_SOI_STDLIB2_CCS_TT 
BUFX9           26     24960.000    KISTA_SOI_STDLIB2_CCS_TT 
DFFX1         1472   6359040.000    KISTA_SOI_STDLIB2_CCS_TT 
INVX1          246     78720.000    KISTA_SOI_STDLIB2_CCS_TT 
INVX2         2248    719360.000    KISTA_SOI_STDLIB2_CCS_TT 
INVX3         1441    461120.000    KISTA_SOI_STDLIB2_CCS_TT 
INVX4          100     48000.000    KISTA_SOI_STDLIB2_CCS_TT 
MX2X1            3      5760.000    KISTA_SOI_STDLIB2_CCS_TT 
NAND2X1       3697   2366080.000    KISTA_SOI_STDLIB2_CCS_TT 
NAND2X2       2829   1810560.000    KISTA_SOI_STDLIB2_CCS_TT 
NAND2X3        217    208320.000    KISTA_SOI_STDLIB2_CCS_TT 
NAND3X1        370    355200.000    KISTA_SOI_STDLIB2_CCS_TT 
NAND4X1        390    499200.000    KISTA_SOI_STDLIB2_CCS_TT 
NOR2X1         403    257920.000    KISTA_SOI_STDLIB2_CCS_TT 
NOR2X2        1587   1015680.000    KISTA_SOI_STDLIB2_CCS_TT 
NOR2X3         197    189120.000    KISTA_SOI_STDLIB2_CCS_TT 
NOR3X1         123    118080.000    KISTA_SOI_STDLIB2_CCS_TT 
NOR4X1          61     78080.000    KISTA_SOI_STDLIB2_CCS_TT 
OA21X1          53     67840.000    KISTA_SOI_STDLIB2_CCS_TT 
OAI21X1       2155   2068800.000    KISTA_SOI_STDLIB2_CCS_TT 
OR2X1           37     35520.000    KISTA_SOI_STDLIB2_CCS_TT 
OR3X1            8     10240.000    KISTA_SOI_STDLIB2_CCS_TT 
OR4X1            5      8000.000    KISTA_SOI_STDLIB2_CCS_TT 
XNOR2X1         67    107200.000    KISTA_SOI_STDLIB2_CCS_TT 
XOR2X1          49     78400.000    KISTA_SOI_STDLIB2_CCS_TT 
-------------------------------------------------------------
total        19713  18743840.000                             


                                             
     Type      Instances     Area     Area % 
---------------------------------------------
sequential          1472  6359040.000   33.9 
inverter            4035  1307200.000    7.0 
buffer               680   456480.000    2.4 
logic              13526 10621120.000   56.7 
physical_cells         0        0.000    0.0 
---------------------------------------------
total              19713 18743840.000  100.0 

