============================================================
  Generated by:           Genus(TM) Synthesis Solution 21.19-s055_1
  Generated on:           Dec 30 2024  08:34:19 pm
  Module:                 BRISC_top_no_io
  Operating conditions:   PVT_1P8V_25C (balanced_tree)
  Wireload mode:          enclosed
  Area mode:              timing library
============================================================


Path 1: MET (42177 ps) Setup Check with Pin U4/result_bus_reg[31]/CK->D
          Group: CLK
     Startpoint: (R) U4/U0_rs2_data_internal_reg[1]/CK
          Clock: (R) CLK
       Endpoint: (F) U4/result_bus_reg[31]/D
          Clock: (R) CLK

                     Capture       Launch     
        Clock Edge:+  136000            0     
       Src Latency:+       0            0     
       Net Latency:+     200 (I)      200 (I) 
           Arrival:=  136200          200     
                                              
             Setup:-     890                  
       Uncertainty:-     300                  
     Required Time:=  135010                  
      Launch Clock:-     200                  
         Data Path:-   92633                  
             Slack:=   42177                  

#---------------------------------------------------------------------------------------------------------------
#           Timing Point            Flags     Arc     Edge   Cell     Fanout  Load Trans Delay Arrival Instance 
#                                                                             (fF)  (ps)  (ps)   (ps)  Location 
#---------------------------------------------------------------------------------------------------------------
  U4/U0_rs2_data_internal_reg[1]/CK -       -         R     (arrival)   1466     -     0     0     200    (-,-) 
  U4/U0_rs2_data_internal_reg[1]/Q  -       CK->Q     R     DFFX1          1  35.9   511  1760    1960    (-,-) 
  U4/drc_bufs381580/Y               -       A->Y      R     BUFX2         10 575.5  1016  1794    3753    (-,-) 
  U4/g309464/Y                      -       A->Y      R     OR2X1          6 405.6  1427  2327    6081    (-,-) 
  U4/g309332/Y                      -       B->Y      F     NOR2X2         7 369.5   689  1188    7269    (-,-) 
  U4/drc_bufs309777/Y               -       A->Y      F     BUFX2          2  89.5   165  1099    8367    (-,-) 
  U4/g309319/Y                      -       A->Y      R     INVX2          1  36.8    90   292    8659    (-,-) 
  U4/g307724/Y                      -       B->Y      R     OR2X1          3 149.7   558  1080    9739    (-,-) 
  U4/g306885/Y                      -       A->Y      F     INVX2         16 545.6   703  1128   10866    (-,-) 
  U4/g304773/Y                      -       A->Y      R     NAND2X1        1  35.3   322   781   11647    (-,-) 
  U4/g304272__8246/Y                -       C->Y      F     NAND4X1        1  54.7   699   953   12600    (-,-) 
  U4/g303899__3680/Y                -       A->Y      R     NOR2X2         1  56.9   322   803   13403    (-,-) 
  U4/g303830__1666/Y                -       B->Y      F     NAND2X2        1  32.4   158   290   13693    (-,-) 
  U4/g303778__6260/Y                -       C->Y      R     NOR3X1         1  56.9   842  1068   14761    (-,-) 
  U4/g303748__2398/Y                -       B->Y      F     NAND2X2       11 512.9  1168  1681   16442    (-,-) 
  U4/add_3413_38_g1067/Y            -       A->Y      R     NAND2X1        2  88.8   488  1296   17738    (-,-) 
  U4/add_3413_38_g1060/Y            -       C->Y      F     OAI21X1        1 116.3   649   980   18718    (-,-) 
  U4/add_3413_38_g1059/COUT         -       CIN->COUT F     ADDFX1         1 116.3   586  2450   21168    (-,-) 
  U4/add_3413_38_g1058/COUT         -       CIN->COUT F     ADDFX1         1 116.3   586  2411   23579    (-,-) 
  U4/add_3413_38_g1057/COUT         -       CIN->COUT F     ADDFX1         1 116.3   586  2411   25990    (-,-) 
  U4/add_3413_38_g1056/COUT         -       CIN->COUT F     ADDFX1         1 116.3   586  2411   28402    (-,-) 
  U4/add_3413_38_g1055/COUT         -       CIN->COUT F     ADDFX1         1 116.3   586  2411   30813    (-,-) 
  U4/add_3413_38_g1054/COUT         -       CIN->COUT F     ADDFX1         1 116.3   586  2411   33224    (-,-) 
  U4/add_3413_38_g1053/COUT         -       CIN->COUT F     ADDFX1         1 116.3   586  2411   35636    (-,-) 
  U4/add_3413_38_g1052/COUT         -       CIN->COUT F     ADDFX1         1 116.3   586  2411   38047    (-,-) 
  U4/add_3413_38_g1051/COUT         -       CIN->COUT F     ADDFX1         1 116.3   586  2411   40458    (-,-) 
  U4/add_3413_38_g1050/COUT         -       CIN->COUT F     ADDFX1         1 116.3   586  2411   42870    (-,-) 
  U4/add_3413_38_g1049/COUT         -       CIN->COUT F     ADDFX1         1 116.3   586  2411   45281    (-,-) 
  U4/add_3413_38_g1048/COUT         -       CIN->COUT F     ADDFX1         1 116.3   586  2411   47692    (-,-) 
  U4/add_3413_38_g1047/COUT         -       CIN->COUT F     ADDFX1         1 116.3   586  2411   50104    (-,-) 
  U4/add_3413_38_g1046/COUT         -       CIN->COUT F     ADDFX1         1 116.3   586  2411   52515    (-,-) 
  U4/add_3413_38_g1045/COUT         -       CIN->COUT F     ADDFX1         1 116.3   586  2411   54926    (-,-) 
  U4/add_3413_38_g1044/COUT         -       CIN->COUT F     ADDFX1         1 116.3   586  2411   57338    (-,-) 
  U4/add_3413_38_g1043/COUT         -       CIN->COUT F     ADDFX1         1 116.3   586  2411   59749    (-,-) 
  U4/add_3413_38_g1042/COUT         -       CIN->COUT F     ADDFX1         1 116.3   586  2411   62160    (-,-) 
  U4/add_3413_38_g1041/COUT         -       CIN->COUT F     ADDFX1         1 116.3   586  2411   64572    (-,-) 
  U4/add_3413_38_g1040/COUT         -       CIN->COUT F     ADDFX1         1 116.3   586  2411   66983    (-,-) 
  U4/add_3413_38_g1039/COUT         -       CIN->COUT F     ADDFX1         1 116.3   586  2411   69394    (-,-) 
  U4/add_3413_38_g1038/COUT         -       CIN->COUT F     ADDFX1         1 116.3   586  2411   71806    (-,-) 
  U4/add_3413_38_g1037/COUT         -       CIN->COUT F     ADDFX1         1 116.3   586  2411   74217    (-,-) 
  U4/add_3413_38_g1036/COUT         -       CIN->COUT F     ADDFX1         1 116.3   586  2411   76628    (-,-) 
  U4/add_3413_38_g1035/COUT         -       CIN->COUT F     ADDFX1         1 116.3   586  2411   79040    (-,-) 
  U4/add_3413_38_g1034/COUT         -       CIN->COUT F     ADDFX1         1 116.3   586  2411   81451    (-,-) 
  U4/add_3413_38_g1033/COUT         -       CIN->COUT F     ADDFX1         1 116.3   586  2411   83862    (-,-) 
  U4/add_3413_38_g1032/COUT         -       CIN->COUT F     ADDFX1         1 116.3   586  2411   86273    (-,-) 
  U4/add_3413_38_g1031/COUT         -       CIN->COUT F     ADDFX1         1  67.4   461  2183   88457    (-,-) 
  U4/add_3413_38_g1030/Y            -       B->Y      F     XNOR2X1        3 166.8   872  1718   90175    (-,-) 
  U4/g377841/Y                      -       A->Y      R     INVX2          1  35.2   180   627   90802    (-,-) 
  U4/g373522/Y                      -       B->Y      F     OAI21X1        1  32.4   328   391   91193    (-,-) 
  U4/g373241/Y                      -       C->Y      R     AOI21X1        1  36.3   530   906   92099    (-,-) 
  U4/g369941/Y                      -       D->Y      F     NAND4X1        1  30.6   511   734   92833    (-,-) 
  U4/result_bus_reg[31]/D           <<<     -         F     DFFX1          1     -     -     0   92833    (-,-) 
#---------------------------------------------------------------------------------------------------------------

