============================================================
  Generated by:           Genus(TM) Synthesis Solution 21.19-s055_1
  Generated on:           Dec 30 2024  07:19:44 pm
  Module:                 BRISC_top_no_io
  Operating conditions:   PVT_1P8V_25C (balanced_tree)
  Wireload mode:          enclosed
  Area mode:              timing library
============================================================

                                 
  Gate   Instances      Area               Library           
-------------------------------------------------------------
ADDFX1           8     39680.000    KISTA_SOI_STDLIB2_CCS_TT 
ADDHX1           3      6720.000    KISTA_SOI_STDLIB2_CCS_TT 
AND2X1         177    169920.000    KISTA_SOI_STDLIB2_CCS_TT 
AND3X1           7      8960.000    KISTA_SOI_STDLIB2_CCS_TT 
AND4X1          11     17600.000    KISTA_SOI_STDLIB2_CCS_TT 
AO21X1          32     40960.000    KISTA_SOI_STDLIB2_CCS_TT 
AOI21X1        981    941760.000    KISTA_SOI_STDLIB2_CCS_TT 
BUFX2          902    577280.000    KISTA_SOI_STDLIB2_CCS_TT 
BUFX3            4      2560.000    KISTA_SOI_STDLIB2_CCS_TT 
DFFX1         1472   6359040.000    KISTA_SOI_STDLIB2_CCS_TT 
INVX1            1       320.000    KISTA_SOI_STDLIB2_CCS_TT 
INVX2          935    299200.000    KISTA_SOI_STDLIB2_CCS_TT 
INVX3          715    228800.000    KISTA_SOI_STDLIB2_CCS_TT 
MX2X1           86    165120.000    KISTA_SOI_STDLIB2_CCS_TT 
NAND2X1       3767   2410880.000    KISTA_SOI_STDLIB2_CCS_TT 
NAND2X2       1875   1200000.000    KISTA_SOI_STDLIB2_CCS_TT 
NAND3X1        282    270720.000    KISTA_SOI_STDLIB2_CCS_TT 
NAND4X1        890   1139200.000    KISTA_SOI_STDLIB2_CCS_TT 
NOR2X1         225    144000.000    KISTA_SOI_STDLIB2_CCS_TT 
NOR2X2         765    489600.000    KISTA_SOI_STDLIB2_CCS_TT 
NOR2X3          52     49920.000    KISTA_SOI_STDLIB2_CCS_TT 
NOR3X1         164    157440.000    KISTA_SOI_STDLIB2_CCS_TT 
NOR4X1         167    213760.000    KISTA_SOI_STDLIB2_CCS_TT 
OA21X1          76     97280.000    KISTA_SOI_STDLIB2_CCS_TT 
OAI21X1       2002   1921920.000    KISTA_SOI_STDLIB2_CCS_TT 
OR2X1           45     43200.000    KISTA_SOI_STDLIB2_CCS_TT 
OR3X1           23     29440.000    KISTA_SOI_STDLIB2_CCS_TT 
OR4X1           12     19200.000    KISTA_SOI_STDLIB2_CCS_TT 
XNOR2X1         96    153600.000    KISTA_SOI_STDLIB2_CCS_TT 
XOR2X1          36     57600.000    KISTA_SOI_STDLIB2_CCS_TT 
-------------------------------------------------------------
total        15811  17255680.000                             


                                             
     Type      Instances     Area     Area % 
---------------------------------------------
sequential          1472  6359040.000   36.9 
inverter            1651   528320.000    3.1 
buffer               906   579840.000    3.4 
logic              11782  9788480.000   56.7 
physical_cells         0        0.000    0.0 
---------------------------------------------
total              15811 17255680.000  100.0 

