============================================================
  Generated by:           Genus(TM) Synthesis Solution 21.19-s055_1
  Generated on:           Jan 02 2025  01:43:00 am
  Module:                 BRISC_top_no_io
  Operating conditions:   PVT_1P8V_25C (balanced_tree)
  Wireload mode:          enclosed
  Area mode:              timing library
============================================================

                                 
  Gate   Instances      Area               Library           
-------------------------------------------------------------
ADDHX1           2      4480.000    KISTA_SOI_STDLIB2_CCS_TT 
AND2X1         101     96960.000    KISTA_SOI_STDLIB2_CCS_TT 
AND3X1          18     23040.000    KISTA_SOI_STDLIB2_CCS_TT 
AND4X1          83    132800.000    KISTA_SOI_STDLIB2_CCS_TT 
AO21X1          33     42240.000    KISTA_SOI_STDLIB2_CCS_TT 
AOI21X1        989    949440.000    KISTA_SOI_STDLIB2_CCS_TT 
BUFX2          880    563200.000    KISTA_SOI_STDLIB2_CCS_TT 
BUFX3          212    135680.000    KISTA_SOI_STDLIB2_CCS_TT 
BUFX4           83     66400.000    KISTA_SOI_STDLIB2_CCS_TT 
BUFX9           64     61440.000    KISTA_SOI_STDLIB2_CCS_TT 
DFFX1         1472   6359040.000    KISTA_SOI_STDLIB2_CCS_TT 
INVX1          286     91520.000    KISTA_SOI_STDLIB2_CCS_TT 
INVX2         2183    698560.000    KISTA_SOI_STDLIB2_CCS_TT 
INVX3         1427    456640.000    KISTA_SOI_STDLIB2_CCS_TT 
INVX4           94     45120.000    KISTA_SOI_STDLIB2_CCS_TT 
MX2X1            3      5760.000    KISTA_SOI_STDLIB2_CCS_TT 
NAND2X1       3609   2309760.000    KISTA_SOI_STDLIB2_CCS_TT 
NAND2X2       3164   2024960.000    KISTA_SOI_STDLIB2_CCS_TT 
NAND2X3        208    199680.000    KISTA_SOI_STDLIB2_CCS_TT 
NAND3X1        352    337920.000    KISTA_SOI_STDLIB2_CCS_TT 
NAND4X1        462    591360.000    KISTA_SOI_STDLIB2_CCS_TT 
NOR2X1         411    263040.000    KISTA_SOI_STDLIB2_CCS_TT 
NOR2X2        1461    935040.000    KISTA_SOI_STDLIB2_CCS_TT 
NOR2X3         240    230400.000    KISTA_SOI_STDLIB2_CCS_TT 
NOR3X1         119    114240.000    KISTA_SOI_STDLIB2_CCS_TT 
NOR4X1          43     55040.000    KISTA_SOI_STDLIB2_CCS_TT 
OA21X1          53     67840.000    KISTA_SOI_STDLIB2_CCS_TT 
OAI21X1       2041   1959360.000    KISTA_SOI_STDLIB2_CCS_TT 
OR2X1           41     39360.000    KISTA_SOI_STDLIB2_CCS_TT 
OR3X1            5      6400.000    KISTA_SOI_STDLIB2_CCS_TT 
OR4X1            2      3200.000    KISTA_SOI_STDLIB2_CCS_TT 
XNOR2X1         74    118400.000    KISTA_SOI_STDLIB2_CCS_TT 
XOR2X1          35     56000.000    KISTA_SOI_STDLIB2_CCS_TT 
-------------------------------------------------------------
total        20250  19044320.000                             


                                             
     Type      Instances     Area     Area % 
---------------------------------------------
sequential          1472  6359040.000   33.4 
inverter            3990  1291840.000    6.8 
buffer              1239   826720.000    4.3 
logic              13549 10566720.000   55.5 
physical_cells         0        0.000    0.0 
---------------------------------------------
total              20250 19044320.000  100.0 

