============================================================
  Generated by:           Genus(TM) Synthesis Solution 21.19-s055_1
  Generated on:           Dec 31 2024  02:52:32 am
  Module:                 BRISC_top_no_io
  Operating conditions:   PVT_1P8V_25C (balanced_tree)
  Wireload mode:          enclosed
  Area mode:              timing library
============================================================

                                 
  Gate   Instances      Area               Library           
-------------------------------------------------------------
ADDFX1          58    287680.000    KISTA_SOI_STDLIB2_CCS_TT 
ADDHX1           6     13440.000    KISTA_SOI_STDLIB2_CCS_TT 
AND2X1         149    143040.000    KISTA_SOI_STDLIB2_CCS_TT 
AND3X1           5      6400.000    KISTA_SOI_STDLIB2_CCS_TT 
AND4X1          56     89600.000    KISTA_SOI_STDLIB2_CCS_TT 
AO21X1         104    133120.000    KISTA_SOI_STDLIB2_CCS_TT 
AOI21X1       1248   1198080.000    KISTA_SOI_STDLIB2_CCS_TT 
BUFX2          649    415360.000    KISTA_SOI_STDLIB2_CCS_TT 
BUFX3           39     24960.000    KISTA_SOI_STDLIB2_CCS_TT 
DFFX1         1472   6359040.000    KISTA_SOI_STDLIB2_CCS_TT 
INVX1            6      1920.000    KISTA_SOI_STDLIB2_CCS_TT 
INVX2         1216    389120.000    KISTA_SOI_STDLIB2_CCS_TT 
INVX3          694    222080.000    KISTA_SOI_STDLIB2_CCS_TT 
MX2X1           83    159360.000    KISTA_SOI_STDLIB2_CCS_TT 
NAND2X1       3174   2031360.000    KISTA_SOI_STDLIB2_CCS_TT 
NAND2X2       2004   1282560.000    KISTA_SOI_STDLIB2_CCS_TT 
NAND3X1        295    283200.000    KISTA_SOI_STDLIB2_CCS_TT 
NAND4X1        761    974080.000    KISTA_SOI_STDLIB2_CCS_TT 
NOR2X1         288    184320.000    KISTA_SOI_STDLIB2_CCS_TT 
NOR2X2         672    430080.000    KISTA_SOI_STDLIB2_CCS_TT 
NOR2X3          41     39360.000    KISTA_SOI_STDLIB2_CCS_TT 
NOR3X1         168    161280.000    KISTA_SOI_STDLIB2_CCS_TT 
NOR4X1         107    136960.000    KISTA_SOI_STDLIB2_CCS_TT 
OA21X1          87    111360.000    KISTA_SOI_STDLIB2_CCS_TT 
OAI21X1       2053   1970880.000    KISTA_SOI_STDLIB2_CCS_TT 
OR2X1           61     58560.000    KISTA_SOI_STDLIB2_CCS_TT 
OR3X1           15     19200.000    KISTA_SOI_STDLIB2_CCS_TT 
OR4X1           17     27200.000    KISTA_SOI_STDLIB2_CCS_TT 
XNOR2X1         49     78400.000    KISTA_SOI_STDLIB2_CCS_TT 
XOR2X1          20     32000.000    KISTA_SOI_STDLIB2_CCS_TT 
-------------------------------------------------------------
total        15597  17264000.000                             


                                             
     Type      Instances     Area     Area % 
---------------------------------------------
sequential          1472  6359040.000   36.8 
inverter            1916   613120.000    3.6 
buffer               688   440320.000    2.6 
logic              11521  9851520.000   57.1 
physical_cells         0        0.000    0.0 
---------------------------------------------
total              15597 17264000.000  100.0 

