============================================================
  Generated by:           Genus(TM) Synthesis Solution 21.19-s055_1
  Generated on:           Dec 30 2024  07:28:58 pm
  Module:                 BRISC_top_no_io
  Operating conditions:   PVT_1P8V_25C (balanced_tree)
  Wireload mode:          enclosed
  Area mode:              timing library
============================================================

                                 
  Gate   Instances      Area               Library           
-------------------------------------------------------------
ADDFX1          19     94240.000    KISTA_SOI_STDLIB2_CCS_TT 
ADDHX1           3      6720.000    KISTA_SOI_STDLIB2_CCS_TT 
AND2X1         117    112320.000    KISTA_SOI_STDLIB2_CCS_TT 
AND3X1           8     10240.000    KISTA_SOI_STDLIB2_CCS_TT 
AND4X1          11     17600.000    KISTA_SOI_STDLIB2_CCS_TT 
AO21X1          28     35840.000    KISTA_SOI_STDLIB2_CCS_TT 
AOI21X1       1006    965760.000    KISTA_SOI_STDLIB2_CCS_TT 
BUFX2          594    380160.000    KISTA_SOI_STDLIB2_CCS_TT 
BUFX3            6      3840.000    KISTA_SOI_STDLIB2_CCS_TT 
DFFX1         1472   6359040.000    KISTA_SOI_STDLIB2_CCS_TT 
INVX1            1       320.000    KISTA_SOI_STDLIB2_CCS_TT 
INVX2          949    303680.000    KISTA_SOI_STDLIB2_CCS_TT 
INVX3          653    208960.000    KISTA_SOI_STDLIB2_CCS_TT 
MX2X1           88    168960.000    KISTA_SOI_STDLIB2_CCS_TT 
NAND2X1       4041   2586240.000    KISTA_SOI_STDLIB2_CCS_TT 
NAND2X2       1542    986880.000    KISTA_SOI_STDLIB2_CCS_TT 
NAND3X1        324    311040.000    KISTA_SOI_STDLIB2_CCS_TT 
NAND4X1        895   1145600.000    KISTA_SOI_STDLIB2_CCS_TT 
NOR2X1         281    179840.000    KISTA_SOI_STDLIB2_CCS_TT 
NOR2X2         743    475520.000    KISTA_SOI_STDLIB2_CCS_TT 
NOR2X3          65     62400.000    KISTA_SOI_STDLIB2_CCS_TT 
NOR3X1         138    132480.000    KISTA_SOI_STDLIB2_CCS_TT 
NOR4X1         175    224000.000    KISTA_SOI_STDLIB2_CCS_TT 
OA21X1          63     80640.000    KISTA_SOI_STDLIB2_CCS_TT 
OAI21X1       1922   1845120.000    KISTA_SOI_STDLIB2_CCS_TT 
OR2X1           46     44160.000    KISTA_SOI_STDLIB2_CCS_TT 
OR3X1           20     25600.000    KISTA_SOI_STDLIB2_CCS_TT 
OR4X1           16     25600.000    KISTA_SOI_STDLIB2_CCS_TT 
XNOR2X1         75    120000.000    KISTA_SOI_STDLIB2_CCS_TT 
XOR2X1          56     89600.000    KISTA_SOI_STDLIB2_CCS_TT 
-------------------------------------------------------------
total        15357  17002400.000                             


                                             
     Type      Instances     Area     Area % 
---------------------------------------------
sequential          1472  6359040.000   37.4 
inverter            1603   512960.000    3.0 
buffer               600   384000.000    2.3 
logic              11682  9746400.000   57.3 
physical_cells         0        0.000    0.0 
---------------------------------------------
total              15357 17002400.000  100.0 

