============================================================
  Generated by:           Genus(TM) Synthesis Solution 21.19-s055_1
  Generated on:           Dec 30 2024  08:15:46 pm
  Module:                 BRISC_top_no_io
  Operating conditions:   PVT_1P8V_25C (balanced_tree)
  Wireload mode:          enclosed
  Area mode:              timing library
============================================================

                                 
  Gate   Instances      Area               Library           
-------------------------------------------------------------
ADDFX1          88    436480.000    KISTA_SOI_STDLIB2_CCS_TT 
ADDHX1           6     13440.000    KISTA_SOI_STDLIB2_CCS_TT 
AND2X1         126    120960.000    KISTA_SOI_STDLIB2_CCS_TT 
AND3X1          16     20480.000    KISTA_SOI_STDLIB2_CCS_TT 
AND4X1          26     41600.000    KISTA_SOI_STDLIB2_CCS_TT 
AO21X1          52     66560.000    KISTA_SOI_STDLIB2_CCS_TT 
AOI21X1       1065   1022400.000    KISTA_SOI_STDLIB2_CCS_TT 
BUFX2          550    352000.000    KISTA_SOI_STDLIB2_CCS_TT 
BUFX3            8      5120.000    KISTA_SOI_STDLIB2_CCS_TT 
DFFX1         1472   6359040.000    KISTA_SOI_STDLIB2_CCS_TT 
INVX1            4      1280.000    KISTA_SOI_STDLIB2_CCS_TT 
INVX2         1034    330880.000    KISTA_SOI_STDLIB2_CCS_TT 
INVX3          700    224000.000    KISTA_SOI_STDLIB2_CCS_TT 
MX2X1           81    155520.000    KISTA_SOI_STDLIB2_CCS_TT 
NAND2X1       3683   2357120.000    KISTA_SOI_STDLIB2_CCS_TT 
NAND2X2       1806   1155840.000    KISTA_SOI_STDLIB2_CCS_TT 
NAND3X1        295    283200.000    KISTA_SOI_STDLIB2_CCS_TT 
NAND4X1        815   1043200.000    KISTA_SOI_STDLIB2_CCS_TT 
NOR2X1         245    156800.000    KISTA_SOI_STDLIB2_CCS_TT 
NOR2X2         670    428800.000    KISTA_SOI_STDLIB2_CCS_TT 
NOR2X3          40     38400.000    KISTA_SOI_STDLIB2_CCS_TT 
NOR3X1         156    149760.000    KISTA_SOI_STDLIB2_CCS_TT 
NOR4X1         144    184320.000    KISTA_SOI_STDLIB2_CCS_TT 
OA21X1          74     94720.000    KISTA_SOI_STDLIB2_CCS_TT 
OAI21X1       1970   1891200.000    KISTA_SOI_STDLIB2_CCS_TT 
OR2X1           72     69120.000    KISTA_SOI_STDLIB2_CCS_TT 
OR3X1           23     29440.000    KISTA_SOI_STDLIB2_CCS_TT 
OR4X1           19     30400.000    KISTA_SOI_STDLIB2_CCS_TT 
XNOR2X1         27     43200.000    KISTA_SOI_STDLIB2_CCS_TT 
XOR2X1          13     20800.000    KISTA_SOI_STDLIB2_CCS_TT 
-------------------------------------------------------------
total        15280  17126080.000                             


                                             
     Type      Instances     Area     Area % 
---------------------------------------------
sequential          1472  6359040.000   37.1 
inverter            1738   556160.000    3.2 
buffer               558   357120.000    2.1 
logic              11512  9853760.000   57.5 
physical_cells         0        0.000    0.0 
---------------------------------------------
total              15280 17126080.000  100.0 

