============================================================
  Generated by:           Genus(TM) Synthesis Solution 21.19-s055_1
  Generated on:           Dec 30 2024  10:26:18 pm
  Module:                 BRISC_top_no_io
  Operating conditions:   PVT_1P8V_25C (balanced_tree)
  Wireload mode:          enclosed
  Area mode:              timing library
============================================================

                                 
  Gate   Instances      Area               Library           
-------------------------------------------------------------
ADDFX1          58    287680.000    KISTA_SOI_STDLIB2_CCS_TT 
ADDHX1           6     13440.000    KISTA_SOI_STDLIB2_CCS_TT 
AND2X1         137    131520.000    KISTA_SOI_STDLIB2_CCS_TT 
AND3X1          16     20480.000    KISTA_SOI_STDLIB2_CCS_TT 
AND4X1          24     38400.000    KISTA_SOI_STDLIB2_CCS_TT 
AO21X1         102    130560.000    KISTA_SOI_STDLIB2_CCS_TT 
AOI21X1       1192   1144320.000    KISTA_SOI_STDLIB2_CCS_TT 
BUFX2          670    428800.000    KISTA_SOI_STDLIB2_CCS_TT 
BUFX3            2      1280.000    KISTA_SOI_STDLIB2_CCS_TT 
DFFX1         1472   6359040.000    KISTA_SOI_STDLIB2_CCS_TT 
INVX1            9      2880.000    KISTA_SOI_STDLIB2_CCS_TT 
INVX2         1164    372480.000    KISTA_SOI_STDLIB2_CCS_TT 
INVX3          692    221440.000    KISTA_SOI_STDLIB2_CCS_TT 
MX2X1           83    159360.000    KISTA_SOI_STDLIB2_CCS_TT 
NAND2X1       3263   2088320.000    KISTA_SOI_STDLIB2_CCS_TT 
NAND2X2       2015   1289600.000    KISTA_SOI_STDLIB2_CCS_TT 
NAND3X1        289    277440.000    KISTA_SOI_STDLIB2_CCS_TT 
NAND4X1        793   1015040.000    KISTA_SOI_STDLIB2_CCS_TT 
NOR2X1         287    183680.000    KISTA_SOI_STDLIB2_CCS_TT 
NOR2X2         709    453760.000    KISTA_SOI_STDLIB2_CCS_TT 
NOR2X3          41     39360.000    KISTA_SOI_STDLIB2_CCS_TT 
NOR3X1         168    161280.000    KISTA_SOI_STDLIB2_CCS_TT 
NOR4X1         110    140800.000    KISTA_SOI_STDLIB2_CCS_TT 
OA21X1          87    111360.000    KISTA_SOI_STDLIB2_CCS_TT 
OAI21X1       2038   1956480.000    KISTA_SOI_STDLIB2_CCS_TT 
OR2X1           58     55680.000    KISTA_SOI_STDLIB2_CCS_TT 
OR3X1           17     21760.000    KISTA_SOI_STDLIB2_CCS_TT 
OR4X1           17     27200.000    KISTA_SOI_STDLIB2_CCS_TT 
XNOR2X1         49     78400.000    KISTA_SOI_STDLIB2_CCS_TT 
XOR2X1          20     32000.000    KISTA_SOI_STDLIB2_CCS_TT 
-------------------------------------------------------------
total        15588  17243840.000                             


                                             
     Type      Instances     Area     Area % 
---------------------------------------------
sequential          1472  6359040.000   36.9 
inverter            1865   596800.000    3.5 
buffer               672   430080.000    2.5 
logic              11579  9857920.000   57.2 
physical_cells         0        0.000    0.0 
---------------------------------------------
total              15588 17243840.000  100.0 

