============================================================
  Generated by:           Genus(TM) Synthesis Solution 21.19-s055_1
  Generated on:           Dec 30 2024  07:47:36 pm
  Module:                 BRISC_top_no_io
  Operating conditions:   PVT_1P8V_25C (balanced_tree)
  Wireload mode:          enclosed
  Area mode:              timing library
============================================================


Path 1: MET (772 ps) Setup Check with Pin U4/alu_result_reg[30]/CK->D
          Group: CLK
     Startpoint: (R) U4/U0_rs2_data_internal_reg[1]/CK
          Clock: (R) CLK
       Endpoint: (F) U4/alu_result_reg[30]/D
          Clock: (R) CLK

                     Capture       Launch     
        Clock Edge:+   91000            0     
       Src Latency:+       0            0     
       Net Latency:+     200 (I)      200 (I) 
           Arrival:=   91200          200     
                                              
             Setup:-     895                  
       Uncertainty:-     300                  
     Required Time:=   90005                  
      Launch Clock:-     200                  
         Data Path:-   89033                  
             Slack:=     772                  

#---------------------------------------------------------------------------------------------------------------
#           Timing Point            Flags     Arc     Edge   Cell     Fanout  Load Trans Delay Arrival Instance 
#                                                                             (fF)  (ps)  (ps)   (ps)  Location 
#---------------------------------------------------------------------------------------------------------------
  U4/U0_rs2_data_internal_reg[1]/CK -       -         R     (arrival)   1466     -     0     0     200    (-,-) 
  U4/U0_rs2_data_internal_reg[1]/Q  -       CK->Q     F     DFFX1          1  55.4   716  2897    3097    (-,-) 
  U4/g378219/Y                      -       A->Y      R     INVX2          7 412.6   731  1388    4485    (-,-) 
  U4/g378215/Y                      -       A->Y      F     INVX3          8 492.8   474   865    5349    (-,-) 
  U4/g307605/Y                      -       B->Y      R     NAND2X2        5 326.8   627  1099    6448    (-,-) 
  U4/g307492/Y                      -       B->Y      F     NOR2X2         7 331.2   492   882    7331    (-,-) 
  U4/g307854/Y                      -       B->Y      F     AND2X1         8 294.2   772  1698    9028    (-,-) 
  U4/g304455/Y                      -       B->Y      R     NAND2X2        1  34.7   272   616    9644    (-,-) 
  U4/g302725__4319/Y                -       A->Y      F     NAND4X1        1  31.9   518   838   10483    (-,-) 
  U4/g381536/Y                      -       C->Y      F     AO21X1         1  32.4   186  1306   11788    (-,-) 
  U4/g381535/Y                      -       C->Y      R     AOI21X1        1  35.3   480   832   12620    (-,-) 
  U4/g302437__5107/Y                -       C->Y      F     NAND4X1        1  27.8   500   729   13349    (-,-) 
  U4/g381514/Y                      -       D->Y      F     OR4X1          7 349.8  1056  2925   16274    (-,-) 
  U4/add_3413_38_g829/Y             -       A->Y      R     NOR2X1         1  35.2   440  1069   17344    (-,-) 
  U4/add_3413_38_g807/Y             -       B->Y      F     OAI21X1        2  97.6   570   801   18145    (-,-) 
  U4/add_3413_38_g805/Y             -       C->Y      R     OAI21X1        1  56.9   535   827   18972    (-,-) 
  U4/add_3413_38_g803/Y             -       B->Y      F     NAND2X2        2  91.6   291   512   19484    (-,-) 
  U4/add_3413_38_g802/Y             -       C->Y      R     OAI21X1        1  56.9   538   636   20121    (-,-) 
  U4/add_3413_38_g800/Y             -       B->Y      F     NAND2X2        1 116.3   336   586   20707    (-,-) 
  U4/g381573/COUT                   -       CIN->COUT F     ADDFX1         1 116.3   586  2265   22972    (-,-) 
  U4/g381572/COUT                   -       CIN->COUT F     ADDFX1         1 116.3   586  2411   25384    (-,-) 
  U4/g381571/COUT                   -       CIN->COUT F     ADDFX1         1 116.3   586  2411   27795    (-,-) 
  U4/g381570/COUT                   -       CIN->COUT F     ADDFX1         1 116.3   586  2411   30206    (-,-) 
  U4/g381569/COUT                   -       CIN->COUT F     ADDFX1         1 116.3   586  2411   32617    (-,-) 
  U4/g381568/COUT                   -       CIN->COUT F     ADDFX1         1 116.3   586  2411   35029    (-,-) 
  U4/g381567/COUT                   -       CIN->COUT F     ADDFX1         1 116.3   586  2411   37440    (-,-) 
  U4/g381566/COUT                   -       CIN->COUT F     ADDFX1         1 116.3   586  2411   39851    (-,-) 
  U4/g381565/COUT                   -       CIN->COUT F     ADDFX1         1 116.3   586  2411   42262    (-,-) 
  U4/g381564/COUT                   -       CIN->COUT F     ADDFX1         1 116.3   586  2411   44674    (-,-) 
  U4/g381563/COUT                   -       CIN->COUT F     ADDFX1         1 116.3   586  2411   47085    (-,-) 
  U4/add_3413_38_g766/COUT          -       CIN->COUT F     ADDFX1         1 116.3   586  2411   49496    (-,-) 
  U4/add_3413_38_g765/COUT          -       CIN->COUT F     ADDFX1         1 116.3   586  2411   51908    (-,-) 
  U4/add_3413_38_g764/COUT          -       CIN->COUT F     ADDFX1         1 116.3   586  2411   54319    (-,-) 
  U4/add_3413_38_g763/COUT          -       CIN->COUT F     ADDFX1         1 116.3   586  2411   56730    (-,-) 
  U4/add_3413_38_g762/COUT          -       CIN->COUT F     ADDFX1         1 116.3   586  2411   59142    (-,-) 
  U4/add_3413_38_g761/COUT          -       CIN->COUT F     ADDFX1         1 116.3   586  2411   61553    (-,-) 
  U4/add_3413_38_g760/COUT          -       CIN->COUT F     ADDFX1         1 116.3   586  2411   63964    (-,-) 
  U4/add_3413_38_g759/COUT          -       CIN->COUT F     ADDFX1         1 116.3   586  2411   66376    (-,-) 
  U4/add_3413_38_g758/COUT          -       CIN->COUT F     ADDFX1         1 116.3   586  2411   68787    (-,-) 
  U4/add_3413_38_g757/COUT          -       CIN->COUT F     ADDFX1         1 116.3   586  2411   71198    (-,-) 
  U4/add_3413_38_g756/COUT          -       CIN->COUT F     ADDFX1         1 116.3   586  2411   73610    (-,-) 
  U4/add_3413_38_g755/COUT          -       CIN->COUT F     ADDFX1         1 116.3   586  2411   76021    (-,-) 
  U4/add_3413_38_g754/COUT          -       CIN->COUT F     ADDFX1         1 116.3   586  2411   78432    (-,-) 
  U4/add_3413_38_g753/COUT          -       CIN->COUT F     ADDFX1         1 116.3   586  2411   80843    (-,-) 
  U4/add_3413_38_g752/COUT          -       CIN->COUT F     ADDFX1         1 116.3   586  2411   83255    (-,-) 
  U4/add_3413_38_g751/SUM           -       CIN->SUM  F     ADDFX1         3 122.5   559  3260   86514    (-,-) 
  U4/g366685/Y                      -       B->Y      R     AOI21X1        1  33.3   457   852   87366    (-,-) 
  U4/g366272/Y                      -       C->Y      F     OAI21X1        1  55.8   426   674   88040    (-,-) 
  U4/g366268/Y                      -       B->Y      R     NOR2X2         1  36.3   221   550   88590    (-,-) 
  U4/g366266/Y                      -       D->Y      F     NAND4X1        1  30.6   519   643   89233    (-,-) 
  U4/alu_result_reg[30]/D           <<<     -         F     DFFX1          1     -     -     0   89233    (-,-) 
#---------------------------------------------------------------------------------------------------------------

