============================================================
  Generated by:           Genus(TM) Synthesis Solution 21.19-s055_1
  Generated on:           Dec 30 2024  07:57:05 pm
  Module:                 BRISC_top_no_io
  Operating conditions:   PVT_1P8V_25C (balanced_tree)
  Wireload mode:          enclosed
  Area mode:              timing library
============================================================

                                 
  Gate   Instances      Area               Library           
-------------------------------------------------------------
ADDFX1          78    386880.000    KISTA_SOI_STDLIB2_CCS_TT 
ADDHX1           6     13440.000    KISTA_SOI_STDLIB2_CCS_TT 
AND2X1         175    168000.000    KISTA_SOI_STDLIB2_CCS_TT 
AND3X1          11     14080.000    KISTA_SOI_STDLIB2_CCS_TT 
AND4X1          19     30400.000    KISTA_SOI_STDLIB2_CCS_TT 
AO21X1          34     43520.000    KISTA_SOI_STDLIB2_CCS_TT 
AOI21X1       1080   1036800.000    KISTA_SOI_STDLIB2_CCS_TT 
BUFX2          660    422400.000    KISTA_SOI_STDLIB2_CCS_TT 
BUFX3            8      5120.000    KISTA_SOI_STDLIB2_CCS_TT 
DFFX1         1472   6359040.000    KISTA_SOI_STDLIB2_CCS_TT 
INVX1            4      1280.000    KISTA_SOI_STDLIB2_CCS_TT 
INVX2         1046    334720.000    KISTA_SOI_STDLIB2_CCS_TT 
INVX3          632    202240.000    KISTA_SOI_STDLIB2_CCS_TT 
MX2X1           85    163200.000    KISTA_SOI_STDLIB2_CCS_TT 
NAND2X1       3689   2360960.000    KISTA_SOI_STDLIB2_CCS_TT 
NAND2X2       1801   1152640.000    KISTA_SOI_STDLIB2_CCS_TT 
NAND3X1        302    289920.000    KISTA_SOI_STDLIB2_CCS_TT 
NAND4X1        832   1064960.000    KISTA_SOI_STDLIB2_CCS_TT 
NOR2X1         280    179200.000    KISTA_SOI_STDLIB2_CCS_TT 
NOR2X2         663    424320.000    KISTA_SOI_STDLIB2_CCS_TT 
NOR2X3          35     33600.000    KISTA_SOI_STDLIB2_CCS_TT 
NOR3X1         174    167040.000    KISTA_SOI_STDLIB2_CCS_TT 
NOR4X1         153    195840.000    KISTA_SOI_STDLIB2_CCS_TT 
OA21X1          66     84480.000    KISTA_SOI_STDLIB2_CCS_TT 
OAI21X1       1937   1859520.000    KISTA_SOI_STDLIB2_CCS_TT 
OR2X1           47     45120.000    KISTA_SOI_STDLIB2_CCS_TT 
OR3X1           27     34560.000    KISTA_SOI_STDLIB2_CCS_TT 
OR4X1           19     30400.000    KISTA_SOI_STDLIB2_CCS_TT 
XNOR2X1         36     57600.000    KISTA_SOI_STDLIB2_CCS_TT 
XOR2X1          27     43200.000    KISTA_SOI_STDLIB2_CCS_TT 
-------------------------------------------------------------
total        15398  17204480.000                             


                                             
     Type      Instances     Area     Area % 
---------------------------------------------
sequential          1472  6359040.000   37.0 
inverter            1682   538240.000    3.1 
buffer               668   427520.000    2.5 
logic              11576  9879680.000   57.4 
physical_cells         0        0.000    0.0 
---------------------------------------------
total              15398 17204480.000  100.0 

