============================================================
  Generated by:           Genus(TM) Synthesis Solution 21.19-s055_1
  Generated on:           Dec 30 2024  10:16:56 pm
  Module:                 BRISC_top_no_io
  Operating conditions:   PVT_1P8V_25C (balanced_tree)
  Wireload mode:          enclosed
  Area mode:              timing library
============================================================

                                 
  Gate   Instances      Area               Library           
-------------------------------------------------------------
ADDFX1          58    287680.000    KISTA_SOI_STDLIB2_CCS_TT 
ADDHX1           6     13440.000    KISTA_SOI_STDLIB2_CCS_TT 
AND2X1         132    126720.000    KISTA_SOI_STDLIB2_CCS_TT 
AND3X1          18     23040.000    KISTA_SOI_STDLIB2_CCS_TT 
AND4X1          24     38400.000    KISTA_SOI_STDLIB2_CCS_TT 
AO21X1         102    130560.000    KISTA_SOI_STDLIB2_CCS_TT 
AOI21X1       1188   1140480.000    KISTA_SOI_STDLIB2_CCS_TT 
BUFX2          672    430080.000    KISTA_SOI_STDLIB2_CCS_TT 
BUFX3            1       640.000    KISTA_SOI_STDLIB2_CCS_TT 
DFFX1         1472   6359040.000    KISTA_SOI_STDLIB2_CCS_TT 
INVX1            9      2880.000    KISTA_SOI_STDLIB2_CCS_TT 
INVX2         1160    371200.000    KISTA_SOI_STDLIB2_CCS_TT 
INVX3          693    221760.000    KISTA_SOI_STDLIB2_CCS_TT 
MX2X1           83    159360.000    KISTA_SOI_STDLIB2_CCS_TT 
NAND2X1       3271   2093440.000    KISTA_SOI_STDLIB2_CCS_TT 
NAND2X2       2023   1294720.000    KISTA_SOI_STDLIB2_CCS_TT 
NAND3X1        289    277440.000    KISTA_SOI_STDLIB2_CCS_TT 
NAND4X1        793   1015040.000    KISTA_SOI_STDLIB2_CCS_TT 
NOR2X1         285    182400.000    KISTA_SOI_STDLIB2_CCS_TT 
NOR2X2         708    453120.000    KISTA_SOI_STDLIB2_CCS_TT 
NOR2X3          40     38400.000    KISTA_SOI_STDLIB2_CCS_TT 
NOR3X1         168    161280.000    KISTA_SOI_STDLIB2_CCS_TT 
NOR4X1         110    140800.000    KISTA_SOI_STDLIB2_CCS_TT 
OA21X1          87    111360.000    KISTA_SOI_STDLIB2_CCS_TT 
OAI21X1       2036   1954560.000    KISTA_SOI_STDLIB2_CCS_TT 
OR2X1           59     56640.000    KISTA_SOI_STDLIB2_CCS_TT 
OR3X1           17     21760.000    KISTA_SOI_STDLIB2_CCS_TT 
OR4X1           17     27200.000    KISTA_SOI_STDLIB2_CCS_TT 
XNOR2X1         49     78400.000    KISTA_SOI_STDLIB2_CCS_TT 
XOR2X1          20     32000.000    KISTA_SOI_STDLIB2_CCS_TT 
-------------------------------------------------------------
total        15590  17243840.000                             


                                             
     Type      Instances     Area     Area % 
---------------------------------------------
sequential          1472  6359040.000   36.9 
inverter            1862   595840.000    3.5 
buffer               673   430720.000    2.5 
logic              11583  9858240.000   57.2 
physical_cells         0        0.000    0.0 
---------------------------------------------
total              15590 17243840.000  100.0 

