============================================================
  Generated by:           Genus(TM) Synthesis Solution 21.19-s055_1
  Generated on:           Jan 02 2025  03:00:54 am
  Module:                 BRISC_top_no_io
  Operating conditions:   PVT_1P8V_25C (balanced_tree)
  Wireload mode:          enclosed
  Area mode:              timing library
============================================================

                                 
  Gate   Instances      Area               Library           
-------------------------------------------------------------
ADDHX1           1      2240.000    KISTA_SOI_STDLIB2_CCS_TT 
AND2X1          76     72960.000    KISTA_SOI_STDLIB2_CCS_TT 
AND3X1          19     24320.000    KISTA_SOI_STDLIB2_CCS_TT 
AND4X1          51     81600.000    KISTA_SOI_STDLIB2_CCS_TT 
AO21X1         110    140800.000    KISTA_SOI_STDLIB2_CCS_TT 
AOI21X1        900    864000.000    KISTA_SOI_STDLIB2_CCS_TT 
BUFX2          177    113280.000    KISTA_SOI_STDLIB2_CCS_TT 
BUFX27           1      2240.000    KISTA_SOI_STDLIB2_CCS_TT 
BUFX3          412    263680.000    KISTA_SOI_STDLIB2_CCS_TT 
BUFX4           85     68000.000    KISTA_SOI_STDLIB2_CCS_TT 
BUFX9           37     35520.000    KISTA_SOI_STDLIB2_CCS_TT 
DFFX1         1472   6359040.000    KISTA_SOI_STDLIB2_CCS_TT 
INVX1          246     78720.000    KISTA_SOI_STDLIB2_CCS_TT 
INVX2         2304    737280.000    KISTA_SOI_STDLIB2_CCS_TT 
INVX3         1481    473920.000    KISTA_SOI_STDLIB2_CCS_TT 
INVX4          112     53760.000    KISTA_SOI_STDLIB2_CCS_TT 
MX2X1            5      9600.000    KISTA_SOI_STDLIB2_CCS_TT 
NAND2X1       3885   2486400.000    KISTA_SOI_STDLIB2_CCS_TT 
NAND2X2       3006   1923840.000    KISTA_SOI_STDLIB2_CCS_TT 
NAND2X3        219    210240.000    KISTA_SOI_STDLIB2_CCS_TT 
NAND3X1        362    347520.000    KISTA_SOI_STDLIB2_CCS_TT 
NAND4X1        419    536320.000    KISTA_SOI_STDLIB2_CCS_TT 
NOR2X1         466    298240.000    KISTA_SOI_STDLIB2_CCS_TT 
NOR2X2        1525    976000.000    KISTA_SOI_STDLIB2_CCS_TT 
NOR2X3         285    273600.000    KISTA_SOI_STDLIB2_CCS_TT 
NOR3X1         128    122880.000    KISTA_SOI_STDLIB2_CCS_TT 
NOR4X1          45     57600.000    KISTA_SOI_STDLIB2_CCS_TT 
OA21X1          53     67840.000    KISTA_SOI_STDLIB2_CCS_TT 
OAI21X1       2067   1984320.000    KISTA_SOI_STDLIB2_CCS_TT 
OR2X1           37     35520.000    KISTA_SOI_STDLIB2_CCS_TT 
OR3X1            2      2560.000    KISTA_SOI_STDLIB2_CCS_TT 
OR4X1            3      4800.000    KISTA_SOI_STDLIB2_CCS_TT 
XNOR2X1         58     92800.000    KISTA_SOI_STDLIB2_CCS_TT 
XOR2X1          48     76800.000    KISTA_SOI_STDLIB2_CCS_TT 
-------------------------------------------------------------
total        20097  18878240.000                             


                                             
     Type      Instances     Area     Area % 
---------------------------------------------
sequential          1472  6359040.000   33.7 
inverter            4143  1343680.000    7.1 
buffer               712   482720.000    2.6 
logic              13770 10692800.000   56.6 
physical_cells         0        0.000    0.0 
---------------------------------------------
total              20097 18878240.000  100.0 

