============================================================
  Generated by:           Genus(TM) Synthesis Solution 21.19-s055_1
  Generated on:           Dec 30 2024  09:11:45 pm
  Module:                 BRISC_top_no_io
  Operating conditions:   PVT_1P8V_25C (balanced_tree)
  Wireload mode:          enclosed
  Area mode:              timing library
============================================================

                                 
  Gate   Instances      Area               Library           
-------------------------------------------------------------
ADDFX1          58    287680.000    KISTA_SOI_STDLIB2_CCS_TT 
ADDHX1           6     13440.000    KISTA_SOI_STDLIB2_CCS_TT 
AND2X1         119    114240.000    KISTA_SOI_STDLIB2_CCS_TT 
AND3X1          23     29440.000    KISTA_SOI_STDLIB2_CCS_TT 
AND4X1          18     28800.000    KISTA_SOI_STDLIB2_CCS_TT 
AO21X1         103    131840.000    KISTA_SOI_STDLIB2_CCS_TT 
AOI21X1       1152   1105920.000    KISTA_SOI_STDLIB2_CCS_TT 
BUFX2          505    323200.000    KISTA_SOI_STDLIB2_CCS_TT 
BUFX3            1       640.000    KISTA_SOI_STDLIB2_CCS_TT 
DFFX1         1472   6359040.000    KISTA_SOI_STDLIB2_CCS_TT 
INVX1           13      4160.000    KISTA_SOI_STDLIB2_CCS_TT 
INVX2         1203    384960.000    KISTA_SOI_STDLIB2_CCS_TT 
INVX3          634    202880.000    KISTA_SOI_STDLIB2_CCS_TT 
MX2X1           84    161280.000    KISTA_SOI_STDLIB2_CCS_TT 
NAND2X1       3573   2286720.000    KISTA_SOI_STDLIB2_CCS_TT 
NAND2X2       1748   1118720.000    KISTA_SOI_STDLIB2_CCS_TT 
NAND3X1        299    287040.000    KISTA_SOI_STDLIB2_CCS_TT 
NAND4X1        772    988160.000    KISTA_SOI_STDLIB2_CCS_TT 
NOR2X1         281    179840.000    KISTA_SOI_STDLIB2_CCS_TT 
NOR2X2         723    462720.000    KISTA_SOI_STDLIB2_CCS_TT 
NOR2X3          39     37440.000    KISTA_SOI_STDLIB2_CCS_TT 
NOR3X1         165    158400.000    KISTA_SOI_STDLIB2_CCS_TT 
NOR4X1         117    149760.000    KISTA_SOI_STDLIB2_CCS_TT 
OA21X1          96    122880.000    KISTA_SOI_STDLIB2_CCS_TT 
OAI21X1       2058   1975680.000    KISTA_SOI_STDLIB2_CCS_TT 
OR2X1           58     55680.000    KISTA_SOI_STDLIB2_CCS_TT 
OR3X1           22     28160.000    KISTA_SOI_STDLIB2_CCS_TT 
OR4X1           18     28800.000    KISTA_SOI_STDLIB2_CCS_TT 
XNOR2X1         41     65600.000    KISTA_SOI_STDLIB2_CCS_TT 
XOR2X1          29     46400.000    KISTA_SOI_STDLIB2_CCS_TT 
-------------------------------------------------------------
total        15430  17139520.000                             


                                             
     Type      Instances     Area     Area % 
---------------------------------------------
sequential          1472  6359040.000   37.1 
inverter            1850   592000.000    3.5 
buffer               506   323840.000    1.9 
logic              11602  9864640.000   57.6 
physical_cells         0        0.000    0.0 
---------------------------------------------
total              15430 17139520.000  100.0 

