============================================================
  Generated by:           Genus(TM) Synthesis Solution 21.19-s055_1
  Generated on:           Dec 30 2024  08:24:59 pm
  Module:                 BRISC_top_no_io
  Operating conditions:   PVT_1P8V_25C (balanced_tree)
  Wireload mode:          enclosed
  Area mode:              timing library
============================================================

                                 
  Gate   Instances      Area               Library           
-------------------------------------------------------------
ADDFX1          58    287680.000    KISTA_SOI_STDLIB2_CCS_TT 
ADDHX1           6     13440.000    KISTA_SOI_STDLIB2_CCS_TT 
AND2X1         122    117120.000    KISTA_SOI_STDLIB2_CCS_TT 
AND3X1          21     26880.000    KISTA_SOI_STDLIB2_CCS_TT 
AND4X1          22     35200.000    KISTA_SOI_STDLIB2_CCS_TT 
AO21X1          67     85760.000    KISTA_SOI_STDLIB2_CCS_TT 
AOI21X1       1109   1064640.000    KISTA_SOI_STDLIB2_CCS_TT 
BUFX2          495    316800.000    KISTA_SOI_STDLIB2_CCS_TT 
DFFX1         1472   6359040.000    KISTA_SOI_STDLIB2_CCS_TT 
INVX1           10      3200.000    KISTA_SOI_STDLIB2_CCS_TT 
INVX2         1035    331200.000    KISTA_SOI_STDLIB2_CCS_TT 
INVX3          655    209600.000    KISTA_SOI_STDLIB2_CCS_TT 
MX2X1           82    157440.000    KISTA_SOI_STDLIB2_CCS_TT 
NAND2X1       3802   2433280.000    KISTA_SOI_STDLIB2_CCS_TT 
NAND2X2       1711   1095040.000    KISTA_SOI_STDLIB2_CCS_TT 
NAND3X1        303    290880.000    KISTA_SOI_STDLIB2_CCS_TT 
NAND4X1        813   1040640.000    KISTA_SOI_STDLIB2_CCS_TT 
NOR2X1         272    174080.000    KISTA_SOI_STDLIB2_CCS_TT 
NOR2X2         705    451200.000    KISTA_SOI_STDLIB2_CCS_TT 
NOR2X3          50     48000.000    KISTA_SOI_STDLIB2_CCS_TT 
NOR3X1         143    137280.000    KISTA_SOI_STDLIB2_CCS_TT 
NOR4X1         126    161280.000    KISTA_SOI_STDLIB2_CCS_TT 
OA21X1          81    103680.000    KISTA_SOI_STDLIB2_CCS_TT 
OAI21X1       1907   1830720.000    KISTA_SOI_STDLIB2_CCS_TT 
OR2X1           82     78720.000    KISTA_SOI_STDLIB2_CCS_TT 
OR3X1           26     33280.000    KISTA_SOI_STDLIB2_CCS_TT 
OR4X1           18     28800.000    KISTA_SOI_STDLIB2_CCS_TT 
XNOR2X1         54     86400.000    KISTA_SOI_STDLIB2_CCS_TT 
XOR2X1          15     24000.000    KISTA_SOI_STDLIB2_CCS_TT 
-------------------------------------------------------------
total        15262  17025280.000                             


                                             
     Type      Instances     Area     Area % 
---------------------------------------------
sequential          1472  6359040.000   37.4 
inverter            1700   544000.000    3.2 
buffer               495   316800.000    1.9 
logic              11595  9805440.000   57.6 
physical_cells         0        0.000    0.0 
---------------------------------------------
total              15262 17025280.000  100.0 

