============================================================
  Generated by:           Genus(TM) Synthesis Solution 21.19-s055_1
  Generated on:           Dec 30 2024  06:51:43 pm
  Module:                 BRISC_top_no_io
  Operating conditions:   PVT_1P8V_25C (balanced_tree)
  Wireload mode:          enclosed
  Area mode:              timing library
============================================================

                                 
  Gate   Instances      Area               Library           
-------------------------------------------------------------
ADDHX1           1      2240.000    KISTA_SOI_STDLIB2_CCS_TT 
AND2X1         175    168000.000    KISTA_SOI_STDLIB2_CCS_TT 
AND3X1           7      8960.000    KISTA_SOI_STDLIB2_CCS_TT 
AND4X1          18     28800.000    KISTA_SOI_STDLIB2_CCS_TT 
AO21X1          30     38400.000    KISTA_SOI_STDLIB2_CCS_TT 
AOI21X1       1111   1066560.000    KISTA_SOI_STDLIB2_CCS_TT 
BUFX2          313    200320.000    KISTA_SOI_STDLIB2_CCS_TT 
BUFX3           12      7680.000    KISTA_SOI_STDLIB2_CCS_TT 
DFFX1         1472   6359040.000    KISTA_SOI_STDLIB2_CCS_TT 
INVX1           91     29120.000    KISTA_SOI_STDLIB2_CCS_TT 
INVX2          889    284480.000    KISTA_SOI_STDLIB2_CCS_TT 
INVX3          778    248960.000    KISTA_SOI_STDLIB2_CCS_TT 
INVX4            1       480.000    KISTA_SOI_STDLIB2_CCS_TT 
MX2X1           66    126720.000    KISTA_SOI_STDLIB2_CCS_TT 
NAND2X1       3825   2448000.000    KISTA_SOI_STDLIB2_CCS_TT 
NAND2X2       1611   1031040.000    KISTA_SOI_STDLIB2_CCS_TT 
NAND2X3          3      2880.000    KISTA_SOI_STDLIB2_CCS_TT 
NAND3X1        219    210240.000    KISTA_SOI_STDLIB2_CCS_TT 
NAND4X1        860   1100800.000    KISTA_SOI_STDLIB2_CCS_TT 
NOR2X1         337    215680.000    KISTA_SOI_STDLIB2_CCS_TT 
NOR2X2         809    517760.000    KISTA_SOI_STDLIB2_CCS_TT 
NOR2X3          58     55680.000    KISTA_SOI_STDLIB2_CCS_TT 
NOR3X1          99     95040.000    KISTA_SOI_STDLIB2_CCS_TT 
NOR4X1         197    252160.000    KISTA_SOI_STDLIB2_CCS_TT 
OA21X1          59     75520.000    KISTA_SOI_STDLIB2_CCS_TT 
OAI21X1       2034   1952640.000    KISTA_SOI_STDLIB2_CCS_TT 
OR2X1           69     66240.000    KISTA_SOI_STDLIB2_CCS_TT 
OR3X1           17     21760.000    KISTA_SOI_STDLIB2_CCS_TT 
OR4X1           36     57600.000    KISTA_SOI_STDLIB2_CCS_TT 
XNOR2X1         93    148800.000    KISTA_SOI_STDLIB2_CCS_TT 
XOR2X1          48     76800.000    KISTA_SOI_STDLIB2_CCS_TT 
-------------------------------------------------------------
total        15338  16898400.000                             


                                             
     Type      Instances     Area     Area % 
---------------------------------------------
sequential          1472  6359040.000   37.6 
inverter            1759   563040.000    3.3 
buffer               325   208000.000    1.2 
logic              11782  9768320.000   57.8 
physical_cells         0        0.000    0.0 
---------------------------------------------
total              15338 16898400.000  100.0 

