============================================================
  Generated by:           Genus(TM) Synthesis Solution 21.19-s055_1
  Generated on:           Dec 30 2024  06:51:42 pm
  Module:                 BRISC_top_no_io
  Operating conditions:   PVT_1P8V_25C (balanced_tree)
  Wireload mode:          enclosed
  Area mode:              timing library
============================================================


Path 1: MET (26 ps) Setup Check with Pin U4/branch_type_reg[0]/CK->D
          Group: CLK
     Startpoint: (R) U4/U0_rs2_data_internal_reg[4]/CK
          Clock: (R) CLK
       Endpoint: (R) U4/branch_type_reg[0]/D
          Clock: (R) CLK

                     Capture       Launch     
        Clock Edge:+   37000            0     
       Src Latency:+       0            0     
       Net Latency:+     200 (I)      200 (I) 
           Arrival:=   37200          200     
                                              
             Setup:-    1299                  
       Uncertainty:-     300                  
     Required Time:=   35601                  
      Launch Clock:-     200                  
         Data Path:-   35375                  
             Slack:=      26                  

#-----------------------------------------------------------------------------------------------------------
#           Timing Point            Flags   Arc   Edge   Cell     Fanout  Load Trans Delay Arrival Instance 
#                                                                         (fF)  (ps)  (ps)   (ps)  Location 
#-----------------------------------------------------------------------------------------------------------
  U4/U0_rs2_data_internal_reg[4]/CK -       -     R     (arrival)   1466     -     0     0     200    (-,-) 
  U4/U0_rs2_data_internal_reg[4]/Q  -       CK->Q F     DFFX1          2  90.7   977  3348    3548    (-,-) 
  U4/g271486/Y                      -       A->Y  R     INVX2          5 282.7   542  1320    4869    (-,-) 
  U4/g271450/Y                      -       B->Y  F     NOR2X2         2 110.2   316   465    5334    (-,-) 
  U4/g271378/Y                      -       B->Y  R     NAND2X2        4 222.2   449   793    6127    (-,-) 
  U4/g271367/Y                      -       A->Y  F     INVX2          1  78.1   175   339    6466    (-,-) 
  U4/g271362/Y                      -       A->Y  R     NAND2X3       13 578.1   734  1095    7562    (-,-) 
  U4/g271292/Y                      -       A->Y  F     INVX3         12 410.4   425   775    8336    (-,-) 
  U4/g270296__8246/Y                -       A->Y  R     NAND2X1        1  36.7   345   618    8954    (-,-) 
  U4/g406338/Y                      -       C->Y  F     NAND3X1        1  32.4   363   562    9516    (-,-) 
  U4/g406337/Y                      -       C->Y  R     AOI21X1        1  36.7   508   925   10441    (-,-) 
  U4/g269519__1617/Y                -       C->Y  F     NAND3X1        1  32.4   382   609   11050    (-,-) 
  U4/g269472__7482/Y                -       C->Y  R     NOR3X1         1  36.3   635   952   12002    (-,-) 
  U4/g269403__1617/Y                -       D->Y  F     NAND4X1        1  55.8   718   998   13001    (-,-) 
  U4/g269384__7482/Y                -       B->Y  R     NOR2X2         3 168.8   664  1249   14250    (-,-) 
  U4/g269370/Y                      -       A->Y  F     INVX3          5 288.4   333   616   14866    (-,-) 
  U4/g390632/Y                      -       B->Y  R     NAND2X2        1  55.5   158   466   15332    (-,-) 
  U4/g389356/Y                      -       A->Y  F     NAND2X2        1  55.7   180   349   15681    (-,-) 
  U4/g389322/Y                      -       B->Y  R     NAND2X2        2 119.4   275   504   16185    (-,-) 
  U4/g389195/Y                      -       B->Y  F     NAND2X2        1  55.7   180   353   16538    (-,-) 
  U4/g389188/Y                      -       B->Y  R     NAND2X2        2 126.5   289   519   17057    (-,-) 
  U4/g389106/Y                      -       B->Y  F     NAND2X2        1  55.7   182   356   17413    (-,-) 
  U4/g389079/Y                      -       B->Y  R     NAND2X2        2  97.3   245   461   17874    (-,-) 
  U4/g388960/Y                      -       B->Y  F     AOI21X1        2  99.8   526   764   18637    (-,-) 
  U4/g388928/Y                      -       C->Y  R     AOI21X1        1  57.1   615  1161   19798    (-,-) 
  U4/g388903/Y                      -       B->Y  F     NOR2X2         2 114.7   252   486   20284    (-,-) 
  U4/g388865/Y                      -       B->Y  R     NOR2X2         2 133.8   538   826   21110    (-,-) 
  U4/g388856/Y                      -       A->Y  F     INVX3          1  55.8   132   228   21339    (-,-) 
  U4/g388834/Y                      -       B->Y  R     NOR2X2         2 113.2   467   671   22009    (-,-) 
  U4/g388811/Y                      -       B->Y  F     NAND2X2        1  55.7   215   394   22404    (-,-) 
  U4/g388804/Y                      -       B->Y  R     NAND2X2        3 134.0   303   556   22960    (-,-) 
  U4/g406294/Y                      -       C->Y  F     NAND3X1        2 111.5   848  1097   24056    (-,-) 
  U4/g388756/Y                      -       B->Y  R     NOR2X2         1  57.1   338   885   24942    (-,-) 
  U4/g388746/Y                      -       B->Y  F     NOR2X2         4 181.5   345   533   25475    (-,-) 
  U4/g388723/Y                      -       B->Y  R     NOR2X2         2 133.8   539   882   26357    (-,-) 
  U4/g388715/Y                      -       A->Y  F     INVX3          1  55.8   132   228   26586    (-,-) 
  U4/g388677/Y                      -       B->Y  R     NOR2X2         1  57.1   323   447   27033    (-,-) 
  U4/g388672/Y                      -       B->Y  F     NOR2X2         4 181.5   325   527   27560    (-,-) 
  U4/g388634/Y                      -       B->Y  R     NOR2X2         1  57.1   298   571   28131    (-,-) 
  U4/g388596/Y                      -       B->Y  F     NOR2X2         3 124.7   266   427   28558    (-,-) 
  U4/g406293/Y                      -       C->Y  R     NOR3X1         2 113.2  1410  1785   30344    (-,-) 
  U4/g388530/Y                      -       B->Y  F     NAND2X2        1  55.7   343   437   30781    (-,-) 
  U4/g388525/Y                      -       B->Y  R     NAND2X2        4 187.5   391   744   31525    (-,-) 
  U4/g388494/Y                      -       C->Y  F     OAI21X1        1  55.7   398   660   32186    (-,-) 
  U4/g388475/Y                      -       B->Y  R     NAND2X2        3 128.2   295   662   32847    (-,-) 
  U4/g388462/Y                      -       C->Y  F     NAND3X1        1  32.7   421   549   33396    (-,-) 
  U4/g388452/Y                      -       B->Y  R     AOI21X1        1  57.1   614   959   34355    (-,-) 
  U4/g388449/Y                      -       B->Y  F     NOR2X2         3 143.3   284   558   34913    (-,-) 
  U4/g388444/Y                      -       B->Y  R     OAI21X1        1  33.0   399   662   35575    (-,-) 
  U4/branch_type_reg[0]/D           <<<     -     R     DFFX1          1     -     -     0   35575    (-,-) 
#-----------------------------------------------------------------------------------------------------------

