============================================================
  Generated by:           Genus(TM) Synthesis Solution 21.19-s055_1
  Generated on:           Dec 30 2024  09:21:00 pm
  Module:                 BRISC_top_no_io
  Operating conditions:   PVT_1P8V_25C (balanced_tree)
  Wireload mode:          enclosed
  Area mode:              timing library
============================================================

                                 
  Gate   Instances      Area               Library           
-------------------------------------------------------------
ADDFX1          58    287680.000    KISTA_SOI_STDLIB2_CCS_TT 
ADDHX1           6     13440.000    KISTA_SOI_STDLIB2_CCS_TT 
AND2X1         118    113280.000    KISTA_SOI_STDLIB2_CCS_TT 
AND3X1          18     23040.000    KISTA_SOI_STDLIB2_CCS_TT 
AND4X1          21     33600.000    KISTA_SOI_STDLIB2_CCS_TT 
AO21X1         103    131840.000    KISTA_SOI_STDLIB2_CCS_TT 
AOI21X1       1143   1097280.000    KISTA_SOI_STDLIB2_CCS_TT 
BUFX2          510    326400.000    KISTA_SOI_STDLIB2_CCS_TT 
BUFX3            2      1280.000    KISTA_SOI_STDLIB2_CCS_TT 
DFFX1         1472   6359040.000    KISTA_SOI_STDLIB2_CCS_TT 
INVX1           11      3520.000    KISTA_SOI_STDLIB2_CCS_TT 
INVX2         1189    380480.000    KISTA_SOI_STDLIB2_CCS_TT 
INVX3          638    204160.000    KISTA_SOI_STDLIB2_CCS_TT 
MX2X1           84    161280.000    KISTA_SOI_STDLIB2_CCS_TT 
NAND2X1       3582   2292480.000    KISTA_SOI_STDLIB2_CCS_TT 
NAND2X2       1746   1117440.000    KISTA_SOI_STDLIB2_CCS_TT 
NAND3X1        307    294720.000    KISTA_SOI_STDLIB2_CCS_TT 
NAND4X1        768    983040.000    KISTA_SOI_STDLIB2_CCS_TT 
NOR2X1         278    177920.000    KISTA_SOI_STDLIB2_CCS_TT 
NOR2X2         722    462080.000    KISTA_SOI_STDLIB2_CCS_TT 
NOR2X3          42     40320.000    KISTA_SOI_STDLIB2_CCS_TT 
NOR3X1         164    157440.000    KISTA_SOI_STDLIB2_CCS_TT 
NOR4X1         119    152320.000    KISTA_SOI_STDLIB2_CCS_TT 
OA21X1          91    116480.000    KISTA_SOI_STDLIB2_CCS_TT 
OAI21X1       2064   1981440.000    KISTA_SOI_STDLIB2_CCS_TT 
OR2X1           60     57600.000    KISTA_SOI_STDLIB2_CCS_TT 
OR3X1           25     32000.000    KISTA_SOI_STDLIB2_CCS_TT 
OR4X1           17     27200.000    KISTA_SOI_STDLIB2_CCS_TT 
XNOR2X1         41     65600.000    KISTA_SOI_STDLIB2_CCS_TT 
XOR2X1          29     46400.000    KISTA_SOI_STDLIB2_CCS_TT 
-------------------------------------------------------------
total        15428  17140800.000                             


                                             
     Type      Instances     Area     Area % 
---------------------------------------------
sequential          1472  6359040.000   37.1 
inverter            1838   588160.000    3.4 
buffer               512   327680.000    1.9 
logic              11606  9865920.000   57.6 
physical_cells         0        0.000    0.0 
---------------------------------------------
total              15428 17140800.000  100.0 

