============================================================
  Generated by:           Genus(TM) Synthesis Solution 21.19-s055_1
  Generated on:           Dec 30 2024  07:28:57 pm
  Module:                 BRISC_top_no_io
  Operating conditions:   PVT_1P8V_25C (balanced_tree)
  Wireload mode:          enclosed
  Area mode:              timing library
============================================================


Path 1: MET (737 ps) Setup Check with Pin U4/alu_result_reg[30]/CK->D
          Group: CLK
     Startpoint: (R) U4/U0_rs2_data_internal_reg[1]/CK
          Clock: (R) CLK
       Endpoint: (F) U4/alu_result_reg[30]/D
          Clock: (R) CLK

                     Capture       Launch     
        Clock Edge:+   73000            0     
       Src Latency:+       0            0     
       Net Latency:+     200 (I)      200 (I) 
           Arrival:=   73200          200     
                                              
             Setup:-     802                  
       Uncertainty:-     300                  
     Required Time:=   72098                  
      Launch Clock:-     200                  
         Data Path:-   71161                  
             Slack:=     737                  

#---------------------------------------------------------------------------------------------------------------
#           Timing Point            Flags     Arc     Edge   Cell     Fanout  Load Trans Delay Arrival Instance 
#                                                                             (fF)  (ps)  (ps)   (ps)  Location 
#---------------------------------------------------------------------------------------------------------------
  U4/U0_rs2_data_internal_reg[1]/CK -       -         R     (arrival)   1466     -     0     0     200    (-,-) 
  U4/U0_rs2_data_internal_reg[1]/Q  -       CK->Q     F     DFFX1          1  35.3   568  2620    2820    (-,-) 
  U4/drc_bufs379263/Y               -       A->Y      F     BUFX2          8 540.8   705  1710    4530    (-,-) 
  U4/g376526/Y                      -       A->Y      R     INVX3          7 474.7   573  1212    5742    (-,-) 
  U4/g296582/Y                      -       B->Y      F     NAND2X2        7 483.1  1096  1505    7247    (-,-) 
  U4/g296463/Y                      -       B->Y      R     NOR2X2         2 132.2   577  1348    8596    (-,-) 
  U4/g296449/Y                      -       A->Y      F     INVX3          7 460.2   426   769    9365    (-,-) 
  U4/g295407/Y                      -       B->Y      R     NOR2X2        11 405.3  1455  1972   11336    (-,-) 
  U4/g292656__4319/Y                -       A->Y      F     NAND2X1        1  34.8   398   441   11777    (-,-) 
  U4/g292387__5115/Y                -       B->Y      R     NAND4X1        1  36.9   308   658   12436    (-,-) 
  U4/g291941__2883/Y                -       D->Y      F     NOR4X1         1  36.3   240   395   12831    (-,-) 
  U4/g379426/Y                      -       C->Y      R     NAND3X1        1  34.8   253   482   13313    (-,-) 
  U4/g379425/Y                      -       A->Y      R     OR3X1          4 223.1   813  1519   14833    (-,-) 
  U4/add_3413_38_g876/Y             -       A->Y      F     NAND2X2        3 132.5   475   622   15454    (-,-) 
  U4/add_3413_38_g832/Y             -       B->Y      R     OAI21X1        2 102.9   825  1321   16775    (-,-) 
  U4/add_3413_38_g831/Y             -       C->Y      F     OAI21X1        1  55.7   474   724   17499    (-,-) 
  U4/add_3413_38_g829/Y             -       B->Y      R     NAND2X2        2 102.9   260   654   18153    (-,-) 
  U4/add_3413_38_g828/Y             -       C->Y      F     OAI21X1        1  55.7   511   634   18787    (-,-) 
  U4/add_3413_38_g826/Y             -       B->Y      R     NAND2X2        2 102.9   255   676   19464    (-,-) 
  U4/add_3413_38_g825/Y             -       C->Y      F     OAI21X1        1  55.7   472   633   20097    (-,-) 
  U4/add_3413_38_g823/Y             -       B->Y      R     NAND2X2        2 102.9   252   653   20750    (-,-) 
  U4/add_3413_38_g822/Y             -       C->Y      F     OAI21X1        1  55.7   451   632   21382    (-,-) 
  U4/add_3413_38_g820/Y             -       B->Y      R     NAND2X2        2 102.9   248   640   22022    (-,-) 
  U4/add_3413_38_g819/Y             -       C->Y      F     OAI21X1        1  55.7   458   632   22654    (-,-) 
  U4/add_3413_38_g817/Y             -       B->Y      R     NAND2X2        2 102.9   248   644   23298    (-,-) 
  U4/add_3413_38_g816/Y             -       C->Y      F     OAI21X1        1  55.7   439   632   23930    (-,-) 
  U4/add_3413_38_g814/Y             -       B->Y      R     NAND2X2        2 102.9   248   632   24562    (-,-) 
  U4/add_3413_38_g813/Y             -       C->Y      F     OAI21X1        1  55.7   462   632   25193    (-,-) 
  U4/add_3413_38_g811/Y             -       B->Y      R     NAND2X2        2 102.9   248   647   25840    (-,-) 
  U4/add_3413_38_g810/Y             -       C->Y      F     OAI21X1        1  55.7   426   632   26472    (-,-) 
  U4/add_3413_38_g808/Y             -       B->Y      R     NAND2X2        2 102.9   248   624   27096    (-,-) 
  U4/add_3413_38_g807/Y             -       C->Y      F     OAI21X1        1  55.7   462   632   27728    (-,-) 
  U4/add_3413_38_g805/Y             -       B->Y      R     NAND2X2        2 102.9   248   647   28375    (-,-) 
  U4/add_3413_38_g804/Y             -       C->Y      F     OAI21X1        1  55.7   448   632   29006    (-,-) 
  U4/add_3413_38_g802/Y             -       B->Y      R     NAND2X2        2 102.9   248   638   29645    (-,-) 
  U4/add_3413_38_g801/Y             -       C->Y      F     OAI21X1        1  55.7   461   632   30277    (-,-) 
  U4/add_3413_38_g799/Y             -       B->Y      R     NAND2X2        2 102.9   248   646   30923    (-,-) 
  U4/add_3413_38_g798/Y             -       C->Y      F     OAI21X1        1  55.7   468   632   31555    (-,-) 
  U4/add_3413_38_g796/Y             -       B->Y      R     NAND2X2        2 102.9   249   650   32205    (-,-) 
  U4/add_3413_38_g795/Y             -       C->Y      F     OAI21X1        1  55.7   453   632   32837    (-,-) 
  U4/add_3413_38_g793/Y             -       B->Y      R     NAND2X2        2 102.9   249   641   33478    (-,-) 
  U4/add_3413_38_g792/Y             -       C->Y      F     OAI21X1        1  55.7   439   632   34109    (-,-) 
  U4/add_3413_38_g790/Y             -       B->Y      R     NAND2X2        2 102.9   248   632   34742    (-,-) 
  U4/add_3413_38_g789/Y             -       C->Y      F     OAI21X1        1  55.7   443   632   35373    (-,-) 
  U4/add_3413_38_g787/Y             -       B->Y      R     NAND2X2        2 102.9   258   635   36008    (-,-) 
  U4/add_3413_38_g786/Y             -       C->Y      F     OAI21X1        1  55.7   462   634   36642    (-,-) 
  U4/add_3413_38_g784/Y             -       B->Y      R     NAND2X2        2 102.9   259   647   37289    (-,-) 
  U4/add_3413_38_g783/Y             -       C->Y      F     OAI21X1        1  55.7   450   634   37923    (-,-) 
  U4/add_3413_38_g781/Y             -       B->Y      R     NAND2X2        1 126.3   287   691   38614    (-,-) 
  U4/g379459/COUT                   -       CIN->COUT R     ADDFX1         1 126.3   780  2224   40838    (-,-) 
  U4/g379458/COUT                   -       CIN->COUT R     ADDFX1         1 126.3   780  2400   43238    (-,-) 
  U4/g379457/COUT                   -       CIN->COUT R     ADDFX1         1 126.3   780  2400   45638    (-,-) 
  U4/g379456/COUT                   -       CIN->COUT R     ADDFX1         1 126.3   780  2400   48038    (-,-) 
  U4/g379455/COUT                   -       CIN->COUT R     ADDFX1         1 126.3   780  2400   50438    (-,-) 
  U4/g379454/COUT                   -       CIN->COUT R     ADDFX1         1 126.3   780  2400   52839    (-,-) 
  U4/g379453/COUT                   -       CIN->COUT R     ADDFX1         1 126.3   780  2400   55239    (-,-) 
  U4/g379452/COUT                   -       CIN->COUT R     ADDFX1         1 126.3   780  2400   57639    (-,-) 
  U4/g379451/COUT                   -       CIN->COUT R     ADDFX1         1 126.3   780  2400   60039    (-,-) 
  U4/add_3413_38_g753/COUT          -       CIN->COUT R     ADDFX1         1 126.3   781  2400   62439    (-,-) 
  U4/add_3413_38_g752/COUT          -       CIN->COUT R     ADDFX1         1 126.3   780  2400   64840    (-,-) 
  U4/add_3413_38_g751/SUM           -       CIN->SUM  F     ADDFX1         3 122.5   559  3323   68163    (-,-) 
  U4/g371369/Y                      -       B->Y      R     AOI21X1        1  36.3   472   876   69038    (-,-) 
  U4/g364944/Y                      -       D->Y      F     NAND4X1        1  32.4   523   735   69773    (-,-) 
  U4/g364931/Y                      -       C->Y      R     AOI21X1        1  36.7   479  1000   70773    (-,-) 
  U4/g364643/Y                      -       C->Y      F     NAND3X1        1  30.6   379   588   71361    (-,-) 
  U4/alu_result_reg[30]/D           <<<     -         F     DFFX1          1     -     -     0   71361    (-,-) 
#---------------------------------------------------------------------------------------------------------------

