============================================================
  Generated by:           Genus(TM) Synthesis Solution 21.19-s055_1
  Generated on:           Dec 30 2024  07:19:44 pm
  Module:                 BRISC_top_no_io
  Operating conditions:   PVT_1P8V_25C (balanced_tree)
  Wireload mode:          enclosed
  Area mode:              timing library
============================================================


Path 1: MET (6343 ps) Setup Check with Pin U4/pc_reg[30]/CK->D
          Group: CLK
     Startpoint: (R) U4/U0_rs2_data_internal_reg[4]/CK
          Clock: (R) CLK
       Endpoint: (R) U4/pc_reg[30]/D
          Clock: (R) CLK

                     Capture       Launch     
        Clock Edge:+   64000            0     
       Src Latency:+       0            0     
       Net Latency:+     200 (I)      200 (I) 
           Arrival:=   64200          200     
                                              
             Setup:-    1275                  
       Uncertainty:-     300                  
     Required Time:=   62625                  
      Launch Clock:-     200                  
         Data Path:-   56082                  
             Slack:=    6343                  

#-------------------------------------------------------------------------------------------------------------------------------------------------
#                            Timing Point                             Flags     Arc     Edge   Cell     Fanout  Load Trans Delay Arrival Instance 
#                                                                                                               (fF)  (ps)  (ps)   (ps)  Location 
#-------------------------------------------------------------------------------------------------------------------------------------------------
  U4/U0_rs2_data_internal_reg[4]/CK                                   -       -         R     (arrival)   1466     -     0     0     200    (-,-) 
  U4/U0_rs2_data_internal_reg[4]/Q                                    -       CK->Q     F     DFFX1          3 147.5  1396  4074    4274    (-,-) 
  U4/g296221/Y                                                        -       A->Y      R     INVX2          3 169.3   463  1320    5595    (-,-) 
  U4/g296126/Y                                                        -       B->Y      F     NAND2X2        7 479.7  1087  1454    7049    (-,-) 
  U4/g296063/Y                                                        -       B->Y      R     NOR2X2         1  76.7   418  1098    8147    (-,-) 
  U4/g296052/Y                                                        -       A->Y      F     INVX3          8 426.2   381   670    8818    (-,-) 
  U4/g296018/Y                                                        -       B->Y      R     NOR2X3        16 559.4  1335  1804   10621    (-,-) 
  U4/g293837/Y                                                        -       A->Y      F     NAND2X1        1  34.8   383   446   11067    (-,-) 
  U4/g292122__6783/Y                                                  -       B->Y      R     NAND4X1        1  34.7   299   639   11706    (-,-) 
  U4/g291782__6783/Y                                                  -       A->Y      F     NOR4X1         1  36.3   240   430   12136    (-,-) 
  U4/g374289/Y                                                        -       C->Y      R     NAND3X1        1  34.8   260   482   12618    (-,-) 
  U4/g374288/Y                                                        -       A->Y      R     OR3X1          5 259.0   934  1660   14278    (-,-) 
  U4/g291544__5115/Y                                                  -       B->Y      F     NAND2X2        1  55.7   283   432   14709    (-,-) 
  U4/g291517__6161/Y                                                  -       B->Y      R     NAND2X2        2 126.5   297   584   15294    (-,-) 
  U4/add_3258_34_Y_add_3260_34_Y_add_3252_30_Y_add_3250_30_g2574/Y    -       B->Y      F     NAND2X2        2  99.1   277   468   15762    (-,-) 
  U4/add_3258_34_Y_add_3260_34_Y_add_3252_30_Y_add_3250_30_g2456/Y    -       A->Y      R     OAI21X1        2 144.4  1106  1591   17352    (-,-) 
  U4/add_3258_34_Y_add_3260_34_Y_add_3252_30_Y_add_3250_30_g2454/Y    -       A->Y      F     INVX3          1  31.5   154   112   17464    (-,-) 
  U4/add_3258_34_Y_add_3260_34_Y_add_3252_30_Y_add_3250_30_g2771/Y    -       B->Y      F     OA21X1         2  98.9   332  1194   18658    (-,-) 
  U4/add_3258_34_Y_add_3260_34_Y_add_3252_30_Y_add_3250_30_g2770/Y    -       B->Y      F     OA21X1         2  98.9   332  1297   19954    (-,-) 
  U4/add_3258_34_Y_add_3260_34_Y_add_3252_30_Y_add_3250_30_g2769/Y    -       B->Y      F     OA21X1         2 100.8   336  1304   21258    (-,-) 
  U4/add_3258_34_Y_add_3260_34_Y_add_3252_30_Y_add_3250_30_g2442/Y    -       B->Y      R     OAI21X1        2 139.2  1071  1526   22784    (-,-) 
  U4/add_3258_34_Y_add_3260_34_Y_add_3252_30_Y_add_3250_30_g2441/Y    -       A->Y      F     INVX3          1  33.4   154   122   22907    (-,-) 
  U4/add_3258_34_Y_add_3260_34_Y_add_3252_30_Y_add_3250_30_g2439/Y    -       B->Y      R     OAI21X1        2 139.2  1071  1426   24333    (-,-) 
  U4/add_3258_34_Y_add_3260_34_Y_add_3252_30_Y_add_3250_30_g2438/Y    -       A->Y      F     INVX3          1  33.4   154   122   24455    (-,-) 
  U4/add_3258_34_Y_add_3260_34_Y_add_3252_30_Y_add_3250_30_g2436/Y    -       B->Y      R     OAI21X1        2 119.4   937  1270   25725    (-,-) 
  U4/add_3258_34_Y_add_3260_34_Y_add_3252_30_Y_add_3250_30_g2435/Y    -       B->Y      F     NAND2X2        2  90.3   356   562   26287    (-,-) 
  U4/g374275/Y                                                        -       A->Y      F     AND2X1         1  33.1   142   833   27120    (-,-) 
  U4/g374274/Y                                                        -       A->Y      F     OA21X1         2  98.9   332  1277   28397    (-,-) 
  U4/add_3258_34_Y_add_3260_34_Y_add_3252_30_Y_add_3250_30_g2428/Y    -       B->Y      F     OA21X1         2  98.9   332  1297   29694    (-,-) 
  U4/add_3258_34_Y_add_3260_34_Y_add_3252_30_Y_add_3250_30_g2768/Y    -       B->Y      F     OA21X1         2  98.9   332  1297   30991    (-,-) 
  U4/add_3258_34_Y_add_3260_34_Y_add_3252_30_Y_add_3250_30_g2767/Y    -       B->Y      F     OA21X1         2 100.8   336  1304   32294    (-,-) 
  U4/add_3258_34_Y_add_3260_34_Y_add_3252_30_Y_add_3250_30_g2420/Y    -       B->Y      R     OAI21X1        2 139.2  1071  1526   33821    (-,-) 
  U4/add_3258_34_Y_add_3260_34_Y_add_3252_30_Y_add_3250_30_g2419/Y    -       A->Y      F     INVX3          1  33.4   154   122   33943    (-,-) 
  U4/add_3258_34_Y_add_3260_34_Y_add_3252_30_Y_add_3250_30_g2417/Y    -       B->Y      R     OAI21X1        2 139.2  1071  1426   35369    (-,-) 
  U4/add_3258_34_Y_add_3260_34_Y_add_3252_30_Y_add_3250_30_g2416/Y    -       A->Y      F     INVX3          1  33.4   154   122   35491    (-,-) 
  U4/add_3258_34_Y_add_3260_34_Y_add_3252_30_Y_add_3250_30_g2414/Y    -       B->Y      R     OAI21X1        2 119.4   937  1270   36762    (-,-) 
  U4/add_3258_34_Y_add_3260_34_Y_add_3252_30_Y_add_3250_30_g2413/Y    -       B->Y      F     NAND2X2        3 140.9   461   752   37513    (-,-) 
  U4/add_3258_34_Y_add_3260_34_Y_add_3252_30_Y_add_3250_30_g2410/Y    -       D->Y      R     NOR4X1         1  57.1  1211  1538   39051    (-,-) 
  U4/add_3258_34_Y_add_3260_34_Y_add_3252_30_Y_add_3250_30_g2407/Y    -       B->Y      F     NOR2X2         2 123.2   377   552   39603    (-,-) 
  U4/add_3258_34_Y_add_3260_34_Y_add_3252_30_Y_add_3250_30_g2405/Y    -       B->Y      R     NOR2X2         2  91.9   400   739   40343    (-,-) 
  U4/add_3258_34_Y_add_3260_34_Y_add_3252_30_Y_add_3250_30_g2400/Y    -       B->Y      F     AOI21X1        3 132.3   668   978   41321    (-,-) 
  U4/add_3258_34_Y_add_3260_34_Y_add_3252_30_Y_add_3250_30_g2395/Y    -       B->Y      F     OA21X1         1  33.4   175  1242   42563    (-,-) 
  U4/add_3258_34_Y_add_3260_34_Y_add_3252_30_Y_add_3250_30_g2393/Y    -       B->Y      R     OAI21X1        2 139.2  1071  1438   44000    (-,-) 
  U4/add_3258_34_Y_add_3260_34_Y_add_3252_30_Y_add_3250_30_g2392/Y    -       A->Y      F     INVX3          1  55.8   192   198   44199    (-,-) 
  U4/add_3258_34_Y_add_3260_34_Y_add_3252_30_Y_add_3250_30_g2391/Y    -       B->Y      R     NOR2X2         2  91.1   397   620   44819    (-,-) 
  U4/add_3258_34_Y_add_3260_34_Y_add_3252_30_Y_add_3250_30_g2387/Y    -       B->Y      F     AOI21X1        2  98.9   527   815   45634    (-,-) 
  U4/add_3258_34_Y_add_3260_34_Y_add_3252_30_Y_add_3250_30_g2384/Y    -       B->Y      F     OA21X1         2  98.9   332  1411   47045    (-,-) 
  U4/add_3258_34_Y_add_3260_34_Y_add_3252_30_Y_add_3250_30_g2/Y       -       B->Y      F     OA21X1         2 100.8   336  1304   48349    (-,-) 
  U4/add_3258_34_Y_add_3260_34_Y_add_3252_30_Y_add_3250_30_g2379/Y    -       B->Y      R     OAI21X1        1 126.3   984  1426   49775    (-,-) 
  U4/add_3258_34_Y_add_3260_34_Y_add_3252_30_Y_add_3250_30_g2378/COUT -       CIN->COUT R     ADDFX1         1 126.3   781  2464   52239    (-,-) 
  U4/add_3258_34_Y_add_3260_34_Y_add_3252_30_Y_add_3250_30_g2377/SUM  -       CIN->SUM  R     ADDFX1         1  56.9   344  3296   55535    (-,-) 
  U4/g363120/Y                                                        -       B->Y      F     NAND2X2        1  36.3   187   306   55841    (-,-) 
  U4/g361141/Y                                                        -       C->Y      R     NAND3X1        1  33.0   248   441   56282    (-,-) 
  U4/pc_reg[30]/D                                                     <<<     -         R     DFFX1          1     -     -     0   56282    (-,-) 
#-------------------------------------------------------------------------------------------------------------------------------------------------

