============================================================
  Generated by:           Genus(TM) Synthesis Solution 21.19-s055_1
  Generated on:           Jan 02 2025  01:04:20 am
  Module:                 BRISC_top_no_io
  Operating conditions:   PVT_1P8V_25C (balanced_tree)
  Wireload mode:          enclosed
  Area mode:              timing library
============================================================


Path 1: VIOLATED (-18987 ps) Setup Check with Pin U4/branch_type_reg[0]/CK->D
          Group: CLK
     Startpoint: (R) U4/U0_rs1_data_internal_reg[2]/CK
          Clock: (R) CLK
       Endpoint: (R) U4/branch_type_reg[0]/D
          Clock: (R) CLK

                     Capture       Launch     
        Clock Edge:+    2000            0     
       Src Latency:+       0            0     
       Net Latency:+     200 (I)      200 (I) 
           Arrival:=    2200          200     
                                              
             Setup:-    1267                  
       Uncertainty:-     300                  
     Required Time:=     633                  
      Launch Clock:-     200                  
         Data Path:-   19420                  
             Slack:=  -18987                  

#-----------------------------------------------------------------------------------------------------------
#           Timing Point            Flags   Arc   Edge   Cell     Fanout  Load Trans Delay Arrival Instance 
#                                                                         (fF)  (ps)  (ps)   (ps)  Location 
#-----------------------------------------------------------------------------------------------------------
  U4/U0_rs1_data_internal_reg[2]/CK -       -     R     (arrival)   1466     -     0     0     200    (-,-) 
  U4/U0_rs1_data_internal_reg[2]/Q  -       CK->Q F     DFFX1          1  55.4   716  2897    3097    (-,-) 
  U4/g438984/Y                      -       A->Y  R     INVX2          3 188.1   378   959    4056    (-,-) 
  U4/fopt433519/Y                   -       A->Y  R     BUFX4          3 191.9   210   792    4848    (-,-) 
  U4/g433518/Y                      -       A->Y  F     NOR2X3         1  80.2   134   313    5160    (-,-) 
  U4/g437476/Y                      -       B->Y  R     NAND2X3        3 212.6   325   539    5699    (-,-) 
  U4/g437477/Y                      -       A->Y  F     INVX3          2 109.0   137   292    5990    (-,-) 
  U4/g423426/Y                      -       A->Y  R     NAND2X2        1  76.7   192   394    6385    (-,-) 
  U4/fopt430800/Y                   -       A->Y  F     INVX3          2 184.8   162   344    6729    (-,-) 
  U4/fopt456418/Y                   -       A->Y  R     INVX3          3 186.4   232   475    7204    (-,-) 
  U4/fopt456424/Y                   -       A->Y  F     INVX3          5 234.5   209   404    7608    (-,-) 
  U4/g457491/Y                      -       B->Y  R     NAND2X2        1  36.3   129   350    7958    (-,-) 
  U4/g457487/Y                      -       D->Y  F     NAND4X1        1  54.7   700   835    8793    (-,-) 
  U4/g457486/Y                      -       A->Y  R     NOR2X2         1  81.7   397   904    9697    (-,-) 
  U4/g457260/Y                      -       A->Y  F     NAND2X3        2 134.3   264   461   10158    (-,-) 
  U4/g458113/Y                      -       A->Y  R     NOR2X3         1  81.3   264   647   10805    (-,-) 
  U4/g251/Y                         -       A->Y  F     NOR2X3         2  89.2   152   337   11142    (-,-) 
  U4/g458118/Y                      -       A->Y  R     NAND2X2        2  91.8   220   433   11575    (-,-) 
  U4/g457867/Y                      -       B->Y  F     NAND2X2        1  55.7   169   341   11916    (-,-) 
  U4/g457865/Y                      -       B->Y  R     NAND2X2        1  55.5   169   370   12286    (-,-) 
  U4/g457864/Y                      -       A->Y  F     NAND2X2        2  86.9   234   426   12712    (-,-) 
  U4/g458308/Y                      -       A->Y  R     NAND2X2        1  82.2   211   468   13180    (-,-) 
  U4/g458307/Y                      -       B->Y  F     NAND2X3        2 114.9   227   397   13577    (-,-) 
  U4/g458304/Y                      -       B->Y  R     NAND2X3        1  82.2   174   415   13992    (-,-) 
  U4/g458300/Y                      -       B->Y  F     NAND2X3        2 114.9   293   386   14378    (-,-) 
  U4/g486/Y                         -       B->Y  R     NAND2X3        1  82.2   202   453   14831    (-,-) 
  U4/g485/Y                         -       B->Y  F     NAND2X3        2  91.4   178   356   15187    (-,-) 
  U4/g438927/Y                      -       B->Y  R     NAND2X2        1  82.2   199   429   15616    (-,-) 
  U4/g438924/Y                      -       B->Y  F     NAND2X3        5 168.6   283   480   16096    (-,-) 
  U4/g102/Y                         -       B->Y  R     OAI21X1        1  55.5   504   843   16938    (-,-) 
  U4/g458424/Y                      -       A->Y  F     NAND2X2        1  55.8   223   375   17313    (-,-) 
  U4/g458423/Y                      -       B->Y  R     NOR2X2         1  57.1   275   506   17819    (-,-) 
  U4/g436992/Y                      -       B->Y  F     NOR2X2         1  54.5   121   301   18120    (-,-) 
  U4/g436991/Y                      -       A->Y  R     NAND2X2        2  93.6   221   416   18536    (-,-) 
  U4/g458013/Y                      -       C->Y  F     NAND3X1        1  36.3   380   552   19088    (-,-) 
  U4/g456512/Y                      -       B->Y  R     NAND2X1        1  33.0   197   532   19620    (-,-) 
  U4/branch_type_reg[0]/D           <<<     -     R     DFFX1          1     -     -     0   19620    (-,-) 
#-----------------------------------------------------------------------------------------------------------

