============================================================
  Generated by:           Genus(TM) Synthesis Solution 21.19-s055_1
  Generated on:           Dec 30 2024  08:34:19 pm
  Module:                 BRISC_top_no_io
  Operating conditions:   PVT_1P8V_25C (balanced_tree)
  Wireload mode:          enclosed
  Area mode:              timing library
============================================================

                                 
  Gate   Instances      Area               Library           
-------------------------------------------------------------
ADDFX1          58    287680.000    KISTA_SOI_STDLIB2_CCS_TT 
ADDHX1           6     13440.000    KISTA_SOI_STDLIB2_CCS_TT 
AND2X1         114    109440.000    KISTA_SOI_STDLIB2_CCS_TT 
AND3X1          19     24320.000    KISTA_SOI_STDLIB2_CCS_TT 
AND4X1          28     44800.000    KISTA_SOI_STDLIB2_CCS_TT 
AO21X1          87    111360.000    KISTA_SOI_STDLIB2_CCS_TT 
AOI21X1       1116   1071360.000    KISTA_SOI_STDLIB2_CCS_TT 
BUFX2          697    446080.000    KISTA_SOI_STDLIB2_CCS_TT 
BUFX3            3      1920.000    KISTA_SOI_STDLIB2_CCS_TT 
DFFX1         1472   6359040.000    KISTA_SOI_STDLIB2_CCS_TT 
INVX1            9      2880.000    KISTA_SOI_STDLIB2_CCS_TT 
INVX2         1096    350720.000    KISTA_SOI_STDLIB2_CCS_TT 
INVX3          667    213440.000    KISTA_SOI_STDLIB2_CCS_TT 
MX2X1           87    167040.000    KISTA_SOI_STDLIB2_CCS_TT 
NAND2X1       3458   2213120.000    KISTA_SOI_STDLIB2_CCS_TT 
NAND2X2       1998   1278720.000    KISTA_SOI_STDLIB2_CCS_TT 
NAND3X1        296    284160.000    KISTA_SOI_STDLIB2_CCS_TT 
NAND4X1        782   1000960.000    KISTA_SOI_STDLIB2_CCS_TT 
NOR2X1         250    160000.000    KISTA_SOI_STDLIB2_CCS_TT 
NOR2X2         740    473600.000    KISTA_SOI_STDLIB2_CCS_TT 
NOR2X3          39     37440.000    KISTA_SOI_STDLIB2_CCS_TT 
NOR3X1         154    147840.000    KISTA_SOI_STDLIB2_CCS_TT 
NOR4X1         128    163840.000    KISTA_SOI_STDLIB2_CCS_TT 
OA21X1          70     89600.000    KISTA_SOI_STDLIB2_CCS_TT 
OAI21X1       2039   1957440.000    KISTA_SOI_STDLIB2_CCS_TT 
OR2X1           57     54720.000    KISTA_SOI_STDLIB2_CCS_TT 
OR3X1           28     35840.000    KISTA_SOI_STDLIB2_CCS_TT 
OR4X1           18     28800.000    KISTA_SOI_STDLIB2_CCS_TT 
XNOR2X1         49     78400.000    KISTA_SOI_STDLIB2_CCS_TT 
XOR2X1          21     33600.000    KISTA_SOI_STDLIB2_CCS_TT 
-------------------------------------------------------------
total        15586  17241600.000                             


                                             
     Type      Instances     Area     Area % 
---------------------------------------------
sequential          1472  6359040.000   36.9 
inverter            1772   567040.000    3.3 
buffer               700   448000.000    2.6 
logic              11642  9867520.000   57.2 
physical_cells         0        0.000    0.0 
---------------------------------------------
total              15586 17241600.000  100.0 

