============================================================
  Generated by:           Genus(TM) Synthesis Solution 21.19-s055_1
  Generated on:           Dec 30 2024  08:15:45 pm
  Module:                 BRISC_top_no_io
  Operating conditions:   PVT_1P8V_25C (balanced_tree)
  Wireload mode:          enclosed
  Area mode:              timing library
============================================================


Path 1: MET (23739 ps) Setup Check with Pin U4/alu_result_reg[30]/CK->D
          Group: CLK
     Startpoint: (R) U4/U0_rs2_data_internal_reg[3]/CK
          Clock: (R) CLK
       Endpoint: (F) U4/alu_result_reg[30]/D
          Clock: (R) CLK

                     Capture       Launch     
        Clock Edge:+  118000            0     
       Src Latency:+       0            0     
       Net Latency:+     200 (I)      200 (I) 
           Arrival:=  118200          200     
                                              
             Setup:-     686                  
       Uncertainty:-     300                  
     Required Time:=  117214                  
      Launch Clock:-     200                  
         Data Path:-   93276                  
             Slack:=   23739                  

#---------------------------------------------------------------------------------------------------------------
#           Timing Point            Flags     Arc     Edge   Cell     Fanout  Load Trans Delay Arrival Instance 
#                                                                             (fF)  (ps)  (ps)   (ps)  Location 
#---------------------------------------------------------------------------------------------------------------
  U4/U0_rs2_data_internal_reg[3]/CK -       -         R     (arrival)   1466     -     0     0     200    (-,-) 
  U4/U0_rs2_data_internal_reg[3]/Q  -       CK->Q     F     DFFX1          1  55.4   716  2897    3097    (-,-) 
  U4/g380330/Y                      -       A->Y      R     INVX2          8 424.7   752  1410    4507    (-,-) 
  U4/g380327/Y                      -       A->Y      F     INVX2          7 365.3   521   951    5459    (-,-) 
  U4/g308215/Y                      -       B->Y      R     NAND2X2        6 412.3   772  1294    6752    (-,-) 
  U4/g308176/Y                      -       B->Y      F     NOR2X2         8 314.8   477   918    7670    (-,-) 
  U4/g306659/Y                      -       A->Y      R     NAND2X1        2 112.6   481   950    8620    (-,-) 
  U4/g306455/Y                      -       A->Y      F     INVX2         17 572.5   733  1131    9751    (-,-) 
  U4/g303654/Y                      -       A->Y      R     NAND2X1        1  36.7   307   806   10558    (-,-) 
  U4/g303194__3680/Y                -       C->Y      F     NAND3X1        1  32.4   366   550   11108    (-,-) 
  U4/g303003__6131/Y                -       C->Y      R     AOI21X1        1  36.3   583   924   12032    (-,-) 
  U4/g302808__6161/Y                -       D->Y      F     NAND4X1        1  32.4   547   764   12796    (-,-) 
  U4/g302727__1666/Y                -       C->Y      R     AOI21X1        1  35.0   575   997   13793    (-,-) 
  U4/g302642__2398/Y                -       A->Y      F     NAND3X1        4 177.6  1270  1621   15414    (-,-) 
  U4/drc_bufs383177/Y               -       A->Y      F     BUFX3         10 487.7   447  1941   17355    (-,-) 
  U4/g383737/Y                      -       B->Y      R     NAND2X2        4 229.6   463   895   18250    (-,-) 
  U4/sub_3361_39_g909/COUT          -       CIN->COUT R     ADDFX1         1 126.3   782  2288   20538    (-,-) 
  U4/sub_3361_39_g908/COUT          -       CIN->COUT R     ADDFX1         1 126.3   782  2401   22939    (-,-) 
  U4/sub_3361_39_g907/COUT          -       CIN->COUT R     ADDFX1         1 126.3   782  2401   25340    (-,-) 
  U4/sub_3361_39_g906/COUT          -       CIN->COUT R     ADDFX1         1 126.3   782  2401   27741    (-,-) 
  U4/sub_3361_39_g905/COUT          -       CIN->COUT R     ADDFX1         1 126.3   783  2401   30142    (-,-) 
  U4/sub_3361_39_g904/COUT          -       CIN->COUT R     ADDFX1         1 126.3   782  2401   32543    (-,-) 
  U4/sub_3361_39_g903/COUT          -       CIN->COUT R     ADDFX1         1 126.3   782  2401   34943    (-,-) 
  U4/sub_3361_39_g902/COUT          -       CIN->COUT R     ADDFX1         1 126.3   782  2401   37344    (-,-) 
  U4/sub_3361_39_g901/COUT          -       CIN->COUT R     ADDFX1         1 126.3   783  2401   39745    (-,-) 
  U4/sub_3361_39_g900/COUT          -       CIN->COUT R     ADDFX1         1 126.3   782  2401   42146    (-,-) 
  U4/sub_3361_39_g899/COUT          -       CIN->COUT R     ADDFX1         1 126.3   782  2401   44546    (-,-) 
  U4/sub_3361_39_g898/COUT          -       CIN->COUT R     ADDFX1         1 126.3   782  2401   46947    (-,-) 
  U4/sub_3361_39_g897/COUT          -       CIN->COUT R     ADDFX1         1 126.3   782  2401   49348    (-,-) 
  U4/sub_3361_39_g896/COUT          -       CIN->COUT R     ADDFX1         1 126.3   782  2401   51749    (-,-) 
  U4/sub_3361_39_g895/COUT          -       CIN->COUT R     ADDFX1         1 126.3   782  2401   54150    (-,-) 
  U4/sub_3361_39_g894/COUT          -       CIN->COUT R     ADDFX1         1 126.3   782  2401   56551    (-,-) 
  U4/sub_3361_39_g893/COUT          -       CIN->COUT R     ADDFX1         1 126.3   782  2401   58951    (-,-) 
  U4/sub_3361_39_g892/COUT          -       CIN->COUT R     ADDFX1         1 126.3   781  2401   61352    (-,-) 
  U4/sub_3361_39_g891/COUT          -       CIN->COUT R     ADDFX1         1 126.3   783  2400   63753    (-,-) 
  U4/sub_3361_39_g890/COUT          -       CIN->COUT R     ADDFX1         1 126.3   782  2401   66154    (-,-) 
  U4/sub_3361_39_g889/COUT          -       CIN->COUT R     ADDFX1         1 126.3   782  2401   68554    (-,-) 
  U4/sub_3361_39_g888/COUT          -       CIN->COUT R     ADDFX1         1 126.3   781  2401   70955    (-,-) 
  U4/sub_3361_39_g887/COUT          -       CIN->COUT R     ADDFX1         1 126.3   782  2400   73356    (-,-) 
  U4/sub_3361_39_g886/COUT          -       CIN->COUT R     ADDFX1         1 126.3   782  2401   75756    (-,-) 
  U4/sub_3361_39_g885/COUT          -       CIN->COUT R     ADDFX1         1 126.3   782  2401   78157    (-,-) 
  U4/sub_3361_39_g884/COUT          -       CIN->COUT R     ADDFX1         1 126.3   781  2401   80558    (-,-) 
  U4/sub_3361_39_g883/COUT          -       CIN->COUT R     ADDFX1         1 126.3   782  2400   82958    (-,-) 
  U4/sub_3361_39_g882/COUT          -       CIN->COUT R     ADDFX1         1 126.3   781  2401   85359    (-,-) 
  U4/sub_3361_39_g881/COUT          -       CIN->COUT R     ADDFX1         1 126.3   783  2400   87760    (-,-) 
  U4/sub_3361_39_g880/SUM           -       CIN->SUM  F     ADDFX1         1  34.1   299  2916   90675    (-,-) 
  U4/g375455/Y                      -       A->Y      R     NAND2X1        1  35.3   221   530   91205    (-,-) 
  U4/g368680/Y                      -       B->Y      F     NAND4X1        1  32.4   530   799   92004    (-,-) 
  U4/g368648/Y                      -       C->Y      R     AOI21X1        1  56.9   614  1161   93165    (-,-) 
  U4/g368586/Y                      -       B->Y      F     NAND2X2        1  30.6   204   310   93476    (-,-) 
  U4/alu_result_reg[30]/D           <<<     -         F     DFFX1          1     -     -     0   93476    (-,-) 
#---------------------------------------------------------------------------------------------------------------

