============================================================
  Generated by:           Genus(TM) Synthesis Solution 21.19-s055_1
  Generated on:           Dec 30 2024  06:41:52 pm
  Module:                 BRISC_top_no_io
  Operating conditions:   PVT_1P8V_25C (balanced_tree)
  Wireload mode:          enclosed
  Area mode:              timing library
============================================================


Path 1: MET (0 ps) Setup Check with Pin U4/pc_reg[22]/CK->D
          Group: CLK
     Startpoint: (R) U4/U0_rs2_data_internal_reg[0]/CK
          Clock: (R) CLK
       Endpoint: (R) U4/pc_reg[22]/D
          Clock: (R) CLK

                     Capture       Launch     
        Clock Edge:+   28000            0     
       Src Latency:+       0            0     
       Net Latency:+     200 (I)      200 (I) 
           Arrival:=   28200          200     
                                              
             Setup:-    1275                  
       Uncertainty:-     300                  
     Required Time:=   26625                  
      Launch Clock:-     200                  
         Data Path:-   26425                  
             Slack:=       0                  

#-------------------------------------------------------------------------------------------------------------------------------------------------
#                              Timing Point                               Flags   Arc   Edge   Cell     Fanout  Load Trans Delay Arrival Instance 
#                                                                                                               (fF)  (ps)  (ps)   (ps)  Location 
#-------------------------------------------------------------------------------------------------------------------------------------------------
  U4/U0_rs2_data_internal_reg[0]/CK                                       -       -     R     (arrival)   1466     -     0     0     200    (-,-) 
  U4/U0_rs2_data_internal_reg[0]/Q                                        -       CK->Q F     DFFX1          1  35.3   568  2620    2820    (-,-) 
  U4/g426068/Y                                                            -       A->Y  F     BUFX2          6 328.1   444  1402    4222    (-,-) 
  U4/g274390/Y                                                            -       A->Y  R     INVX3          7 443.2   530   994    5215    (-,-) 
  U4/g274371/Y                                                            -       B->Y  F     NOR2X2         4 223.3   346   673    5888    (-,-) 
  U4/g274291/Y                                                            -       B->Y  R     NAND2X2        1  80.6   205   527    6415    (-,-) 
  U4/g274257/Y                                                            -       B->Y  F     NOR2X3        11 430.5   431   635    7050    (-,-) 
  U4/g274193/Y                                                            -       A->Y  R     INVX3          4 227.6   295   707    7757    (-,-) 
  U4/g273692/Y                                                            -       B->Y  F     NOR2X1         1  32.4   185   332    8088    (-,-) 
  U4/g272878__3680/Y                                                      -       C->Y  R     AOI21X1        1  35.3   557   831    8920    (-,-) 
  U4/g272455__1705/Y                                                      -       C->Y  F     NAND4X1        1  54.7   709   990    9910    (-,-) 
  U4/g272349__4733/Y                                                      -       A->Y  R     NOR2X2         1  56.9   324   807   10717    (-,-) 
  U4/g272309__6783/Y                                                      -       B->Y  F     NAND2X2        1  55.8   189   364   11080    (-,-) 
  U4/g272236__8428/Y                                                      -       B->Y  R     NOR2X2         1  82.2   360   583   11663    (-,-) 
  U4/g272225__2346/Y                                                      -       B->Y  F     NAND2X3        4 201.9   353   591   12254    (-,-) 
  U4/g272179__8246/Y                                                      -       B->Y  R     NAND2X2        1  36.7   137   427   12681    (-,-) 
  U4/g272174__3680/Y                                                      -       C->Y  F     NAND3X1        2 111.5   848  1042   13723    (-,-) 
  U4/add_3258_34_Y_add_3260_34_Y_add_3252_30_Y_add_3250_30_g1276/Y        -       B->Y  R     NOR2X2         3 148.6   599  1258   14981    (-,-) 
  U4/add_3258_34_Y_add_3260_34_Y_add_3252_30_Y_add_3250_30_g1192/Y        -       B->Y  F     OAI21X1        3 141.1   752  1074   16055    (-,-) 
  U4/add_3258_34_Y_add_3260_34_Y_add_3252_30_Y_add_3250_30_g1143/Y        -       B->Y  F     AO21X1         1  54.7   243  1400   17455    (-,-) 
  U4/add_3258_34_Y_add_3260_34_Y_add_3252_30_Y_add_3250_30_g1100/Y        -       A->Y  R     NOR2X2         3 134.6   541   916   18372    (-,-) 
  U4/add_3258_34_Y_add_3260_34_Y_add_3252_30_Y_add_3250_30_g1097/Y        -       C->Y  F     NOR3X1         2 111.2   414   701   19073    (-,-) 
  U4/add_3258_34_Y_add_3260_34_Y_add_3252_30_Y_add_3250_30_drc_bufs1389/Y -       A->Y  R     INVX2          1  56.3   157   480   19552    (-,-) 
  U4/add_3258_34_Y_add_3260_34_Y_add_3252_30_Y_add_3250_30_drc_bufs1388/Y -       A->Y  F     INVX2          2  88.4   128   297   19850    (-,-) 
  U4/add_3258_34_Y_add_3260_34_Y_add_3252_30_Y_add_3250_30_g1092/Y        -       B->Y  R     NAND2X2        5 218.9   443   662   20512    (-,-) 
  U4/add_3258_34_Y_add_3260_34_Y_add_3252_30_Y_add_3250_30_g1089/Y        -       B->Y  F     NOR2X2         1  55.8   156   328   20840    (-,-) 
  U4/add_3258_34_Y_add_3260_34_Y_add_3252_30_Y_add_3250_30_g1084/Y        -       B->Y  R     NOR2X2         4 205.7   782  1047   21887    (-,-) 
  U4/add_3258_34_Y_add_3260_34_Y_add_3252_30_Y_add_3250_30_g1076/Y        -       B->Y  F     NOR2X2         4 134.5   312   563   22450    (-,-) 
  U4/g427465/Y                                                            -       A->Y  F     OR2X1          1  31.7   172  1072   23522    (-,-) 
  U4/g427464/Y                                                            -       A->Y  F     AO21X1         1  67.4   273  1172   24694    (-,-) 
  U4/add_3258_34_Y_add_3260_34_Y_add_3252_30_Y_add_3250_30_g1043/Y        -       B->Y  R     XNOR2X1        1  56.9   616  1146   25840    (-,-) 
  U4/g414313/Y                                                            -       B->Y  F     NAND2X2        1  36.3   200   335   26176    (-,-) 
  U4/g409718/Y                                                            -       C->Y  R     NAND3X1        1  33.0   248   449   26625    (-,-) 
  U4/pc_reg[22]/D                                                         <<<     -     R     DFFX1          1     -     -     0   26625    (-,-) 
#-------------------------------------------------------------------------------------------------------------------------------------------------

