============================================================
  Generated by:           Genus(TM) Synthesis Solution 21.19-s055_1
  Generated on:           Jan 02 2025  01:23:19 am
  Module:                 BRISC_top_no_io
  Operating conditions:   PVT_1P8V_25C (balanced_tree)
  Wireload mode:          enclosed
  Area mode:              timing library
============================================================

                                 
  Gate   Instances      Area               Library           
-------------------------------------------------------------
AND2X1          71     68160.000    KISTA_SOI_STDLIB2_CCS_TT 
AND3X1          13     16640.000    KISTA_SOI_STDLIB2_CCS_TT 
AND4X1          62     99200.000    KISTA_SOI_STDLIB2_CCS_TT 
AO21X1          25     32000.000    KISTA_SOI_STDLIB2_CCS_TT 
AOI21X1       1018    977280.000    KISTA_SOI_STDLIB2_CCS_TT 
BUFX2          785    502400.000    KISTA_SOI_STDLIB2_CCS_TT 
BUFX3          225    144000.000    KISTA_SOI_STDLIB2_CCS_TT 
BUFX4           94     75200.000    KISTA_SOI_STDLIB2_CCS_TT 
BUFX9           44     42240.000    KISTA_SOI_STDLIB2_CCS_TT 
DFFRX1           1      5440.000    KISTA_SOI_STDLIB2_CCS_TT 
DFFX1         1471   6354720.000    KISTA_SOI_STDLIB2_CCS_TT 
INVX1          261     83520.000    KISTA_SOI_STDLIB2_CCS_TT 
INVX2         2412    771840.000    KISTA_SOI_STDLIB2_CCS_TT 
INVX3         1502    480640.000    KISTA_SOI_STDLIB2_CCS_TT 
INVX4          100     48000.000    KISTA_SOI_STDLIB2_CCS_TT 
MX2X1            5      9600.000    KISTA_SOI_STDLIB2_CCS_TT 
NAND2X1       3753   2401920.000    KISTA_SOI_STDLIB2_CCS_TT 
NAND2X2       2912   1863680.000    KISTA_SOI_STDLIB2_CCS_TT 
NAND2X3        217    208320.000    KISTA_SOI_STDLIB2_CCS_TT 
NAND3X1        317    304320.000    KISTA_SOI_STDLIB2_CCS_TT 
NAND4X1        420    537600.000    KISTA_SOI_STDLIB2_CCS_TT 
NOR2X1         402    257280.000    KISTA_SOI_STDLIB2_CCS_TT 
NOR2X2        1494    956160.000    KISTA_SOI_STDLIB2_CCS_TT 
NOR2X3         201    192960.000    KISTA_SOI_STDLIB2_CCS_TT 
NOR3X1         116    111360.000    KISTA_SOI_STDLIB2_CCS_TT 
NOR4X1          56     71680.000    KISTA_SOI_STDLIB2_CCS_TT 
OA21X1          59     75520.000    KISTA_SOI_STDLIB2_CCS_TT 
OAI21X1       2226   2136960.000    KISTA_SOI_STDLIB2_CCS_TT 
OR2X1           22     21120.000    KISTA_SOI_STDLIB2_CCS_TT 
OR3X1            6      7680.000    KISTA_SOI_STDLIB2_CCS_TT 
OR4X1            3      4800.000    KISTA_SOI_STDLIB2_CCS_TT 
XNOR2X1         70    112000.000    KISTA_SOI_STDLIB2_CCS_TT 
XOR2X1          42     67200.000    KISTA_SOI_STDLIB2_CCS_TT 
-------------------------------------------------------------
total        20405  19041440.000                             


                                             
     Type      Instances     Area     Area % 
---------------------------------------------
sequential          1472  6360160.000   33.4 
inverter            4275  1384000.000    7.3 
buffer              1148   763840.000    4.0 
logic              13510 10533440.000   55.3 
physical_cells         0        0.000    0.0 
---------------------------------------------
total              20405 19041440.000  100.0 

