============================================================
  Generated by:           Genus(TM) Synthesis Solution 21.19-s055_1
  Generated on:           Jan 02 2025  12:45:06 am
  Module:                 BRISC_top_no_io
  Operating conditions:   PVT_1P8V_25C (balanced_tree)
  Wireload mode:          enclosed
  Area mode:              timing library
============================================================

                                 
  Gate   Instances      Area               Library           
-------------------------------------------------------------
AND2X1          39     37440.000    KISTA_SOI_STDLIB2_CCS_TT 
AND3X1          22     28160.000    KISTA_SOI_STDLIB2_CCS_TT 
AND4X1          78    124800.000    KISTA_SOI_STDLIB2_CCS_TT 
AO21X1         167    213760.000    KISTA_SOI_STDLIB2_CCS_TT 
AOI21X1        878    842880.000    KISTA_SOI_STDLIB2_CCS_TT 
BUFX2          799    511360.000    KISTA_SOI_STDLIB2_CCS_TT 
BUFX3          224    143360.000    KISTA_SOI_STDLIB2_CCS_TT 
BUFX4           71     56800.000    KISTA_SOI_STDLIB2_CCS_TT 
BUFX9           43     41280.000    KISTA_SOI_STDLIB2_CCS_TT 
DFFX1         1472   6359040.000    KISTA_SOI_STDLIB2_CCS_TT 
INVX1          260     83200.000    KISTA_SOI_STDLIB2_CCS_TT 
INVX2         2056    657920.000    KISTA_SOI_STDLIB2_CCS_TT 
INVX3         1619    518080.000    KISTA_SOI_STDLIB2_CCS_TT 
INVX4          107     51360.000    KISTA_SOI_STDLIB2_CCS_TT 
MX2X1           11     21120.000    KISTA_SOI_STDLIB2_CCS_TT 
NAND2X1       3635   2326400.000    KISTA_SOI_STDLIB2_CCS_TT 
NAND2X2       3187   2039680.000    KISTA_SOI_STDLIB2_CCS_TT 
NAND2X3        203    194880.000    KISTA_SOI_STDLIB2_CCS_TT 
NAND3X1        314    301440.000    KISTA_SOI_STDLIB2_CCS_TT 
NAND4X1        360    460800.000    KISTA_SOI_STDLIB2_CCS_TT 
NOR2X1         447    286080.000    KISTA_SOI_STDLIB2_CCS_TT 
NOR2X2        1694   1084160.000    KISTA_SOI_STDLIB2_CCS_TT 
NOR2X3         207    198720.000    KISTA_SOI_STDLIB2_CCS_TT 
NOR3X1         123    118080.000    KISTA_SOI_STDLIB2_CCS_TT 
NOR4X1          49     62720.000    KISTA_SOI_STDLIB2_CCS_TT 
OA21X1          48     61440.000    KISTA_SOI_STDLIB2_CCS_TT 
OAI21X1       2137   2051520.000    KISTA_SOI_STDLIB2_CCS_TT 
OR2X1           16     15360.000    KISTA_SOI_STDLIB2_CCS_TT 
OR3X1            9     11520.000    KISTA_SOI_STDLIB2_CCS_TT 
OR4X1            1      1600.000    KISTA_SOI_STDLIB2_CCS_TT 
XNOR2X1         65    104000.000    KISTA_SOI_STDLIB2_CCS_TT 
XOR2X1          39     62400.000    KISTA_SOI_STDLIB2_CCS_TT 
-------------------------------------------------------------
total        20380  19071360.000                             


                                             
     Type      Instances     Area     Area % 
---------------------------------------------
sequential          1472  6359040.000   33.3 
inverter            4042  1310560.000    6.9 
buffer              1137   752800.000    3.9 
logic              13729 10648960.000   55.8 
physical_cells         0        0.000    0.0 
---------------------------------------------
total              20380 19071360.000  100.0 

