============================================================
  Generated by:           Genus(TM) Synthesis Solution 21.19-s055_1
  Generated on:           Dec 30 2024  08:43:41 pm
  Module:                 BRISC_top_no_io
  Operating conditions:   PVT_1P8V_25C (balanced_tree)
  Wireload mode:          enclosed
  Area mode:              timing library
============================================================

                                 
  Gate   Instances      Area               Library           
-------------------------------------------------------------
ADDFX1          58    287680.000    KISTA_SOI_STDLIB2_CCS_TT 
ADDHX1           8     17920.000    KISTA_SOI_STDLIB2_CCS_TT 
AND2X1         128    122880.000    KISTA_SOI_STDLIB2_CCS_TT 
AND3X1          26     33280.000    KISTA_SOI_STDLIB2_CCS_TT 
AND4X1          26     41600.000    KISTA_SOI_STDLIB2_CCS_TT 
AO21X1          88    112640.000    KISTA_SOI_STDLIB2_CCS_TT 
AOI21X1       1127   1081920.000    KISTA_SOI_STDLIB2_CCS_TT 
BUFX2          604    386560.000    KISTA_SOI_STDLIB2_CCS_TT 
BUFX3            2      1280.000    KISTA_SOI_STDLIB2_CCS_TT 
DFFX1         1472   6359040.000    KISTA_SOI_STDLIB2_CCS_TT 
INVX1           12      3840.000    KISTA_SOI_STDLIB2_CCS_TT 
INVX2         1117    357440.000    KISTA_SOI_STDLIB2_CCS_TT 
INVX3          663    212160.000    KISTA_SOI_STDLIB2_CCS_TT 
MX2X1           83    159360.000    KISTA_SOI_STDLIB2_CCS_TT 
NAND2X1       3446   2205440.000    KISTA_SOI_STDLIB2_CCS_TT 
NAND2X2       1971   1261440.000    KISTA_SOI_STDLIB2_CCS_TT 
NAND3X1        276    264960.000    KISTA_SOI_STDLIB2_CCS_TT 
NAND4X1        785   1004800.000    KISTA_SOI_STDLIB2_CCS_TT 
NOR2X1         265    169600.000    KISTA_SOI_STDLIB2_CCS_TT 
NOR2X2         705    451200.000    KISTA_SOI_STDLIB2_CCS_TT 
NOR2X3          32     30720.000    KISTA_SOI_STDLIB2_CCS_TT 
NOR3X1         156    149760.000    KISTA_SOI_STDLIB2_CCS_TT 
NOR4X1         124    158720.000    KISTA_SOI_STDLIB2_CCS_TT 
OA21X1          90    115200.000    KISTA_SOI_STDLIB2_CCS_TT 
OAI21X1       2014   1933440.000    KISTA_SOI_STDLIB2_CCS_TT 
OR2X1           51     48960.000    KISTA_SOI_STDLIB2_CCS_TT 
OR3X1           26     33280.000    KISTA_SOI_STDLIB2_CCS_TT 
OR4X1           19     30400.000    KISTA_SOI_STDLIB2_CCS_TT 
XNOR2X1         51     81600.000    KISTA_SOI_STDLIB2_CCS_TT 
XOR2X1          16     25600.000    KISTA_SOI_STDLIB2_CCS_TT 
-------------------------------------------------------------
total        15441  17142720.000                             


                                             
     Type      Instances     Area     Area % 
---------------------------------------------
sequential          1472  6359040.000   37.1 
inverter            1792   573440.000    3.3 
buffer               606   387840.000    2.3 
logic              11571  9822400.000   57.3 
physical_cells         0        0.000    0.0 
---------------------------------------------
total              15441 17142720.000  100.0 

