============================================================
  Generated by:           Genus(TM) Synthesis Solution 21.19-s055_1
  Generated on:           Dec 30 2024  07:38:09 pm
  Module:                 BRISC_top_no_io
  Operating conditions:   PVT_1P8V_25C (balanced_tree)
  Wireload mode:          enclosed
  Area mode:              timing library
============================================================

                                 
  Gate   Instances      Area               Library           
-------------------------------------------------------------
ADDFX1          30    148800.000    KISTA_SOI_STDLIB2_CCS_TT 
ADDHX1           4      8960.000    KISTA_SOI_STDLIB2_CCS_TT 
AND2X1         137    131520.000    KISTA_SOI_STDLIB2_CCS_TT 
AND3X1           8     10240.000    KISTA_SOI_STDLIB2_CCS_TT 
AND4X1          14     22400.000    KISTA_SOI_STDLIB2_CCS_TT 
AO21X1          36     46080.000    KISTA_SOI_STDLIB2_CCS_TT 
AOI21X1       1020    979200.000    KISTA_SOI_STDLIB2_CCS_TT 
BUFX2          743    475520.000    KISTA_SOI_STDLIB2_CCS_TT 
BUFX3            5      3200.000    KISTA_SOI_STDLIB2_CCS_TT 
DFFX1         1472   6359040.000    KISTA_SOI_STDLIB2_CCS_TT 
INVX1            1       320.000    KISTA_SOI_STDLIB2_CCS_TT 
INVX2         1079    345280.000    KISTA_SOI_STDLIB2_CCS_TT 
INVX3          653    208960.000    KISTA_SOI_STDLIB2_CCS_TT 
MX2X1           89    170880.000    KISTA_SOI_STDLIB2_CCS_TT 
NAND2X1       3650   2336000.000    KISTA_SOI_STDLIB2_CCS_TT 
NAND2X2       1932   1236480.000    KISTA_SOI_STDLIB2_CCS_TT 
NAND3X1        357    342720.000    KISTA_SOI_STDLIB2_CCS_TT 
NAND4X1        841   1076480.000    KISTA_SOI_STDLIB2_CCS_TT 
NOR2X1         215    137600.000    KISTA_SOI_STDLIB2_CCS_TT 
NOR2X2         785    502400.000    KISTA_SOI_STDLIB2_CCS_TT 
NOR2X3          52     49920.000    KISTA_SOI_STDLIB2_CCS_TT 
NOR3X1         125    120000.000    KISTA_SOI_STDLIB2_CCS_TT 
NOR4X1         169    216320.000    KISTA_SOI_STDLIB2_CCS_TT 
OA21X1          58     74240.000    KISTA_SOI_STDLIB2_CCS_TT 
OAI21X1       1965   1886400.000    KISTA_SOI_STDLIB2_CCS_TT 
OR2X1           36     34560.000    KISTA_SOI_STDLIB2_CCS_TT 
OR3X1           15     19200.000    KISTA_SOI_STDLIB2_CCS_TT 
OR4X1           30     48000.000    KISTA_SOI_STDLIB2_CCS_TT 
XNOR2X1         50     80000.000    KISTA_SOI_STDLIB2_CCS_TT 
XOR2X1          87    139200.000    KISTA_SOI_STDLIB2_CCS_TT 
-------------------------------------------------------------
total        15658  17209920.000                             


                                             
     Type      Instances     Area     Area % 
---------------------------------------------
sequential          1472  6359040.000   36.9 
inverter            1733   554560.000    3.2 
buffer               748   478720.000    2.8 
logic              11705  9817600.000   57.0 
physical_cells         0        0.000    0.0 
---------------------------------------------
total              15658 17209920.000  100.0 

