============================================================
  Generated by:           Genus(TM) Synthesis Solution 21.19-s055_1
  Generated on:           Dec 31 2024  06:47:41 am
  Module:                 BRISC_top_no_io
  Operating conditions:   PVT_1P8V_25C (balanced_tree)
  Wireload mode:          enclosed
  Area mode:              timing library
============================================================


Path 1: MET (342591 ps) Setup Check with Pin U4/alu_result_reg[7]/CK->D
          Group: CLK
     Startpoint: (R) U4/execution_enable_buffer_reg[0]/CK
          Clock: (F) CLK
       Endpoint: (F) U4/alu_result_reg[7]/D
          Clock: (R) CLK

                     Capture       Launch     
        Clock Edge:+  721000       360500     
       Src Latency:+       0            0     
       Net Latency:+     200 (I)      200 (I) 
           Arrival:=  721200       360700     
                                              
             Setup:-     888                  
       Uncertainty:-     300                  
     Required Time:=  720012                  
      Launch Clock:-  360700                  
         Data Path:-   16721                  
             Slack:=  342591                  

#--------------------------------------------------------------------------------------------------------------
#            Timing Point              Flags   Arc   Edge   Cell     Fanout  Load Trans Delay Arrival Instance 
#                                                                            (fF)  (ps)  (ps)   (ps)  Location 
#--------------------------------------------------------------------------------------------------------------
  U4/execution_enable_buffer_reg[0]/CK -       -     R     (arrival)      7     -     0     0  360700    (-,-) 
  U4/execution_enable_buffer_reg[0]/Q  -       CK->Q F     DFFX1          3 121.4  1204  3741  364441    (-,-) 
  U4/drc_bufs382871/Y                  -       A->Y  R     INVX2          2 112.4   349  1044  365485    (-,-) 
  U4/g378506/Y                         -       B->Y  F     NOR2X2         2 111.1   210   418  365903    (-,-) 
  U4/g378053/Y                         -       B->Y  R     NAND2X2        3 154.2   473   593  366496    (-,-) 
  U4/g383417/Y                         -       C->Y  R     OR3X1          3 166.8   622  1302  367798    (-,-) 
  U4/drc_bufs382229/Y                  -       A->Y  F     INVX3          5 273.7   312   584  368382    (-,-) 
  U4/g374785/Y                         -       B->Y  R     NAND2X2       12 430.6   851  1188  369570    (-,-) 
  U4/g369179/Y                         -       C->Y  F     AOI21X1        3 120.8   641   920  370490    (-,-) 
  U4/g369094/Y                         -       A->Y  R     INVX2          2  66.0   203   625  371115    (-,-) 
  U4/g368987/Y                         -       C->Y  F     AOI21X1        2  64.8   400   482  371596    (-,-) 
  U4/g383690/Y                         -       C->Y  R     AOI21X1        1  33.4   459   916  372513    (-,-) 
  U4/g383689/Y                         -       C->Y  R     OA21X1         2  89.3   376  1250  373762    (-,-) 
  U4/g368628/Y                         -       A->Y  F     OAI21X1        1  32.4   302   504  374266    (-,-) 
  U4/g368592/Y                         -       C->Y  R     AOI21X1        1  36.7   476   897  375162    (-,-) 
  U4/g368539/Y                         -       C->Y  F     NAND3X1        1  32.4   378   600  375763    (-,-) 
  U4/g368507/Y                         -       C->Y  R     AOI21X1        1  36.3   511   929  376692    (-,-) 
  U4/g368406/Y                         -       D->Y  F     NAND4X1        1  30.6   508   730  377421    (-,-) 
  U4/alu_result_reg[7]/D               <<<     -     F     DFFX1          1     -     -     0  377421    (-,-) 
#--------------------------------------------------------------------------------------------------------------

