============================================================
  Generated by:           Genus(TM) Synthesis Solution 21.19-s055_1
  Generated on:           Dec 30 2024  06:07:56 pm
  Module:                 BRISC_top_no_io
  Operating conditions:   PVT_1P8V_25C (balanced_tree)
  Wireload mode:          enclosed
  Area mode:              timing library
============================================================

                                 
  Gate   Instances      Area               Library           
-------------------------------------------------------------
ADDHX1           3      6720.000    KISTA_SOI_STDLIB2_CCS_TT 
AND2X1          78     74880.000    KISTA_SOI_STDLIB2_CCS_TT 
AND3X1          32     40960.000    KISTA_SOI_STDLIB2_CCS_TT 
AND4X1          60     96000.000    KISTA_SOI_STDLIB2_CCS_TT 
AO21X1          30     38400.000    KISTA_SOI_STDLIB2_CCS_TT 
AOI21X1        942    904320.000    KISTA_SOI_STDLIB2_CCS_TT 
BUFX2          131     83840.000    KISTA_SOI_STDLIB2_CCS_TT 
BUFX3          374    239360.000    KISTA_SOI_STDLIB2_CCS_TT 
BUFX4          107     85600.000    KISTA_SOI_STDLIB2_CCS_TT 
BUFX9           36     34560.000    KISTA_SOI_STDLIB2_CCS_TT 
DFFX1         1472   6359040.000    KISTA_SOI_STDLIB2_CCS_TT 
INVX1          270     86400.000    KISTA_SOI_STDLIB2_CCS_TT 
INVX2         2542    813440.000    KISTA_SOI_STDLIB2_CCS_TT 
INVX3         1406    449920.000    KISTA_SOI_STDLIB2_CCS_TT 
INVX4          107     51360.000    KISTA_SOI_STDLIB2_CCS_TT 
MX2X1            6     11520.000    KISTA_SOI_STDLIB2_CCS_TT 
NAND2X1       3761   2407040.000    KISTA_SOI_STDLIB2_CCS_TT 
NAND2X2       2830   1811200.000    KISTA_SOI_STDLIB2_CCS_TT 
NAND2X3        229    219840.000    KISTA_SOI_STDLIB2_CCS_TT 
NAND3X1        410    393600.000    KISTA_SOI_STDLIB2_CCS_TT 
NAND4X1        430    550400.000    KISTA_SOI_STDLIB2_CCS_TT 
NOR2X1         366    234240.000    KISTA_SOI_STDLIB2_CCS_TT 
NOR2X2        1435    918400.000    KISTA_SOI_STDLIB2_CCS_TT 
NOR2X3         251    240960.000    KISTA_SOI_STDLIB2_CCS_TT 
NOR3X1         130    124800.000    KISTA_SOI_STDLIB2_CCS_TT 
NOR4X1          52     66560.000    KISTA_SOI_STDLIB2_CCS_TT 
OA21X1          50     64000.000    KISTA_SOI_STDLIB2_CCS_TT 
OAI21X1       2263   2172480.000    KISTA_SOI_STDLIB2_CCS_TT 
OR2X1           33     31680.000    KISTA_SOI_STDLIB2_CCS_TT 
OR3X1            6      7680.000    KISTA_SOI_STDLIB2_CCS_TT 
OR4X1            2      3200.000    KISTA_SOI_STDLIB2_CCS_TT 
XNOR2X1         65    104000.000    KISTA_SOI_STDLIB2_CCS_TT 
XOR2X1          39     62400.000    KISTA_SOI_STDLIB2_CCS_TT 
-------------------------------------------------------------
total        19948  18788800.000                             


                                             
     Type      Instances     Area     Area % 
---------------------------------------------
sequential          1472  6359040.000   33.8 
inverter            4325  1401120.000    7.5 
buffer               648   443360.000    2.4 
logic              13503 10585280.000   56.3 
physical_cells         0        0.000    0.0 
---------------------------------------------
total              19948 18788800.000  100.0 

