============================================================
  Generated by:           Genus(TM) Synthesis Solution 21.19-s055_1
  Generated on:           Dec 30 2024  11:42:33 pm
  Module:                 BRISC_top_no_io
  Operating conditions:   PVT_1P8V_25C (balanced_tree)
  Wireload mode:          enclosed
  Area mode:              timing library
============================================================


Path 1: MET (140091 ps) Setup Check with Pin U4/alu_result_reg[7]/CK->D
          Group: CLK
     Startpoint: (R) U4/execution_enable_buffer_reg[0]/CK
          Clock: (F) CLK
       Endpoint: (F) U4/alu_result_reg[7]/D
          Clock: (R) CLK

                     Capture       Launch     
        Clock Edge:+  316000       158000     
       Src Latency:+       0            0     
       Net Latency:+     200 (I)      200 (I) 
           Arrival:=  316200       158200     
                                              
             Setup:-     888                  
       Uncertainty:-     300                  
     Required Time:=  315012                  
      Launch Clock:-  158200                  
         Data Path:-   16721                  
             Slack:=  140091                  

#--------------------------------------------------------------------------------------------------------------
#            Timing Point              Flags   Arc   Edge   Cell     Fanout  Load Trans Delay Arrival Instance 
#                                                                            (fF)  (ps)  (ps)   (ps)  Location 
#--------------------------------------------------------------------------------------------------------------
  U4/execution_enable_buffer_reg[0]/CK -       -     R     (arrival)      7     -     0     0  158200    (-,-) 
  U4/execution_enable_buffer_reg[0]/Q  -       CK->Q F     DFFX1          3 121.4  1204  3741  161941    (-,-) 
  U4/drc_bufs382815/Y                  -       A->Y  R     INVX2          2 112.4   349  1044  162985    (-,-) 
  U4/g378500/Y                         -       B->Y  F     NOR2X2         2 111.1   210   418  163403    (-,-) 
  U4/g378047/Y                         -       B->Y  R     NAND2X2        3 154.2   473   593  163996    (-,-) 
  U4/g383330/Y                         -       C->Y  R     OR3X1          3 166.8   622  1302  165298    (-,-) 
  U4/drc_bufs382225/Y                  -       A->Y  F     INVX3          5 273.7   312   584  165882    (-,-) 
  U4/g374785/Y                         -       B->Y  R     NAND2X2       12 430.6   851  1188  167070    (-,-) 
  U4/g369179/Y                         -       C->Y  F     AOI21X1        3 120.8   641   920  167990    (-,-) 
  U4/g369094/Y                         -       A->Y  R     INVX2          2  66.0   203   625  168615    (-,-) 
  U4/g368987/Y                         -       C->Y  F     AOI21X1        2  64.8   400   482  169096    (-,-) 
  U4/g383616/Y                         -       C->Y  R     AOI21X1        1  33.4   459   916  170013    (-,-) 
  U4/g383615/Y                         -       C->Y  R     OA21X1         2  89.3   376  1250  171262    (-,-) 
  U4/g368628/Y                         -       A->Y  F     OAI21X1        1  32.4   302   504  171766    (-,-) 
  U4/g368592/Y                         -       C->Y  R     AOI21X1        1  36.7   476   897  172662    (-,-) 
  U4/g368539/Y                         -       C->Y  F     NAND3X1        1  32.4   378   600  173263    (-,-) 
  U4/g368507/Y                         -       C->Y  R     AOI21X1        1  36.3   511   929  174192    (-,-) 
  U4/g368406/Y                         -       D->Y  F     NAND4X1        1  30.6   508   730  174921    (-,-) 
  U4/alu_result_reg[7]/D               <<<     -     F     DFFX1          1     -     -     0  174921    (-,-) 
#--------------------------------------------------------------------------------------------------------------

