============================================================
  Generated by:           Genus(TM) Synthesis Solution 21.19-s055_1
  Generated on:           Dec 26 2024  01:29:38 am
  Module:                 BRISC_top_no_io
  Operating conditions:   PVT_1P8V_25C (balanced_tree)
  Wireload mode:          enclosed
  Area mode:              timing library
============================================================


Path 1: MET (8477 ps) Setup Check with Pin U4/alu_result_reg[30]/CK->D
          Group: CLK
     Startpoint: (R) U4/U0_rs2_data_internal_reg[1]/CK
          Clock: (R) CLK
       Endpoint: (F) U4/alu_result_reg[30]/D
          Clock: (R) CLK

                     Capture       Launch     
        Clock Edge:+  100000            0     
       Src Latency:+       0            0     
       Net Latency:+     200 (I)      200 (I) 
           Arrival:=  100200          200     
                                              
             Setup:-     925                  
       Uncertainty:-     300                  
     Required Time:=   98975                  
      Launch Clock:-     200                  
         Data Path:-   90298                  
             Slack:=    8477                  

#---------------------------------------------------------------------------------------------------------------
#           Timing Point            Flags     Arc     Edge   Cell     Fanout  Load Trans Delay Arrival Instance 
#                                                                             (fF)  (ps)  (ps)   (ps)  Location 
#---------------------------------------------------------------------------------------------------------------
  U4/U0_rs2_data_internal_reg[1]/CK -       -         R     (arrival)   1466     -     0     0     200    (-,-) 
  U4/U0_rs2_data_internal_reg[1]/Q  -       CK->Q     F     DFFX1          1  55.4   716  2897    3097    (-,-) 
  U4/g381190/Y                      -       A->Y      R     INVX2          8 468.1   825  1492    4589    (-,-) 
  U4/g306350/Y                      -       A->Y      F     NAND2X2        7 434.4  1004  1396    5985    (-,-) 
  U4/g306229/Y                      -       B->Y      R     NOR2X2         8 394.3  1417  2288    8273    (-,-) 
  U4/g306178/Y                      -       B->Y      F     NAND2X2        4 201.6   664  1030    9304    (-,-) 
  U4/g305087/Y                      -       A->Y      R     INVX2          7 244.3   457  1031   10335    (-,-) 
  U4/g303338/Y                      -       A->Y      F     NAND2X1        1  32.7   313   419   10754    (-,-) 
  U4/g301910/Y                      -       C->Y      R     OAI21X1        1  33.0   372   557   11311    (-,-) 
  U4/g382794/Y                      -       C->Y      R     AO21X1         1  33.0   194   827   12138    (-,-) 
  U4/g382793/Y                      -       C->Y      F     AOI21X1        1  36.3   301   392   12530    (-,-) 
  U4/g301297__5122/Y                -       D->Y      R     NAND4X1        1  36.9   305   550   13080    (-,-) 
  U4/g301251__9945/Y                -       C->Y      F     NOR3X1         1  34.6   213   371   13451    (-,-) 
  U4/g382728/Y                      -       A->Y      R     NAND3X1        1  34.8   256   484   13935    (-,-) 
  U4/g382727/Y                      -       A->Y      R     OR3X1          6 338.8  1204  1962   15897    (-,-) 
  U4/add_3413_38_g805/Y             -       B->Y      F     NAND2X2        3 132.5   493   760   16656    (-,-) 
  U4/add_3413_38_g793/Y             -       B->Y      R     OAI21X1        1 126.3   984  1513   18169    (-,-) 
  U4/g382821/COUT                   -       CIN->COUT R     ADDFX1         1 126.3   782  2464   20633    (-,-) 
  U4/g382820/COUT                   -       CIN->COUT R     ADDFX1         1 126.3   782  2401   23034    (-,-) 
  U4/g382819/COUT                   -       CIN->COUT R     ADDFX1         1 126.3   782  2401   25435    (-,-) 
  U4/g382818/COUT                   -       CIN->COUT R     ADDFX1         2 102.9   684  2280   27714    (-,-) 
  U4/add_3413_38_g779/Y             -       C->Y      F     OAI21X1        1  55.7   580   709   28423    (-,-) 
  U4/add_3413_38_g777/Y             -       B->Y      R     NAND2X2        1 126.3   300   773   29196    (-,-) 
  U4/g382817/COUT                   -       CIN->COUT R     ADDFX1         1 126.3   782  2229   31424    (-,-) 
  U4/add_3413_38_g773/COUT          -       CIN->COUT R     ADDFX1         1 126.3   782  2401   33825    (-,-) 
  U4/add_3413_38_g772/COUT          -       CIN->COUT R     ADDFX1         1 126.3   782  2401   36226    (-,-) 
  U4/add_3413_38_g771/COUT          -       CIN->COUT R     ADDFX1         1 126.3   781  2401   38627    (-,-) 
  U4/add_3413_38_g770/COUT          -       CIN->COUT R     ADDFX1         1 126.3   782  2400   41027    (-,-) 
  U4/add_3413_38_g769/COUT          -       CIN->COUT R     ADDFX1         1 126.3   781  2401   43428    (-,-) 
  U4/add_3413_38_g768/COUT          -       CIN->COUT R     ADDFX1         1 126.3   782  2401   45829    (-,-) 
  U4/add_3413_38_g767/COUT          -       CIN->COUT R     ADDFX1         1 126.3   781  2401   48229    (-,-) 
  U4/add_3413_38_g766/COUT          -       CIN->COUT R     ADDFX1         1 126.3   781  2400   50630    (-,-) 
  U4/add_3413_38_g765/COUT          -       CIN->COUT R     ADDFX1         1 126.3   781  2400   53030    (-,-) 
  U4/add_3413_38_g764/COUT          -       CIN->COUT R     ADDFX1         1 126.3   782  2401   55431    (-,-) 
  U4/add_3413_38_g763/COUT          -       CIN->COUT R     ADDFX1         1 126.3   781  2401   57832    (-,-) 
  U4/add_3413_38_g762/COUT          -       CIN->COUT R     ADDFX1         1 126.3   782  2400   60232    (-,-) 
  U4/add_3413_38_g761/COUT          -       CIN->COUT R     ADDFX1         1 126.3   786  2401   62633    (-,-) 
  U4/add_3413_38_g760/COUT          -       CIN->COUT R     ADDFX1         1 126.3   783  2402   65035    (-,-) 
  U4/add_3413_38_g759/COUT          -       CIN->COUT R     ADDFX1         1 126.3   781  2401   67436    (-,-) 
  U4/add_3413_38_g758/COUT          -       CIN->COUT R     ADDFX1         1 126.3   782  2401   69836    (-,-) 
  U4/add_3413_38_g757/COUT          -       CIN->COUT R     ADDFX1         1 126.3   781  2401   72237    (-,-) 
  U4/add_3413_38_g756/COUT          -       CIN->COUT R     ADDFX1         1 126.3   781  2401   74637    (-,-) 
  U4/add_3413_38_g755/COUT          -       CIN->COUT R     ADDFX1         1 126.3   781  2400   77038    (-,-) 
  U4/add_3413_38_g754/COUT          -       CIN->COUT R     ADDFX1         1 126.3   781  2400   79438    (-,-) 
  U4/add_3413_38_g753/COUT          -       CIN->COUT R     ADDFX1         1 126.3   781  2401   81839    (-,-) 
  U4/add_3413_38_g752/COUT          -       CIN->COUT R     ADDFX1         1 126.3   782  2400   84239    (-,-) 
  U4/add_3413_38_g751/SUM           -       CIN->SUM  F     ADDFX1         3 123.9   563  3329   87568    (-,-) 
  U4/g373869/Y                      -       A->Y      R     NAND2X1        1  55.5   304   788   88356    (-,-) 
  U4/g373523/Y                      -       A->Y      F     NAND2X2        1  29.8   137   281   88637    (-,-) 
  U4/g367773/Y                      -       D->Y      R     NOR4X1         1  36.3   930  1044   89681    (-,-) 
  U4/g367663/Y                      -       D->Y      F     NAND4X1        1  30.6   564   817   90498    (-,-) 
  U4/alu_result_reg[30]/D           <<<     -         F     DFFX1          1     -     -     0   90498    (-,-) 
#---------------------------------------------------------------------------------------------------------------

