============================================================
  Generated by:           Genus(TM) Synthesis Solution 21.19-s055_1
  Generated on:           Jan 02 2025  03:20:35 am
  Module:                 BRISC_top_no_io
  Operating conditions:   PVT_1P8V_25C (balanced_tree)
  Wireload mode:          enclosed
  Area mode:              timing library
============================================================

                                 
  Gate   Instances      Area               Library           
-------------------------------------------------------------
ADDHX1           1      2240.000    KISTA_SOI_STDLIB2_CCS_TT 
AND2X1          94     90240.000    KISTA_SOI_STDLIB2_CCS_TT 
AND3X1          25     32000.000    KISTA_SOI_STDLIB2_CCS_TT 
AND4X1          82    131200.000    KISTA_SOI_STDLIB2_CCS_TT 
AO21X1          45     57600.000    KISTA_SOI_STDLIB2_CCS_TT 
AOI21X1        996    956160.000    KISTA_SOI_STDLIB2_CCS_TT 
BUFX2          182    116480.000    KISTA_SOI_STDLIB2_CCS_TT 
BUFX3          387    247680.000    KISTA_SOI_STDLIB2_CCS_TT 
BUFX4           90     72000.000    KISTA_SOI_STDLIB2_CCS_TT 
BUFX9           50     48000.000    KISTA_SOI_STDLIB2_CCS_TT 
DFFX1         1472   6359040.000    KISTA_SOI_STDLIB2_CCS_TT 
INVX1          215     68800.000    KISTA_SOI_STDLIB2_CCS_TT 
INVX2         2448    783360.000    KISTA_SOI_STDLIB2_CCS_TT 
INVX3         1481    473920.000    KISTA_SOI_STDLIB2_CCS_TT 
INVX4          104     49920.000    KISTA_SOI_STDLIB2_CCS_TT 
MX2X1            2      3840.000    KISTA_SOI_STDLIB2_CCS_TT 
NAND2X1       3642   2330880.000    KISTA_SOI_STDLIB2_CCS_TT 
NAND2X2       2978   1905920.000    KISTA_SOI_STDLIB2_CCS_TT 
NAND2X3        224    215040.000    KISTA_SOI_STDLIB2_CCS_TT 
NAND3X1        392    376320.000    KISTA_SOI_STDLIB2_CCS_TT 
NAND4X1        317    405760.000    KISTA_SOI_STDLIB2_CCS_TT 
NOR2X1         367    234880.000    KISTA_SOI_STDLIB2_CCS_TT 
NOR2X2        1623   1038720.000    KISTA_SOI_STDLIB2_CCS_TT 
NOR2X3         260    249600.000    KISTA_SOI_STDLIB2_CCS_TT 
NOR3X1         119    114240.000    KISTA_SOI_STDLIB2_CCS_TT 
NOR4X1          61     78080.000    KISTA_SOI_STDLIB2_CCS_TT 
OA21X1          56     71680.000    KISTA_SOI_STDLIB2_CCS_TT 
OAI21X1       2300   2208000.000    KISTA_SOI_STDLIB2_CCS_TT 
OR2X1           38     36480.000    KISTA_SOI_STDLIB2_CCS_TT 
OR3X1            6      7680.000    KISTA_SOI_STDLIB2_CCS_TT 
OR4X1            3      4800.000    KISTA_SOI_STDLIB2_CCS_TT 
XNOR2X1         62     99200.000    KISTA_SOI_STDLIB2_CCS_TT 
XOR2X1          40     64000.000    KISTA_SOI_STDLIB2_CCS_TT 
-------------------------------------------------------------
total        20162  18933760.000                             


                                             
     Type      Instances     Area     Area % 
---------------------------------------------
sequential          1472  6359040.000   33.6 
inverter            4248  1376000.000    7.3 
buffer               709   484160.000    2.6 
logic              13733 10714560.000   56.6 
physical_cells         0        0.000    0.0 
---------------------------------------------
total              20162 18933760.000  100.0 

