============================================================
  Generated by:           Genus(TM) Synthesis Solution 21.19-s055_1
  Generated on:           Dec 30 2024  08:24:58 pm
  Module:                 BRISC_top_no_io
  Operating conditions:   PVT_1P8V_25C (balanced_tree)
  Wireload mode:          enclosed
  Area mode:              timing library
============================================================


Path 1: MET (33596 ps) Setup Check with Pin U4/pc_reg[31]/CK->D
          Group: CLK
     Startpoint: (R) U4/U0_rs2_data_internal_reg[3]/CK
          Clock: (R) CLK
       Endpoint: (R) U4/pc_reg[31]/D
          Clock: (R) CLK

                     Capture       Launch     
        Clock Edge:+  127000            0     
       Src Latency:+       0            0     
       Net Latency:+     200 (I)      200 (I) 
           Arrival:=  127200          200     
                                              
             Setup:-    1276                  
       Uncertainty:-     300                  
     Required Time:=  125624                  
      Launch Clock:-     200                  
         Data Path:-   91828                  
             Slack:=   33596                  

#------------------------------------------------------------------------------------------------------------------------------------------------
#                           Timing Point                             Flags     Arc     Edge   Cell     Fanout  Load Trans Delay Arrival Instance 
#                                                                                                              (fF)  (ps)  (ps)   (ps)  Location 
#------------------------------------------------------------------------------------------------------------------------------------------------
  U4/U0_rs2_data_internal_reg[3]/CK                                  -       -         R     (arrival)   1466     -     0     0     200    (-,-) 
  U4/U0_rs2_data_internal_reg[3]/Q                                   -       CK->Q     F     DFFX1          1  55.4   716  2897    3097    (-,-) 
  U4/g377586/Y                                                       -       A->Y      R     INVX2          8 423.1   749  1407    4504    (-,-) 
  U4/g309245/Y                                                       -       A->Y      R     OR2X1          6 411.3  1445  2313    6818    (-,-) 
  U4/g309134/Y                                                       -       B->Y      F     NOR2X2         8 293.2   626  1041    7858    (-,-) 
  U4/g307535/Y                                                       -       A->Y      R     NAND2X1        2 112.6   490  1051    8910    (-,-) 
  U4/g306361/Y                                                       -       A->Y      F     INVX2         16 545.6   701  1096   10006    (-,-) 
  U4/g305727/Y                                                       -       A->Y      R     NAND2X1        1  36.7   345   786   10792    (-,-) 
  U4/g304234__1617/Y                                                 -       C->Y      F     NAND3X1        1  32.4   366   562   11354    (-,-) 
  U4/g303903__1881/Y                                                 -       C->Y      R     AOI21X1        1  36.3   562   924   12278    (-,-) 
  U4/g303689__5107/Y                                                 -       D->Y      F     NAND4X1        1  29.8   525   734   13012    (-,-) 
  U4/g303685__7410/Y                                                 -       D->Y      R     NOR4X1         1  56.9  1208  1569   14582    (-,-) 
  U4/g303583__1705/Y                                                 -       B->Y      F     NAND2X2        9 451.5  1076  1672   16253    (-,-) 
  U4/g303513__2398/Y                                                 -       B->Y      R     NAND2X2        1  36.7   220   743   16997    (-,-) 
  U4/g303506__2883/Y                                                 -       C->Y      F     NAND3X1        3 170.4  1214  1471   18468    (-,-) 
  U4/add_3258_34_Y_add_3260_34_Y_add_3252_30_Y_add_3250_30_g785/Y    -       B->Y      R     NOR2X2         1  35.2   300   956   19424    (-,-) 
  U4/add_3258_34_Y_add_3260_34_Y_add_3252_30_Y_add_3250_30_g780/Y    -       B->Y      F     OAI21X1        1 116.3   650   841   20265    (-,-) 
  U4/add_3258_34_Y_add_3260_34_Y_add_3252_30_Y_add_3250_30_g779/COUT -       CIN->COUT F     ADDFX1         1 116.3   586  2450   22715    (-,-) 
  U4/add_3258_34_Y_add_3260_34_Y_add_3252_30_Y_add_3250_30_g778/COUT -       CIN->COUT F     ADDFX1         1 116.3   586  2411   25126    (-,-) 
  U4/add_3258_34_Y_add_3260_34_Y_add_3252_30_Y_add_3250_30_g777/COUT -       CIN->COUT F     ADDFX1         1 116.3   586  2411   27537    (-,-) 
  U4/add_3258_34_Y_add_3260_34_Y_add_3252_30_Y_add_3250_30_g776/COUT -       CIN->COUT F     ADDFX1         1 116.3   586  2411   29948    (-,-) 
  U4/add_3258_34_Y_add_3260_34_Y_add_3252_30_Y_add_3250_30_g775/COUT -       CIN->COUT F     ADDFX1         1 116.3   586  2411   32360    (-,-) 
  U4/add_3258_34_Y_add_3260_34_Y_add_3252_30_Y_add_3250_30_g774/COUT -       CIN->COUT F     ADDFX1         1 116.3   586  2411   34771    (-,-) 
  U4/add_3258_34_Y_add_3260_34_Y_add_3252_30_Y_add_3250_30_g773/COUT -       CIN->COUT F     ADDFX1         1 116.3   586  2411   37182    (-,-) 
  U4/add_3258_34_Y_add_3260_34_Y_add_3252_30_Y_add_3250_30_g772/COUT -       CIN->COUT F     ADDFX1         1 116.3   586  2411   39593    (-,-) 
  U4/add_3258_34_Y_add_3260_34_Y_add_3252_30_Y_add_3250_30_g771/COUT -       CIN->COUT F     ADDFX1         1 116.3   586  2411   42004    (-,-) 
  U4/add_3258_34_Y_add_3260_34_Y_add_3252_30_Y_add_3250_30_g770/COUT -       CIN->COUT F     ADDFX1         1 116.3   586  2411   44416    (-,-) 
  U4/add_3258_34_Y_add_3260_34_Y_add_3252_30_Y_add_3250_30_g769/COUT -       CIN->COUT F     ADDFX1         1 116.3   586  2411   46827    (-,-) 
  U4/add_3258_34_Y_add_3260_34_Y_add_3252_30_Y_add_3250_30_g768/COUT -       CIN->COUT F     ADDFX1         1 116.3   586  2411   49238    (-,-) 
  U4/add_3258_34_Y_add_3260_34_Y_add_3252_30_Y_add_3250_30_g767/COUT -       CIN->COUT F     ADDFX1         1 116.3   586  2411   51649    (-,-) 
  U4/add_3258_34_Y_add_3260_34_Y_add_3252_30_Y_add_3250_30_g766/COUT -       CIN->COUT F     ADDFX1         1 116.3   586  2411   54060    (-,-) 
  U4/add_3258_34_Y_add_3260_34_Y_add_3252_30_Y_add_3250_30_g765/COUT -       CIN->COUT F     ADDFX1         1 116.3   586  2411   56472    (-,-) 
  U4/add_3258_34_Y_add_3260_34_Y_add_3252_30_Y_add_3250_30_g764/COUT -       CIN->COUT F     ADDFX1         1 116.3   586  2411   58883    (-,-) 
  U4/add_3258_34_Y_add_3260_34_Y_add_3252_30_Y_add_3250_30_g763/COUT -       CIN->COUT F     ADDFX1         1 116.3   586  2411   61294    (-,-) 
  U4/add_3258_34_Y_add_3260_34_Y_add_3252_30_Y_add_3250_30_g762/COUT -       CIN->COUT F     ADDFX1         1 116.3   586  2411   63705    (-,-) 
  U4/add_3258_34_Y_add_3260_34_Y_add_3252_30_Y_add_3250_30_g761/COUT -       CIN->COUT F     ADDFX1         1 116.3   586  2411   66116    (-,-) 
  U4/add_3258_34_Y_add_3260_34_Y_add_3252_30_Y_add_3250_30_g760/COUT -       CIN->COUT F     ADDFX1         1 116.3   586  2411   68528    (-,-) 
  U4/add_3258_34_Y_add_3260_34_Y_add_3252_30_Y_add_3250_30_g759/COUT -       CIN->COUT F     ADDFX1         1 116.3   586  2411   70939    (-,-) 
  U4/add_3258_34_Y_add_3260_34_Y_add_3252_30_Y_add_3250_30_g758/COUT -       CIN->COUT F     ADDFX1         1 116.3   586  2411   73350    (-,-) 
  U4/add_3258_34_Y_add_3260_34_Y_add_3252_30_Y_add_3250_30_g757/COUT -       CIN->COUT F     ADDFX1         1 116.3   586  2411   75761    (-,-) 
  U4/add_3258_34_Y_add_3260_34_Y_add_3252_30_Y_add_3250_30_g756/COUT -       CIN->COUT F     ADDFX1         1 116.3   586  2411   78172    (-,-) 
  U4/add_3258_34_Y_add_3260_34_Y_add_3252_30_Y_add_3250_30_g755/COUT -       CIN->COUT F     ADDFX1         1 116.3   586  2411   80584    (-,-) 
  U4/add_3258_34_Y_add_3260_34_Y_add_3252_30_Y_add_3250_30_g754/COUT -       CIN->COUT F     ADDFX1         1 116.3   586  2411   82995    (-,-) 
  U4/add_3258_34_Y_add_3260_34_Y_add_3252_30_Y_add_3250_30_g753/COUT -       CIN->COUT F     ADDFX1         1 116.3   586  2411   85406    (-,-) 
  U4/add_3258_34_Y_add_3260_34_Y_add_3252_30_Y_add_3250_30_g752/COUT -       CIN->COUT F     ADDFX1         1 116.3   586  2411   87817    (-,-) 
  U4/add_3258_34_Y_add_3260_34_Y_add_3252_30_Y_add_3250_30_g751/COUT -       CIN->COUT F     ADDFX1         1  67.4   461  2183   90000    (-,-) 
  U4/add_3258_34_Y_add_3260_34_Y_add_3252_30_Y_add_3250_30_g750/Y    -       B->Y      R     XNOR2X1        1  56.9   620  1246   91246    (-,-) 
  U4/g369202/Y                                                       -       B->Y      F     NAND2X2        1  36.3   194   336   91582    (-,-) 
  U4/g367648/Y                                                       -       C->Y      R     NAND3X1        1  33.0   252   446   92028    (-,-) 
  U4/pc_reg[31]/D                                                    <<<     -         R     DFFX1          1     -     -     0   92028    (-,-) 
#------------------------------------------------------------------------------------------------------------------------------------------------

