============================================================
  Generated by:           Genus(TM) Synthesis Solution 21.19-s055_1
  Generated on:           Dec 28 2024  07:15:11 pm
  Module:                 BRISC_top_no_io
  Operating conditions:   PVT_1P8V_25C (balanced_tree)
  Wireload mode:          enclosed
  Area mode:              timing library
============================================================


Path 1: MET (77899 ps) Setup Check with Pin U4/alu_result_reg[1]/CK->D
          Group: CLK
     Startpoint: (R) U4/execution_enable_buffer_reg[0]/CK
          Clock: (F) CLK
       Endpoint: (F) U4/alu_result_reg[1]/D
          Clock: (R) CLK

                     Capture       Launch     
        Clock Edge:+  190000        95000     
       Src Latency:+       0            0     
       Net Latency:+     200 (I)      200 (I) 
           Arrival:=  190200        95200     
                                              
             Setup:-     796                  
       Uncertainty:-     300                  
     Required Time:=  189104                  
      Launch Clock:-   95200                  
         Data Path:-   16005                  
             Slack:=   77899                  

#--------------------------------------------------------------------------------------------------------------
#            Timing Point              Flags   Arc   Edge   Cell     Fanout  Load Trans Delay Arrival Instance 
#                                                                            (fF)  (ps)  (ps)   (ps)  Location 
#--------------------------------------------------------------------------------------------------------------
  U4/execution_enable_buffer_reg[0]/CK -       -     R     (arrival)      7     -     0     0   95200    (-,-) 
  U4/execution_enable_buffer_reg[0]/Q  -       CK->Q F     DFFX1          2  86.0   942  3288   98488    (-,-) 
  U4/drc_bufs383225/Y                  -       A->Y  R     INVX2          2  89.3   275   839   99327    (-,-) 
  U4/drc_bufs383224/Y                  -       A->Y  F     INVX2          3 126.1   189   387   99714    (-,-) 
  U4/g379337/Y                         -       B->Y  F     AND2X1         3 166.4   464  1138  100852    (-,-) 
  U4/g379211/Y                         -       A->Y  R     INVX2          8 326.8   584  1051  101903    (-,-) 
  U4/g378842/Y                         -       B->Y  F     NOR2X2         2 111.4   242   474  102377    (-,-) 
  U4/g378159/Y                         -       B->Y  R     NAND2X2        2 114.2   263   533  102910    (-,-) 
  U4/g376433/Y                         -       B->Y  F     NOR2X2         7 363.4   519   768  103677    (-,-) 
  U4/g375753/Y                         -       B->Y  R     NAND2X2        9 347.4   662  1169  104846    (-,-) 
  U4/g370149/Y                         -       C->Y  F     AOI21X1        2  64.8   392   669  105516    (-,-) 
  U4/g384287/Y                         -       C->Y  R     AOI21X1        1  33.4   455   913  106428    (-,-) 
  U4/g384286/Y                         -       C->Y  R     OA21X1         2  89.3   377  1249  107677    (-,-) 
  U4/g369531/Y                         -       A->Y  F     OAI21X1        1  32.4   306   504  108181    (-,-) 
  U4/g369489/Y                         -       C->Y  R     AOI21X1        1  36.7   477   899  109080    (-,-) 
  U4/g369436/Y                         -       C->Y  F     NAND3X1        1  32.4   378   601  109681    (-,-) 
  U4/g369421/Y                         -       C->Y  R     AOI21X1        1  36.7   492   932  110613    (-,-) 
  U4/g369318/Y                         -       C->Y  F     NAND3X1        1  30.6   370   592  111205    (-,-) 
  U4/alu_result_reg[1]/D               <<<     -     F     DFFX1          1     -     -     0  111205    (-,-) 
#--------------------------------------------------------------------------------------------------------------

