============================================================
  Generated by:           Genus(TM) Synthesis Solution 21.19-s055_1
  Generated on:           Dec 30 2024  10:35:46 pm
  Module:                 BRISC_top_no_io
  Operating conditions:   PVT_1P8V_25C (balanced_tree)
  Wireload mode:          enclosed
  Area mode:              timing library
============================================================

                                 
  Gate   Instances      Area               Library           
-------------------------------------------------------------
ADDFX1          58    287680.000    KISTA_SOI_STDLIB2_CCS_TT 
ADDHX1           6     13440.000    KISTA_SOI_STDLIB2_CCS_TT 
AND2X1         142    136320.000    KISTA_SOI_STDLIB2_CCS_TT 
AND3X1          16     20480.000    KISTA_SOI_STDLIB2_CCS_TT 
AND4X1          26     41600.000    KISTA_SOI_STDLIB2_CCS_TT 
AO21X1         100    128000.000    KISTA_SOI_STDLIB2_CCS_TT 
AOI21X1       1203   1154880.000    KISTA_SOI_STDLIB2_CCS_TT 
BUFX2          667    426880.000    KISTA_SOI_STDLIB2_CCS_TT 
BUFX3            4      2560.000    KISTA_SOI_STDLIB2_CCS_TT 
DFFX1         1472   6359040.000    KISTA_SOI_STDLIB2_CCS_TT 
INVX1            7      2240.000    KISTA_SOI_STDLIB2_CCS_TT 
INVX2         1170    374400.000    KISTA_SOI_STDLIB2_CCS_TT 
INVX3          695    222400.000    KISTA_SOI_STDLIB2_CCS_TT 
MX2X1           83    159360.000    KISTA_SOI_STDLIB2_CCS_TT 
NAND2X1       3250   2080000.000    KISTA_SOI_STDLIB2_CCS_TT 
NAND2X2       2014   1288960.000    KISTA_SOI_STDLIB2_CCS_TT 
NAND3X1        288    276480.000    KISTA_SOI_STDLIB2_CCS_TT 
NAND4X1        791   1012480.000    KISTA_SOI_STDLIB2_CCS_TT 
NOR2X1         288    184320.000    KISTA_SOI_STDLIB2_CCS_TT 
NOR2X2         707    452480.000    KISTA_SOI_STDLIB2_CCS_TT 
NOR2X3          39     37440.000    KISTA_SOI_STDLIB2_CCS_TT 
NOR3X1         169    162240.000    KISTA_SOI_STDLIB2_CCS_TT 
NOR4X1         110    140800.000    KISTA_SOI_STDLIB2_CCS_TT 
OA21X1          87    111360.000    KISTA_SOI_STDLIB2_CCS_TT 
OAI21X1       2037   1955520.000    KISTA_SOI_STDLIB2_CCS_TT 
OR2X1           57     54720.000    KISTA_SOI_STDLIB2_CCS_TT 
OR3X1           16     20480.000    KISTA_SOI_STDLIB2_CCS_TT 
OR4X1           17     27200.000    KISTA_SOI_STDLIB2_CCS_TT 
XNOR2X1         49     78400.000    KISTA_SOI_STDLIB2_CCS_TT 
XOR2X1          20     32000.000    KISTA_SOI_STDLIB2_CCS_TT 
-------------------------------------------------------------
total        15588  17244160.000                             


                                             
     Type      Instances     Area     Area % 
---------------------------------------------
sequential          1472  6359040.000   36.9 
inverter            1872   599040.000    3.5 
buffer               671   429440.000    2.5 
logic              11573  9856640.000   57.2 
physical_cells         0        0.000    0.0 
---------------------------------------------
total              15588 17244160.000  100.0 

