============================================================
  Generated by:           Genus(TM) Synthesis Solution 21.19-s055_1
  Generated on:           Dec 30 2024  07:38:09 pm
  Module:                 BRISC_top_no_io
  Operating conditions:   PVT_1P8V_25C (balanced_tree)
  Wireload mode:          enclosed
  Area mode:              timing library
============================================================


Path 1: MET (220 ps) Setup Check with Pin U4/alu_result_reg[31]/CK->D
          Group: CLK
     Startpoint: (R) U4/U0_rs1_data_internal_reg[3]/CK
          Clock: (R) CLK
       Endpoint: (F) U4/alu_result_reg[31]/D
          Clock: (R) CLK

                     Capture       Launch     
        Clock Edge:+   82000            0     
       Src Latency:+       0            0     
       Net Latency:+     200 (I)      200 (I) 
           Arrival:=   82200          200     
                                              
             Setup:-     789                  
       Uncertainty:-     300                  
     Required Time:=   81111                  
      Launch Clock:-     200                  
         Data Path:-   80691                  
             Slack:=     220                  

#---------------------------------------------------------------------------------------------------------------
#           Timing Point            Flags     Arc     Edge   Cell     Fanout  Load Trans Delay Arrival Instance 
#                                                                             (fF)  (ps)  (ps)   (ps)  Location 
#---------------------------------------------------------------------------------------------------------------
  U4/U0_rs1_data_internal_reg[3]/CK -       -         R     (arrival)   1466     -     0     0     200    (-,-) 
  U4/U0_rs1_data_internal_reg[3]/Q  -       CK->Q     F     DFFX1          3 147.4  1396  4073    4273    (-,-) 
  U4/g298609/Y                      -       A->Y      R     INVX2          3 149.5   439  1271    5544    (-,-) 
  U4/g298550/Y                      -       B->Y      F     NAND2X2        1  55.8   210   389    5932    (-,-) 
  U4/g298453/Y                      -       B->Y      R     NOR2X2         7 315.4  1152  1502    7435    (-,-) 
  U4/g297348/Y                      -       A->Y      F     NAND2X1        7 297.1  1371  1863    9298    (-,-) 
  U4/g297314/Y                      -       A->Y      R     INVX3         13 475.7   644  1659   10957    (-,-) 
  U4/g295445/Y                      -       A->Y      F     NAND2X1        1  34.3   320   441   11398    (-,-) 
  U4/g294189__7482/Y                -       A->Y      R     NAND4X1        1  36.9   307   590   11988    (-,-) 
  U4/g293882__9315/Y                -       D->Y      F     NOR4X1         1  36.3   240   395   12383    (-,-) 
  U4/g380889/Y                      -       C->Y      R     NAND3X1        1  34.8   259   482   12865    (-,-) 
  U4/g380888/Y                      -       A->Y      R     OR3X1          8 384.3  1358  2135   15000    (-,-) 
  U4/add_3413_38_g856/Y             -       B->Y      F     NAND2X2        3 131.7   517   772   15772    (-,-) 
  U4/add_3413_38_g821/Y             -       A->Y      R     OAI21X1        2 102.9   826  1367   17139    (-,-) 
  U4/add_3413_38_g819/Y             -       C->Y      F     OAI21X1        1  55.7   559   724   17863    (-,-) 
  U4/add_3413_38_g817/Y             -       B->Y      R     NAND2X2        2 102.9   254   704   18567    (-,-) 
  U4/add_3413_38_g816/Y             -       C->Y      F     OAI21X1        1  55.7   556   633   19200    (-,-) 
  U4/add_3413_38_g814/Y             -       B->Y      R     NAND2X2        2 102.9   254   702   19902    (-,-) 
  U4/add_3413_38_g813/Y             -       C->Y      F     OAI21X1        1  55.7   443   633   20535    (-,-) 
  U4/add_3413_38_g811/Y             -       B->Y      R     NAND2X2        2 102.9   251   635   21170    (-,-) 
  U4/add_3413_38_g810/Y             -       C->Y      F     OAI21X1        1  55.7   443   632   21803    (-,-) 
  U4/add_3413_38_g808/Y             -       B->Y      R     NAND2X2        2 102.9   249   634   22437    (-,-) 
  U4/add_3413_38_g807/Y             -       C->Y      F     OAI21X1        1  55.7   431   632   23069    (-,-) 
  U4/add_3413_38_g805/Y             -       B->Y      R     NAND2X2        2 102.9   249   627   23696    (-,-) 
  U4/add_3413_38_g804/Y             -       C->Y      F     OAI21X1        1  55.7   450   632   24328    (-,-) 
  U4/add_3413_38_g802/Y             -       B->Y      R     NAND2X2        2 102.9   249   639   24967    (-,-) 
  U4/add_3413_38_g801/Y             -       C->Y      F     OAI21X1        1  55.7   430   632   25599    (-,-) 
  U4/add_3413_38_g799/Y             -       B->Y      R     NAND2X2        2 102.9   249   627   26226    (-,-) 
  U4/add_3413_38_g798/Y             -       C->Y      F     OAI21X1        1  55.7   462   632   26858    (-,-) 
  U4/add_3413_38_g796/Y             -       B->Y      R     NAND2X2        1 126.3   287   698   27556    (-,-) 
  U4/g380930/COUT                   -       CIN->COUT R     ADDFX1         2 102.9   683  2103   29660    (-,-) 
  U4/add_3413_38_g792/Y             -       C->Y      F     OAI21X1        1  55.7   443   708   30368    (-,-) 
  U4/add_3413_38_g790/Y             -       B->Y      R     NAND2X2        1 126.3   288   687   31055    (-,-) 
  U4/g380929/COUT                   -       CIN->COUT R     ADDFX1         1 126.3   781  2224   33279    (-,-) 
  U4/g380928/COUT                   -       CIN->COUT R     ADDFX1         1 126.3   787  2400   35680    (-,-) 
  U4/g380927/COUT                   -       CIN->COUT R     ADDFX1         1 126.3   781  2402   38082    (-,-) 
  U4/g380926/COUT                   -       CIN->COUT R     ADDFX1         1 126.3   784  2401   40482    (-,-) 
  U4/g380925/COUT                   -       CIN->COUT R     ADDFX1         1 126.3   786  2401   42884    (-,-) 
  U4/g380924/COUT                   -       CIN->COUT R     ADDFX1         1 126.3   787  2402   45286    (-,-) 
  U4/g380923/COUT                   -       CIN->COUT R     ADDFX1         1 126.3   780  2402   47688    (-,-) 
  U4/g380922/COUT                   -       CIN->COUT R     ADDFX1         1 126.3   780  2400   50088    (-,-) 
  U4/g380921/COUT                   -       CIN->COUT R     ADDFX1         1 126.3   780  2400   52488    (-,-) 
  U4/g380920/COUT                   -       CIN->COUT R     ADDFX1         1 126.3   780  2400   54889    (-,-) 
  U4/add_3413_38_g759/COUT          -       CIN->COUT R     ADDFX1         1 126.3   780  2400   57289    (-,-) 
  U4/add_3413_38_g758/COUT          -       CIN->COUT R     ADDFX1         1 126.3   780  2400   59689    (-,-) 
  U4/add_3413_38_g757/COUT          -       CIN->COUT R     ADDFX1         1 126.3   786  2400   62089    (-,-) 
  U4/add_3413_38_g756/COUT          -       CIN->COUT R     ADDFX1         1 126.3   784  2402   64491    (-,-) 
  U4/add_3413_38_g755/COUT          -       CIN->COUT R     ADDFX1         1 126.3   780  2401   66892    (-,-) 
  U4/add_3413_38_g754/COUT          -       CIN->COUT R     ADDFX1         1 126.3   780  2400   69292    (-,-) 
  U4/add_3413_38_g753/COUT          -       CIN->COUT R     ADDFX1         1 126.3   780  2400   71693    (-,-) 
  U4/add_3413_38_g752/COUT          -       CIN->COUT R     ADDFX1         1 126.3   781  2400   74093    (-,-) 
  U4/add_3413_38_g751/COUT          -       CIN->COUT R     ADDFX1         1  69.6   542  2108   76200    (-,-) 
  U4/add_3413_38_g750/Y             -       B->Y      F     XOR2X1         3 123.9   706  1252   77452    (-,-) 
  U4/g373068/Y                      -       A->Y      R     NAND2X1        1  33.3   268   772   78224    (-,-) 
  U4/g365791/Y                      -       C->Y      F     OAI21X1        1  33.3   294   519   78743    (-,-) 
  U4/g365755/Y                      -       A->Y      R     NOR4X1         1  33.3   889  1574   80317    (-,-) 
  U4/g365748/Y                      -       C->Y      F     OAI21X1        1  30.6   360   573   80891    (-,-) 
  U4/alu_result_reg[31]/D           <<<     -         F     DFFX1          1     -     -     0   80891    (-,-) 
#---------------------------------------------------------------------------------------------------------------

