============================================================
  Generated by:           Genus(TM) Synthesis Solution 21.19-s055_1
  Generated on:           Dec 30 2024  08:52:54 pm
  Module:                 BRISC_top_no_io
  Operating conditions:   PVT_1P8V_25C (balanced_tree)
  Wireload mode:          enclosed
  Area mode:              timing library
============================================================


Path 1: MET (58057 ps) Setup Check with Pin U4/pc_reg[31]/CK->D
          Group: CLK
     Startpoint: (R) U4/U0_rs2_data_internal_reg[3]/CK
          Clock: (R) CLK
       Endpoint: (R) U4/pc_reg[31]/D
          Clock: (R) CLK

                     Capture       Launch     
        Clock Edge:+  154000            0     
       Src Latency:+       0            0     
       Net Latency:+     200 (I)      200 (I) 
           Arrival:=  154200          200     
                                              
             Setup:-    1276                  
       Uncertainty:-     300                  
     Required Time:=  152624                  
      Launch Clock:-     200                  
         Data Path:-   94367                  
             Slack:=   58057                  

#-------------------------------------------------------------------------------------------------------------------------------------------------
#                            Timing Point                             Flags     Arc     Edge   Cell     Fanout  Load Trans Delay Arrival Instance 
#                                                                                                               (fF)  (ps)  (ps)   (ps)  Location 
#-------------------------------------------------------------------------------------------------------------------------------------------------
  U4/U0_rs2_data_internal_reg[3]/CK                                   -       -         R     (arrival)   1466     -     0     0     200    (-,-) 
  U4/U0_rs2_data_internal_reg[3]/Q                                    -       CK->Q     F     DFFX1          1  55.4   716  2897    3097    (-,-) 
  U4/g382551/Y                                                        -       A->Y      R     INVX2          8 423.1   749  1407    4504    (-,-) 
  U4/g382548/Y                                                        -       A->Y      F     INVX2          7 344.5   499   920    5424    (-,-) 
  U4/g310171/Y                                                        -       B->Y      R     NAND2X2        6 364.3   691  1188    6612    (-,-) 
  U4/g310051/Y                                                        -       B->Y      F     NOR2X2         7 327.0   550   904    7515    (-,-) 
  U4/g310000/Y                                                        -       A->Y      R     NAND2X1        3 168.9   668  1215    8730    (-,-) 
  U4/g309407/Y                                                        -       A->Y      F     INVX2          3 145.5   296   538    9269    (-,-) 
  U4/g306595/Y                                                        -       B->Y      R     NAND2X2        1  36.3   276   396    9664    (-,-) 
  U4/g304936__5115/Y                                                  -       D->Y      F     NAND4X1        1  31.9   517   671   10336    (-,-) 
  U4/g384140/Y                                                        -       C->Y      F     AO21X1         1  32.4   194  1305   11641    (-,-) 
  U4/g384139/Y                                                        -       C->Y      R     AOI21X1        1  35.3   577   836   12477    (-,-) 
  U4/g304489__2346/Y                                                  -       C->Y      F     NAND4X1        1  32.4   547   785   13261    (-,-) 
  U4/g304437__5107/Y                                                  -       C->Y      R     AOI21X1        1  36.3   558  1008   14269    (-,-) 
  U4/g304367__7482/Y                                                  -       D->Y      F     NAND4X1        1  32.4   528   758   15027    (-,-) 
  U4/g304310__4733/Y                                                  -       C->Y      R     AOI21X1        1  56.9   683  1160   16187    (-,-) 
  U4/g304269__3680/Y                                                  -       B->Y      F     NAND2X2       12 571.0  1285  1759   17946    (-,-) 
  U4/g304201__1617/Y                                                  -       B->Y      F     AND2X1         1  32.4   153  1318   19264    (-,-) 
  U4/g304176__7098/Y                                                  -       C->Y      R     AOI21X1        1  33.3   536   801   20065    (-,-) 
  U4/g304142__2802/Y                                                  -       C->Y      F     OAI21X1        2 111.5   632   965   21030    (-,-) 
  U4/add_3258_34_Y_add_3260_34_Y_add_3252_30_Y_add_3250_30_g1065/Y    -       B->Y      R     NOR2X2         2  90.5   412   892   21922    (-,-) 
  U4/add_3258_34_Y_add_3260_34_Y_add_3252_30_Y_add_3250_30_g1060/Y    -       B->Y      F     OAI21X1        1 116.3   649   882   22804    (-,-) 
  U4/add_3258_34_Y_add_3260_34_Y_add_3252_30_Y_add_3250_30_g1059/COUT -       CIN->COUT F     ADDFX1         1 116.3   586  2450   25254    (-,-) 
  U4/add_3258_34_Y_add_3260_34_Y_add_3252_30_Y_add_3250_30_g1058/COUT -       CIN->COUT F     ADDFX1         1 116.3   586  2411   27665    (-,-) 
  U4/add_3258_34_Y_add_3260_34_Y_add_3252_30_Y_add_3250_30_g1057/COUT -       CIN->COUT F     ADDFX1         1 116.3   586  2411   30076    (-,-) 
  U4/add_3258_34_Y_add_3260_34_Y_add_3252_30_Y_add_3250_30_g1056/COUT -       CIN->COUT F     ADDFX1         1 116.3   586  2411   32488    (-,-) 
  U4/add_3258_34_Y_add_3260_34_Y_add_3252_30_Y_add_3250_30_g1055/COUT -       CIN->COUT F     ADDFX1         1 116.3   586  2411   34899    (-,-) 
  U4/add_3258_34_Y_add_3260_34_Y_add_3252_30_Y_add_3250_30_g1054/COUT -       CIN->COUT F     ADDFX1         1 116.3   586  2411   37310    (-,-) 
  U4/add_3258_34_Y_add_3260_34_Y_add_3252_30_Y_add_3250_30_g1053/COUT -       CIN->COUT F     ADDFX1         1 116.3   586  2411   39721    (-,-) 
  U4/add_3258_34_Y_add_3260_34_Y_add_3252_30_Y_add_3250_30_g1052/COUT -       CIN->COUT F     ADDFX1         1 116.3   586  2411   42132    (-,-) 
  U4/add_3258_34_Y_add_3260_34_Y_add_3252_30_Y_add_3250_30_g1051/COUT -       CIN->COUT F     ADDFX1         1 116.3   586  2411   44544    (-,-) 
  U4/add_3258_34_Y_add_3260_34_Y_add_3252_30_Y_add_3250_30_g1050/COUT -       CIN->COUT F     ADDFX1         1 116.3   586  2411   46955    (-,-) 
  U4/add_3258_34_Y_add_3260_34_Y_add_3252_30_Y_add_3250_30_g1049/COUT -       CIN->COUT F     ADDFX1         1 116.3   586  2411   49366    (-,-) 
  U4/add_3258_34_Y_add_3260_34_Y_add_3252_30_Y_add_3250_30_g1048/COUT -       CIN->COUT F     ADDFX1         1 116.3   586  2411   51777    (-,-) 
  U4/add_3258_34_Y_add_3260_34_Y_add_3252_30_Y_add_3250_30_g1047/COUT -       CIN->COUT F     ADDFX1         1 116.3   586  2411   54188    (-,-) 
  U4/add_3258_34_Y_add_3260_34_Y_add_3252_30_Y_add_3250_30_g1046/COUT -       CIN->COUT F     ADDFX1         1 116.3   586  2411   56600    (-,-) 
  U4/add_3258_34_Y_add_3260_34_Y_add_3252_30_Y_add_3250_30_g1045/COUT -       CIN->COUT F     ADDFX1         1 116.3   586  2411   59011    (-,-) 
  U4/add_3258_34_Y_add_3260_34_Y_add_3252_30_Y_add_3250_30_g1044/COUT -       CIN->COUT F     ADDFX1         1 116.3   586  2411   61422    (-,-) 
  U4/add_3258_34_Y_add_3260_34_Y_add_3252_30_Y_add_3250_30_g1043/COUT -       CIN->COUT F     ADDFX1         1 116.3   586  2411   63833    (-,-) 
  U4/add_3258_34_Y_add_3260_34_Y_add_3252_30_Y_add_3250_30_g1042/COUT -       CIN->COUT F     ADDFX1         1 116.3   586  2411   66244    (-,-) 
  U4/add_3258_34_Y_add_3260_34_Y_add_3252_30_Y_add_3250_30_g1041/COUT -       CIN->COUT F     ADDFX1         1 116.3   586  2411   68656    (-,-) 
  U4/add_3258_34_Y_add_3260_34_Y_add_3252_30_Y_add_3250_30_g1040/COUT -       CIN->COUT F     ADDFX1         1 116.3   586  2411   71067    (-,-) 
  U4/add_3258_34_Y_add_3260_34_Y_add_3252_30_Y_add_3250_30_g1039/COUT -       CIN->COUT F     ADDFX1         1 116.3   586  2411   73478    (-,-) 
  U4/add_3258_34_Y_add_3260_34_Y_add_3252_30_Y_add_3250_30_g1038/COUT -       CIN->COUT F     ADDFX1         1 116.3   586  2411   75889    (-,-) 
  U4/add_3258_34_Y_add_3260_34_Y_add_3252_30_Y_add_3250_30_g1037/COUT -       CIN->COUT F     ADDFX1         1 116.3   586  2411   78300    (-,-) 
  U4/add_3258_34_Y_add_3260_34_Y_add_3252_30_Y_add_3250_30_g1036/COUT -       CIN->COUT F     ADDFX1         1 116.3   586  2411   80712    (-,-) 
  U4/add_3258_34_Y_add_3260_34_Y_add_3252_30_Y_add_3250_30_g1035/COUT -       CIN->COUT F     ADDFX1         1 116.3   586  2411   83123    (-,-) 
  U4/add_3258_34_Y_add_3260_34_Y_add_3252_30_Y_add_3250_30_g1034/COUT -       CIN->COUT F     ADDFX1         1 116.3   586  2411   85534    (-,-) 
  U4/add_3258_34_Y_add_3260_34_Y_add_3252_30_Y_add_3250_30_g1033/COUT -       CIN->COUT F     ADDFX1         1 116.3   586  2411   87945    (-,-) 
  U4/add_3258_34_Y_add_3260_34_Y_add_3252_30_Y_add_3250_30_g1032/COUT -       CIN->COUT F     ADDFX1         1 116.3   586  2411   90356    (-,-) 
  U4/add_3258_34_Y_add_3260_34_Y_add_3252_30_Y_add_3250_30_g1031/COUT -       CIN->COUT F     ADDFX1         1  67.4   461  2183   92539    (-,-) 
  U4/add_3258_34_Y_add_3260_34_Y_add_3252_30_Y_add_3250_30_g1030/Y    -       B->Y      R     XNOR2X1        1  56.9   620  1246   93785    (-,-) 
  U4/g372504/Y                                                        -       B->Y      F     NAND2X2        1  36.3   194   336   94121    (-,-) 
  U4/g370953/Y                                                        -       C->Y      R     NAND3X1        1  33.0   252   446   94567    (-,-) 
  U4/pc_reg[31]/D                                                     <<<     -         R     DFFX1          1     -     -     0   94567    (-,-) 
#-------------------------------------------------------------------------------------------------------------------------------------------------

