============================================================
  Generated by:           Genus(TM) Synthesis Solution 21.19-s055_1
  Generated on:           Dec 30 2024  08:43:40 pm
  Module:                 BRISC_top_no_io
  Operating conditions:   PVT_1P8V_25C (balanced_tree)
  Wireload mode:          enclosed
  Area mode:              timing library
============================================================


Path 1: MET (51297 ps) Setup Check with Pin U4/alu_result_reg[31]/CK->D
          Group: CLK
     Startpoint: (R) U4/U0_rs2_data_internal_reg[1]/CK
          Clock: (R) CLK
       Endpoint: (F) U4/alu_result_reg[31]/D
          Clock: (R) CLK

                     Capture       Launch     
        Clock Edge:+  145000            0     
       Src Latency:+       0            0     
       Net Latency:+     200 (I)      200 (I) 
           Arrival:=  145200          200     
                                              
             Setup:-     895                  
       Uncertainty:-     300                  
     Required Time:=  144005                  
      Launch Clock:-     200                  
         Data Path:-   92508                  
             Slack:=   51297                  

#---------------------------------------------------------------------------------------------------------------
#           Timing Point            Flags     Arc     Edge   Cell     Fanout  Load Trans Delay Arrival Instance 
#                                                                             (fF)  (ps)  (ps)   (ps)  Location 
#---------------------------------------------------------------------------------------------------------------
  U4/U0_rs2_data_internal_reg[1]/CK -       -         R     (arrival)   1466     -     0     0     200    (-,-) 
  U4/U0_rs2_data_internal_reg[1]/Q  -       CK->Q     F     DFFX1          1  35.3   568  2620    2820    (-,-) 
  U4/drc_bufs381622/Y               -       A->Y      F     BUFX2          8 471.6   620  1610    4430    (-,-) 
  U4/g380481/Y                      -       A->Y      R     INVX2          7 421.4   746  1338    5767    (-,-) 
  U4/g309959/Y                      -       A->Y      R     OR2X1          5 326.8  1160  1994    7761    (-,-) 
  U4/g309842/Y                      -       B->Y      F     NOR2X2         8 338.2   598  1067    8828    (-,-) 
  U4/g309794/Y                      -       A->Y      R     NAND2X1        2 112.6   488  1032    9860    (-,-) 
  U4/g309103/Y                      -       A->Y      F     INVX2         17 578.3   740  1142   11002    (-,-) 
  U4/g306271/Y                      -       A->Y      R     NAND2X1        1  33.3   333   792   11795    (-,-) 
  U4/g305093/Y                      -       C->Y      F     OAI21X1        1  32.4   344   526   12320    (-,-) 
  U4/g304720__6131/Y                -       C->Y      R     AOI21X1        1  35.3   577   905   13226    (-,-) 
  U4/g304342__6783/Y                -       C->Y      F     NAND4X1        1  32.4   547   785   14010    (-,-) 
  U4/g304280__6260/Y                -       C->Y      R     AOI21X1        1  36.3   581  1008   15018    (-,-) 
  U4/g304165__4319/Y                -       D->Y      F     NAND4X1        1  32.4   554   764   15781    (-,-) 
  U4/g304095__2346/Y                -       C->Y      R     NOR3X1         2 111.5  1393  1921   17702    (-,-) 
  U4/g304069/Y                      -       A->Y      F     INVX3          7 420.4   581   936   18638    (-,-) 
  U4/add_3413_38_g1059/COUT         -       A->COUT   F     ADDFX1         1 116.3   586  2676   21313    (-,-) 
  U4/add_3413_38_g1058/COUT         -       CIN->COUT F     ADDFX1         1 116.3   586  2411   23725    (-,-) 
  U4/add_3413_38_g1057/COUT         -       CIN->COUT F     ADDFX1         1 116.3   586  2411   26136    (-,-) 
  U4/add_3413_38_g1056/COUT         -       CIN->COUT F     ADDFX1         1 116.3   586  2411   28547    (-,-) 
  U4/add_3413_38_g1055/COUT         -       CIN->COUT F     ADDFX1         1 116.3   586  2411   30959    (-,-) 
  U4/add_3413_38_g1054/COUT         -       CIN->COUT F     ADDFX1         1 116.3   586  2411   33370    (-,-) 
  U4/add_3413_38_g1053/COUT         -       CIN->COUT F     ADDFX1         1 116.3   586  2411   35781    (-,-) 
  U4/add_3413_38_g1052/COUT         -       CIN->COUT F     ADDFX1         1 116.3   586  2411   38192    (-,-) 
  U4/add_3413_38_g1051/COUT         -       CIN->COUT F     ADDFX1         1 116.3   586  2411   40604    (-,-) 
  U4/add_3413_38_g1050/COUT         -       CIN->COUT F     ADDFX1         1 116.3   586  2411   43015    (-,-) 
  U4/add_3413_38_g1049/COUT         -       CIN->COUT F     ADDFX1         1 116.3   586  2411   45426    (-,-) 
  U4/add_3413_38_g1048/COUT         -       CIN->COUT F     ADDFX1         1 116.3   586  2411   47838    (-,-) 
  U4/add_3413_38_g1047/COUT         -       CIN->COUT F     ADDFX1         1 116.3   586  2411   50249    (-,-) 
  U4/add_3413_38_g1046/COUT         -       CIN->COUT F     ADDFX1         1 116.3   586  2411   52660    (-,-) 
  U4/add_3413_38_g1045/COUT         -       CIN->COUT F     ADDFX1         1 116.3   586  2411   55072    (-,-) 
  U4/add_3413_38_g1044/COUT         -       CIN->COUT F     ADDFX1         1 116.3   586  2411   57483    (-,-) 
  U4/add_3413_38_g1043/COUT         -       CIN->COUT F     ADDFX1         1 116.3   586  2411   59894    (-,-) 
  U4/add_3413_38_g1042/COUT         -       CIN->COUT F     ADDFX1         1 116.3   586  2411   62306    (-,-) 
  U4/add_3413_38_g1041/COUT         -       CIN->COUT F     ADDFX1         1 116.3   586  2411   64717    (-,-) 
  U4/add_3413_38_g1040/COUT         -       CIN->COUT F     ADDFX1         1 116.3   586  2411   67128    (-,-) 
  U4/add_3413_38_g1039/COUT         -       CIN->COUT F     ADDFX1         1 116.3   586  2411   69539    (-,-) 
  U4/add_3413_38_g1038/COUT         -       CIN->COUT F     ADDFX1         1 116.3   586  2411   71951    (-,-) 
  U4/add_3413_38_g1037/COUT         -       CIN->COUT F     ADDFX1         1 116.3   586  2411   74362    (-,-) 
  U4/add_3413_38_g1036/COUT         -       CIN->COUT F     ADDFX1         1 116.3   586  2411   76773    (-,-) 
  U4/add_3413_38_g1035/COUT         -       CIN->COUT F     ADDFX1         1 116.3   586  2411   79185    (-,-) 
  U4/add_3413_38_g1034/COUT         -       CIN->COUT F     ADDFX1         1 116.3   586  2411   81596    (-,-) 
  U4/add_3413_38_g1033/COUT         -       CIN->COUT F     ADDFX1         1 116.3   586  2411   84007    (-,-) 
  U4/add_3413_38_g1032/COUT         -       CIN->COUT F     ADDFX1         1 116.3   586  2411   86418    (-,-) 
  U4/add_3413_38_g1031/COUT         -       CIN->COUT F     ADDFX1         1  67.4   461  2183   88602    (-,-) 
  U4/add_3413_38_g1030/Y            -       B->Y      F     XNOR2X1        3 124.6   700  1516   90118    (-,-) 
  U4/g371912/Y                      -       B->Y      F     AND2X1         1  32.4   143  1025   91143    (-,-) 
  U4/g370637/Y                      -       C->Y      R     AOI21X1        1  35.3   465   812   91955    (-,-) 
  U4/g367329/Y                      -       C->Y      F     NAND4X1        1  30.6   519   753   92708    (-,-) 
  U4/alu_result_reg[31]/D           <<<     -         F     DFFX1          1     -     -     0   92708    (-,-) 
#---------------------------------------------------------------------------------------------------------------

