============================================================
  Generated by:           Genus(TM) Synthesis Solution 21.19-s055_1
  Generated on:           Dec 30 2024  09:58:11 pm
  Module:                 BRISC_top_no_io
  Operating conditions:   PVT_1P8V_25C (balanced_tree)
  Wireload mode:          enclosed
  Area mode:              timing library
============================================================

                                 
  Gate   Instances      Area               Library           
-------------------------------------------------------------
ADDFX1          58    287680.000    KISTA_SOI_STDLIB2_CCS_TT 
ADDHX1           6     13440.000    KISTA_SOI_STDLIB2_CCS_TT 
AND2X1         129    123840.000    KISTA_SOI_STDLIB2_CCS_TT 
AND3X1          18     23040.000    KISTA_SOI_STDLIB2_CCS_TT 
AND4X1          25     40000.000    KISTA_SOI_STDLIB2_CCS_TT 
AO21X1         102    130560.000    KISTA_SOI_STDLIB2_CCS_TT 
AOI21X1       1183   1135680.000    KISTA_SOI_STDLIB2_CCS_TT 
BUFX2          673    430720.000    KISTA_SOI_STDLIB2_CCS_TT 
BUFX3            1       640.000    KISTA_SOI_STDLIB2_CCS_TT 
DFFX1         1472   6359040.000    KISTA_SOI_STDLIB2_CCS_TT 
INVX1            9      2880.000    KISTA_SOI_STDLIB2_CCS_TT 
INVX2         1160    371200.000    KISTA_SOI_STDLIB2_CCS_TT 
INVX3          693    221760.000    KISTA_SOI_STDLIB2_CCS_TT 
MX2X1           83    159360.000    KISTA_SOI_STDLIB2_CCS_TT 
NAND2X1       3283   2101120.000    KISTA_SOI_STDLIB2_CCS_TT 
NAND2X2       2026   1296640.000    KISTA_SOI_STDLIB2_CCS_TT 
NAND3X1        293    281280.000    KISTA_SOI_STDLIB2_CCS_TT 
NAND4X1        791   1012480.000    KISTA_SOI_STDLIB2_CCS_TT 
NOR2X1         284    181760.000    KISTA_SOI_STDLIB2_CCS_TT 
NOR2X2         709    453760.000    KISTA_SOI_STDLIB2_CCS_TT 
NOR2X3          39     37440.000    KISTA_SOI_STDLIB2_CCS_TT 
NOR3X1         165    158400.000    KISTA_SOI_STDLIB2_CCS_TT 
NOR4X1         112    143360.000    KISTA_SOI_STDLIB2_CCS_TT 
OA21X1          87    111360.000    KISTA_SOI_STDLIB2_CCS_TT 
OAI21X1       2033   1951680.000    KISTA_SOI_STDLIB2_CCS_TT 
OR2X1           59     56640.000    KISTA_SOI_STDLIB2_CCS_TT 
OR3X1           17     21760.000    KISTA_SOI_STDLIB2_CCS_TT 
OR4X1           17     27200.000    KISTA_SOI_STDLIB2_CCS_TT 
XNOR2X1         49     78400.000    KISTA_SOI_STDLIB2_CCS_TT 
XOR2X1          20     32000.000    KISTA_SOI_STDLIB2_CCS_TT 
-------------------------------------------------------------
total        15596  17245120.000                             


                                             
     Type      Instances     Area     Area % 
---------------------------------------------
sequential          1472  6359040.000   36.9 
inverter            1862   595840.000    3.5 
buffer               674   431360.000    2.5 
logic              11588  9858880.000   57.2 
physical_cells         0        0.000    0.0 
---------------------------------------------
total              15596 17245120.000  100.0 

