============================================================
  Generated by:           Genus(TM) Synthesis Solution 21.19-s055_1
  Generated on:           Dec 30 2024  07:47:37 pm
  Module:                 BRISC_top_no_io
  Operating conditions:   PVT_1P8V_25C (balanced_tree)
  Wireload mode:          enclosed
  Area mode:              timing library
============================================================

                                 
  Gate   Instances      Area               Library           
-------------------------------------------------------------
ADDFX1          44    218240.000    KISTA_SOI_STDLIB2_CCS_TT 
ADDHX1           3      6720.000    KISTA_SOI_STDLIB2_CCS_TT 
AND2X1         162    155520.000    KISTA_SOI_STDLIB2_CCS_TT 
AND3X1           8     10240.000    KISTA_SOI_STDLIB2_CCS_TT 
AND4X1          36     57600.000    KISTA_SOI_STDLIB2_CCS_TT 
AO21X1          30     38400.000    KISTA_SOI_STDLIB2_CCS_TT 
AOI21X1       1023    982080.000    KISTA_SOI_STDLIB2_CCS_TT 
BUFX2          685    438400.000    KISTA_SOI_STDLIB2_CCS_TT 
BUFX3            9      5760.000    KISTA_SOI_STDLIB2_CCS_TT 
DFFX1         1472   6359040.000    KISTA_SOI_STDLIB2_CCS_TT 
INVX1            1       320.000    KISTA_SOI_STDLIB2_CCS_TT 
INVX2         1014    324480.000    KISTA_SOI_STDLIB2_CCS_TT 
INVX3          671    214720.000    KISTA_SOI_STDLIB2_CCS_TT 
MX2X1           84    161280.000    KISTA_SOI_STDLIB2_CCS_TT 
NAND2X1       3698   2366720.000    KISTA_SOI_STDLIB2_CCS_TT 
NAND2X2       1838   1176320.000    KISTA_SOI_STDLIB2_CCS_TT 
NAND3X1        333    319680.000    KISTA_SOI_STDLIB2_CCS_TT 
NAND4X1        842   1077760.000    KISTA_SOI_STDLIB2_CCS_TT 
NOR2X1         274    175360.000    KISTA_SOI_STDLIB2_CCS_TT 
NOR2X2         724    463360.000    KISTA_SOI_STDLIB2_CCS_TT 
NOR2X3          38     36480.000    KISTA_SOI_STDLIB2_CCS_TT 
NOR3X1         137    131520.000    KISTA_SOI_STDLIB2_CCS_TT 
NOR4X1         160    204800.000    KISTA_SOI_STDLIB2_CCS_TT 
OA21X1          49     62720.000    KISTA_SOI_STDLIB2_CCS_TT 
OAI21X1       1961   1882560.000    KISTA_SOI_STDLIB2_CCS_TT 
OR2X1           60     57600.000    KISTA_SOI_STDLIB2_CCS_TT 
OR3X1           44     56320.000    KISTA_SOI_STDLIB2_CCS_TT 
OR4X1           19     30400.000    KISTA_SOI_STDLIB2_CCS_TT 
XNOR2X1         48     76800.000    KISTA_SOI_STDLIB2_CCS_TT 
XOR2X1          54     86400.000    KISTA_SOI_STDLIB2_CCS_TT 
-------------------------------------------------------------
total        15521  17177600.000                             


                                             
     Type      Instances     Area     Area % 
---------------------------------------------
sequential          1472  6359040.000   37.0 
inverter            1686   539520.000    3.1 
buffer               694   444160.000    2.6 
logic              11669  9834880.000   57.3 
physical_cells         0        0.000    0.0 
---------------------------------------------
total              15521 17177600.000  100.0 

