============================================================
  Generated by:           Genus(TM) Synthesis Solution 21.19-s055_1
  Generated on:           Dec 31 2024  06:43:22 am
  Module:                 RISC_V_Cached
  Operating conditions:   PVT_1P8V_25C (balanced_tree)
  Wireload mode:          enclosed
  Area mode:              timing library
============================================================


Path 1: MET (1 ps) Setup Check with Pin CPU_IFD0_ProgramCounter_reg[31]/CK->D
          Group: CLK
     Startpoint: (R) CPU_IFD0_ProgramCounter_reg[6]/CK
          Clock: (R) CLK
       Endpoint: (R) CPU_IFD0_ProgramCounter_reg[31]/D
          Clock: (R) CLK

                     Capture       Launch     
        Clock Edge:+   46000            0     
       Src Latency:+       0            0     
       Net Latency:+     200 (I)      200 (I) 
           Arrival:=   46200          200     
                                              
             Setup:-    1730                  
       Uncertainty:-     300                  
     Required Time:=   44170                  
      Launch Clock:-     200                  
         Data Path:-   43969                  
             Slack:=       1                  

#-------------------------------------------------------------------------------------------------------------------------------------------------
#                              Timing Point                               Flags   Arc   Edge   Cell     Fanout  Load Trans Delay Arrival Instance 
#                                                                                                               (fF)  (ps)  (ps)   (ps)  Location 
#-------------------------------------------------------------------------------------------------------------------------------------------------
  CPU_IFD0_ProgramCounter_reg[6]/CK                                       -       -     R     (arrival)   4084     -     0     0     200    (-,-) 
  CPU_IFD0_ProgramCounter_reg[6]/Q                                        -       CK->Q F     DFFRX1         1  34.7   548  2801    3001    (-,-) 
  g114750/Y                                                               -       A->Y  F     BUFX3          9 473.5   432  1455    4456    (-,-) 
  g254467/Y                                                               -       A->Y  R     INVX3          8 392.4   472   921    5377    (-,-) 
  g203229/Y                                                               -       A->Y  F     NAND2X2        2 111.6   318   529    5906    (-,-) 
  g203175/Y                                                               -       B->Y  R     NOR2X2         4 223.4   842  1212    7117    (-,-) 
  g202848/Y                                                               -       A->Y  F     NAND2X2        1  74.7   304   436    7553    (-,-) 
  g202830/Y                                                               -       A->Y  R     INVX3          9 401.3   481   847    8400    (-,-) 
  g202829/Y                                                               -       A->Y  R     BUFX4         15 587.3   536  1226    9626    (-,-) 
  g202502/Y                                                               -       A->Y  F     NAND2X1        1  55.7   373   557   10183    (-,-) 
  g201582/Y                                                               -       B->Y  R     NAND2X2        1  57.1   187   493   10676    (-,-) 
  g201387/Y                                                               -       B->Y  F     NOR2X2         1  55.7   132   290   10967    (-,-) 
  g201187/Y                                                               -       B->Y  R     NAND2X2        1  55.3   152   348   11314    (-,-) 
  g201171/Y                                                               -       A->Y  F     NOR2X2         1  80.2   160   330   11644    (-,-) 
  g201099/Y                                                               -       B->Y  R     NAND2X3        4 264.2   379   623   12267    (-,-) 
  g201059/Y                                                               -       A->Y  F     NAND2X2        1  74.7   256   416   12683    (-,-) 
  g201024/Y                                                               -       A->Y  R     INVX3          3 208.9   264   566   13250    (-,-) 
  g201023/Y                                                               -       A->Y  F     INVX3          3 213.9   200   396   13645    (-,-) 
  g200862/Y                                                               -       A->Y  R     NOR2X3         9 355.9   878  1339   14984    (-,-) 
  g200780/Y                                                               -       A->Y  F     INVX3          2 149.4   276   430   15414    (-,-) 
  g200779/Y                                                               -       A->Y  R     INVX3         15 523.5   619   983   16397    (-,-) 
  g199059/Y                                                               -       A->Y  F     NAND2X1        1  54.5   430   560   16956    (-,-) 
  g198252/Y                                                               -       A->Y  R     NAND2X2        1  57.1   195   545   17502    (-,-) 
  g197529/Y                                                               -       B->Y  F     NOR2X2         1  36.3   184   253   17755    (-,-) 
  g257526/Y                                                               -       C->Y  R     NAND3X1        1  57.1   337   535   18290    (-,-) 
  g197084/Y                                                               -       B->Y  F     NOR2X2         1  80.2   161   357   18647    (-,-) 
  g197073/Y                                                               -       B->Y  R     NAND2X3        4 181.2   285   514   19161    (-,-) 
  g197042/Y                                                               -       A->Y  F     INVX2          1  55.7   121   269   19430    (-,-) 
  g196893/Y                                                               -       B->Y  R     NAND2X2        2 113.2   268   455   19885    (-,-) 
  g196807/Y                                                               -       B->Y  F     NAND2X2        1  55.8   178   351   20236    (-,-) 
  g196784/Y                                                               -       B->Y  R     NOR2X2         1  36.7   205   399   20635    (-,-) 
  g196746/Y                                                               -       C->Y  F     NAND3X1        1  55.8   503   682   21318    (-,-) 
  g196730/Y                                                               -       B->Y  R     NOR2X2         1  56.9   289   685   22003    (-,-) 
  g196711/Y                                                               -       B->Y  F     NAND2X2        1  55.8   185   356   22359    (-,-) 
  g196706/Y                                                               -       B->Y  R     NOR2X2         1  55.5   269   475   22833    (-,-) 
  g196701/Y                                                               -       A->Y  F     NAND2X2        2  88.8   248   442   23275    (-,-) 
  g196699/Y                                                               -       A->Y  R     INVX2          1  57.1   132   383   23658    (-,-) 
  g196695/Y                                                               -       B->Y  F     NOR2X2         1  55.8   290   282   23941    (-,-) 
  g196690/Y                                                               -       B->Y  R     NOR2X2         2 133.8   541   849   24789    (-,-) 
  g196689/Y                                                               -       A->Y  F     INVX3          3 146.6   213   396   25185    (-,-) 
  g196685/Y                                                               -       B->Y  R     NAND2X2        1  56.9   168   398   25584    (-,-) 
  g196682/Y                                                               -       B->Y  F     NAND2X2        1  54.7   266   327   25911    (-,-) 
  g196664/Y                                                               -       A->Y  R     NOR2X2         1  82.2   365   720   26631    (-,-) 
  g196663/Y                                                               -       B->Y  F     NAND2X3        5 246.5   410   667   27298    (-,-) 
  g196662/Y                                                               -       A->Y  R     INVX4          4 252.9   252   639   27936    (-,-) 
  g196654/Y                                                               -       B->Y  F     NAND2X3        1  54.5   197   305   28241    (-,-) 
  g196651/Y                                                               -       A->Y  R     NAND2X2        2 137.5   304   552   28793    (-,-) 
  CPU_IFD0_add_277_66_Y_CPU_IFD0_add_305_65_Y_CPU_IFD0_add_292_64_g1357/Y -       B->Y  F     NOR2X3         2 110.5   316   338   29131    (-,-) 
  CPU_IFD0_add_277_66_Y_CPU_IFD0_add_305_65_Y_CPU_IFD0_add_292_64_g1272/Y -       B->Y  R     NOR2X2         1  57.1   295   566   29696    (-,-) 
  CPU_IFD0_add_277_66_Y_CPU_IFD0_add_305_65_Y_CPU_IFD0_add_292_64_g1267/Y -       B->Y  F     NOR2X2         2 111.2   193   402   30099    (-,-) 
  CPU_IFD0_add_277_66_Y_CPU_IFD0_add_305_65_Y_CPU_IFD0_add_292_64_g1260/Y -       B->Y  R     NOR2X2         1  80.6   362   579   30678    (-,-) 
  CPU_IFD0_add_277_66_Y_CPU_IFD0_add_305_65_Y_CPU_IFD0_add_292_64_g1258/Y -       B->Y  F     NOR2X3         2 114.7   157   355   31034    (-,-) 
  CPU_IFD0_add_277_66_Y_CPU_IFD0_add_305_65_Y_CPU_IFD0_add_292_64_g1256/Y -       B->Y  R     NOR2X2         1  80.6   362   556   31590    (-,-) 
  CPU_IFD0_add_277_66_Y_CPU_IFD0_add_305_65_Y_CPU_IFD0_add_292_64_g1254/Y -       B->Y  F     NOR2X3         3 156.6   187   416   32006    (-,-) 
  CPU_IFD0_add_277_66_Y_CPU_IFD0_add_305_65_Y_CPU_IFD0_add_292_64_g1253/Y -       B->Y  R     NOR2X2         2 114.0   471   708   32714    (-,-) 
  CPU_IFD0_add_277_66_Y_CPU_IFD0_add_305_65_Y_CPU_IFD0_add_292_64_g1249/Y -       B->Y  F     NAND2X2        1  80.2   260   465   33179    (-,-) 
  CPU_IFD0_add_277_66_Y_CPU_IFD0_add_305_65_Y_CPU_IFD0_add_292_64_g1248/Y -       B->Y  R     NAND2X3        4 210.5   321   617   33796    (-,-) 
  CPU_IFD0_add_277_66_Y_CPU_IFD0_add_305_65_Y_CPU_IFD0_add_292_64_g1244/Y -       B->Y  F     NAND2X2        1  80.2   312   426   34222    (-,-) 
  CPU_IFD0_add_277_66_Y_CPU_IFD0_add_305_65_Y_CPU_IFD0_add_292_64_g1239/Y -       B->Y  R     NAND2X3        3 176.3   286   605   34827    (-,-) 
  CPU_IFD0_add_277_66_Y_CPU_IFD0_add_305_65_Y_CPU_IFD0_add_292_64_g1237/Y -       B->Y  F     NAND2X2        1  80.2   364   417   35244    (-,-) 
  CPU_IFD0_add_277_66_Y_CPU_IFD0_add_305_65_Y_CPU_IFD0_add_292_64_g1232/Y -       B->Y  R     NAND2X3        4 210.5   323   684   35928    (-,-) 
  CPU_IFD0_add_277_66_Y_CPU_IFD0_add_305_65_Y_CPU_IFD0_add_292_64_g1227/Y -       B->Y  F     NAND2X2        1  55.7   266   363   36291    (-,-) 
  CPU_IFD0_add_277_66_Y_CPU_IFD0_add_305_65_Y_CPU_IFD0_add_292_64_g1220/Y -       B->Y  R     NAND2X2        3 170.1   360   660   36952    (-,-) 
  CPU_IFD0_add_277_66_Y_CPU_IFD0_add_305_65_Y_CPU_IFD0_add_292_64_g1215/Y -       B->Y  F     NAND2X2        1  55.7   316   371   37323    (-,-) 
  CPU_IFD0_add_277_66_Y_CPU_IFD0_add_305_65_Y_CPU_IFD0_add_292_64_g1211/Y -       B->Y  R     NAND2X2        2 113.2   262   577   37900    (-,-) 
  CPU_IFD0_add_277_66_Y_CPU_IFD0_add_305_65_Y_CPU_IFD0_add_292_64_g1203/Y -       B->Y  F     NAND2X2        2 111.2   294   488   38388    (-,-) 
  CPU_IFD0_add_277_66_Y_CPU_IFD0_add_305_65_Y_CPU_IFD0_add_292_64_g1197/Y -       B->Y  R     NOR2X2         1  57.1   278   552   38939    (-,-) 
  CPU_IFD0_add_277_66_Y_CPU_IFD0_add_305_65_Y_CPU_IFD0_add_292_64_g1193/Y -       B->Y  F     NOR2X2         2 114.7   226   403   39343    (-,-) 
  CPU_IFD0_add_277_66_Y_CPU_IFD0_add_305_65_Y_CPU_IFD0_add_292_64_g1187/Y -       B->Y  R     NOR2X2         1  57.1   281   508   39850    (-,-) 
  CPU_IFD0_add_277_66_Y_CPU_IFD0_add_305_65_Y_CPU_IFD0_add_292_64_g1184/Y -       B->Y  F     NOR2X2         2  98.9   220   378   40228    (-,-) 
  CPU_IFD0_add_277_66_Y_CPU_IFD0_add_305_65_Y_CPU_IFD0_add_292_64_g1181/Y -       B->Y  F     OA21X1         2 100.8   336  1239   41467    (-,-) 
  CPU_IFD0_add_277_66_Y_CPU_IFD0_add_305_65_Y_CPU_IFD0_add_292_64_g1179/Y -       B->Y  R     OAI21X1        1  62.5   552   928   42395    (-,-) 
  CPU_IFD0_add_277_66_Y_CPU_IFD0_add_305_65_Y_CPU_IFD0_add_292_64_g1178/Y -       B->Y  R     XNOR2X1        1  55.5   611  1043   43438    (-,-) 
  g235958/Y                                                               -       A->Y  F     NAND2X2        1  55.7   235   376   43813    (-,-) 
  g235844/Y                                                               -       B->Y  R     NAND2X2        1  33.2   166   356   44169    (-,-) 
  CPU_IFD0_ProgramCounter_reg[31]/D                                       <<<     -     R     DFFRX1         1     -     -     0   44169    (-,-) 
#-------------------------------------------------------------------------------------------------------------------------------------------------

