============================================================
  Generated by:           Genus(TM) Synthesis Solution 21.19-s055_1
  Generated on:           Dec 31 2024  06:34:38 am
  Module:                 RISC_V_Cached
  Operating conditions:   PVT_1P8V_25C (balanced_tree)
  Wireload mode:          enclosed
  Area mode:              timing library
============================================================

                                 
  Gate   Instances      Area               Library           
-------------------------------------------------------------
ADDFX1           1      4960.000    KISTA_SOI_STDLIB2_CCS_TT 
ADDHX1           1      2240.000    KISTA_SOI_STDLIB2_CCS_TT 
AND2X1         101     96960.000    KISTA_SOI_STDLIB2_CCS_TT 
AND3X1           5      6400.000    KISTA_SOI_STDLIB2_CCS_TT 
AND4X1          75    120000.000    KISTA_SOI_STDLIB2_CCS_TT 
AO21X1         110    140800.000    KISTA_SOI_STDLIB2_CCS_TT 
AOI21X1        738    708480.000    KISTA_SOI_STDLIB2_CCS_TT 
BUFX2          153     97920.000    KISTA_SOI_STDLIB2_CCS_TT 
BUFX3           42     26880.000    KISTA_SOI_STDLIB2_CCS_TT 
BUFX4            5      4000.000    KISTA_SOI_STDLIB2_CCS_TT 
BUFX9            1       960.000    KISTA_SOI_STDLIB2_CCS_TT 
DFFRX1        1486   8083840.000    KISTA_SOI_STDLIB2_CCS_TT 
DFFSX1           3     15360.000    KISTA_SOI_STDLIB2_CCS_TT 
DFFX1         2594  11206080.000    KISTA_SOI_STDLIB2_CCS_TT 
INVX1           33     10560.000    KISTA_SOI_STDLIB2_CCS_TT 
INVX2          956    305920.000    KISTA_SOI_STDLIB2_CCS_TT 
INVX3         1533    490560.000    KISTA_SOI_STDLIB2_CCS_TT 
INVX4            3      1440.000    KISTA_SOI_STDLIB2_CCS_TT 
MX2X1           71    136320.000    KISTA_SOI_STDLIB2_CCS_TT 
NAND2X1       7554   4834560.000    KISTA_SOI_STDLIB2_CCS_TT 
NAND2X2       3105   1987200.000    KISTA_SOI_STDLIB2_CCS_TT 
NAND2X3         15     14400.000    KISTA_SOI_STDLIB2_CCS_TT 
NAND3X1        324    311040.000    KISTA_SOI_STDLIB2_CCS_TT 
NAND4X1       1235   1580800.000    KISTA_SOI_STDLIB2_CCS_TT 
NOR2X1         213    136320.000    KISTA_SOI_STDLIB2_CCS_TT 
NOR2X2         958    613120.000    KISTA_SOI_STDLIB2_CCS_TT 
NOR2X3          96     92160.000    KISTA_SOI_STDLIB2_CCS_TT 
NOR3X1         125    120000.000    KISTA_SOI_STDLIB2_CCS_TT 
NOR4X1         297    380160.000    KISTA_SOI_STDLIB2_CCS_TT 
OA21X1          61     78080.000    KISTA_SOI_STDLIB2_CCS_TT 
OAI21X1       4454   4275840.000    KISTA_SOI_STDLIB2_CCS_TT 
OR2X1           87     83520.000    KISTA_SOI_STDLIB2_CCS_TT 
OR3X1           25     32000.000    KISTA_SOI_STDLIB2_CCS_TT 
OR4X1           19     30400.000    KISTA_SOI_STDLIB2_CCS_TT 
XNOR2X1        125    200000.000    KISTA_SOI_STDLIB2_CCS_TT 
XOR2X1          73    116800.000    KISTA_SOI_STDLIB2_CCS_TT 
-------------------------------------------------------------
total        26677  36346080.000                             


                                             
     Type      Instances     Area     Area % 
---------------------------------------------
sequential          4083 19305280.000   53.1 
inverter            2525   808480.000    2.2 
buffer               201   129760.000    0.4 
logic              19868 16102560.000   44.3 
physical_cells         0        0.000    0.0 
---------------------------------------------
total              26677 36346080.000  100.0 

