============================================================
  Generated by:           Genus(TM) Synthesis Solution 21.19-s055_1
  Generated on:           Dec 31 2024  07:15:53 am
  Module:                 RISC_V_Cached
  Operating conditions:   PVT_1P8V_25C (balanced_tree)
  Wireload mode:          enclosed
  Area mode:              timing library
============================================================


Path 1: MET (27 ps) Setup Check with Pin CPU_IFD0_ProgramCounter_reg[31]/CK->D
          Group: CLK
     Startpoint: (R) i_cache_dut_control_state_reg[0]/CK
          Clock: (R) CLK
       Endpoint: (R) CPU_IFD0_ProgramCounter_reg[31]/D
          Clock: (R) CLK

                     Capture       Launch     
        Clock Edge:+   82000            0     
       Src Latency:+       0            0     
       Net Latency:+     200 (I)      200 (I) 
           Arrival:=   82200          200     
                                              
             Setup:-    1747                  
       Uncertainty:-     300                  
     Required Time:=   80153                  
      Launch Clock:-     200                  
         Data Path:-   79926                  
             Slack:=      27                  

#------------------------------------------------------------------------------------------------------------------------------------------------------------
#                                 Timing Point                                   Flags     Arc     Edge   Cell     Fanout  Load Trans Delay Arrival Instance 
#                                                                                                                          (fF)  (ps)  (ps)   (ps)  Location 
#------------------------------------------------------------------------------------------------------------------------------------------------------------
  i_cache_dut_control_state_reg[0]/CK                                            -       -         R     (arrival)   4047     -     0     0     200    (-,-) 
  i_cache_dut_control_state_reg[0]/Q                                             -       CK->Q     F     DFFSX1         3 125.9  1350  4194    4394    (-,-) 
  g181655/Y                                                                      -       A->Y      F     BUFX2          2  88.6   177  1477    5871    (-,-) 
  g181619/Y                                                                      -       B->Y      R     NAND2X2        3 187.3   390   634    6505    (-,-) 
  g181558/Y                                                                      -       A->Y      F     NOR2X2         3 186.1   312   582    7087    (-,-) 
  g181549/Y                                                                      -       A->Y      R     INVX3          6 460.1   548   927    8014    (-,-) 
  g181519/Y                                                                      -       B->Y      F     NOR2X3        14 520.3   509   871    8885    (-,-) 
  g180462/Y                                                                      -       A->Y      R     NAND2X1        1  55.5   321   753    9638    (-,-) 
  g179890/Y                                                                      -       A->Y      F     NAND2X2        1  31.9   144   288    9926    (-,-) 
  g250652/Y                                                                      -       C->Y      F     AO21X1         1  32.4   185  1131   11057    (-,-) 
  g250651/Y                                                                      -       C->Y      R     AOI21X1        1  35.0   465   829   11886    (-,-) 
  g250626/Y                                                                      -       A->Y      F     NAND3X1        1  31.9   370   606   12492    (-,-) 
  g250848/Y                                                                      -       C->Y      F     AO21X1         1  31.9   184  1234   13726    (-,-) 
  g250847/Y                                                                      -       C->Y      F     AO21X1         1  33.6   188  1156   14882    (-,-) 
  g250602/Y                                                                      -       A->Y      R     NOR3X1         1  35.1   619  1088   15970    (-,-) 
  g250601/Y                                                                      -       A->Y      R     AND2X1         1  56.9   273   992   16962    (-,-) 
  g179427/Y                                                                      -       B->Y      F     NAND2X2       10 565.6  1278  1587   18550    (-,-) 
  g179406/Y                                                                      -       A->Y      R     INVX3          2  88.3   265   889   19438    (-,-) 
  g179347/Y                                                                      -       A->Y      F     NOR2X2         2 111.4   290   414   19852    (-,-) 
  g179292/Y                                                                      -       B->Y      R     NAND2X2        4 275.4   540   877   20729    (-,-) 
  g179228/Y                                                                      -       B->Y      F     NOR2X3        14 513.0   576   860   21589    (-,-) 
  g250582/Y                                                                      -       B->Y      F     AO21X1         1  32.4   188  1187   22776    (-,-) 
  g250581/Y                                                                      -       C->Y      R     AOI21X1        1  35.0   512   830   23607    (-,-) 
  g250554/Y                                                                      -       A->Y      F     NAND3X1        1  32.4   377   611   24218    (-,-) 
  g250824/Y                                                                      -       C->Y      R     AOI21X1        1  55.5   622  1079   25297    (-,-) 
  g250823/Y                                                                      -       A->Y      F     NAND2X2        1  33.6   193   296   25592    (-,-) 
  g250546/Y                                                                      -       A->Y      R     NOR3X1         1  34.7   616  1086   26678    (-,-) 
  g250860/Y                                                                      -       A->Y      F     NAND4X1        1  33.8   546   847   27525    (-,-) 
  g250543/Y                                                                      -       A->Y      F     OR2X1          6 246.1   679  1913   29438    (-,-) 
  g175572/Y                                                                      -       A->Y      R     NAND2X2        1  56.9   234   688   30126    (-,-) 
  g175524/Y                                                                      -       B->Y      F     NAND2X2        2  87.8   239   422   30548    (-,-) 
  g250516/Y                                                                      -       C->Y      F     OR4X1          1  29.8   252  1690   32238    (-,-) 
  g175412/Y                                                                      -       D->Y      R     NOR4X1         1  36.3   930  1105   33343    (-,-) 
  g175404/Y                                                                      -       D->Y      F     NAND4X1        1  29.8   558   808   34151    (-,-) 
  g175396/Y                                                                      -       D->Y      R     NOR4X1         1  36.3   929  1274   35425    (-,-) 
  g175391/Y                                                                      -       D->Y      F     NAND4X1        1  29.8   558   808   36234    (-,-) 
  g175387/Y                                                                      -       D->Y      R     NOR4X1         1  36.7   935  1280   37513    (-,-) 
  g250518/Y                                                                      -       C->Y      F     NAND3X1        1  33.6   455   695   38209    (-,-) 
  g250517/Y                                                                      -       A->Y      R     NOR3X1         1  62.5   898  1510   39718    (-,-) 
  g175384/Y                                                                      -       B->Y      R     XNOR2X1        1  56.9   617  1114   40832    (-,-) 
  g175383/Y                                                                      -       B->Y      F     NAND2X2        1  55.7   238   413   41246    (-,-) 
  g175382/Y                                                                      -       B->Y      R     NAND2X2        2 113.2   274   529   41774    (-,-) 
  g175381/Y                                                                      -       B->Y      F     NAND2X2        2 111.2   301   491   42266    (-,-) 
  g175380/Y                                                                      -       B->Y      R     NOR2X2         8 280.4  1034  1421   43687    (-,-) 
  g175377/Y                                                                      -       A->Y      F     NAND2X1        1  32.7   333   434   44121    (-,-) 
  g175373/Y                                                                      -       C->Y      R     OAI21X1        2 114.0   900   884   45005    (-,-) 
  CPU_IFD0_add_277_66_Y_CPU_IFD0_add_305_65_Y_CPU_IFD0_add_292_64_g2707/Y        -       B->Y      F     NOR2X2         2  86.2   270   424   45430    (-,-) 
  CPU_IFD0_add_277_66_Y_CPU_IFD0_add_305_65_Y_CPU_IFD0_add_292_64_g2609/Y        -       B->Y      F     OA21X1         2  98.9   332  1261   46691    (-,-) 
  CPU_IFD0_add_277_66_Y_CPU_IFD0_add_305_65_Y_CPU_IFD0_add_292_64_g2763/Y        -       B->Y      F     OA21X1         2  98.9   332  1297   47988    (-,-) 
  CPU_IFD0_add_277_66_Y_CPU_IFD0_add_305_65_Y_CPU_IFD0_add_292_64_g2762/Y        -       B->Y      F     OA21X1         2  98.9   332  1297   49285    (-,-) 
  CPU_IFD0_add_277_66_Y_CPU_IFD0_add_305_65_Y_CPU_IFD0_add_292_64_g2/Y           -       B->Y      F     OA21X1         2 100.8   336  1304   50589    (-,-) 
  CPU_IFD0_add_277_66_Y_CPU_IFD0_add_305_65_Y_CPU_IFD0_add_292_64_g2593/Y        -       B->Y      R     OAI21X1        2 139.2  1071  1526   52115    (-,-) 
  CPU_IFD0_add_277_66_Y_CPU_IFD0_add_305_65_Y_CPU_IFD0_add_292_64_g2592/Y        -       A->Y      F     INVX3          1  33.4   154   122   52238    (-,-) 
  CPU_IFD0_add_277_66_Y_CPU_IFD0_add_305_65_Y_CPU_IFD0_add_292_64_g2590/Y        -       B->Y      R     OAI21X1        2 139.2  1071  1426   53663    (-,-) 
  CPU_IFD0_add_277_66_Y_CPU_IFD0_add_305_65_Y_CPU_IFD0_add_292_64_g2589/Y        -       A->Y      F     INVX3          1  33.4   154   122   53786    (-,-) 
  CPU_IFD0_add_277_66_Y_CPU_IFD0_add_305_65_Y_CPU_IFD0_add_292_64_g2587/Y        -       B->Y      R     OAI21X1        2 119.4   937  1270   55056    (-,-) 
  CPU_IFD0_add_277_66_Y_CPU_IFD0_add_305_65_Y_CPU_IFD0_add_292_64_g2586/Y        -       B->Y      F     NAND2X2        2  90.3   356   562   55618    (-,-) 
  g250513/Y                                                                      -       A->Y      F     AND2X1         1  33.1   142   833   56451    (-,-) 
  g250512/Y                                                                      -       A->Y      F     OA21X1         2  98.9   332  1277   57728    (-,-) 
  CPU_IFD0_add_277_66_Y_CPU_IFD0_add_305_65_Y_CPU_IFD0_add_292_64_g2579/Y        -       B->Y      F     OA21X1         2 100.8   336  1304   59031    (-,-) 
  CPU_IFD0_add_277_66_Y_CPU_IFD0_add_305_65_Y_CPU_IFD0_add_292_64_g2577/Y        -       B->Y      R     OAI21X1        1 126.3   984  1426   60457    (-,-) 
  g250864/COUT                                                                   -       CIN->COUT R     ADDFX1         1  56.3   487  2103   62560    (-,-) 
  g250865/Y                                                                      -       A->Y      F     INVX2          2 100.8   206   398   62957    (-,-) 
  CPU_IFD0_add_277_66_Y_CPU_IFD0_add_305_65_Y_CPU_IFD0_add_292_64_g2572/Y        -       B->Y      R     OAI21X1        2 139.2  1071  1455   64412    (-,-) 
  CPU_IFD0_add_277_66_Y_CPU_IFD0_add_305_65_Y_CPU_IFD0_add_292_64_g2571/Y        -       A->Y      F     INVX3          1  33.4   154   122   64534    (-,-) 
  CPU_IFD0_add_277_66_Y_CPU_IFD0_add_305_65_Y_CPU_IFD0_add_292_64_g2569/Y        -       B->Y      R     OAI21X1        2 139.2  1071  1426   65960    (-,-) 
  CPU_IFD0_add_277_66_Y_CPU_IFD0_add_305_65_Y_CPU_IFD0_add_292_64_g2568/Y        -       A->Y      F     INVX3          1  33.4   154   122   66083    (-,-) 
  CPU_IFD0_add_277_66_Y_CPU_IFD0_add_305_65_Y_CPU_IFD0_add_292_64_g2566/Y        -       B->Y      R     OAI21X1        2 119.4   937  1270   67353    (-,-) 
  CPU_IFD0_add_277_66_Y_CPU_IFD0_add_305_65_Y_CPU_IFD0_add_292_64_g2565/Y        -       B->Y      F     NAND2X2        2 111.5   400   641   67994    (-,-) 
  CPU_IFD0_add_277_66_Y_CPU_IFD0_add_305_65_Y_CPU_IFD0_add_292_64_g2563/Y        -       B->Y      R     NOR2X2         2  91.9   403   754   68748    (-,-) 
  CPU_IFD0_add_277_66_Y_CPU_IFD0_add_305_65_Y_CPU_IFD0_add_292_64_g2559/Y        -       B->Y      F     AOI21X1        3 152.6   753  1078   69826    (-,-) 
  CPU_IFD0_add_277_66_Y_CPU_IFD0_add_305_65_Y_CPU_IFD0_add_292_64_g2556/Y        -       D->Y      R     NOR4X1         1  36.9   939  1402   71229    (-,-) 
  CPU_IFD0_add_277_66_Y_CPU_IFD0_add_305_65_Y_CPU_IFD0_add_292_64_g2552/Y        -       C->Y      F     NOR3X1         2 122.8   468   862   72091    (-,-) 
  CPU_IFD0_add_277_66_Y_CPU_IFD0_add_305_65_Y_CPU_IFD0_add_292_64_drc_bufs2749/Y -       A->Y      R     INVX2          1  56.3   166   511   72602    (-,-) 
  CPU_IFD0_add_277_66_Y_CPU_IFD0_add_305_65_Y_CPU_IFD0_add_292_64_drc_bufs2748/Y -       A->Y      F     INVX2          2  65.8   108   267   72870    (-,-) 
  CPU_IFD0_add_277_66_Y_CPU_IFD0_add_305_65_Y_CPU_IFD0_add_292_64_g2548/Y        -       C->Y      R     NOR3X1         2 113.2  1410  1702   74571    (-,-) 
  CPU_IFD0_add_277_66_Y_CPU_IFD0_add_305_65_Y_CPU_IFD0_add_292_64_g2541/Y        -       B->Y      F     NAND2X2        2 111.2   476   685   75256    (-,-) 
  CPU_IFD0_add_277_66_Y_CPU_IFD0_add_305_65_Y_CPU_IFD0_add_292_64_g2537/Y        -       B->Y      R     NOR2X2         2 114.0   475   886   76142    (-,-) 
  CPU_IFD0_add_277_66_Y_CPU_IFD0_add_305_65_Y_CPU_IFD0_add_292_64_g2533/Y        -       B->Y      F     NAND2X2        2 111.2   316   555   76697    (-,-) 
  CPU_IFD0_add_277_66_Y_CPU_IFD0_add_305_65_Y_CPU_IFD0_add_292_64_g2530/Y        -       B->Y      R     NOR2X2         2 114.0   475   788   77485    (-,-) 
  CPU_IFD0_add_277_66_Y_CPU_IFD0_add_305_65_Y_CPU_IFD0_add_292_64_g2527/Y        -       B->Y      F     NAND2X2        1  36.3   174   326   77811    (-,-) 
  CPU_IFD0_add_277_66_Y_CPU_IFD0_add_305_65_Y_CPU_IFD0_add_292_64_g2524/Y        -       C->Y      R     NAND3X1        1  62.5   354   549   78360    (-,-) 
  CPU_IFD0_add_277_66_Y_CPU_IFD0_add_305_65_Y_CPU_IFD0_add_292_64_g2522/Y        -       B->Y      R     XNOR2X1        1  56.9   621   984   79344    (-,-) 
  g229721/Y                                                                      -       B->Y      F     NAND2X2        1  36.3   194   336   79679    (-,-) 
  g229686/Y                                                                      -       C->Y      R     NAND3X1        1  33.2   257   447   80126    (-,-) 
  CPU_IFD0_ProgramCounter_reg[31]/D                                              <<<     -         R     DFFRX1         1     -     -     0   80126    (-,-) 
#------------------------------------------------------------------------------------------------------------------------------------------------------------

