============================================================
  Generated by:           Genus(TM) Synthesis Solution 21.19-s055_1
  Generated on:           Jan 02 2025  05:54:00 am
  Module:                 RISC_V_Cached
  Operating conditions:   PVT_1P8V_25C (balanced_tree)
  Wireload mode:          enclosed
  Area mode:              timing library
============================================================

                                 
  Gate   Instances      Area               Library           
-------------------------------------------------------------
ADDHX1           1      2240.000    KISTA_SOI_STDLIB2_CCS_TT 
AND2X1          81     77760.000    KISTA_SOI_STDLIB2_CCS_TT 
AND3X1          18     23040.000    KISTA_SOI_STDLIB2_CCS_TT 
AND4X1          72    115200.000    KISTA_SOI_STDLIB2_CCS_TT 
AO21X1          14     17920.000    KISTA_SOI_STDLIB2_CCS_TT 
AOI21X1        722    693120.000    KISTA_SOI_STDLIB2_CCS_TT 
BUFX2          402    257280.000    KISTA_SOI_STDLIB2_CCS_TT 
BUFX3          140     89600.000    KISTA_SOI_STDLIB2_CCS_TT 
BUFX4           87     69600.000    KISTA_SOI_STDLIB2_CCS_TT 
BUFX9          130    124800.000    KISTA_SOI_STDLIB2_CCS_TT 
DFFRX1        1483   8067520.000    KISTA_SOI_STDLIB2_CCS_TT 
DFFSX1           3     15360.000    KISTA_SOI_STDLIB2_CCS_TT 
DFFX1         2594  11206080.000    KISTA_SOI_STDLIB2_CCS_TT 
INVX1          175     56000.000    KISTA_SOI_STDLIB2_CCS_TT 
INVX2         1399    447680.000    KISTA_SOI_STDLIB2_CCS_TT 
INVX3         1956    625920.000    KISTA_SOI_STDLIB2_CCS_TT 
INVX4          125     60000.000    KISTA_SOI_STDLIB2_CCS_TT 
MX2X1            6     11520.000    KISTA_SOI_STDLIB2_CCS_TT 
NAND2X1       7999   5119360.000    KISTA_SOI_STDLIB2_CCS_TT 
NAND2X2       3946   2525440.000    KISTA_SOI_STDLIB2_CCS_TT 
NAND2X3        243    233280.000    KISTA_SOI_STDLIB2_CCS_TT 
NAND3X1        242    232320.000    KISTA_SOI_STDLIB2_CCS_TT 
NAND4X1        827   1058560.000    KISTA_SOI_STDLIB2_CCS_TT 
NOR2X1         300    192000.000    KISTA_SOI_STDLIB2_CCS_TT 
NOR2X2        1818   1163520.000    KISTA_SOI_STDLIB2_CCS_TT 
NOR2X3         223    214080.000    KISTA_SOI_STDLIB2_CCS_TT 
NOR3X1         116    111360.000    KISTA_SOI_STDLIB2_CCS_TT 
NOR4X1         118    151040.000    KISTA_SOI_STDLIB2_CCS_TT 
OA21X1          49     62720.000    KISTA_SOI_STDLIB2_CCS_TT 
OAI21X1       4478   4298880.000    KISTA_SOI_STDLIB2_CCS_TT 
OR2X1           25     24000.000    KISTA_SOI_STDLIB2_CCS_TT 
OR3X1            5      6400.000    KISTA_SOI_STDLIB2_CCS_TT 
OR4X1           14     22400.000    KISTA_SOI_STDLIB2_CCS_TT 
XNOR2X1        155    248000.000    KISTA_SOI_STDLIB2_CCS_TT 
XOR2X1          67    107200.000    KISTA_SOI_STDLIB2_CCS_TT 
-------------------------------------------------------------
total        30033  37731200.000                             


                                             
     Type      Instances     Area     Area % 
---------------------------------------------
sequential          4080 19288960.000   51.1 
inverter            3655  1189600.000    3.2 
buffer               759   541280.000    1.4 
logic              21539 16711360.000   44.3 
physical_cells         0        0.000    0.0 
---------------------------------------------
total              30033 37731200.000  100.0 

