============================================================
  Generated by:           Genus(TM) Synthesis Solution 21.19-s055_1
  Generated on:           Dec 31 2024  12:33:09 pm
  Module:                 RISC_V_Cached
  Operating conditions:   PVT_1P8V_25C (balanced_tree)
  Wireload mode:          enclosed
  Area mode:              timing library
============================================================


Path 1: MET (4 ps) Setup Check with Pin CPU_IFD0_ProgramCounter_reg[10]/CK->D
          Group: CLK
     Startpoint: (R) CPU_IFD0_ProgramCounter_reg[6]/CK
          Clock: (R) CLK
       Endpoint: (R) CPU_IFD0_ProgramCounter_reg[10]/D
          Clock: (R) CLK

                     Capture       Launch     
        Clock Edge:+   37000            0     
       Src Latency:+       0            0     
       Net Latency:+     200 (I)      200 (I) 
           Arrival:=   37200          200     
                                              
             Setup:-    1766                  
       Uncertainty:-     300                  
     Required Time:=   35134                  
      Launch Clock:-     200                  
         Data Path:-   34930                  
             Slack:=       4                  

#-----------------------------------------------------------------------------------------------------------
#           Timing Point            Flags   Arc   Edge   Cell     Fanout  Load Trans Delay Arrival Instance 
#                                                                         (fF)  (ps)  (ps)   (ps)  Location 
#-----------------------------------------------------------------------------------------------------------
  CPU_IFD0_ProgramCounter_reg[6]/CK -       -     R     (arrival)   4084     -     0     0     200    (-,-) 
  CPU_IFD0_ProgramCounter_reg[6]/Q  -       CK->Q F     DFFRX1         2  90.1   842  3470    3670    (-,-) 
  g120183/Y                         -       A->Y  F     BUFX3          6 326.8   318  1505    5175    (-,-) 
  g166080/Y                         -       B->Y  R     NOR2X2         1  56.9   278   566    5741    (-,-) 
  g166033/Y                         -       B->Y  F     NAND2X2        2 149.4   372   589    6330    (-,-) 
  g166019/Y                         -       A->Y  R     INVX3          2 133.6   195   539    6869    (-,-) 
  g166018/Y                         -       A->Y  F     INVX3          2 134.3   126   296    7165    (-,-) 
  g165984/Y                         -       A->Y  R     NOR2X2        11 384.8  1386  1827    8992    (-,-) 
  g165814/Y                         -       A->Y  R     BUFX2         12 548.5   976  1869   10861    (-,-) 
  g164397/Y                         -       B->Y  F     AOI21X1        1  55.7   451   735   11596    (-,-) 
  g164171/Y                         -       B->Y  R     NAND2X2        1  57.1   172   538   12134    (-,-) 
  g164149/Y                         -       B->Y  F     NOR2X2         1  80.2   198   323   12457    (-,-) 
  g164066/Y                         -       B->Y  R     NAND2X3        8 447.3   586   883   13340    (-,-) 
  g297792/Y                         -       A->Y  F     INVX3          3 232.7   277   519   13859    (-,-) 
  g297790/Y                         -       A->Y  R     INVX3          3 172.9   226   534   14393    (-,-) 
  g296780/Y                         -       B->Y  F     NOR2X3         5 292.7   317   511   14904    (-,-) 
  g296530/Y                         -       A->Y  R     INVX3          4 299.2   366   725   15629    (-,-) 
  g294858/Y                         -       A->Y  F     NOR2X3        14 580.6   545   871   16500    (-,-) 
  g294462/Y                         -       A->Y  R     INVX3          2 133.0   216   644   17144    (-,-) 
  g294459/Y                         -       A->Y  F     INVX3         15 576.3   492   723   17867    (-,-) 
  g292760/Y                         -       B->Y  R     NAND2X2        1  35.6   261   497   18364    (-,-) 
  g289471/Y                         -       D->Y  R     AND4X1         1  36.3   267  1281   19645    (-,-) 
  g288014/Y                         -       D->Y  F     NAND4X1        1  32.4   538   673   20318    (-,-) 
  g286491/Y                         -       C->Y  R     NOR3X1         1  56.9   842  1281   21599    (-,-) 
  g285344/Y                         -       B->Y  F     NAND2X2        2 111.0   425   628   22227    (-,-) 
  g283808/Y                         -       A->Y  R     INVX3          3 147.0   213   595   22823    (-,-) 
  g281014/Y                         -       B->Y  F     NOR2X2         3 142.7   263   427   23249    (-,-) 
  g279877/Y                         -       A->Y  R     INVX2          1  55.5   131   388   23638    (-,-) 
  g279484/Y                         -       A->Y  F     NAND2X2        3 121.7   322   505   24142    (-,-) 
  g276878/Y                         -       A->Y  R     NOR4X1         1  35.3   917  1616   25758    (-,-) 
  g276751/Y                         -       C->Y  F     NAND4X1        1  29.8   578   795   26553    (-,-) 
  g276705/Y                         -       D->Y  R     NOR4X1         1  33.0   888  1236   27789    (-,-) 
  g276025/Y                         -       C->Y  F     AOI21X1        2  89.9   493   818   28607    (-,-) 
  g275973/Y                         -       A->Y  R     NAND2X1        1  33.3   234   647   29254    (-,-) 
  g275971/Y                         -       C->Y  F     OAI21X1        1  32.7   290   510   29763    (-,-) 
  g275922/Y                         -       B->Y  R     AOI21X1        2 115.8  1011  1342   31105    (-,-) 
  g275918/Y                         -       B->Y  F     OAI21X1        1  36.3   357   553   31658    (-,-) 
  g275895/Y                         -       C->Y  R     NAND3X1        1  56.9   334   648   32306    (-,-) 
  g275885/Y                         -       B->Y  F     NAND2X2        3 185.7   457   698   33004    (-,-) 
  g275880/Y                         -       A->Y  R     INVX3          8 363.1   440   901   33905    (-,-) 
  g275879/Y                         -       A->Y  F     INVX3          9 300.6   289   558   34463    (-,-) 
  g275840/Y                         -       B->Y  R     OAI21X1        1  33.2   364   667   35130    (-,-) 
  CPU_IFD0_ProgramCounter_reg[10]/D <<<     -     R     DFFRX1         1     -     -     0   35130    (-,-) 
#-----------------------------------------------------------------------------------------------------------

