============================================================
  Generated by:           Genus(TM) Synthesis Solution 21.19-s055_1
  Generated on:           Jan 02 2025  05:15:27 am
  Module:                 RISC_V_Cached
  Operating conditions:   PVT_1P8V_25C (balanced_tree)
  Wireload mode:          enclosed
  Area mode:              timing library
============================================================


Path 1: VIOLATED (-22330 ps) Setup Check with Pin CPU_IFD0_ProgramCounter_reg[23]/CK->D
          Group: CLK
     Startpoint: (R) i_cache_dut_control_state_reg[0]/CK
          Clock: (R) CLK
       Endpoint: (R) CPU_IFD0_ProgramCounter_reg[23]/D
          Clock: (R) CLK

                     Capture       Launch     
        Clock Edge:+    5000            0     
       Src Latency:+       0            0     
       Net Latency:+     200 (I)      200 (I) 
           Arrival:=    5200          200     
                                              
             Setup:-    1764                  
       Uncertainty:-     300                  
     Required Time:=    3136                  
      Launch Clock:-     200                  
         Data Path:-   25266                  
             Slack:=  -22330                  

#-------------------------------------------------------------------------------------------------------------
#            Timing Point             Flags   Arc   Edge   Cell     Fanout  Load Trans Delay Arrival Instance 
#                                                                           (fF)  (ps)  (ps)   (ps)  Location 
#-------------------------------------------------------------------------------------------------------------
  i_cache_dut_control_state_reg[0]/CK -       -     R     (arrival)   4081     -     0     0     200    (-,-) 
  i_cache_dut_control_state_reg[0]/Q  -       CK->Q F     DFFSX1         1  34.7   729  2903    3103    (-,-) 
  g454335/Y                           -       A->Y  F     BUFX3          3 191.2   215  1281    4385    (-,-) 
  g457358/Y                           -       B->Y  R     NAND2X3        2 153.4   251   512    4896    (-,-) 
  g457357/Y                           -       A->Y  F     INVX3          2 158.3   155   337    5234    (-,-) 
  g457915/Y                           -       B->Y  R     NAND2X3        1  76.7   170   367    5600    (-,-) 
  g457914/Y                           -       A->Y  F     INVX3          4 219.2   185   368    5968    (-,-) 
  g457912/Y                           -       B->Y  R     NAND2X2        1  76.7   198   422    6390    (-,-) 
  g457911/Y                           -       A->Y  F     INVX3          8 329.5   280   479    6870    (-,-) 
  g457917/Y                           -       A->Y  R     NAND2X1        1  55.5   321   599    7468    (-,-) 
  g499914/Y                           -       A->Y  F     NAND2X2        1  79.0   236   422    7890    (-,-) 
  g499912/Y                           -       B->Y  R     NOR2X3         1  82.2   282   488    8379    (-,-) 
  g499330/Y                           -       B->Y  F     NAND2X3        1  79.6   175   354    8733    (-,-) 
  g499329/Y                           -       A->Y  R     NOR2X3         1  82.2   260   611    9344    (-,-) 
  g499303/Y                           -       B->Y  F     NAND2X3        3 170.5   293   504    9848    (-,-) 
  g499843/Y                           -       B->Y  R     NOR2X3         2 110.8   331   598   10446    (-,-) 
  g457284/Y                           -       A->Y  F     NAND2X2        3 144.4   376   595   11041    (-,-) 
  g456172/Y                           -       A->Y  R     INVX2          2 111.0   231   572   11613    (-,-) 
  g449342/Y                           -       A->Y  F     NAND2X2        2 111.2   290   494   12107    (-,-) 
  g449622/Y                           -       A->Y  R     INVX2          1  81.7   177   458   12564    (-,-) 
  g456169/Y                           -       A->Y  F     NAND2X3        2 149.4   254   453   13017    (-,-) 
  g456168/Y                           -       A->Y  R     INVX3         11 425.7   508   844   13861    (-,-) 
  g448267/Y                           -       A->Y  F     NAND2X1        1  54.5   399   548   14409    (-,-) 
  g221745__6783/Y                     -       A->Y  R     NAND2X2        1  57.1   191   525   14935    (-,-) 
  g221540__7410/Y                     -       B->Y  F     NOR2X2         1  54.5   131   289   15224    (-,-) 
  g221255__9315/Y                     -       A->Y  R     NAND2X2        1  57.1   155   353   15577    (-,-) 
  g455186/Y                           -       B->Y  F     NOR2X2         2  92.0   167   336   15912    (-,-) 
  g41_0/Y                             -       B->Y  R     NAND2X2        1  76.7   194   411   16323    (-,-) 
  g754/Y                              -       A->Y  F     INVX3          2 115.9   114   275   16599    (-,-) 
  g751/Y                              -       B->Y  R     NAND2X3        3 146.0   252   438   17036    (-,-) 
  g457956/Y                           -       A->Y  F     NAND2X2        1  54.7   176   354   17390    (-,-) 
  g457955/Y                           -       A->Y  R     NOR2X2         1  80.6   359   674   18064    (-,-) 
  g457954/Y                           -       B->Y  F     NOR2X3         1  79.6   135   302   18366    (-,-) 
  g456427/Y                           -       A->Y  R     NOR2X3         1  80.6   253   590   18955    (-,-) 
  g341/Y                              -       B->Y  F     NOR2X3         1  79.0   225   288   19243    (-,-) 
  g458185/Y                           -       B->Y  R     NOR2X3         1  80.6   257   478   19721    (-,-) 
  g499569/Y                           -       B->Y  F     NOR2X3         1  79.0   133   289   20010    (-,-) 
  g302/Y                              -       B->Y  R     NOR2X3         2 138.8   394   571   20580    (-,-) 
  g291/Y                              -       A->Y  F     NAND2X3        2  90.8   206   379   20960    (-,-) 
  g290/Y                              -       C->Y  R     NAND3X1        1  55.5   329   544   21503    (-,-) 
  g758/Y                              -       A->Y  F     NAND2X2        2 109.9   298   504   22007    (-,-) 
  g458105/Y                           -       A->Y  R     INVX2          1  82.2   179   464   22471    (-,-) 
  g458104/Y                           -       B->Y  F     NAND2X3        2 111.4   209   382   22853    (-,-) 
  g458095/Y                           -       B->Y  R     NAND2X2        3 145.9   319   576   23429    (-,-) 
  g457389/Y                           -       A->Y  F     NAND2X2        1  74.7   229   411   23840    (-,-) 
  g457388/Y                           -       A->Y  R     INVX3          8 278.5   341   639   24479    (-,-) 
  g457386/Y                           -       B->Y  F     AOI21X1        1  32.7   265   462   24941    (-,-) 
  g416578/Y                           -       C->Y  R     OAI21X1        1  33.2   351   525   25466    (-,-) 
  CPU_IFD0_ProgramCounter_reg[23]/D   <<<     -     R     DFFRX1         1     -     -     0   25466    (-,-) 
#-------------------------------------------------------------------------------------------------------------

