============================================================
  Generated by:           Genus(TM) Synthesis Solution 21.19-s055_1
  Generated on:           Dec 31 2024  01:46:34 pm
  Module:                 RISC_V_Cached
  Operating conditions:   PVT_1P8V_25C (balanced_tree)
  Wireload mode:          enclosed
  Area mode:              timing library
============================================================

                                 
  Gate   Instances      Area               Library           
-------------------------------------------------------------
ADDFX1          48    238080.000    KISTA_SOI_STDLIB2_CCS_TT 
ADDHX1           3      6720.000    KISTA_SOI_STDLIB2_CCS_TT 
AND2X1         118    113280.000    KISTA_SOI_STDLIB2_CCS_TT 
AND3X1           4      5120.000    KISTA_SOI_STDLIB2_CCS_TT 
AND4X1          40     64000.000    KISTA_SOI_STDLIB2_CCS_TT 
AO21X1          79    101120.000    KISTA_SOI_STDLIB2_CCS_TT 
AOI21X1        841    807360.000    KISTA_SOI_STDLIB2_CCS_TT 
BUFX2          211    135040.000    KISTA_SOI_STDLIB2_CCS_TT 
BUFX3            7      4480.000    KISTA_SOI_STDLIB2_CCS_TT 
DFFRX1        1486   8083840.000    KISTA_SOI_STDLIB2_CCS_TT 
DFFSX1           3     15360.000    KISTA_SOI_STDLIB2_CCS_TT 
DFFX1         2557  11046240.000    KISTA_SOI_STDLIB2_CCS_TT 
INVX1            4      1280.000    KISTA_SOI_STDLIB2_CCS_TT 
INVX2         1108    354560.000    KISTA_SOI_STDLIB2_CCS_TT 
INVX3         1193    381760.000    KISTA_SOI_STDLIB2_CCS_TT 
MX2X1           99    190080.000    KISTA_SOI_STDLIB2_CCS_TT 
NAND2X1       7516   4810240.000    KISTA_SOI_STDLIB2_CCS_TT 
NAND2X2       2362   1511680.000    KISTA_SOI_STDLIB2_CCS_TT 
NAND3X1        225    216000.000    KISTA_SOI_STDLIB2_CCS_TT 
NAND4X1       1358   1738240.000    KISTA_SOI_STDLIB2_CCS_TT 
NOR2X1         183    117120.000    KISTA_SOI_STDLIB2_CCS_TT 
NOR2X2         678    433920.000    KISTA_SOI_STDLIB2_CCS_TT 
NOR2X3         131    125760.000    KISTA_SOI_STDLIB2_CCS_TT 
NOR3X1         168    161280.000    KISTA_SOI_STDLIB2_CCS_TT 
NOR4X1         235    300800.000    KISTA_SOI_STDLIB2_CCS_TT 
OA21X1          89    113920.000    KISTA_SOI_STDLIB2_CCS_TT 
OAI21X1       4404   4227840.000    KISTA_SOI_STDLIB2_CCS_TT 
OR2X1           71     68160.000    KISTA_SOI_STDLIB2_CCS_TT 
OR3X1           19     24320.000    KISTA_SOI_STDLIB2_CCS_TT 
OR4X1           28     44800.000    KISTA_SOI_STDLIB2_CCS_TT 
XNOR2X1         43     68800.000    KISTA_SOI_STDLIB2_CCS_TT 
XOR2X1         101    161600.000    KISTA_SOI_STDLIB2_CCS_TT 
-------------------------------------------------------------
total        25412  35672800.000                             


                                             
     Type      Instances     Area     Area % 
---------------------------------------------
sequential          4046 19145440.000   53.7 
inverter            2305   737600.000    2.1 
buffer               218   139520.000    0.4 
logic              18843 15650240.000   43.9 
physical_cells         0        0.000    0.0 
---------------------------------------------
total              25412 35672800.000  100.0 

