============================================================
  Generated by:           Genus(TM) Synthesis Solution 21.19-s055_1
  Generated on:           Dec 31 2024  08:12:30 am
  Module:                 RISC_V_Cached
  Operating conditions:   PVT_1P8V_25C (balanced_tree)
  Wireload mode:          enclosed
  Area mode:              timing library
============================================================

                                 
  Gate   Instances      Area               Library           
-------------------------------------------------------------
ADDFX1          61    302560.000    KISTA_SOI_STDLIB2_CCS_TT 
ADDHX1           5     11200.000    KISTA_SOI_STDLIB2_CCS_TT 
AND2X1         122    117120.000    KISTA_SOI_STDLIB2_CCS_TT 
AND3X1           6      7680.000    KISTA_SOI_STDLIB2_CCS_TT 
AND4X1          41     65600.000    KISTA_SOI_STDLIB2_CCS_TT 
AO21X1          79    101120.000    KISTA_SOI_STDLIB2_CCS_TT 
AOI21X1        889    853440.000    KISTA_SOI_STDLIB2_CCS_TT 
BUFX2          160    102400.000    KISTA_SOI_STDLIB2_CCS_TT 
BUFX3            9      5760.000    KISTA_SOI_STDLIB2_CCS_TT 
DFFRX1        1486   8083840.000    KISTA_SOI_STDLIB2_CCS_TT 
DFFSX1           3     15360.000    KISTA_SOI_STDLIB2_CCS_TT 
DFFX1         2557  11046240.000    KISTA_SOI_STDLIB2_CCS_TT 
INVX1           41     13120.000    KISTA_SOI_STDLIB2_CCS_TT 
INVX2         1218    389760.000    KISTA_SOI_STDLIB2_CCS_TT 
INVX3         1162    371840.000    KISTA_SOI_STDLIB2_CCS_TT 
MX2X1          101    193920.000    KISTA_SOI_STDLIB2_CCS_TT 
NAND2X1       7402   4737280.000    KISTA_SOI_STDLIB2_CCS_TT 
NAND2X2       2345   1500800.000    KISTA_SOI_STDLIB2_CCS_TT 
NAND3X1        222    213120.000    KISTA_SOI_STDLIB2_CCS_TT 
NAND4X1       1339   1713920.000    KISTA_SOI_STDLIB2_CCS_TT 
NOR2X1         195    124800.000    KISTA_SOI_STDLIB2_CCS_TT 
NOR2X2         674    431360.000    KISTA_SOI_STDLIB2_CCS_TT 
NOR2X3         139    133440.000    KISTA_SOI_STDLIB2_CCS_TT 
NOR3X1         173    166080.000    KISTA_SOI_STDLIB2_CCS_TT 
NOR4X1         201    257280.000    KISTA_SOI_STDLIB2_CCS_TT 
OA21X1          91    116480.000    KISTA_SOI_STDLIB2_CCS_TT 
OAI21X1       4450   4272000.000    KISTA_SOI_STDLIB2_CCS_TT 
OR2X1           67     64320.000    KISTA_SOI_STDLIB2_CCS_TT 
OR3X1           16     20480.000    KISTA_SOI_STDLIB2_CCS_TT 
OR4X1           31     49600.000    KISTA_SOI_STDLIB2_CCS_TT 
XNOR2X1         47     75200.000    KISTA_SOI_STDLIB2_CCS_TT 
XOR2X1          73    116800.000    KISTA_SOI_STDLIB2_CCS_TT 
-------------------------------------------------------------
total        25405  35673920.000                             


                                             
     Type      Instances     Area     Area % 
---------------------------------------------
sequential          4046 19145440.000   53.7 
inverter            2421   774720.000    2.2 
buffer               169   108160.000    0.3 
logic              18769 15645600.000   43.9 
physical_cells         0        0.000    0.0 
---------------------------------------------
total              25405 35673920.000  100.0 

