============================================================
  Generated by:           Genus(TM) Synthesis Solution 21.19-s055_1
  Generated on:           Dec 31 2024  02:43:49 pm
  Module:                 RISC_V_Cached
  Operating conditions:   PVT_1P8V_25C (balanced_tree)
  Wireload mode:          enclosed
  Area mode:              timing library
============================================================


Path 1: MET (50238 ps) Setup Check with Pin CPU_IFD0_ProgramCounter_reg[31]/CK->D
          Group: CLK
     Startpoint: (R) i_cache_dut_control_state_reg[0]/CK
          Clock: (R) CLK
       Endpoint: (R) CPU_IFD0_ProgramCounter_reg[31]/D
          Clock: (R) CLK

                     Capture       Launch     
        Clock Edge:+  181000            0     
       Src Latency:+       0            0     
       Net Latency:+     200 (I)      200 (I) 
           Arrival:=  181200          200     
                                              
             Setup:-    1747                  
       Uncertainty:-     300                  
     Required Time:=  179153                  
      Launch Clock:-     200                  
         Data Path:-  128716                  
             Slack:=   50238                  

#-------------------------------------------------------------------------------------------------------------------------------------------------------
#                               Timing Point                                Flags     Arc     Edge   Cell     Fanout  Load Trans Delay Arrival Instance 
#                                                                                                                     (fF)  (ps)  (ps)   (ps)  Location 
#-------------------------------------------------------------------------------------------------------------------------------------------------------
  i_cache_dut_control_state_reg[0]/CK                                       -       -         R     (arrival)   4047     -     0     0     200    (-,-) 
  i_cache_dut_control_state_reg[0]/Q                                        -       CK->Q     F     DFFSX1         3 123.9  1336  4166    4366    (-,-) 
  g194633/Y                                                                 -       B->Y      R     NAND2X2       13 503.5   926  2029    6395    (-,-) 
  g194579/Y                                                                 -       C->Y      F     NOR3X1         1  55.4   334   572    6966    (-,-) 
  drc_bufs194961/Y                                                          -       A->Y      R     INVX2          7 492.9   866  1277    8244    (-,-) 
  drc_bufs194960/Y                                                          -       A->Y      F     INVX2          2  72.4   237   348    8592    (-,-) 
  g195104/Y                                                                 -       B->Y      F     AND2X1         5 191.8   520  1241    9833    (-,-) 
  g193644/Y                                                                 -       A->Y      R     INVX2         14 513.9   902  1443   11276    (-,-) 
  g193642/Y                                                                 -       A->Y      F     INVX2         15 510.1   700  1224   12500    (-,-) 
  g192824/Y                                                                 -       A->Y      R     NAND2X1        1  34.7   270   776   13276    (-,-) 
  g192274/Y                                                                 -       A->Y      F     NAND4X1        1  33.3   524   851   14127    (-,-) 
  g192141/Y                                                                 -       A->Y      R     NOR4X1         1  55.5  1190  2000   16127    (-,-) 
  g192018/Y                                                                 -       A->Y      F     NAND2X2       11 575.9  1314  1814   17942    (-,-) 
  g191974/Y                                                                 -       A->Y      R     NAND2X2        2 113.4   408  1175   19116    (-,-) 
  g191941/Y                                                                 -       B->Y      F     NOR2X2         4 164.3   338   535   19651    (-,-) 
  g191924/Y                                                                 -       B->Y      F     AND2X1         6 225.9   604  1403   21054    (-,-) 
  g191877/Y                                                                 -       A->Y      R     INVX2          8 349.7   624  1191   22245    (-,-) 
  g190203/Y                                                                 -       B->Y      F     NOR2X1         1  32.4   212   387   22632    (-,-) 
  g189642/Y                                                                 -       C->Y      R     AOI21X1        1  34.7   511   839   23471    (-,-) 
  g188210/Y                                                                 -       A->Y      F     NAND4X1        1  29.8   505   815   24286    (-,-) 
  g188111/Y                                                                 -       D->Y      R     NOR4X1         1  36.3   931  1241   25527    (-,-) 
  g187965/Y                                                                 -       D->Y      F     NAND4X1        1  32.4   578   837   26364    (-,-) 
  g187957/Y                                                                 -       C->Y      R     AOI21X1        1  36.3   520  1022   27385    (-,-) 
  g187869/Y                                                                 -       D->Y      F     NAND4X1        3 144.8  1435  1748   29133    (-,-) 
  g187714/Y                                                                 -       A->Y      R     NOR2X2         1  33.0   323   959   30092    (-,-) 
  g187692/Y                                                                 -       C->Y      F     AOI21X1        1  32.7   310   434   30526    (-,-) 
  g187649/Y                                                                 -       B->Y      R     AOI21X1        2 114.0   999  1339   31865    (-,-) 
  g187635/Y                                                                 -       B->Y      F     NOR2X2         1  32.4   198   224   32089    (-,-) 
  g187619/Y                                                                 -       C->Y      R     AOI21X1        1  34.8   461   834   32923    (-,-) 
  g187613/Y                                                                 -       B->Y      F     AOI21X1        2  64.4   388   671   33594    (-,-) 
  g187607/Y                                                                 -       B->Y      F     AO21X1         1  32.7   186  1076   34670    (-,-) 
  g187603/Y                                                                 -       C->Y      R     OAI21X1        1  36.8   380   486   35156    (-,-) 
  g3/Y                                                                      -       B->Y      R     AND2X1         1  34.0   195   855   36011    (-,-) 
  g251111/Y                                                                 -       A->Y      R     OA21X1         1  36.9   207   917   36928    (-,-) 
  g187594/Y                                                                 -       C->Y      F     NOR3X1         1  32.4   240   338   37266    (-,-) 
  g187593/Y                                                                 -       C->Y      R     AOI21X1        1  34.8   540   853   38119    (-,-) 
  g187590/Y                                                                 -       B->Y      F     AOI21X1        1  32.4   278   513   38632    (-,-) 
  g187589/Y                                                                 -       C->Y      R     AOI21X1        1  34.8   564   871   39503    (-,-) 
  g187586/Y                                                                 -       B->Y      F     AOI21X1        1  32.4   283   516   40020    (-,-) 
  g187585/Y                                                                 -       C->Y      R     AOI21X1        1  56.9   614  1046   41066    (-,-) 
  g187584/Y                                                                 -       B->Y      F     NAND2X2        1  36.3   194   335   41401    (-,-) 
  g187583/Y                                                                 -       C->Y      R     NAND3X1        2  92.1   456   675   42076    (-,-) 
  g187581/Y                                                                 -       B->Y      F     OAI21X1        1  36.3   304   489   42565    (-,-) 
  g187580/Y                                                                 -       C->Y      R     NAND3X1        1  36.3   262   528   43093    (-,-) 
  g187579/Y                                                                 -       D->Y      F     NAND4X1        1  33.4   612   681   43774    (-,-) 
  g187578/Y                                                                 -       B->Y      R     OAI21X1        1  36.3   390   882   44656    (-,-) 
  g187577/Y                                                                 -       D->Y      F     NAND4X1        1  33.4   530   719   45375    (-,-) 
  g187576/Y                                                                 -       B->Y      R     OAI21X1        2  91.7   750  1267   46642    (-,-) 
  g187574/Y                                                                 -       B->Y      F     AOI21X1        1  32.7   320   547   47189    (-,-) 
  g187572/Y                                                                 -       C->Y      R     OAI21X1        2  93.8   764   798   47987    (-,-) 
  g187569/Y                                                                 -       C->Y      F     NAND3X1        1  34.6   431   683   48670    (-,-) 
  g187566/Y                                                                 -       A->Y      R     NAND3X1        1  56.9   337   721   49391    (-,-) 
  g187565/Y                                                                 -       B->Y      F     NAND2X2        1  32.7   193   293   49684    (-,-) 
  g187564/Y                                                                 -       C->Y      R     OAI21X1        2  93.6   762   711   50394    (-,-) 
  g187563/Y                                                                 -       C->Y      F     NAND3X1        2  85.0   717  1063   51457    (-,-) 
  g195108/Y                                                                 -       C->Y      F     OR3X1          1  55.4   284  1625   53082    (-,-) 
  drc_bufs194870/Y                                                          -       A->Y      R     INVX2          7 285.2   514   850   53932    (-,-) 
  g251110/Y                                                                 -       S0->Y     F     MX2X1          3 170.4   509  1793   55725    (-,-) 
  CPU_IFD0_add_277_66_Y_CPU_IFD0_add_305_65_Y_CPU_IFD0_add_292_64_g785/Y    -       B->Y      R     NOR2X2         1  35.2   276   595   56320    (-,-) 
  CPU_IFD0_add_277_66_Y_CPU_IFD0_add_305_65_Y_CPU_IFD0_add_292_64_g780/Y    -       B->Y      F     OAI21X1        1 116.3   647   832   57152    (-,-) 
  CPU_IFD0_add_277_66_Y_CPU_IFD0_add_305_65_Y_CPU_IFD0_add_292_64_g779/COUT -       CIN->COUT F     ADDFX1         1 116.3   586  2448   59600    (-,-) 
  CPU_IFD0_add_277_66_Y_CPU_IFD0_add_305_65_Y_CPU_IFD0_add_292_64_g778/COUT -       CIN->COUT F     ADDFX1         1 116.3   586  2411   62012    (-,-) 
  CPU_IFD0_add_277_66_Y_CPU_IFD0_add_305_65_Y_CPU_IFD0_add_292_64_g777/COUT -       CIN->COUT F     ADDFX1         1 116.3   586  2411   64423    (-,-) 
  CPU_IFD0_add_277_66_Y_CPU_IFD0_add_305_65_Y_CPU_IFD0_add_292_64_g776/COUT -       CIN->COUT F     ADDFX1         1 116.3   586  2411   66834    (-,-) 
  CPU_IFD0_add_277_66_Y_CPU_IFD0_add_305_65_Y_CPU_IFD0_add_292_64_g775/COUT -       CIN->COUT F     ADDFX1         1 116.3   587  2411   69245    (-,-) 
  CPU_IFD0_add_277_66_Y_CPU_IFD0_add_305_65_Y_CPU_IFD0_add_292_64_g774/COUT -       CIN->COUT F     ADDFX1         1 116.3   586  2412   71657    (-,-) 
  CPU_IFD0_add_277_66_Y_CPU_IFD0_add_305_65_Y_CPU_IFD0_add_292_64_g773/COUT -       CIN->COUT F     ADDFX1         1 116.3   586  2411   74068    (-,-) 
  CPU_IFD0_add_277_66_Y_CPU_IFD0_add_305_65_Y_CPU_IFD0_add_292_64_g772/COUT -       CIN->COUT F     ADDFX1         1 116.3   586  2411   76479    (-,-) 
  CPU_IFD0_add_277_66_Y_CPU_IFD0_add_305_65_Y_CPU_IFD0_add_292_64_g771/COUT -       CIN->COUT F     ADDFX1         1 116.3   586  2411   78891    (-,-) 
  CPU_IFD0_add_277_66_Y_CPU_IFD0_add_305_65_Y_CPU_IFD0_add_292_64_g770/COUT -       CIN->COUT F     ADDFX1         1 116.3   586  2411   81302    (-,-) 
  CPU_IFD0_add_277_66_Y_CPU_IFD0_add_305_65_Y_CPU_IFD0_add_292_64_g769/COUT -       CIN->COUT F     ADDFX1         1 116.3   586  2411   83713    (-,-) 
  CPU_IFD0_add_277_66_Y_CPU_IFD0_add_305_65_Y_CPU_IFD0_add_292_64_g768/COUT -       CIN->COUT F     ADDFX1         1 116.3   586  2411   86124    (-,-) 
  CPU_IFD0_add_277_66_Y_CPU_IFD0_add_305_65_Y_CPU_IFD0_add_292_64_g767/COUT -       CIN->COUT F     ADDFX1         1 116.3   586  2411   88536    (-,-) 
  CPU_IFD0_add_277_66_Y_CPU_IFD0_add_305_65_Y_CPU_IFD0_add_292_64_g766/COUT -       CIN->COUT F     ADDFX1         1 116.3   586  2411   90947    (-,-) 
  CPU_IFD0_add_277_66_Y_CPU_IFD0_add_305_65_Y_CPU_IFD0_add_292_64_g765/COUT -       CIN->COUT F     ADDFX1         1 116.3   586  2411   93358    (-,-) 
  CPU_IFD0_add_277_66_Y_CPU_IFD0_add_305_65_Y_CPU_IFD0_add_292_64_g764/COUT -       CIN->COUT F     ADDFX1         1 116.3   586  2411   95770    (-,-) 
  CPU_IFD0_add_277_66_Y_CPU_IFD0_add_305_65_Y_CPU_IFD0_add_292_64_g763/COUT -       CIN->COUT F     ADDFX1         1 116.3   586  2411   98181    (-,-) 
  CPU_IFD0_add_277_66_Y_CPU_IFD0_add_305_65_Y_CPU_IFD0_add_292_64_g762/COUT -       CIN->COUT F     ADDFX1         1 116.3   586  2411  100592    (-,-) 
  CPU_IFD0_add_277_66_Y_CPU_IFD0_add_305_65_Y_CPU_IFD0_add_292_64_g761/COUT -       CIN->COUT F     ADDFX1         1 116.3   586  2411  103004    (-,-) 
  CPU_IFD0_add_277_66_Y_CPU_IFD0_add_305_65_Y_CPU_IFD0_add_292_64_g760/COUT -       CIN->COUT F     ADDFX1         1 116.3   586  2411  105415    (-,-) 
  CPU_IFD0_add_277_66_Y_CPU_IFD0_add_305_65_Y_CPU_IFD0_add_292_64_g759/COUT -       CIN->COUT F     ADDFX1         1 116.3   586  2411  107826    (-,-) 
  CPU_IFD0_add_277_66_Y_CPU_IFD0_add_305_65_Y_CPU_IFD0_add_292_64_g758/COUT -       CIN->COUT F     ADDFX1         1 116.3   586  2411  110237    (-,-) 
  CPU_IFD0_add_277_66_Y_CPU_IFD0_add_305_65_Y_CPU_IFD0_add_292_64_g757/COUT -       CIN->COUT F     ADDFX1         1 116.3   586  2411  112648    (-,-) 
  CPU_IFD0_add_277_66_Y_CPU_IFD0_add_305_65_Y_CPU_IFD0_add_292_64_g756/COUT -       CIN->COUT F     ADDFX1         1 116.3   586  2411  115060    (-,-) 
  CPU_IFD0_add_277_66_Y_CPU_IFD0_add_305_65_Y_CPU_IFD0_add_292_64_g755/COUT -       CIN->COUT F     ADDFX1         1 116.3   586  2411  117471    (-,-) 
  CPU_IFD0_add_277_66_Y_CPU_IFD0_add_305_65_Y_CPU_IFD0_add_292_64_g754/COUT -       CIN->COUT F     ADDFX1         1 116.3   586  2411  119882    (-,-) 
  CPU_IFD0_add_277_66_Y_CPU_IFD0_add_305_65_Y_CPU_IFD0_add_292_64_g753/COUT -       CIN->COUT F     ADDFX1         1 116.3   586  2411  122293    (-,-) 
  CPU_IFD0_add_277_66_Y_CPU_IFD0_add_305_65_Y_CPU_IFD0_add_292_64_g752/COUT -       CIN->COUT F     ADDFX1         1 116.3   586  2411  124704    (-,-) 
  CPU_IFD0_add_277_66_Y_CPU_IFD0_add_305_65_Y_CPU_IFD0_add_292_64_g751/COUT -       CIN->COUT F     ADDFX1         1  67.4   461  2183  126887    (-,-) 
  CPU_IFD0_add_277_66_Y_CPU_IFD0_add_305_65_Y_CPU_IFD0_add_292_64_g750/Y    -       B->Y      R     XNOR2X1        1  56.9   620  1246  128133    (-,-) 
  g229701/Y                                                                 -       B->Y      F     NAND2X2        1  36.3   194   336  128469    (-,-) 
  g229576/Y                                                                 -       C->Y      R     NAND3X1        1  33.2   257   447  128916    (-,-) 
  CPU_IFD0_ProgramCounter_reg[31]/D                                         <<<     -         R     DFFRX1         1     -     -     0  128916    (-,-) 
#-------------------------------------------------------------------------------------------------------------------------------------------------------

