============================================================
  Generated by:           Genus(TM) Synthesis Solution 21.19-s055_1
  Generated on:           Dec 31 2024  11:54:53 am
  Module:                 RISC_V_Cached
  Operating conditions:   PVT_1P8V_25C (balanced_tree)
  Wireload mode:          enclosed
  Area mode:              timing library
============================================================


Path 1: VIOLATED (-17214 ps) Setup Check with Pin CPU_IFD0_ProgramCounter_reg[2]/CK->D
          Group: CLK
     Startpoint: (R) i_cache_dut_control_state_reg[0]/CK
          Clock: (R) CLK
       Endpoint: (R) CPU_IFD0_ProgramCounter_reg[2]/D
          Clock: (R) CLK

                     Capture       Launch     
        Clock Edge:+   10000            0     
       Src Latency:+       0            0     
       Net Latency:+     200 (I)      200 (I) 
           Arrival:=   10200          200     
                                              
             Setup:-    1766                  
       Uncertainty:-     300                  
     Required Time:=    8134                  
      Launch Clock:-     200                  
         Data Path:-   25148                  
             Slack:=  -17214                  

#-------------------------------------------------------------------------------------------------------------
#            Timing Point             Flags   Arc   Edge   Cell     Fanout  Load Trans Delay Arrival Instance 
#                                                                           (fF)  (ps)  (ps)   (ps)  Location 
#-------------------------------------------------------------------------------------------------------------
  i_cache_dut_control_state_reg[0]/CK -       -     R     (arrival)   4081     -     0     0     200    (-,-) 
  i_cache_dut_control_state_reg[0]/Q  -       CK->Q F     DFFSX1         1  35.7   736  2918    3118    (-,-) 
  g452321/Y                           -       A->Y  R     INVX1          2 111.4   447  1030    4148    (-,-) 
  g452320/Y                           -       A->Y  R     BUFX4          3 173.3   195   794    4942    (-,-) 
  g455096/Y                           -       B->Y  F     NOR2X2         2 134.7   230   408    5351    (-,-) 
  g492951/Y                           -       A->Y  R     NAND2X2        2 132.0   296   563    5914    (-,-) 
  g492956/Y                           -       A->Y  F     NOR2X2         6 247.2   374   630    6544    (-,-) 
  g492960/Y                           -       A->Y  R     NAND2X1        1  36.3   267   583    7126    (-,-) 
  g492651/Y                           -       D->Y  F     NAND4X1        1  54.7   698   876    8002    (-,-) 
  g493302/Y                           -       A->Y  R     NOR2X2         1  55.5   318   797    8799    (-,-) 
  g493301/Y                           -       A->Y  F     NAND2X2        1  79.0   235   422    9221    (-,-) 
  g493177/Y                           -       B->Y  R     NOR2X3         2 137.2   386   631    9851    (-,-) 
  g492404/Y                           -       A->Y  F     NAND2X3        1  74.7   186   348   10200    (-,-) 
  g454510/Y                           -       A->Y  R     INVX3          3 168.7   213   468   10668    (-,-) 
  g448588/Y                           -       B->Y  F     NAND2X2        2 134.4   337   528   11196    (-,-) 
  g218046/Y                           -       A->Y  R     INVX2          1  82.2   184   488   11683    (-,-) 
  g452749/Y                           -       B->Y  F     NAND2X3        3 185.2   341   501   12184    (-,-) 
  g452752/Y                           -       A->Y  R     INVX3          2 164.4   223   564   12748    (-,-) 
  g451854/Y                           -       B->Y  F     NAND2X3        2 184.8   323   514   13262    (-,-) 
  g217939/Y                           -       A->Y  R     INVX3          4 181.0   239   574   13837    (-,-) 
  g217938/Y                           -       A->Y  R     BUFX9          8 367.7   203   813   14650    (-,-) 
  g455730/Y                           -       B->Y  F     NAND2X3        1  54.5   140   297   14948    (-,-) 
  g491885/Y                           -       A->Y  R     NAND2X2        1  80.6   199   404   15351    (-,-) 
  g491884/Y                           -       B->Y  F     NOR2X3         2 114.3   160   322   15674    (-,-) 
  g491813/Y                           -       B->Y  R     NAND2X3        1  76.7   167   370   16043    (-,-) 
  g491812/Y                           -       A->Y  F     INVX3          2 109.0   105   262   16306    (-,-) 
  g509150/Y                           -       A->Y  R     NAND2X2        1  80.6   195   381   16686    (-,-) 
  g509148/Y                           -       B->Y  F     NOR2X3         2  89.2   138   293   16979    (-,-) 
  g509151/Y                           -       A->Y  R     NAND2X2        1  82.2   202   406   17385    (-,-) 
  g503134/Y                           -       B->Y  F     NAND2X3        2  68.1   150   319   17704    (-,-) 
  g503131/Y                           -       C->Y  R     AOI21X1        1  57.1   614   986   18690    (-,-) 
  g493450/Y                           -       B->Y  F     NOR2X2         1  79.0   224   397   19087    (-,-) 
  g454421/Y                           -       B->Y  R     NOR2X3         1  80.6   260   477   19564    (-,-) 
  g454416/Y                           -       B->Y  F     NOR2X3         1  79.0   129   289   19853    (-,-) 
  g513/Y                              -       B->Y  R     NOR2X3         2 116.5   341   510   20363    (-,-) 
  g1734/Y                             -       B->Y  F     NOR2X3         2 133.7   185   379   20742    (-,-) 
  g455733/Y                           -       A->Y  R     NOR2X2         1  81.3   359   681   21423    (-,-) 
  g491836/Y                           -       A->Y  F     NOR2X3         2  87.3   170   360   21784    (-,-) 
  g491835/Y                           -       A->Y  R     NOR2X2         1  55.5   268   573   22357    (-,-) 
  g492270/Y                           -       A->Y  F     NAND2X2        1  80.2   230   420   22776    (-,-) 
  g492268/Y                           -       B->Y  R     NAND2X3        2 118.1   215   470   23247    (-,-) 
  g492610/Y                           -       B->Y  F     NAND2X3        2 109.0   214   388   23635    (-,-) 
  g492609/Y                           -       A->Y  R     NAND2X2        2 153.4   332   594   24229    (-,-) 
  g492608/Y                           -       A->Y  F     INVX3          8 267.2   250   475   24704    (-,-) 
  g461352/Y                           -       B->Y  R     OAI21X1        1  33.2   360   644   25348    (-,-) 
  CPU_IFD0_ProgramCounter_reg[2]/D    <<<     -     R     DFFRX1         1     -     -     0   25348    (-,-) 
#-------------------------------------------------------------------------------------------------------------

