============================================================
  Generated by:           Genus(TM) Synthesis Solution 21.19-s055_1
  Generated on:           Jan 02 2025  04:51:17 am
  Module:                 RISC_V_Cached
  Operating conditions:   PVT_1P8V_25C (balanced_tree)
  Wireload mode:          enclosed
  Area mode:              timing library
============================================================


Path 1: VIOLATED (-23582 ps) Setup Check with Pin CPU_IFD0_ProgramCounter_reg[23]/CK->D
          Group: CLK
     Startpoint: (R) i_cache_dut_control_state_reg[0]/CK
          Clock: (R) CLK
       Endpoint: (R) CPU_IFD0_ProgramCounter_reg[23]/D
          Clock: (R) CLK

                     Capture       Launch     
        Clock Edge:+    4000            0     
       Src Latency:+       0            0     
       Net Latency:+     200 (I)      200 (I) 
           Arrival:=    4200          200     
                                              
             Setup:-    1726                  
       Uncertainty:-     300                  
     Required Time:=    2174                  
      Launch Clock:-     200                  
         Data Path:-   25556                  
             Slack:=  -23582                  

#-------------------------------------------------------------------------------------------------------------
#            Timing Point             Flags   Arc   Edge   Cell     Fanout  Load Trans Delay Arrival Instance 
#                                                                           (fF)  (ps)  (ps)   (ps)  Location 
#-------------------------------------------------------------------------------------------------------------
  i_cache_dut_control_state_reg[0]/CK -       -     R     (arrival)   4081     -     0     0     200    (-,-) 
  i_cache_dut_control_state_reg[0]/Q  -       CK->Q F     DFFSX1         1  34.7   729  2903    3103    (-,-) 
  g24/Y                               -       A->Y  F     BUFX3          4 204.9   225  1297    4400    (-,-) 
  g459018/Y                           -       B->Y  R     NAND2X3        2 133.8   229   490    4890    (-,-) 
  g459017/Y                           -       A->Y  F     INVX3          3 188.3   173   359    5250    (-,-) 
  g459016/Y                           -       B->Y  R     NAND2X2        1  76.7   198   414    5664    (-,-) 
  g470327/Y                           -       A->Y  F     INVX3          4 219.2   191   378    6042    (-,-) 
  g459014/Y                           -       B->Y  R     NAND2X2        3 168.6   359   608    6650    (-,-) 
  fopt13_dup458666/Y                  -       A->Y  F     INVX2          4 156.8   238   470    7120    (-,-) 
  g458668/Y                           -       A->Y  R     NAND2X2        1  82.2   302   471    7591    (-,-) 
  g195673/Y                           -       B->Y  F     NAND2X3        1  79.6   180   358    7949    (-,-) 
  g458155/Y                           -       A->Y  R     NOR2X3         1  82.2   260   613    8562    (-,-) 
  g459104/Y                           -       B->Y  F     NAND2X3        2 113.9   232   409    8971    (-,-) 
  g459103/Y                           -       A->Y  R     NOR2X3         2 117.1   342   730    9701    (-,-) 
  g52_0/Y                             -       B->Y  F     NAND2X3        1  74.7   179   357   10058    (-,-) 
  fopt49/Y                            -       A->Y  R     INVX3          3 149.6   191   439   10497    (-,-) 
  g457747/Y                           -       B->Y  F     NAND2X2        2 111.2   306   465   10962    (-,-) 
  g457742/Y                           -       B->Y  R     NOR2X2         1  76.7   345   636   11598    (-,-) 
  fopt413907/Y                        -       A->Y  F     INVX3          4 239.5   233   451   12048    (-,-) 
  g404540/Y                           -       A->Y  R     NOR2X2         2 146.9   583   961   13009    (-,-) 
  g458636/Y                           -       A->Y  F     INVX4          3 294.9   274   535   13544    (-,-) 
  g403914/Y                           -       A->Y  R     INVX4          8 279.2   264   575   14119    (-,-) 
  g417553/Y                           -       A->Y  F     NAND2X1        1  55.7   424   513   14631    (-,-) 
  g340/Y                              -       B->Y  R     NAND2X2        1  57.1   175   523   15154    (-,-) 
  g476459/Y                           -       B->Y  F     NOR2X2         1  54.5   124   287   15441    (-,-) 
  g476457/Y                           -       A->Y  R     NAND2X2        1  56.3   153   347   15788    (-,-) 
  g476456/Y                           -       A->Y  F     INVX2          1  55.7    96   251   16039    (-,-) 
  g476609/Y                           -       B->Y  R     NAND2X2        1  81.3   204   377   16416    (-,-) 
  g476608/Y                           -       A->Y  F     NOR2X3         3 145.0   176   377   16793    (-,-) 
  g476611/Y                           -       A->Y  R     NAND2X2        3 107.8   251   480   17273    (-,-) 
  g457733/Y                           -       B->Y  F     AOI21X1        1  55.8   333   552   17825    (-,-) 
  g417633/Y                           -       B->Y  R     NOR2X2         1  35.2   209   488   18313    (-,-) 
  g414919/Y                           -       B->Y  F     OAI21X1        1  54.7   390   507   18819    (-,-) 
  g416437/Y                           -       A->Y  R     NOR2X2         1  55.5   285   668   19488    (-,-) 
  g457827/Y                           -       A->Y  F     NAND2X2        2 111.4   296   502   19989    (-,-) 
  g457762/Y                           -       B->Y  R     NAND2X2        2  91.7   222   520   20510    (-,-) 
  g118/Y                              -       B->Y  F     NAND2X2        1  54.5   167   338   20848    (-,-) 
  g458230/Y                           -       A->Y  R     NAND2X2        1  82.2   205   424   21272    (-,-) 
  g458228/Y                           -       B->Y  F     NAND2X3        1  79.6   168   338   21610    (-,-) 
  g458227/Y                           -       A->Y  R     NOR2X3         1  81.7   258   606   22217    (-,-) 
  g457241/Y                           -       A->Y  F     NAND2X3        2 109.0   211   397   22613    (-,-) 
  g206/Y                              -       A->Y  R     NAND2X2        1  82.2   209   453   23067    (-,-) 
  g418709/Y                           -       B->Y  F     NAND2X3        2 134.7   258   428   23495    (-,-) 
  g47_1/Y                             -       A->Y  R     NAND2X2        1  76.7   205   474   23968    (-,-) 
  fopt418116/Y                        -       A->Y  F     INVX3          4 279.5   240   435   24404    (-,-) 
  fopt418115/Y                        -       A->Y  R     INVX2          3 166.5   311   593   24997    (-,-) 
  g416745/Y                           -       A->Y  F     NAND2X2        1  54.5   288   357   25355    (-,-) 
  g416744/Y                           -       A->Y  R     NAND2X2        1  33.2   140   401   25756    (-,-) 
  CPU_IFD0_ProgramCounter_reg[23]/D   <<<     -     R     DFFRX1         1     -     -     0   25756    (-,-) 
#-------------------------------------------------------------------------------------------------------------

