============================================================
  Generated by:           Genus(TM) Synthesis Solution 21.19-s055_1
  Generated on:           Dec 31 2024  09:09:20 am
  Module:                 RISC_V_Cached
  Operating conditions:   PVT_1P8V_25C (balanced_tree)
  Wireload mode:          enclosed
  Area mode:              timing library
============================================================


Path 1: MET (74803 ps) Setup Check with Pin CPU_IFD0_ProgramCounter_reg[31]/CK->D
          Group: CLK
     Startpoint: (R) CPU_IFD0_ProgramCounter_reg[5]/CK
          Clock: (R) CLK
       Endpoint: (R) CPU_IFD0_ProgramCounter_reg[31]/D
          Clock: (R) CLK

                     Capture       Launch     
        Clock Edge:+  208000            0     
       Src Latency:+       0            0     
       Net Latency:+     200 (I)      200 (I) 
           Arrival:=  208200          200     
                                              
             Setup:-    1747                  
       Uncertainty:-     300                  
     Required Time:=  206153                  
      Launch Clock:-     200                  
         Data Path:-  131150                  
             Slack:=   74803                  

#-------------------------------------------------------------------------------------------------------------------------------------------------------
#                               Timing Point                                Flags     Arc     Edge   Cell     Fanout  Load Trans Delay Arrival Instance 
#                                                                                                                     (fF)  (ps)  (ps)   (ps)  Location 
#-------------------------------------------------------------------------------------------------------------------------------------------------------
  CPU_IFD0_ProgramCounter_reg[5]/CK                                         -       -         R     (arrival)   4047     -     0     0     200    (-,-) 
  CPU_IFD0_ProgramCounter_reg[5]/Q                                          -       CK->Q     F     DFFRX1         2 125.0  1027  3880    4080    (-,-) 
  g248347/Y                                                                 -       A->Y      R     INVX2          8 528.5   934  1824    5905    (-,-) 
  g248339/Y                                                                 -       A->Y      F     INVX3         11 580.8   574  1035    6939    (-,-) 
  g195578/Y                                                                 -       B->Y      R     NAND2X2        2 113.4   273   738    7678    (-,-) 
  g195557/Y                                                                 -       A->Y      F     INVX2          1  55.7   119   267    7945    (-,-) 
  g195527/Y                                                                 -       B->Y      R     NAND2X2        4 273.2   540   758    8703    (-,-) 
  g195485/Y                                                                 -       A->Y      F     NOR2X3        16 566.9   566   938    9640    (-,-) 
  g195053/Y                                                                 -       A->Y      R     INVX2          1  56.3   180   563   10203    (-,-) 
  g195037/Y                                                                 -       A->Y      F     INVX2         17 578.3   740  1002   11206    (-,-) 
  g193845/Y                                                                 -       A->Y      R     NAND2X1        1  35.3   278   803   12008    (-,-) 
  g193254/Y                                                                 -       B->Y      F     NAND4X1        1  32.4   518   801   12810    (-,-) 
  g193101/Y                                                                 -       C->Y      R     NOR3X1         1  36.3   633  1032   13841    (-,-) 
  g193046/Y                                                                 -       D->Y      F     NAND4X1        1  32.4   538   777   14618    (-,-) 
  g192995/Y                                                                 -       C->Y      R     AOI21X1        1  36.3   494  1004   15621    (-,-) 
  g192949/Y                                                                 -       D->Y      F     NAND4X1        1  32.4   554   742   16363    (-,-) 
  g192921/Y                                                                 -       C->Y      R     AOI21X1        1  56.9   620  1172   17535    (-,-) 
  g192896/Y                                                                 -       B->Y      F     NAND2X2        7 381.9   878  1281   18816    (-,-) 
  g192886/Y                                                                 -       A->Y      R     INVX3          5 257.8   378  1034   19851    (-,-) 
  g192871/Y                                                                 -       B->Y      F     NOR2X2         5 278.0   444   695   20546    (-,-) 
  g196023/Y                                                                 -       B->Y      F     AND2X1        10 337.8   881  1792   22338    (-,-) 
  g190458/Y                                                                 -       A->Y      R     NAND2X1        1  34.7   299   872   23210    (-,-) 
  g189360/Y                                                                 -       A->Y      F     NAND4X1        1  32.4   519   842   24052    (-,-) 
  g188952/Y                                                                 -       C->Y      R     NOR3X1         1  36.3   633  1033   25085    (-,-) 
  g188775/Y                                                                 -       D->Y      F     NAND4X1        1  29.8   519   752   25836    (-,-) 
  g188771/Y                                                                 -       D->Y      R     NOR4X1         1  36.3   931  1250   27086    (-,-) 
  g188660/Y                                                                 -       D->Y      F     NAND4X1        1  55.8   755  1078   28164    (-,-) 
  g188575/Y                                                                 -       B->Y      R     NOR2X2         1  36.3   261   736   28900    (-,-) 
  g188515/Y                                                                 -       D->Y      F     NAND4X1        3 146.5  1449  1688   30588    (-,-) 
  g188455/Y                                                                 -       B->Y      R     NAND2X2        3 125.2   418  1235   31823    (-,-) 
  g188436/Y                                                                 -       B->Y      F     NOR2X2         1  55.8   214   324   32147    (-,-) 
  g188407/Y                                                                 -       B->Y      R     NOR2X2         1  33.0   323   407   32554    (-,-) 
  g188404/Y                                                                 -       C->Y      F     AOI21X1        1  32.7   279   434   32988    (-,-) 
  g188386/Y                                                                 -       B->Y      R     AOI21X1        2  94.0   863  1166   34154    (-,-) 
  g188380/Y                                                                 -       B->Y      F     NOR2X1         1  32.4   254   394   34547    (-,-) 
  g188373/Y                                                                 -       C->Y      R     AOI21X1        1  34.8   462   859   35407    (-,-) 
  g188368/Y                                                                 -       B->Y      F     AOI21X1        2  64.4   388   672   36078    (-,-) 
  g188362/Y                                                                 -       B->Y      F     AO21X1         1  32.7   186  1077   37155    (-,-) 
  g188360/Y                                                                 -       C->Y      R     OAI21X1        1  36.8   380   486   37641    (-,-) 
  g3/Y                                                                      -       B->Y      R     AND2X1         1  34.0   195   855   38496    (-,-) 
  g251113/Y                                                                 -       A->Y      R     OA21X1         1  36.9   207   917   39413    (-,-) 
  g188354/Y                                                                 -       C->Y      F     NOR3X1         1  32.4   240   338   39751    (-,-) 
  g188353/Y                                                                 -       C->Y      R     AOI21X1        1  34.8   540   853   40604    (-,-) 
  g188351/Y                                                                 -       B->Y      F     AOI21X1        1  32.4   278   513   41117    (-,-) 
  g188349/Y                                                                 -       C->Y      R     AOI21X1        1  34.8   564   871   41988    (-,-) 
  g188348/Y                                                                 -       B->Y      F     AOI21X1        1  32.4   283   516   42504    (-,-) 
  g188347/Y                                                                 -       C->Y      R     AOI21X1        1  56.9   614  1046   43550    (-,-) 
  g188346/Y                                                                 -       B->Y      F     NAND2X2        1  36.3   194   335   43886    (-,-) 
  g188345/Y                                                                 -       C->Y      R     NAND3X1        2  92.1   456   675   44560    (-,-) 
  g188343/Y                                                                 -       B->Y      F     OAI21X1        1  36.3   304   489   45050    (-,-) 
  g188342/Y                                                                 -       C->Y      R     NAND3X1        1  36.3   262   528   45578    (-,-) 
  g188341/Y                                                                 -       D->Y      F     NAND4X1        1  33.4   530   681   46259    (-,-) 
  g188340/Y                                                                 -       B->Y      R     OAI21X1        1  36.3   382   834   47092    (-,-) 
  g188339/Y                                                                 -       D->Y      F     NAND4X1        1  33.4   530   717   47810    (-,-) 
  g188338/Y                                                                 -       B->Y      R     OAI21X1        2  91.7   750  1267   49076    (-,-) 
  g188336/Y                                                                 -       B->Y      F     AOI21X1        1  32.7   320   547   49623    (-,-) 
  g188334/Y                                                                 -       C->Y      R     OAI21X1        2  93.8   764   798   50421    (-,-) 
  g188331/Y                                                                 -       C->Y      F     NAND3X1        1  34.6   431   683   51104    (-,-) 
  g188328/Y                                                                 -       A->Y      R     NAND3X1        1  56.9   337   721   51825    (-,-) 
  g188327/Y                                                                 -       B->Y      F     NAND2X2        1  32.7   193   293   52118    (-,-) 
  g188326/Y                                                                 -       C->Y      R     OAI21X1        2  93.6   762   711   52829    (-,-) 
  g188325/Y                                                                 -       C->Y      F     NAND3X1        2  85.0   717  1063   53892    (-,-) 
  g196024/Y                                                                 -       C->Y      F     OR3X1          1  55.4   284  1625   55517    (-,-) 
  drc_bufs/Y                                                                -       A->Y      R     INVX2          7 285.2   514   850   56367    (-,-) 
  g251112/Y                                                                 -       S0->Y     F     MX2X1          3 170.4   509  1793   58159    (-,-) 
  CPU_IFD0_add_277_66_Y_CPU_IFD0_add_305_65_Y_CPU_IFD0_add_292_64_g785/Y    -       B->Y      R     NOR2X2         1  35.2   276   595   58755    (-,-) 
  CPU_IFD0_add_277_66_Y_CPU_IFD0_add_305_65_Y_CPU_IFD0_add_292_64_g780/Y    -       B->Y      F     OAI21X1        1 116.3   647   832   59586    (-,-) 
  CPU_IFD0_add_277_66_Y_CPU_IFD0_add_305_65_Y_CPU_IFD0_add_292_64_g779/COUT -       CIN->COUT F     ADDFX1         1 116.3   586  2448   62035    (-,-) 
  CPU_IFD0_add_277_66_Y_CPU_IFD0_add_305_65_Y_CPU_IFD0_add_292_64_g778/COUT -       CIN->COUT F     ADDFX1         1 116.3   586  2411   64446    (-,-) 
  CPU_IFD0_add_277_66_Y_CPU_IFD0_add_305_65_Y_CPU_IFD0_add_292_64_g777/COUT -       CIN->COUT F     ADDFX1         1 116.3   586  2411   66857    (-,-) 
  CPU_IFD0_add_277_66_Y_CPU_IFD0_add_305_65_Y_CPU_IFD0_add_292_64_g776/COUT -       CIN->COUT F     ADDFX1         1 116.3   586  2411   69268    (-,-) 
  CPU_IFD0_add_277_66_Y_CPU_IFD0_add_305_65_Y_CPU_IFD0_add_292_64_g775/COUT -       CIN->COUT F     ADDFX1         1 116.3   587  2411   71680    (-,-) 
  CPU_IFD0_add_277_66_Y_CPU_IFD0_add_305_65_Y_CPU_IFD0_add_292_64_g774/COUT -       CIN->COUT F     ADDFX1         1 116.3   586  2412   74091    (-,-) 
  CPU_IFD0_add_277_66_Y_CPU_IFD0_add_305_65_Y_CPU_IFD0_add_292_64_g773/COUT -       CIN->COUT F     ADDFX1         1 116.3   586  2411   76503    (-,-) 
  CPU_IFD0_add_277_66_Y_CPU_IFD0_add_305_65_Y_CPU_IFD0_add_292_64_g772/COUT -       CIN->COUT F     ADDFX1         1 116.3   586  2411   78914    (-,-) 
  CPU_IFD0_add_277_66_Y_CPU_IFD0_add_305_65_Y_CPU_IFD0_add_292_64_g771/COUT -       CIN->COUT F     ADDFX1         1 116.3   586  2411   81325    (-,-) 
  CPU_IFD0_add_277_66_Y_CPU_IFD0_add_305_65_Y_CPU_IFD0_add_292_64_g770/COUT -       CIN->COUT F     ADDFX1         1 116.3   586  2411   83736    (-,-) 
  CPU_IFD0_add_277_66_Y_CPU_IFD0_add_305_65_Y_CPU_IFD0_add_292_64_g769/COUT -       CIN->COUT F     ADDFX1         1 116.3   586  2411   86148    (-,-) 
  CPU_IFD0_add_277_66_Y_CPU_IFD0_add_305_65_Y_CPU_IFD0_add_292_64_g768/COUT -       CIN->COUT F     ADDFX1         1 116.3   586  2411   88559    (-,-) 
  CPU_IFD0_add_277_66_Y_CPU_IFD0_add_305_65_Y_CPU_IFD0_add_292_64_g767/COUT -       CIN->COUT F     ADDFX1         1 116.3   586  2411   90970    (-,-) 
  CPU_IFD0_add_277_66_Y_CPU_IFD0_add_305_65_Y_CPU_IFD0_add_292_64_g766/COUT -       CIN->COUT F     ADDFX1         1 116.3   586  2411   93381    (-,-) 
  CPU_IFD0_add_277_66_Y_CPU_IFD0_add_305_65_Y_CPU_IFD0_add_292_64_g765/COUT -       CIN->COUT F     ADDFX1         1 116.3   586  2411   95793    (-,-) 
  CPU_IFD0_add_277_66_Y_CPU_IFD0_add_305_65_Y_CPU_IFD0_add_292_64_g764/COUT -       CIN->COUT F     ADDFX1         1 116.3   586  2411   98204    (-,-) 
  CPU_IFD0_add_277_66_Y_CPU_IFD0_add_305_65_Y_CPU_IFD0_add_292_64_g763/COUT -       CIN->COUT F     ADDFX1         1 116.3   586  2411  100615    (-,-) 
  CPU_IFD0_add_277_66_Y_CPU_IFD0_add_305_65_Y_CPU_IFD0_add_292_64_g762/COUT -       CIN->COUT F     ADDFX1         1 116.3   586  2411  103027    (-,-) 
  CPU_IFD0_add_277_66_Y_CPU_IFD0_add_305_65_Y_CPU_IFD0_add_292_64_g761/COUT -       CIN->COUT F     ADDFX1         1 116.3   586  2411  105438    (-,-) 
  CPU_IFD0_add_277_66_Y_CPU_IFD0_add_305_65_Y_CPU_IFD0_add_292_64_g760/COUT -       CIN->COUT F     ADDFX1         1 116.3   586  2411  107849    (-,-) 
  CPU_IFD0_add_277_66_Y_CPU_IFD0_add_305_65_Y_CPU_IFD0_add_292_64_g759/COUT -       CIN->COUT F     ADDFX1         1 116.3   586  2411  110260    (-,-) 
  CPU_IFD0_add_277_66_Y_CPU_IFD0_add_305_65_Y_CPU_IFD0_add_292_64_g758/COUT -       CIN->COUT F     ADDFX1         1 116.3   586  2411  112672    (-,-) 
  CPU_IFD0_add_277_66_Y_CPU_IFD0_add_305_65_Y_CPU_IFD0_add_292_64_g757/COUT -       CIN->COUT F     ADDFX1         1 116.3   586  2411  115083    (-,-) 
  CPU_IFD0_add_277_66_Y_CPU_IFD0_add_305_65_Y_CPU_IFD0_add_292_64_g756/COUT -       CIN->COUT F     ADDFX1         1 116.3   586  2411  117494    (-,-) 
  CPU_IFD0_add_277_66_Y_CPU_IFD0_add_305_65_Y_CPU_IFD0_add_292_64_g755/COUT -       CIN->COUT F     ADDFX1         1 116.3   586  2411  119905    (-,-) 
  CPU_IFD0_add_277_66_Y_CPU_IFD0_add_305_65_Y_CPU_IFD0_add_292_64_g754/COUT -       CIN->COUT F     ADDFX1         1 116.3   586  2411  122316    (-,-) 
  CPU_IFD0_add_277_66_Y_CPU_IFD0_add_305_65_Y_CPU_IFD0_add_292_64_g753/COUT -       CIN->COUT F     ADDFX1         1 116.3   586  2411  124728    (-,-) 
  CPU_IFD0_add_277_66_Y_CPU_IFD0_add_305_65_Y_CPU_IFD0_add_292_64_g752/COUT -       CIN->COUT F     ADDFX1         1 116.3   586  2411  127139    (-,-) 
  CPU_IFD0_add_277_66_Y_CPU_IFD0_add_305_65_Y_CPU_IFD0_add_292_64_g751/COUT -       CIN->COUT F     ADDFX1         1  67.4   461  2183  129322    (-,-) 
  CPU_IFD0_add_277_66_Y_CPU_IFD0_add_305_65_Y_CPU_IFD0_add_292_64_g750/Y    -       B->Y      R     XNOR2X1        1  56.9   620  1246  130568    (-,-) 
  g229701/Y                                                                 -       B->Y      F     NAND2X2        1  36.3   194   336  130903    (-,-) 
  g229576/Y                                                                 -       C->Y      R     NAND3X1        1  33.2   257   447  131350    (-,-) 
  CPU_IFD0_ProgramCounter_reg[31]/D                                         <<<     -         R     DFFRX1         1     -     -     0  131350    (-,-) 
#-------------------------------------------------------------------------------------------------------------------------------------------------------

