============================================================
  Generated by:           Genus(TM) Synthesis Solution 21.19-s055_1
  Generated on:           Dec 31 2024  08:53:06 am
  Module:                 RISC_V_Cached
  Operating conditions:   PVT_1P8V_25C (balanced_tree)
  Wireload mode:          enclosed
  Area mode:              timing library
============================================================


Path 1: MET (57745 ps) Setup Check with Pin CPU_IFD0_ProgramCounter_reg[31]/CK->D
          Group: CLK
     Startpoint: (R) CPU_IFD0_ProgramCounter_reg[5]/CK
          Clock: (R) CLK
       Endpoint: (R) CPU_IFD0_ProgramCounter_reg[31]/D
          Clock: (R) CLK

                     Capture       Launch     
        Clock Edge:+  190000            0     
       Src Latency:+       0            0     
       Net Latency:+     200 (I)      200 (I) 
           Arrival:=  190200          200     
                                              
             Setup:-    1747                  
       Uncertainty:-     300                  
     Required Time:=  188153                  
      Launch Clock:-     200                  
         Data Path:-  130208                  
             Slack:=   57745                  

#-------------------------------------------------------------------------------------------------------------------------------------------------------
#                               Timing Point                                Flags     Arc     Edge   Cell     Fanout  Load Trans Delay Arrival Instance 
#                                                                                                                     (fF)  (ps)  (ps)   (ps)  Location 
#-------------------------------------------------------------------------------------------------------------------------------------------------------
  CPU_IFD0_ProgramCounter_reg[5]/CK                                         -       -         R     (arrival)   4047     -     0     0     200    (-,-) 
  CPU_IFD0_ProgramCounter_reg[5]/Q                                          -       CK->Q     F     DFFRX1         2 125.0  1027  3880    4080    (-,-) 
  g248347/Y                                                                 -       A->Y      R     INVX2          8 527.9   933  1823    5903    (-,-) 
  drc_bufs195585/Y                                                          -       A->Y      F     INVX2          5 259.3   461   818    6722    (-,-) 
  g195332/Y                                                                 -       B->Y      R     NAND2X2        2 114.2   270   671    7393    (-,-) 
  g195286/Y                                                                 -       B->Y      F     NOR2X2         4 218.0   452   560    7953    (-,-) 
  g194660/Y                                                                 -       A->Y      R     NAND2X2       14 556.9  1017  1520    9472    (-,-) 
  g194348/Y                                                                 -       A->Y      F     INVX3         17 581.8   596  1065   10538    (-,-) 
  g194151/Y                                                                 -       A->Y      R     NAND2X1        1  35.3   264   717   11255    (-,-) 
  g193023/Y                                                                 -       B->Y      F     NAND4X1        1  32.4   518   801   12055    (-,-) 
  g192923/Y                                                                 -       C->Y      R     NOR3X1         1  36.3   632  1032   13087    (-,-) 
  g192919/Y                                                                 -       D->Y      F     NAND4X1        1  32.4   538   776   13864    (-,-) 
  g192852/Y                                                                 -       C->Y      R     AOI21X1        1  36.3   494  1004   14867    (-,-) 
  g192815/Y                                                                 -       D->Y      F     NAND4X1        1  32.4   554   742   15609    (-,-) 
  g192784/Y                                                                 -       C->Y      R     AOI21X1        1  56.9   620  1172   16781    (-,-) 
  g192755/Y                                                                 -       B->Y      F     NAND2X2        9 486.0  1102  1530   18311    (-,-) 
  g192745/Y                                                                 -       A->Y      R     INVX2          2  88.3   296   914   19225    (-,-) 
  g192726/Y                                                                 -       A->Y      F     NOR2X2         2 111.4   303   425   19650    (-,-) 
  g192620/Y                                                                 -       B->Y      R     NAND2X2        4 248.0   493   834   20484    (-,-) 
  g192175/Y                                                                 -       A->Y      F     INVX3          1  55.7   126   229   20713    (-,-) 
  g191824/Y                                                                 -       B->Y      R     NAND2X2       14 562.4  1026  1314   22027    (-,-) 
  g191004/Y                                                                 -       A->Y      F     INVX3         17 583.9   600  1071   23098    (-,-) 
  g190020/Y                                                                 -       A->Y      R     NAND2X1        1  35.3   278   719   23818    (-,-) 
  g189043/Y                                                                 -       B->Y      F     NAND4X1        1  32.4   519   801   24619    (-,-) 
  g188849/Y                                                                 -       C->Y      R     NOR3X1         1  36.3   632  1033   25652    (-,-) 
  g188753/Y                                                                 -       D->Y      F     NAND4X1        1  29.8   519   752   26403    (-,-) 
  g188718/Y                                                                 -       D->Y      R     NOR4X1         1  36.3   931  1250   27653    (-,-) 
  g188598/Y                                                                 -       D->Y      F     NAND4X1        1  32.4   578   837   28490    (-,-) 
  g188510/Y                                                                 -       C->Y      R     NOR3X1         1  36.7   640  1074   29564    (-,-) 
  g188470/Y                                                                 -       C->Y      F     NAND3X1        4 202.5  1414  1828   31392    (-,-) 
  g188442/Y                                                                 -       B->Y      R     NOR2X2         2  89.3   490  1336   32728    (-,-) 
  g188386/Y                                                                 -       C->Y      F     AOI21X1        2  91.1   498   689   33417    (-,-) 
  g188380/Y                                                                 -       B->Y      R     NOR2X1         1  33.0   419   779   34196    (-,-) 
  g188373/Y                                                                 -       C->Y      F     AOI21X1        1  32.7   251   473   34670    (-,-) 
  g188368/Y                                                                 -       B->Y      R     AOI21X1        2  70.0   701   963   35633    (-,-) 
  g188362/Y                                                                 -       B->Y      R     AO21X1         1  33.3   199   972   36605    (-,-) 
  g188360/Y                                                                 -       C->Y      F     OAI21X1        1  36.2   306   522   37127    (-,-) 
  g3/Y                                                                      -       B->Y      F     AND2X1         1  33.1   142   789   37915    (-,-) 
  g251108/Y                                                                 -       A->Y      F     OA21X1         1  32.4   171  1015   38930    (-,-) 
  g188354/Y                                                                 -       C->Y      R     NOR3X1         1  33.0   598   791   39722    (-,-) 
  g188353/Y                                                                 -       C->Y      F     AOI21X1        1  32.7   293   531   40252    (-,-) 
  g188351/Y                                                                 -       B->Y      R     AOI21X1        1  33.0   450   693   40946    (-,-) 
  g188349/Y                                                                 -       C->Y      F     AOI21X1        1  32.7   298   486   41431    (-,-) 
  g188348/Y                                                                 -       B->Y      R     AOI21X1        1  33.0   449   696   42128    (-,-) 
  g188347/Y                                                                 -       C->Y      F     AOI21X1        1  55.7   409   566   42693    (-,-) 
  g188346/Y                                                                 -       B->Y      R     NAND2X2        1  36.7   165   457   43150    (-,-) 
  g188345/Y                                                                 -       C->Y      F     NAND3X1        2  89.1   711   898   44048    (-,-) 
  g188343/Y                                                                 -       B->Y      R     OAI21X1        1  36.7   401   944   44991    (-,-) 
  g188342/Y                                                                 -       C->Y      F     NAND3X1        1  36.3   391   607   45599    (-,-) 
  g188341/Y                                                                 -       D->Y      R     NAND4X1        1  35.2   300   600   46199    (-,-) 
  g188340/Y                                                                 -       B->Y      F     OAI21X1        1  36.3   298   444   46643    (-,-) 
  g188339/Y                                                                 -       D->Y      R     NAND4X1        1  35.2   302   541   47184    (-,-) 
  g188338/Y                                                                 -       B->Y      F     OAI21X1        2  88.4   532   705   47889    (-,-) 
  g188336/Y                                                                 -       B->Y      R     AOI21X1        1  33.3   453   836   48725    (-,-) 
  g188334/Y                                                                 -       C->Y      F     OAI21X1        2  92.1   547   853   49578    (-,-) 
  g188332/Y                                                                 -       B->Y      R     NOR2X2         1  33.0   329   606   50184    (-,-) 
  g188329/Y                                                                 -       A->Y      F     OAI21X1        1  36.3   311   508   50691    (-,-) 
  g188328/Y                                                                 -       C->Y      R     NAND3X1        1  56.9   337   618   51309    (-,-) 
  g188327/Y                                                                 -       B->Y      F     NAND2X2        1  32.7   193   293   51602    (-,-) 
  g188326/Y                                                                 -       C->Y      R     OAI21X1        2  93.6   762   711   52313    (-,-) 
  g188325/Y                                                                 -       C->Y      F     NAND3X1        2  85.0   717  1063   53376    (-,-) 
  g195790/Y                                                                 -       C->Y      F     OR3X1          1  55.4   284  1625   55001    (-,-) 
  drc_bufs195552/Y                                                          -       A->Y      R     INVX2          8 280.4   506   841   55842    (-,-) 
  g188316/Y                                                                 -       B->Y      F     OAI21X1        3 170.4   878  1180   57022    (-,-) 
  CPU_IFD0_add_277_66_Y_CPU_IFD0_add_305_65_Y_CPU_IFD0_add_292_64_g785/Y    -       B->Y      R     NOR2X2         1  35.2   276   791   57813    (-,-) 
  CPU_IFD0_add_277_66_Y_CPU_IFD0_add_305_65_Y_CPU_IFD0_add_292_64_g780/Y    -       B->Y      F     OAI21X1        1 116.3   647   832   58644    (-,-) 
  CPU_IFD0_add_277_66_Y_CPU_IFD0_add_305_65_Y_CPU_IFD0_add_292_64_g779/COUT -       CIN->COUT F     ADDFX1         1 116.3   586  2448   61092    (-,-) 
  CPU_IFD0_add_277_66_Y_CPU_IFD0_add_305_65_Y_CPU_IFD0_add_292_64_g778/COUT -       CIN->COUT F     ADDFX1         1 116.3   586  2411   63504    (-,-) 
  CPU_IFD0_add_277_66_Y_CPU_IFD0_add_305_65_Y_CPU_IFD0_add_292_64_g777/COUT -       CIN->COUT F     ADDFX1         1 116.3   586  2411   65915    (-,-) 
  CPU_IFD0_add_277_66_Y_CPU_IFD0_add_305_65_Y_CPU_IFD0_add_292_64_g776/COUT -       CIN->COUT F     ADDFX1         1 116.3   586  2411   68326    (-,-) 
  CPU_IFD0_add_277_66_Y_CPU_IFD0_add_305_65_Y_CPU_IFD0_add_292_64_g775/COUT -       CIN->COUT F     ADDFX1         1 116.3   587  2411   70738    (-,-) 
  CPU_IFD0_add_277_66_Y_CPU_IFD0_add_305_65_Y_CPU_IFD0_add_292_64_g774/COUT -       CIN->COUT F     ADDFX1         1 116.3   586  2412   73149    (-,-) 
  CPU_IFD0_add_277_66_Y_CPU_IFD0_add_305_65_Y_CPU_IFD0_add_292_64_g773/COUT -       CIN->COUT F     ADDFX1         1 116.3   586  2411   75560    (-,-) 
  CPU_IFD0_add_277_66_Y_CPU_IFD0_add_305_65_Y_CPU_IFD0_add_292_64_g772/COUT -       CIN->COUT F     ADDFX1         1 116.3   586  2411   77972    (-,-) 
  CPU_IFD0_add_277_66_Y_CPU_IFD0_add_305_65_Y_CPU_IFD0_add_292_64_g771/COUT -       CIN->COUT F     ADDFX1         1 116.3   586  2411   80383    (-,-) 
  CPU_IFD0_add_277_66_Y_CPU_IFD0_add_305_65_Y_CPU_IFD0_add_292_64_g770/COUT -       CIN->COUT F     ADDFX1         1 116.3   586  2411   82794    (-,-) 
  CPU_IFD0_add_277_66_Y_CPU_IFD0_add_305_65_Y_CPU_IFD0_add_292_64_g769/COUT -       CIN->COUT F     ADDFX1         1 116.3   586  2411   85206    (-,-) 
  CPU_IFD0_add_277_66_Y_CPU_IFD0_add_305_65_Y_CPU_IFD0_add_292_64_g768/COUT -       CIN->COUT F     ADDFX1         1 116.3   586  2411   87617    (-,-) 
  CPU_IFD0_add_277_66_Y_CPU_IFD0_add_305_65_Y_CPU_IFD0_add_292_64_g767/COUT -       CIN->COUT F     ADDFX1         1 116.3   586  2411   90028    (-,-) 
  CPU_IFD0_add_277_66_Y_CPU_IFD0_add_305_65_Y_CPU_IFD0_add_292_64_g766/COUT -       CIN->COUT F     ADDFX1         1 116.3   586  2411   92439    (-,-) 
  CPU_IFD0_add_277_66_Y_CPU_IFD0_add_305_65_Y_CPU_IFD0_add_292_64_g765/COUT -       CIN->COUT F     ADDFX1         1 116.3   586  2411   94851    (-,-) 
  CPU_IFD0_add_277_66_Y_CPU_IFD0_add_305_65_Y_CPU_IFD0_add_292_64_g764/COUT -       CIN->COUT F     ADDFX1         1 116.3   586  2411   97262    (-,-) 
  CPU_IFD0_add_277_66_Y_CPU_IFD0_add_305_65_Y_CPU_IFD0_add_292_64_g763/COUT -       CIN->COUT F     ADDFX1         1 116.3   586  2411   99673    (-,-) 
  CPU_IFD0_add_277_66_Y_CPU_IFD0_add_305_65_Y_CPU_IFD0_add_292_64_g762/COUT -       CIN->COUT F     ADDFX1         1 116.3   586  2411  102084    (-,-) 
  CPU_IFD0_add_277_66_Y_CPU_IFD0_add_305_65_Y_CPU_IFD0_add_292_64_g761/COUT -       CIN->COUT F     ADDFX1         1 116.3   586  2411  104496    (-,-) 
  CPU_IFD0_add_277_66_Y_CPU_IFD0_add_305_65_Y_CPU_IFD0_add_292_64_g760/COUT -       CIN->COUT F     ADDFX1         1 116.3   586  2411  106907    (-,-) 
  CPU_IFD0_add_277_66_Y_CPU_IFD0_add_305_65_Y_CPU_IFD0_add_292_64_g759/COUT -       CIN->COUT F     ADDFX1         1 116.3   586  2411  109318    (-,-) 
  CPU_IFD0_add_277_66_Y_CPU_IFD0_add_305_65_Y_CPU_IFD0_add_292_64_g758/COUT -       CIN->COUT F     ADDFX1         1 116.3   586  2411  111730    (-,-) 
  CPU_IFD0_add_277_66_Y_CPU_IFD0_add_305_65_Y_CPU_IFD0_add_292_64_g757/COUT -       CIN->COUT F     ADDFX1         1 116.3   586  2411  114141    (-,-) 
  CPU_IFD0_add_277_66_Y_CPU_IFD0_add_305_65_Y_CPU_IFD0_add_292_64_g756/COUT -       CIN->COUT F     ADDFX1         1 116.3   586  2411  116552    (-,-) 
  CPU_IFD0_add_277_66_Y_CPU_IFD0_add_305_65_Y_CPU_IFD0_add_292_64_g755/COUT -       CIN->COUT F     ADDFX1         1 116.3   586  2411  118963    (-,-) 
  CPU_IFD0_add_277_66_Y_CPU_IFD0_add_305_65_Y_CPU_IFD0_add_292_64_g754/COUT -       CIN->COUT F     ADDFX1         1 116.3   586  2411  121374    (-,-) 
  CPU_IFD0_add_277_66_Y_CPU_IFD0_add_305_65_Y_CPU_IFD0_add_292_64_g753/COUT -       CIN->COUT F     ADDFX1         1 116.3   586  2411  123786    (-,-) 
  CPU_IFD0_add_277_66_Y_CPU_IFD0_add_305_65_Y_CPU_IFD0_add_292_64_g752/COUT -       CIN->COUT F     ADDFX1         1 116.3   586  2411  126197    (-,-) 
  CPU_IFD0_add_277_66_Y_CPU_IFD0_add_305_65_Y_CPU_IFD0_add_292_64_g751/COUT -       CIN->COUT F     ADDFX1         1  67.4   461  2183  128380    (-,-) 
  CPU_IFD0_add_277_66_Y_CPU_IFD0_add_305_65_Y_CPU_IFD0_add_292_64_g750/Y    -       B->Y      R     XNOR2X1        1  56.9   620  1246  129626    (-,-) 
  g229701/Y                                                                 -       B->Y      F     NAND2X2        1  36.3   194   336  129961    (-,-) 
  g229576/Y                                                                 -       C->Y      R     NAND3X1        1  33.2   257   447  130408    (-,-) 
  CPU_IFD0_ProgramCounter_reg[31]/D                                         <<<     -         R     DFFRX1         1     -     -     0  130408    (-,-) 
#-------------------------------------------------------------------------------------------------------------------------------------------------------

