============================================================
  Generated by:           Genus(TM) Synthesis Solution 21.19-s055_1
  Generated on:           Dec 31 2024  08:12:29 am
  Module:                 RISC_V_Cached
  Operating conditions:   PVT_1P8V_25C (balanced_tree)
  Wireload mode:          enclosed
  Area mode:              timing library
============================================================


Path 1: MET (19199 ps) Setup Check with Pin CPU_IFD0_ProgramCounter_reg[31]/CK->D
          Group: CLK
     Startpoint: (R) i_cache_dut_control_state_reg[1]/CK
          Clock: (R) CLK
       Endpoint: (R) CPU_IFD0_ProgramCounter_reg[31]/D
          Clock: (R) CLK

                     Capture       Launch     
        Clock Edge:+  145000            0     
       Src Latency:+       0            0     
       Net Latency:+     200 (I)      200 (I) 
           Arrival:=  145200          200     
                                              
             Setup:-    1747                  
       Uncertainty:-     300                  
     Required Time:=  143153                  
      Launch Clock:-     200                  
         Data Path:-  123754                  
             Slack:=   19199                  

#-------------------------------------------------------------------------------------------------------------------------------------------------------
#                               Timing Point                                Flags     Arc     Edge   Cell     Fanout  Load Trans Delay Arrival Instance 
#                                                                                                                     (fF)  (ps)  (ps)   (ps)  Location 
#-------------------------------------------------------------------------------------------------------------------------------------------------------
  i_cache_dut_control_state_reg[1]/CK                                       -       -         R     (arrival)   4047     -     0     0     200    (-,-) 
  i_cache_dut_control_state_reg[1]/Q                                        -       CK->Q     F     DFFRX1         4 195.4  1401  4678    4878    (-,-) 
  g248725/Y                                                                 -       A->Y      R     INVX3          4 158.4   369  1134    6012    (-,-) 
  g187409/Y                                                                 -       A->Y      F     NAND2X2       13 468.7  1088  1387    7399    (-,-) 
  g187700/Y                                                                 -       C->Y      F     OR3X1          4 287.4   833  2717   10116    (-,-) 
  drc_bufs187478/Y                                                          -       A->Y      R     INVX3          5 264.4   376  1018   11134    (-,-) 
  g2/Y                                                                      -       B->Y      R     AND2X1         2  70.8   314  1020   12154    (-,-) 
  g186724/Y                                                                 -       A->Y      R     BUFX2         11 405.3   727  1401   13555    (-,-) 
  g186694/Y                                                                 -       A->Y      F     INVX2          5 189.0   350   636   14191    (-,-) 
  g186713/Y                                                                 -       A->Y      R     INVX2         17 594.8  1039  1481   15672    (-,-) 
  g185926/Y                                                                 -       A->Y      F     NAND2X1        1  36.3   348   460   16132    (-,-) 
  g185342/Y                                                                 -       C->Y      R     NAND3X1        1  34.7   262   549   16681    (-,-) 
  g185066/Y                                                                 -       A->Y      F     NOR4X1         1  55.7   284   477   17158    (-,-) 
  g185014/Y                                                                 -       B->Y      R     NAND2X2       10 522.5   959  1344   18502    (-,-) 
  g184993/Y                                                                 -       A->Y      F     NAND2X2        7 456.7  1063  1475   19977    (-,-) 
  g184980/Y                                                                 -       A->Y      R     INVX3          2 111.0   268   854   20831    (-,-) 
  g184226/Y                                                                 -       A->Y      F     NAND2X2       13 478.2  1090  1390   22220    (-,-) 
  g183613/Y                                                                 -       A->Y      R     INVX2          8 281.1   554  1395   23615    (-,-) 
  g182896/Y                                                                 -       B->Y      R     AND2X1         1  33.0   200   903   24518    (-,-) 
  g181571/Y                                                                 -       C->Y      F     AOI21X1        1  35.2   413   391   24909    (-,-) 
  g180852/Y                                                                 -       C->Y      R     NAND4X1        1  36.8   307   640   25549    (-,-) 
  g187714/Y                                                                 -       D->Y      R     OR4X1          3 125.1   493  1110   26659    (-,-) 
  drc_bufs187546/Y                                                          -       A->Y      F     INVX2          2  86.6   192   367   27026    (-,-) 
  g180702/Y                                                                 -       A->Y      R     NOR2X2         3 103.0   537   770   27796    (-,-) 
  g180594/Y                                                                 -       B->Y      R     AO21X1         1  33.3   201   935   28731    (-,-) 
  g180584/Y                                                                 -       C->Y      F     OAI21X1        1  33.4   392   508   29238    (-,-) 
  g180577/Y                                                                 -       B->Y      R     OAI21X1        2  92.1   752  1191   30429    (-,-) 
  g180572/Y                                                                 -       B->Y      F     OAI21X1        1  36.0   345   538   30967    (-,-) 
  g180571/Y                                                                 -       C->Y      F     AND3X1         2  65.8   227   959   31926    (-,-) 
  g180568/Y                                                                 -       C->Y      R     NOR3X1         1  35.2   620   850   32775    (-,-) 
  g180566/Y                                                                 -       B->Y      F     OAI21X1        1  36.3   361   520   33296    (-,-) 
  g180565/Y                                                                 -       C->Y      R     NAND3X1        1  36.7   266   566   33862    (-,-) 
  g180564/Y                                                                 -       C->Y      F     NAND3X1        1  32.7   387   541   34402    (-,-) 
  g180563/Y                                                                 -       B->Y      R     AOI21X1        1  36.9   476   780   35182    (-,-) 
  g180562/Y                                                                 -       C->Y      F     NOR3X1         1  32.4   192   408   35590    (-,-) 
  g180561/Y                                                                 -       C->Y      R     AOI21X1        1  35.2   464   834   36423    (-,-) 
  g180560/Y                                                                 -       B->Y      F     OAI21X1        2  88.5   532   766   37189    (-,-) 
  g180558/Y                                                                 -       B->Y      R     AOI21X1        1  33.3   452   836   38025    (-,-) 
  g180557/Y                                                                 -       C->Y      F     OAI21X1        1  36.3   361   568   38593    (-,-) 
  g180556/Y                                                                 -       D->Y      R     NAND4X1        1  36.7   306   587   39180    (-,-) 
  g180555/Y                                                                 -       C->Y      F     NAND3X1        1  32.7   384   552   39732    (-,-) 
  g180554/Y                                                                 -       B->Y      R     AOI21X1        2 113.4   995  1376   41108    (-,-) 
  g180553/Y                                                                 -       A->Y      F     INVX2          1  32.7   183   194   41302    (-,-) 
  g180551/Y                                                                 -       B->Y      R     AOI21X1        1  33.3   452   632   41934    (-,-) 
  g180550/Y                                                                 -       C->Y      F     OAI21X1        2  91.8   546   851   42785    (-,-) 
  g180545/Y                                                                 -       B->Y      R     NOR2X2         1  33.0   225   605   43390    (-,-) 
  g180544/Y                                                                 -       C->Y      F     AOI21X1        1  33.4   393   396   43786    (-,-) 
  g180543/Y                                                                 -       B->Y      R     OAI21X1        1  35.2   414   744   44531    (-,-) 
  g180542/Y                                                                 -       B->Y      F     OAI21X1        1  32.7   324   456   44986    (-,-) 
  g180541/Y                                                                 -       C->Y      R     OAI21X1        2  93.6   762   800   45786    (-,-) 
  g180540/Y                                                                 -       C->Y      F     NAND3X1        2  85.0   717  1063   46849    (-,-) 
  g187699/Y                                                                 -       C->Y      F     OR3X1          1  74.7   331  1706   48556    (-,-) 
  drc_bufs/Y                                                                -       A->Y      R     INVX3          8 368.4   444   823   49378    (-,-) 
  g180533/Y                                                                 -       B->Y      F     OAI21X1        3 170.4   944  1157   50536    (-,-) 
  CPU_IFD0_add_277_66_Y_CPU_IFD0_add_305_65_Y_CPU_IFD0_add_292_64_g785/Y    -       B->Y      R     NOR2X2         1  35.2   277   823   51358    (-,-) 
  CPU_IFD0_add_277_66_Y_CPU_IFD0_add_305_65_Y_CPU_IFD0_add_292_64_g780/Y    -       B->Y      F     OAI21X1        1 116.3   646   832   52190    (-,-) 
  CPU_IFD0_add_277_66_Y_CPU_IFD0_add_305_65_Y_CPU_IFD0_add_292_64_g779/COUT -       CIN->COUT F     ADDFX1         1 116.3   586  2448   54638    (-,-) 
  CPU_IFD0_add_277_66_Y_CPU_IFD0_add_305_65_Y_CPU_IFD0_add_292_64_g778/COUT -       CIN->COUT F     ADDFX1         1 116.3   586  2411   57050    (-,-) 
  CPU_IFD0_add_277_66_Y_CPU_IFD0_add_305_65_Y_CPU_IFD0_add_292_64_g777/COUT -       CIN->COUT F     ADDFX1         1 116.3   586  2411   59461    (-,-) 
  CPU_IFD0_add_277_66_Y_CPU_IFD0_add_305_65_Y_CPU_IFD0_add_292_64_g776/COUT -       CIN->COUT F     ADDFX1         1 116.3   586  2411   61872    (-,-) 
  CPU_IFD0_add_277_66_Y_CPU_IFD0_add_305_65_Y_CPU_IFD0_add_292_64_g775/COUT -       CIN->COUT F     ADDFX1         1 116.3   587  2411   64284    (-,-) 
  CPU_IFD0_add_277_66_Y_CPU_IFD0_add_305_65_Y_CPU_IFD0_add_292_64_g774/COUT -       CIN->COUT F     ADDFX1         1 116.3   586  2412   66695    (-,-) 
  CPU_IFD0_add_277_66_Y_CPU_IFD0_add_305_65_Y_CPU_IFD0_add_292_64_g773/COUT -       CIN->COUT F     ADDFX1         1 116.3   586  2411   69106    (-,-) 
  CPU_IFD0_add_277_66_Y_CPU_IFD0_add_305_65_Y_CPU_IFD0_add_292_64_g772/COUT -       CIN->COUT F     ADDFX1         1 116.3   586  2411   71518    (-,-) 
  CPU_IFD0_add_277_66_Y_CPU_IFD0_add_305_65_Y_CPU_IFD0_add_292_64_g771/COUT -       CIN->COUT F     ADDFX1         1 116.3   586  2411   73929    (-,-) 
  CPU_IFD0_add_277_66_Y_CPU_IFD0_add_305_65_Y_CPU_IFD0_add_292_64_g770/COUT -       CIN->COUT F     ADDFX1         1 116.3   586  2411   76340    (-,-) 
  CPU_IFD0_add_277_66_Y_CPU_IFD0_add_305_65_Y_CPU_IFD0_add_292_64_g769/COUT -       CIN->COUT F     ADDFX1         1 116.3   586  2411   78751    (-,-) 
  CPU_IFD0_add_277_66_Y_CPU_IFD0_add_305_65_Y_CPU_IFD0_add_292_64_g768/COUT -       CIN->COUT F     ADDFX1         1 116.3   586  2411   81163    (-,-) 
  CPU_IFD0_add_277_66_Y_CPU_IFD0_add_305_65_Y_CPU_IFD0_add_292_64_g767/COUT -       CIN->COUT F     ADDFX1         1 116.3   586  2411   83574    (-,-) 
  CPU_IFD0_add_277_66_Y_CPU_IFD0_add_305_65_Y_CPU_IFD0_add_292_64_g766/COUT -       CIN->COUT F     ADDFX1         1 116.3   586  2411   85985    (-,-) 
  CPU_IFD0_add_277_66_Y_CPU_IFD0_add_305_65_Y_CPU_IFD0_add_292_64_g765/COUT -       CIN->COUT F     ADDFX1         1 116.3   586  2411   88396    (-,-) 
  CPU_IFD0_add_277_66_Y_CPU_IFD0_add_305_65_Y_CPU_IFD0_add_292_64_g764/COUT -       CIN->COUT F     ADDFX1         1 116.3   586  2411   90808    (-,-) 
  CPU_IFD0_add_277_66_Y_CPU_IFD0_add_305_65_Y_CPU_IFD0_add_292_64_g763/COUT -       CIN->COUT F     ADDFX1         1 116.3   586  2411   93219    (-,-) 
  CPU_IFD0_add_277_66_Y_CPU_IFD0_add_305_65_Y_CPU_IFD0_add_292_64_g762/COUT -       CIN->COUT F     ADDFX1         1 116.3   586  2411   95630    (-,-) 
  CPU_IFD0_add_277_66_Y_CPU_IFD0_add_305_65_Y_CPU_IFD0_add_292_64_g761/COUT -       CIN->COUT F     ADDFX1         1 116.3   586  2411   98042    (-,-) 
  CPU_IFD0_add_277_66_Y_CPU_IFD0_add_305_65_Y_CPU_IFD0_add_292_64_g760/COUT -       CIN->COUT F     ADDFX1         1 116.3   586  2411  100453    (-,-) 
  CPU_IFD0_add_277_66_Y_CPU_IFD0_add_305_65_Y_CPU_IFD0_add_292_64_g759/COUT -       CIN->COUT F     ADDFX1         1 116.3   586  2411  102864    (-,-) 
  CPU_IFD0_add_277_66_Y_CPU_IFD0_add_305_65_Y_CPU_IFD0_add_292_64_g758/COUT -       CIN->COUT F     ADDFX1         1 116.3   586  2411  105276    (-,-) 
  CPU_IFD0_add_277_66_Y_CPU_IFD0_add_305_65_Y_CPU_IFD0_add_292_64_g757/COUT -       CIN->COUT F     ADDFX1         1 116.3   586  2411  107687    (-,-) 
  CPU_IFD0_add_277_66_Y_CPU_IFD0_add_305_65_Y_CPU_IFD0_add_292_64_g756/COUT -       CIN->COUT F     ADDFX1         1 116.3   586  2411  110098    (-,-) 
  CPU_IFD0_add_277_66_Y_CPU_IFD0_add_305_65_Y_CPU_IFD0_add_292_64_g755/COUT -       CIN->COUT F     ADDFX1         1 116.3   586  2411  112509    (-,-) 
  CPU_IFD0_add_277_66_Y_CPU_IFD0_add_305_65_Y_CPU_IFD0_add_292_64_g754/COUT -       CIN->COUT F     ADDFX1         1 116.3   586  2411  114920    (-,-) 
  CPU_IFD0_add_277_66_Y_CPU_IFD0_add_305_65_Y_CPU_IFD0_add_292_64_g753/COUT -       CIN->COUT F     ADDFX1         1 116.3   586  2411  117332    (-,-) 
  CPU_IFD0_add_277_66_Y_CPU_IFD0_add_305_65_Y_CPU_IFD0_add_292_64_g752/COUT -       CIN->COUT F     ADDFX1         1 116.3   586  2411  119743    (-,-) 
  CPU_IFD0_add_277_66_Y_CPU_IFD0_add_305_65_Y_CPU_IFD0_add_292_64_g751/COUT -       CIN->COUT F     ADDFX1         1  67.4   461  2183  121926    (-,-) 
  CPU_IFD0_add_277_66_Y_CPU_IFD0_add_305_65_Y_CPU_IFD0_add_292_64_g750/Y    -       B->Y      R     XNOR2X1        1  56.9   621  1246  123172    (-,-) 
  g229701/Y                                                                 -       B->Y      F     NAND2X2        1  36.3   194   336  123507    (-,-) 
  g229576/Y                                                                 -       C->Y      R     NAND3X1        1  33.2   257   447  123954    (-,-) 
  CPU_IFD0_ProgramCounter_reg[31]/D                                         <<<     -         R     DFFRX1         1     -     -     0  123954    (-,-) 
#-------------------------------------------------------------------------------------------------------------------------------------------------------

