============================================================
  Generated by:           Genus(TM) Synthesis Solution 21.19-s055_1
  Generated on:           Jan 02 2025  05:15:28 am
  Module:                 RISC_V_Cached
  Operating conditions:   PVT_1P8V_25C (balanced_tree)
  Wireload mode:          enclosed
  Area mode:              timing library
============================================================

                                 
  Gate   Instances      Area               Library           
-------------------------------------------------------------
AND2X1          82     78720.000    KISTA_SOI_STDLIB2_CCS_TT 
AND3X1          27     34560.000    KISTA_SOI_STDLIB2_CCS_TT 
AND4X1          65    104000.000    KISTA_SOI_STDLIB2_CCS_TT 
AO21X1          77     98560.000    KISTA_SOI_STDLIB2_CCS_TT 
AOI21X1        779    747840.000    KISTA_SOI_STDLIB2_CCS_TT 
BUFX2          303    193920.000    KISTA_SOI_STDLIB2_CCS_TT 
BUFX3          239    152960.000    KISTA_SOI_STDLIB2_CCS_TT 
BUFX4           86     68800.000    KISTA_SOI_STDLIB2_CCS_TT 
BUFX9          113    108480.000    KISTA_SOI_STDLIB2_CCS_TT 
DFFRX1        1483   8067520.000    KISTA_SOI_STDLIB2_CCS_TT 
DFFSX1           3     15360.000    KISTA_SOI_STDLIB2_CCS_TT 
DFFX1         2594  11206080.000    KISTA_SOI_STDLIB2_CCS_TT 
INVX1          236     75520.000    KISTA_SOI_STDLIB2_CCS_TT 
INVX2         1437    459840.000    KISTA_SOI_STDLIB2_CCS_TT 
INVX3         2080    665600.000    KISTA_SOI_STDLIB2_CCS_TT 
INVX4          125     60000.000    KISTA_SOI_STDLIB2_CCS_TT 
MX2X1            6     11520.000    KISTA_SOI_STDLIB2_CCS_TT 
NAND2X1       7240   4633600.000    KISTA_SOI_STDLIB2_CCS_TT 
NAND2X2       4966   3178240.000    KISTA_SOI_STDLIB2_CCS_TT 
NAND2X3        323    310080.000    KISTA_SOI_STDLIB2_CCS_TT 
NAND3X1        212    203520.000    KISTA_SOI_STDLIB2_CCS_TT 
NAND4X1        647    828160.000    KISTA_SOI_STDLIB2_CCS_TT 
NOR2X1         346    221440.000    KISTA_SOI_STDLIB2_CCS_TT 
NOR2X2        2026   1296640.000    KISTA_SOI_STDLIB2_CCS_TT 
NOR2X3         249    239040.000    KISTA_SOI_STDLIB2_CCS_TT 
NOR3X1         136    130560.000    KISTA_SOI_STDLIB2_CCS_TT 
NOR4X1          94    120320.000    KISTA_SOI_STDLIB2_CCS_TT 
OA21X1          29     37120.000    KISTA_SOI_STDLIB2_CCS_TT 
OAI21X1       4590   4406400.000    KISTA_SOI_STDLIB2_CCS_TT 
OR2X1           41     39360.000    KISTA_SOI_STDLIB2_CCS_TT 
OR3X1            8     10240.000    KISTA_SOI_STDLIB2_CCS_TT 
OR4X1            7     11200.000    KISTA_SOI_STDLIB2_CCS_TT 
XNOR2X1        148    236800.000    KISTA_SOI_STDLIB2_CCS_TT 
XOR2X1          73    116800.000    KISTA_SOI_STDLIB2_CCS_TT 
-------------------------------------------------------------
total        30870  38168800.000                             


                                             
     Type      Instances     Area     Area % 
---------------------------------------------
sequential          4080 19288960.000   50.5 
inverter            3878  1260960.000    3.3 
buffer               741   524160.000    1.4 
logic              22171 17094720.000   44.8 
physical_cells         0        0.000    0.0 
---------------------------------------------
total              30870 38168800.000  100.0 

