============================================================
  Generated by:           Genus(TM) Synthesis Solution 21.19-s055_1
  Generated on:           Dec 31 2024  12:12:02 pm
  Module:                 RISC_V_Cached
  Operating conditions:   PVT_1P8V_25C (balanced_tree)
  Wireload mode:          enclosed
  Area mode:              timing library
============================================================

                                 
  Gate   Instances      Area               Library           
-------------------------------------------------------------
ADDHX1           2      4480.000    KISTA_SOI_STDLIB2_CCS_TT 
AND2X1          63     60480.000    KISTA_SOI_STDLIB2_CCS_TT 
AND3X1          41     52480.000    KISTA_SOI_STDLIB2_CCS_TT 
AND4X1         100    160000.000    KISTA_SOI_STDLIB2_CCS_TT 
AO21X1         110    140800.000    KISTA_SOI_STDLIB2_CCS_TT 
AOI21X1        755    724800.000    KISTA_SOI_STDLIB2_CCS_TT 
BUFX2          130     83200.000    KISTA_SOI_STDLIB2_CCS_TT 
BUFX3           81     51840.000    KISTA_SOI_STDLIB2_CCS_TT 
BUFX4           59     47200.000    KISTA_SOI_STDLIB2_CCS_TT 
BUFX9           22     21120.000    KISTA_SOI_STDLIB2_CCS_TT 
DFFRX1        1486   8083840.000    KISTA_SOI_STDLIB2_CCS_TT 
DFFSX1           3     15360.000    KISTA_SOI_STDLIB2_CCS_TT 
DFFX1         2594  11206080.000    KISTA_SOI_STDLIB2_CCS_TT 
INVX1          201     64320.000    KISTA_SOI_STDLIB2_CCS_TT 
INVX2         1206    385920.000    KISTA_SOI_STDLIB2_CCS_TT 
INVX3         1726    552320.000    KISTA_SOI_STDLIB2_CCS_TT 
INVX4           74     35520.000    KISTA_SOI_STDLIB2_CCS_TT 
MX2X1           28     53760.000    KISTA_SOI_STDLIB2_CCS_TT 
NAND2X1       7426   4752640.000    KISTA_SOI_STDLIB2_CCS_TT 
NAND2X2       4606   2947840.000    KISTA_SOI_STDLIB2_CCS_TT 
NAND2X3        180    172800.000    KISTA_SOI_STDLIB2_CCS_TT 
NAND3X1        320    307200.000    KISTA_SOI_STDLIB2_CCS_TT 
NAND4X1        797   1020160.000    KISTA_SOI_STDLIB2_CCS_TT 
NOR2X1         246    157440.000    KISTA_SOI_STDLIB2_CCS_TT 
NOR2X2        1530    979200.000    KISTA_SOI_STDLIB2_CCS_TT 
NOR2X3         200    192000.000    KISTA_SOI_STDLIB2_CCS_TT 
NOR3X1         120    115200.000    KISTA_SOI_STDLIB2_CCS_TT 
NOR4X1         100    128000.000    KISTA_SOI_STDLIB2_CCS_TT 
OA21X1          98    125440.000    KISTA_SOI_STDLIB2_CCS_TT 
OAI21X1       4396   4220160.000    KISTA_SOI_STDLIB2_CCS_TT 
OR2X1           35     33600.000    KISTA_SOI_STDLIB2_CCS_TT 
OR3X1           18     23040.000    KISTA_SOI_STDLIB2_CCS_TT 
OR4X1           13     20800.000    KISTA_SOI_STDLIB2_CCS_TT 
XNOR2X1        109    174400.000    KISTA_SOI_STDLIB2_CCS_TT 
XOR2X1          87    139200.000    KISTA_SOI_STDLIB2_CCS_TT 
-------------------------------------------------------------
total        28962  37252640.000                             


                                             
     Type      Instances     Area     Area % 
---------------------------------------------
sequential          4083 19305280.000   51.8 
inverter            3207  1038080.000    2.8 
buffer               292   203360.000    0.5 
logic              21380 16705920.000   44.8 
physical_cells         0        0.000    0.0 
---------------------------------------------
total              28962 37252640.000  100.0 

