============================================================
  Generated by:           Genus(TM) Synthesis Solution 21.19-s055_1
  Generated on:           Dec 31 2024  02:35:33 pm
  Module:                 RISC_V_Cached
  Operating conditions:   PVT_1P8V_25C (balanced_tree)
  Wireload mode:          enclosed
  Area mode:              timing library
============================================================

                                 
  Gate   Instances      Area               Library           
-------------------------------------------------------------
ADDFX1          61    302560.000    KISTA_SOI_STDLIB2_CCS_TT 
ADDHX1           4      8960.000    KISTA_SOI_STDLIB2_CCS_TT 
AND2X1         172    165120.000    KISTA_SOI_STDLIB2_CCS_TT 
AND3X1           6      7680.000    KISTA_SOI_STDLIB2_CCS_TT 
AND4X1          70    112000.000    KISTA_SOI_STDLIB2_CCS_TT 
AO21X1          93    119040.000    KISTA_SOI_STDLIB2_CCS_TT 
AOI21X1       1090   1046400.000    KISTA_SOI_STDLIB2_CCS_TT 
BUFX2          176    112640.000    KISTA_SOI_STDLIB2_CCS_TT 
BUFX3            9      5760.000    KISTA_SOI_STDLIB2_CCS_TT 
DFFRX1        1486   8083840.000    KISTA_SOI_STDLIB2_CCS_TT 
DFFSX1           3     15360.000    KISTA_SOI_STDLIB2_CCS_TT 
DFFX1         2557  11046240.000    KISTA_SOI_STDLIB2_CCS_TT 
INVX1           75     24000.000    KISTA_SOI_STDLIB2_CCS_TT 
INVX2         1361    435520.000    KISTA_SOI_STDLIB2_CCS_TT 
INVX3         1142    365440.000    KISTA_SOI_STDLIB2_CCS_TT 
MX2X1          103    197760.000    KISTA_SOI_STDLIB2_CCS_TT 
NAND2X1       6983   4469120.000    KISTA_SOI_STDLIB2_CCS_TT 
NAND2X2       2371   1517440.000    KISTA_SOI_STDLIB2_CCS_TT 
NAND3X1        222    213120.000    KISTA_SOI_STDLIB2_CCS_TT 
NAND4X1       1190   1523200.000    KISTA_SOI_STDLIB2_CCS_TT 
NOR2X1         211    135040.000    KISTA_SOI_STDLIB2_CCS_TT 
NOR2X2         589    376960.000    KISTA_SOI_STDLIB2_CCS_TT 
NOR2X3         129    123840.000    KISTA_SOI_STDLIB2_CCS_TT 
NOR3X1         215    206400.000    KISTA_SOI_STDLIB2_CCS_TT 
NOR4X1         192    245760.000    KISTA_SOI_STDLIB2_CCS_TT 
OA21X1         123    157440.000    KISTA_SOI_STDLIB2_CCS_TT 
OAI21X1       4573   4390080.000    KISTA_SOI_STDLIB2_CCS_TT 
OR2X1           68     65280.000    KISTA_SOI_STDLIB2_CCS_TT 
OR3X1           15     19200.000    KISTA_SOI_STDLIB2_CCS_TT 
OR4X1           30     48000.000    KISTA_SOI_STDLIB2_CCS_TT 
XNOR2X1         45     72000.000    KISTA_SOI_STDLIB2_CCS_TT 
XOR2X1          71    113600.000    KISTA_SOI_STDLIB2_CCS_TT 
-------------------------------------------------------------
total        25435  35724800.000                             


                                             
     Type      Instances     Area     Area % 
---------------------------------------------
sequential          4046 19145440.000   53.6 
inverter            2578   824960.000    2.3 
buffer               185   118400.000    0.3 
logic              18626 15636000.000   43.8 
physical_cells         0        0.000    0.0 
---------------------------------------------
total              25435 35724800.000  100.0 

