============================================================
  Generated by:           Genus(TM) Synthesis Solution 21.19-s055_1
  Generated on:           Dec 31 2024  06:51:50 am
  Module:                 RISC_V_Cached
  Operating conditions:   PVT_1P8V_25C (balanced_tree)
  Wireload mode:          enclosed
  Area mode:              timing library
============================================================


Path 1: MET (4 ps) Setup Check with Pin CPU_IFD0_ProgramCounter_reg[31]/CK->D
          Group: CLK
     Startpoint: (R) CPU_IFD0_ProgramCounter_reg[2]/CK
          Clock: (R) CLK
       Endpoint: (R) CPU_IFD0_ProgramCounter_reg[31]/D
          Clock: (R) CLK

                     Capture       Launch     
        Clock Edge:+   55000            0     
       Src Latency:+       0            0     
       Net Latency:+     200 (I)      200 (I) 
           Arrival:=   55200          200     
                                              
             Setup:-    1747                  
       Uncertainty:-     300                  
     Required Time:=   53153                  
      Launch Clock:-     200                  
         Data Path:-   52949                  
             Slack:=       4                  

#-------------------------------------------------------------------------------------------------------------------------------------------------
#                              Timing Point                               Flags   Arc   Edge   Cell     Fanout  Load Trans Delay Arrival Instance 
#                                                                                                               (fF)  (ps)  (ps)   (ps)  Location 
#-------------------------------------------------------------------------------------------------------------------------------------------------
  CPU_IFD0_ProgramCounter_reg[2]/CK                                       -       -     R     (arrival)   4084     -     0     0     200    (-,-) 
  CPU_IFD0_ProgramCounter_reg[2]/Q                                        -       CK->Q F     DFFRX1         5 209.8  1478  4837    5037    (-,-) 
  g114756/Y                                                               -       A->Y  F     BUFX3          4 217.7   247  1776    6814    (-,-) 
  g198282/Y                                                               -       A->Y  R     INVX3          4 182.3   234   526    7340    (-,-) 
  g198234/Y                                                               -       B->Y  F     NOR2X1         1  54.5   278   388    7728    (-,-) 
  g198191/Y                                                               -       A->Y  R     NAND2X2        4 291.1   566   900    8628    (-,-) 
  g198177/Y                                                               -       A->Y  F     INVX3          5 303.0   317   607    9235    (-,-) 
  g197809/Y                                                               -       B->Y  R     NAND2X2        3 189.3   395   731    9965    (-,-) 
  g197685/Y                                                               -       A->Y  F     INVX3          9 306.9   288   544   10510    (-,-) 
  g197396/Y                                                               -       A->Y  R     NAND2X1        1  55.5   343   604   11114    (-,-) 
  g196452/Y                                                               -       A->Y  F     NAND2X2        1  55.8   193   363   11477    (-,-) 
  g196308/Y                                                               -       B->Y  R     NOR2X2         1  35.0   200   401   11878    (-,-) 
  g196063/Y                                                               -       A->Y  F     NAND3X1        1  55.8   498   767   12645    (-,-) 
  g196034/Y                                                               -       B->Y  R     NOR2X2         1  82.2   398   778   13423    (-,-) 
  g195999/Y                                                               -       B->Y  F     NAND2X3        8 413.8   647   950   14374    (-,-) 
  g195954/Y                                                               -       A->Y  R     INVX3          4 223.0   314   840   15214    (-,-) 
  g195935/Y                                                               -       B->Y  F     NAND2X2        2 130.5   360   554   15768    (-,-) 
  g195848/Y                                                               -       B->Y  R     NOR2X2         2 133.6   544   891   16659    (-,-) 
  g195832/Y                                                               -       A->Y  F     INVX3          4 246.4   276   528   17186    (-,-) 
  g195520/Y                                                               -       B->Y  R     NOR2X2         9 355.9  1288  1696   18882    (-,-) 
  g195388/Y                                                               -       A->Y  F     INVX3          3 205.2   391   553   19435    (-,-) 
  g195387/Y                                                               -       A->Y  R     INVX3         12 418.6   501   927   20362    (-,-) 
  g194270/Y                                                               -       A->Y  F     NAND2X1        1  54.5   420   547   20909    (-,-) 
  g193060/Y                                                               -       A->Y  R     NAND2X2        1  57.1   194   539   21448    (-,-) 
  g192479/Y                                                               -       B->Y  F     NOR2X2         1  36.3   116   253   21701    (-,-) 
  g257194/Y                                                               -       C->Y  R     NAND3X1        1  33.0   257   397   22098    (-,-) 
  g257193/Y                                                               -       C->Y  R     AO21X1         1  55.3   273   876   22973    (-,-) 
  g191963/Y                                                               -       A->Y  F     NOR2X2         1  54.5   150   326   23300    (-,-) 
  g191850/Y                                                               -       A->Y  R     NAND2X2        4 179.6   375   600   23900    (-,-) 
  g191729/Y                                                               -       A->Y  F     NOR2X2         2  65.7   184   373   24273    (-,-) 
  g191631/Y                                                               -       A->Y  R     NOR4X1         1  36.3   929  1584   25857    (-,-) 
  g257037/Y                                                               -       D->Y  F     NAND4X1        1  54.7   747  1067   26924    (-,-) 
  g191562/Y                                                               -       A->Y  R     NOR2X2         2  91.7   431   965   27890    (-,-) 
  g257080/Y                                                               -       B->Y  F     NAND2X2        1  33.4   163   308   28198    (-,-) 
  g191552/Y                                                               -       B->Y  R     OAI21X1        1  37.1   383   625   28823    (-,-) 
  g257078/Y                                                               -       B->Y  F     NOR2X1         1  54.7   270   439   29262    (-,-) 
  g191541/Y                                                               -       A->Y  R     NOR2X2         1  56.9   280   622   29884    (-,-) 
  g191540/Y                                                               -       B->Y  F     NAND2X2        3 149.2   372   589   30473    (-,-) 
  g191539/Y                                                               -       B->Y  R     NAND2X3        5 238.3   357   726   31199    (-,-) 
  g191538/Y                                                               -       A->Y  F     INVX3          4 222.8   224   437   31636    (-,-) 
  g191531/Y                                                               -       B->Y  R     NAND2X2        1  56.9   304   405   32041    (-,-) 
  g191527/Y                                                               -       B->Y  F     NAND2X2        2 111.5   298   502   32543    (-,-) 
  CPU_IFD0_add_277_66_Y_CPU_IFD0_add_305_65_Y_CPU_IFD0_add_292_64_g1358/Y -       B->Y  R     NOR2X2         2  90.4   398   684   33227    (-,-) 
  CPU_IFD0_add_277_66_Y_CPU_IFD0_add_305_65_Y_CPU_IFD0_add_292_64_g1248/Y -       B->Y  R     OA21X1         2  97.7   403  1159   34386    (-,-) 
  CPU_IFD0_add_277_66_Y_CPU_IFD0_add_305_65_Y_CPU_IFD0_add_292_64_g1243/Y -       B->Y  F     OAI21X1        2 123.1   677   912   35298    (-,-) 
  CPU_IFD0_add_277_66_Y_CPU_IFD0_add_305_65_Y_CPU_IFD0_add_292_64_g1242/Y -       B->Y  R     NAND2X2        1  56.9   206   654   35952    (-,-) 
  CPU_IFD0_add_277_66_Y_CPU_IFD0_add_305_65_Y_CPU_IFD0_add_292_64_g1240/Y -       B->Y  F     NAND2X2        2 111.1   296   470   36422    (-,-) 
  CPU_IFD0_add_277_66_Y_CPU_IFD0_add_305_65_Y_CPU_IFD0_add_292_64_g1238/Y -       B->Y  R     NAND2X2        1  56.9   168   447   36869    (-,-) 
  CPU_IFD0_add_277_66_Y_CPU_IFD0_add_305_65_Y_CPU_IFD0_add_292_64_g1235/Y -       B->Y  F     NAND2X2        2 114.6   302   466   37335    (-,-) 
  CPU_IFD0_add_277_66_Y_CPU_IFD0_add_305_65_Y_CPU_IFD0_add_292_64_g1233/Y -       B->Y  R     NAND2X2        1  56.9   179   451   37786    (-,-) 
  CPU_IFD0_add_277_66_Y_CPU_IFD0_add_305_65_Y_CPU_IFD0_add_292_64_g1230/Y -       B->Y  F     NAND2X2        2 123.1   314   490   38275    (-,-) 
  CPU_IFD0_add_277_66_Y_CPU_IFD0_add_305_65_Y_CPU_IFD0_add_292_64_g1229/Y -       B->Y  R     NAND2X2        1  56.9   186   458   38733    (-,-) 
  CPU_IFD0_add_277_66_Y_CPU_IFD0_add_305_65_Y_CPU_IFD0_add_292_64_g1227/Y -       B->Y  F     NAND2X2        2 123.1   317   492   39224    (-,-) 
  CPU_IFD0_add_277_66_Y_CPU_IFD0_add_305_65_Y_CPU_IFD0_add_292_64_g1226/Y -       B->Y  R     NAND2X2        2 114.0   273   580   39804    (-,-) 
  CPU_IFD0_add_277_66_Y_CPU_IFD0_add_305_65_Y_CPU_IFD0_add_292_64_g1223/Y -       B->Y  F     NOR2X2         2 111.5   272   396   40200    (-,-) 
  CPU_IFD0_add_277_66_Y_CPU_IFD0_add_305_65_Y_CPU_IFD0_add_292_64_g1222/Y -       B->Y  R     NAND2X2        1  56.9   167   433   40634    (-,-) 
  CPU_IFD0_add_277_66_Y_CPU_IFD0_add_305_65_Y_CPU_IFD0_add_292_64_g1219/Y -       B->Y  F     NAND2X2        2 111.1   294   457   41091    (-,-) 
  CPU_IFD0_add_277_66_Y_CPU_IFD0_add_305_65_Y_CPU_IFD0_add_292_64_g1214/Y -       B->Y  R     NAND2X2        2 114.0   260   565   41656    (-,-) 
  CPU_IFD0_add_277_66_Y_CPU_IFD0_add_305_65_Y_CPU_IFD0_add_292_64_g1212/Y -       B->Y  F     NOR2X2         1  55.8   146   301   41958    (-,-) 
  CPU_IFD0_add_277_66_Y_CPU_IFD0_add_305_65_Y_CPU_IFD0_add_292_64_g1208/Y -       B->Y  R     NOR2X2         3 176.7   684   929   42887    (-,-) 
  CPU_IFD0_add_277_66_Y_CPU_IFD0_add_305_65_Y_CPU_IFD0_add_292_64_g1202/Y -       B->Y  F     NOR2X2         1  55.8   198   340   43226    (-,-) 
  CPU_IFD0_add_277_66_Y_CPU_IFD0_add_305_65_Y_CPU_IFD0_add_292_64_g1200/Y -       B->Y  R     NOR2X2         2 119.6   495   737   43963    (-,-) 
  CPU_IFD0_add_277_66_Y_CPU_IFD0_add_305_65_Y_CPU_IFD0_add_292_64_g1196/Y -       B->Y  F     NOR2X2         3 166.8   302   574   44537    (-,-) 
  CPU_IFD0_add_277_66_Y_CPU_IFD0_add_305_65_Y_CPU_IFD0_add_292_64_g1192/Y -       B->Y  R     NAND2X2        1  56.9   174   451   44987    (-,-) 
  CPU_IFD0_add_277_66_Y_CPU_IFD0_add_305_65_Y_CPU_IFD0_add_292_64_g1188/Y -       B->Y  F     NAND2X2        3 178.8   437   620   45607    (-,-) 
  CPU_IFD0_add_277_66_Y_CPU_IFD0_add_305_65_Y_CPU_IFD0_add_292_64_g1183/Y -       B->Y  R     NAND2X2        1  56.9   170   530   46137    (-,-) 
  CPU_IFD0_add_277_66_Y_CPU_IFD0_add_305_65_Y_CPU_IFD0_add_292_64_g1175/Y -       B->Y  F     NAND2X2        2 123.1   318   486   46624    (-,-) 
  CPU_IFD0_add_277_66_Y_CPU_IFD0_add_305_65_Y_CPU_IFD0_add_292_64_g1174/Y -       B->Y  R     NAND2X2        1  56.9   186   460   47083    (-,-) 
  CPU_IFD0_add_277_66_Y_CPU_IFD0_add_305_65_Y_CPU_IFD0_add_292_64_g1170/Y -       B->Y  F     NAND2X2        2 123.1   320   492   47575    (-,-) 
  CPU_IFD0_add_277_66_Y_CPU_IFD0_add_305_65_Y_CPU_IFD0_add_292_64_g1169/Y -       B->Y  R     NAND2X2        1  56.9   186   461   48036    (-,-) 
  CPU_IFD0_add_277_66_Y_CPU_IFD0_add_305_65_Y_CPU_IFD0_add_292_64_g1167/Y -       B->Y  F     NAND2X2        2 123.1   320   492   48528    (-,-) 
  CPU_IFD0_add_277_66_Y_CPU_IFD0_add_305_65_Y_CPU_IFD0_add_292_64_g1166/Y -       B->Y  R     NAND2X2        1  56.9   186   461   48989    (-,-) 
  CPU_IFD0_add_277_66_Y_CPU_IFD0_add_305_65_Y_CPU_IFD0_add_292_64_g1164/Y -       B->Y  F     NAND2X2        2 123.1   320   492   49481    (-,-) 
  CPU_IFD0_add_277_66_Y_CPU_IFD0_add_305_65_Y_CPU_IFD0_add_292_64_g1163/Y -       B->Y  R     NAND2X2        1  56.9   186   461   49942    (-,-) 
  CPU_IFD0_add_277_66_Y_CPU_IFD0_add_305_65_Y_CPU_IFD0_add_292_64_g1161/Y -       B->Y  F     NAND2X2        2 123.1   320   492   50434    (-,-) 
  CPU_IFD0_add_277_66_Y_CPU_IFD0_add_305_65_Y_CPU_IFD0_add_292_64_g1160/Y -       B->Y  R     NAND2X2        1  56.9   186   461   50895    (-,-) 
  CPU_IFD0_add_277_66_Y_CPU_IFD0_add_305_65_Y_CPU_IFD0_add_292_64_g1158/Y -       B->Y  F     NAND2X2        1  67.4   207   361   51256    (-,-) 
  CPU_IFD0_add_277_66_Y_CPU_IFD0_add_305_65_Y_CPU_IFD0_add_292_64_g1157/Y -       B->Y  R     XNOR2X1        1  56.9   620  1111   52367    (-,-) 
  g235909/Y                                                               -       B->Y  F     NAND2X2        1  36.3   194   336   52702    (-,-) 
  g235789/Y                                                               -       C->Y  R     NAND3X1        1  33.2   258   447   53149    (-,-) 
  CPU_IFD0_ProgramCounter_reg[31]/D                                       <<<     -     R     DFFRX1         1     -     -     0   53149    (-,-) 
#-------------------------------------------------------------------------------------------------------------------------------------------------

