============================================================
  Generated by:           Genus(TM) Synthesis Solution 21.19-s055_1
  Generated on:           Jan 02 2025  04:06:00 am
  Module:                 RISC_V_Cached
  Operating conditions:   PVT_1P8V_25C (balanced_tree)
  Wireload mode:          enclosed
  Area mode:              timing library
============================================================

                                 
  Gate   Instances      Area               Library           
-------------------------------------------------------------
AND2X1          87     83520.000    KISTA_SOI_STDLIB2_CCS_TT 
AND3X1          21     26880.000    KISTA_SOI_STDLIB2_CCS_TT 
AND4X1          38     60800.000    KISTA_SOI_STDLIB2_CCS_TT 
AO21X1          44     56320.000    KISTA_SOI_STDLIB2_CCS_TT 
AOI21X1        823    790080.000    KISTA_SOI_STDLIB2_CCS_TT 
BUFX2         1011    647040.000    KISTA_SOI_STDLIB2_CCS_TT 
BUFX3          158    101120.000    KISTA_SOI_STDLIB2_CCS_TT 
BUFX4           91     72800.000    KISTA_SOI_STDLIB2_CCS_TT 
BUFX9           81     77760.000    KISTA_SOI_STDLIB2_CCS_TT 
DFFRX1        1483   8067520.000    KISTA_SOI_STDLIB2_CCS_TT 
DFFSX1           3     15360.000    KISTA_SOI_STDLIB2_CCS_TT 
DFFX1         2594  11206080.000    KISTA_SOI_STDLIB2_CCS_TT 
INVX1          162     51840.000    KISTA_SOI_STDLIB2_CCS_TT 
INVX2         1913    612160.000    KISTA_SOI_STDLIB2_CCS_TT 
INVX3         1912    611840.000    KISTA_SOI_STDLIB2_CCS_TT 
INVX4          154     73920.000    KISTA_SOI_STDLIB2_CCS_TT 
MX2X1            9     17280.000    KISTA_SOI_STDLIB2_CCS_TT 
NAND2X1       7040   4505600.000    KISTA_SOI_STDLIB2_CCS_TT 
NAND2X2       4920   3148800.000    KISTA_SOI_STDLIB2_CCS_TT 
NAND2X3        264    253440.000    KISTA_SOI_STDLIB2_CCS_TT 
NAND3X1        201    192960.000    KISTA_SOI_STDLIB2_CCS_TT 
NAND4X1        745    953600.000    KISTA_SOI_STDLIB2_CCS_TT 
NOR2X1         373    238720.000    KISTA_SOI_STDLIB2_CCS_TT 
NOR2X2        2097   1342080.000    KISTA_SOI_STDLIB2_CCS_TT 
NOR2X3         240    230400.000    KISTA_SOI_STDLIB2_CCS_TT 
NOR3X1         121    116160.000    KISTA_SOI_STDLIB2_CCS_TT 
NOR4X1          88    112640.000    KISTA_SOI_STDLIB2_CCS_TT 
OA21X1          78     99840.000    KISTA_SOI_STDLIB2_CCS_TT 
OAI21X1       4396   4220160.000    KISTA_SOI_STDLIB2_CCS_TT 
OR2X1           28     26880.000    KISTA_SOI_STDLIB2_CCS_TT 
OR3X1            6      7680.000    KISTA_SOI_STDLIB2_CCS_TT 
OR4X1           24     38400.000    KISTA_SOI_STDLIB2_CCS_TT 
XNOR2X1        141    225600.000    KISTA_SOI_STDLIB2_CCS_TT 
XOR2X1          88    140800.000    KISTA_SOI_STDLIB2_CCS_TT 
-------------------------------------------------------------
total        31434  38426080.000                             


                                             
     Type      Instances     Area     Area % 
---------------------------------------------
sequential          4080 19288960.000   50.2 
inverter            4141  1349760.000    3.5 
buffer              1341   898720.000    2.3 
logic              21872 16888640.000   44.0 
physical_cells         0        0.000    0.0 
---------------------------------------------
total              31434 38426080.000  100.0 

