============================================================
  Generated by:           Genus(TM) Synthesis Solution 21.19-s055_1
  Generated on:           Dec 31 2024  02:19:09 pm
  Module:                 RISC_V_Cached
  Operating conditions:   PVT_1P8V_25C (balanced_tree)
  Wireload mode:          enclosed
  Area mode:              timing library
============================================================

                                 
  Gate   Instances      Area               Library           
-------------------------------------------------------------
ADDFX1          61    302560.000    KISTA_SOI_STDLIB2_CCS_TT 
ADDHX1           5     11200.000    KISTA_SOI_STDLIB2_CCS_TT 
AND2X1         129    123840.000    KISTA_SOI_STDLIB2_CCS_TT 
AND3X1           6      7680.000    KISTA_SOI_STDLIB2_CCS_TT 
AND4X1          51     81600.000    KISTA_SOI_STDLIB2_CCS_TT 
AO21X1          78     99840.000    KISTA_SOI_STDLIB2_CCS_TT 
AOI21X1        918    881280.000    KISTA_SOI_STDLIB2_CCS_TT 
BUFX2          164    104960.000    KISTA_SOI_STDLIB2_CCS_TT 
BUFX3            7      4480.000    KISTA_SOI_STDLIB2_CCS_TT 
DFFRX1        1486   8083840.000    KISTA_SOI_STDLIB2_CCS_TT 
DFFSX1           3     15360.000    KISTA_SOI_STDLIB2_CCS_TT 
DFFX1         2557  11046240.000    KISTA_SOI_STDLIB2_CCS_TT 
INVX1           75     24000.000    KISTA_SOI_STDLIB2_CCS_TT 
INVX2         1216    389120.000    KISTA_SOI_STDLIB2_CCS_TT 
INVX3         1163    372160.000    KISTA_SOI_STDLIB2_CCS_TT 
MX2X1          103    197760.000    KISTA_SOI_STDLIB2_CCS_TT 
NAND2X1       7322   4686080.000    KISTA_SOI_STDLIB2_CCS_TT 
NAND2X2       2360   1510400.000    KISTA_SOI_STDLIB2_CCS_TT 
NAND3X1        217    208320.000    KISTA_SOI_STDLIB2_CCS_TT 
NAND4X1       1308   1674240.000    KISTA_SOI_STDLIB2_CCS_TT 
NOR2X1         196    125440.000    KISTA_SOI_STDLIB2_CCS_TT 
NOR2X2         660    422400.000    KISTA_SOI_STDLIB2_CCS_TT 
NOR2X3         131    125760.000    KISTA_SOI_STDLIB2_CCS_TT 
NOR3X1         190    182400.000    KISTA_SOI_STDLIB2_CCS_TT 
NOR4X1         196    250880.000    KISTA_SOI_STDLIB2_CCS_TT 
OA21X1          92    117760.000    KISTA_SOI_STDLIB2_CCS_TT 
OAI21X1       4489   4309440.000    KISTA_SOI_STDLIB2_CCS_TT 
OR2X1           70     67200.000    KISTA_SOI_STDLIB2_CCS_TT 
OR3X1           15     19200.000    KISTA_SOI_STDLIB2_CCS_TT 
OR4X1           28     44800.000    KISTA_SOI_STDLIB2_CCS_TT 
XNOR2X1         46     73600.000    KISTA_SOI_STDLIB2_CCS_TT 
XOR2X1          74    118400.000    KISTA_SOI_STDLIB2_CCS_TT 
-------------------------------------------------------------
total        25416  35682240.000                             


                                             
     Type      Instances     Area     Area % 
---------------------------------------------
sequential          4046 19145440.000   53.7 
inverter            2454   785280.000    2.2 
buffer               171   109440.000    0.3 
logic              18745 15642080.000   43.8 
physical_cells         0        0.000    0.0 
---------------------------------------------
total              25416 35682240.000  100.0 

