============================================================
  Generated by:           Genus(TM) Synthesis Solution 21.19-s055_1
  Generated on:           Dec 31 2024  01:54:46 pm
  Module:                 RISC_V_Cached
  Operating conditions:   PVT_1P8V_25C (balanced_tree)
  Wireload mode:          enclosed
  Area mode:              timing library
============================================================


Path 1: MET (14930 ps) Setup Check with Pin CPU_IFD0_ProgramCounter_reg[30]/CK->D
          Group: CLK
     Startpoint: (R) i_cache_dut_control_state_reg[1]/CK
          Clock: (R) CLK
       Endpoint: (R) CPU_IFD0_ProgramCounter_reg[30]/D
          Clock: (R) CLK

                     Capture       Launch     
        Clock Edge:+  127000            0     
       Src Latency:+       0            0     
       Net Latency:+     200 (I)      200 (I) 
           Arrival:=  127200          200     
                                              
             Setup:-    1746                  
       Uncertainty:-     300                  
     Required Time:=  125154                  
      Launch Clock:-     200                  
         Data Path:-  110024                  
             Slack:=   14930                  

#-------------------------------------------------------------------------------------------------------------------------------------------------------
#                               Timing Point                                Flags     Arc     Edge   Cell     Fanout  Load Trans Delay Arrival Instance 
#                                                                                                                     (fF)  (ps)  (ps)   (ps)  Location 
#-------------------------------------------------------------------------------------------------------------------------------------------------------
  i_cache_dut_control_state_reg[1]/CK                                       -       -         R     (arrival)   4047     -     0     0     200    (-,-) 
  i_cache_dut_control_state_reg[1]/Q                                        -       CK->Q     F     DFFRX1         4 195.9  1404  4683    4883    (-,-) 
  g248722/Y                                                                 -       A->Y      R     INVX3          4 158.4   370  1136    6019    (-,-) 
  g186691/Y                                                                 -       A->Y      F     NAND2X2       13 497.7  1146  1456    7475    (-,-) 
  g186634/Y                                                                 -       C->Y      R     NOR3X1         2 113.2  1429  2298    9773    (-,-) 
  drc_bufs186784/Y                                                          -       A->Y      F     INVX2          6 403.0   714  1218   10992    (-,-) 
  g186593/Y                                                                 -       A->Y      R     NOR2X3        14 534.1  1279  2026   13018    (-,-) 
  g186244/Y                                                                 -       A->Y      F     INVX3          5 197.0   382   536   13554    (-,-) 
  g186238/Y                                                                 -       A->Y      R     INVX2         15 526.8   924  1374   14928    (-,-) 
  g185213/Y                                                                 -       A->Y      F     NAND2X1        1  55.7   406   587   15515    (-,-) 
  g184768/Y                                                                 -       B->Y      R     NAND2X2        1  33.0   166   444   15958    (-,-) 
  g184708/Y                                                                 -       C->Y      F     AOI21X1        1  35.2   298   377   16336    (-,-) 
  g184455/Y                                                                 -       C->Y      R     NAND4X1        1  36.9   308   564   16900    (-,-) 
  g251130/Y                                                                 -       C->Y      F     NOR3X1         1  34.2   212   371   17270    (-,-) 
  g251129/Y                                                                 -       A->Y      F     AND3X1         5 272.3   722  1545   18816    (-,-) 
  g184322/Y                                                                 -       A->Y      R     NAND2X2        2 114.2   312   850   19665    (-,-) 
  g184226/Y                                                                 -       B->Y      F     NOR2X2         4 183.8   510   526   20192    (-,-) 
  g183643/Y                                                                 -       B->Y      F     AND2X1         7 260.0   688  1610   21802    (-,-) 
  g183253/Y                                                                 -       A->Y      R     INVX2         10 435.0   769  1410   23212    (-,-) 
  g181188/Y                                                                 -       B->Y      F     OAI21X1        1  33.3   306   518   23730    (-,-) 
  g180538/Y                                                                 -       A->Y      R     NOR4X1         1  36.3   931  1626   25356    (-,-) 
  g180399/Y                                                                 -       D->Y      F     NAND4X1        3 146.4  1451  1891   27247    (-,-) 
  g180306/Y                                                                 -       B->Y      R     NAND2X1        1  33.3   342  1059   28306    (-,-) 
  g180299/Y                                                                 -       C->Y      F     OAI21X1        2  65.0   440   696   29002    (-,-) 
  g180240/Y                                                                 -       C->Y      R     AOI21X1        2  72.1   715  1236   30239    (-,-) 
  g180225/Y                                                                 -       C->Y      F     NOR3X1         1  33.4   327   439   30678    (-,-) 
  g180209/Y                                                                 -       B->Y      R     OAI21X1        1  36.3   452   714   31392    (-,-) 
  g180205/Y                                                                 -       D->Y      F     NAND4X1        1  32.7   528   732   32124    (-,-) 
  g180203/Y                                                                 -       C->Y      R     OAI21X1        1  36.9   376   718   32842    (-,-) 
  g180199/Y                                                                 -       D->Y      F     NOR4X1         1  32.4   287   401   33243    (-,-) 
  g180197/Y                                                                 -       C->Y      R     NOR3X1         1  35.2   620   885   34128    (-,-) 
  g180193/Y                                                                 -       B->Y      F     OAI21X1        1  55.7   396   646   34774    (-,-) 
  g180192/Y                                                                 -       B->Y      R     NAND2X2        1  36.7   160   450   35223    (-,-) 
  g180191/Y                                                                 -       C->Y      F     NAND3X1        1  32.7   370   509   35732    (-,-) 
  g180189/Y                                                                 -       B->Y      R     AOI21X1        1  33.0   451   739   36471    (-,-) 
  g180188/Y                                                                 -       C->Y      F     AOI21X1        1  29.8   259   475   36946    (-,-) 
  g180186/Y                                                                 -       D->Y      R     NOR4X1         1  35.2   915  1092   38038    (-,-) 
  g180184/Y                                                                 -       B->Y      F     OAI21X1        1  55.7   454   695   38733    (-,-) 
  g180182/Y                                                                 -       B->Y      R     NAND2X2        2  69.6   204   568   39301    (-,-) 
  g180180/Y                                                                 -       B->Y      F     AOI21X1        1  32.7   258   423   39724    (-,-) 
  g180177/Y                                                                 -       C->Y      R     OAI21X1        2  93.8   764   756   40479    (-,-) 
  g180175/Y                                                                 -       C->Y      F     NAND3X1        1  35.2   473   688   41168    (-,-) 
  g180169/Y                                                                 -       B->Y      R     NAND3X1        1  56.9   337   753   41921    (-,-) 
  g180168/Y                                                                 -       B->Y      F     NAND2X2        1  32.7   192   293   42214    (-,-) 
  g180167/Y                                                                 -       C->Y      R     OAI21X1        2  93.6   762   710   42924    (-,-) 
  g180166/Y                                                                 -       C->Y      F     NAND3X1        2  85.0   717  1063   43987    (-,-) 
  g187039/Y                                                                 -       C->Y      F     OR3X1          4 264.8   780  2407   46394    (-,-) 
  g251102/Y                                                                 -       S0->Y     R     MX2X1          3 163.6   619  2158   48552    (-,-) 
  CPU_IFD0_add_277_66_Y_CPU_IFD0_add_305_65_Y_CPU_IFD0_add_292_64_g816/Y    -       B->Y      F     NOR2X1         1  33.4   247   392   48944    (-,-) 
  CPU_IFD0_add_277_66_Y_CPU_IFD0_add_305_65_Y_CPU_IFD0_add_292_64_g801/Y    -       B->Y      R     OAI21X1        2 102.9   825  1193   50136    (-,-) 
  CPU_IFD0_add_277_66_Y_CPU_IFD0_add_305_65_Y_CPU_IFD0_add_292_64_g799/Y    -       C->Y      F     OAI21X1        1  55.7   536   724   50860    (-,-) 
  CPU_IFD0_add_277_66_Y_CPU_IFD0_add_305_65_Y_CPU_IFD0_add_292_64_g797/Y    -       B->Y      R     NAND2X2        2 102.9   252   691   51551    (-,-) 
  CPU_IFD0_add_277_66_Y_CPU_IFD0_add_305_65_Y_CPU_IFD0_add_292_64_g796/Y    -       C->Y      F     OAI21X1        1  55.7   536   633   52184    (-,-) 
  CPU_IFD0_add_277_66_Y_CPU_IFD0_add_305_65_Y_CPU_IFD0_add_292_64_g794/Y    -       B->Y      R     NAND2X2        2 102.9   253   691   52875    (-,-) 
  CPU_IFD0_add_277_66_Y_CPU_IFD0_add_305_65_Y_CPU_IFD0_add_292_64_g793/Y    -       C->Y      F     OAI21X1        1  55.7   536   633   53507    (-,-) 
  CPU_IFD0_add_277_66_Y_CPU_IFD0_add_305_65_Y_CPU_IFD0_add_292_64_g791/Y    -       B->Y      R     NAND2X2        2 102.9   252   691   54198    (-,-) 
  CPU_IFD0_add_277_66_Y_CPU_IFD0_add_305_65_Y_CPU_IFD0_add_292_64_g790/Y    -       C->Y      F     OAI21X1        1  55.7   478   633   54831    (-,-) 
  CPU_IFD0_add_277_66_Y_CPU_IFD0_add_305_65_Y_CPU_IFD0_add_292_64_g788/Y    -       B->Y      R     NAND2X2        2 102.9   253   656   55488    (-,-) 
  CPU_IFD0_add_277_66_Y_CPU_IFD0_add_305_65_Y_CPU_IFD0_add_292_64_g787/Y    -       C->Y      F     OAI21X1        1  55.7   478   633   56120    (-,-) 
  CPU_IFD0_add_277_66_Y_CPU_IFD0_add_305_65_Y_CPU_IFD0_add_292_64_g785/Y    -       B->Y      R     NAND2X2        2 102.9   253   656   56776    (-,-) 
  CPU_IFD0_add_277_66_Y_CPU_IFD0_add_305_65_Y_CPU_IFD0_add_292_64_g784/Y    -       C->Y      F     OAI21X1        1  55.7   388   633   57409    (-,-) 
  CPU_IFD0_add_277_66_Y_CPU_IFD0_add_305_65_Y_CPU_IFD0_add_292_64_g782/Y    -       B->Y      R     NAND2X2        2 102.9   246   600   58010    (-,-) 
  CPU_IFD0_add_277_66_Y_CPU_IFD0_add_305_65_Y_CPU_IFD0_add_292_64_g781/Y    -       C->Y      F     OAI21X1        1  55.7   388   632   58641    (-,-) 
  CPU_IFD0_add_277_66_Y_CPU_IFD0_add_305_65_Y_CPU_IFD0_add_292_64_g779/Y    -       B->Y      R     NAND2X2        2 102.9   246   600   59241    (-,-) 
  CPU_IFD0_add_277_66_Y_CPU_IFD0_add_305_65_Y_CPU_IFD0_add_292_64_g778/Y    -       C->Y      F     OAI21X1        1  55.7   388   632   59873    (-,-) 
  CPU_IFD0_add_277_66_Y_CPU_IFD0_add_305_65_Y_CPU_IFD0_add_292_64_g776/Y    -       B->Y      R     NAND2X2        2 102.9   246   600   60473    (-,-) 
  CPU_IFD0_add_277_66_Y_CPU_IFD0_add_305_65_Y_CPU_IFD0_add_292_64_g775/Y    -       C->Y      F     OAI21X1        1  55.7   478   632   61105    (-,-) 
  CPU_IFD0_add_277_66_Y_CPU_IFD0_add_305_65_Y_CPU_IFD0_add_292_64_g773/Y    -       B->Y      R     NAND2X2        2 102.9   253   657   61761    (-,-) 
  CPU_IFD0_add_277_66_Y_CPU_IFD0_add_305_65_Y_CPU_IFD0_add_292_64_g772/Y    -       C->Y      F     OAI21X1        1  55.7   536   633   62394    (-,-) 
  CPU_IFD0_add_277_66_Y_CPU_IFD0_add_305_65_Y_CPU_IFD0_add_292_64_g770/Y    -       B->Y      R     NAND2X2        1 126.3   290   745   63139    (-,-) 
  CPU_IFD0_add_277_66_Y_CPU_IFD0_add_305_65_Y_CPU_IFD0_add_292_64_g769/COUT -       CIN->COUT R     ADDFX1         1 126.3   784  2225   65364    (-,-) 
  CPU_IFD0_add_277_66_Y_CPU_IFD0_add_305_65_Y_CPU_IFD0_add_292_64_g768/COUT -       CIN->COUT R     ADDFX1         1 126.3   784  2401   67765    (-,-) 
  CPU_IFD0_add_277_66_Y_CPU_IFD0_add_305_65_Y_CPU_IFD0_add_292_64_g767/COUT -       CIN->COUT R     ADDFX1         1 126.3   780  2401   70166    (-,-) 
  CPU_IFD0_add_277_66_Y_CPU_IFD0_add_305_65_Y_CPU_IFD0_add_292_64_g766/COUT -       CIN->COUT R     ADDFX1         1 126.3   784  2400   72567    (-,-) 
  CPU_IFD0_add_277_66_Y_CPU_IFD0_add_305_65_Y_CPU_IFD0_add_292_64_g765/COUT -       CIN->COUT R     ADDFX1         1 126.3   784  2401   74968    (-,-) 
  CPU_IFD0_add_277_66_Y_CPU_IFD0_add_305_65_Y_CPU_IFD0_add_292_64_g764/COUT -       CIN->COUT R     ADDFX1         1 126.3   784  2401   77369    (-,-) 
  CPU_IFD0_add_277_66_Y_CPU_IFD0_add_305_65_Y_CPU_IFD0_add_292_64_g763/COUT -       CIN->COUT R     ADDFX1         1 126.3   784  2401   79770    (-,-) 
  CPU_IFD0_add_277_66_Y_CPU_IFD0_add_305_65_Y_CPU_IFD0_add_292_64_g762/COUT -       CIN->COUT R     ADDFX1         1 126.3   784  2401   82171    (-,-) 
  CPU_IFD0_add_277_66_Y_CPU_IFD0_add_305_65_Y_CPU_IFD0_add_292_64_g761/COUT -       CIN->COUT R     ADDFX1         1 126.3   782  2401   84573    (-,-) 
  CPU_IFD0_add_277_66_Y_CPU_IFD0_add_305_65_Y_CPU_IFD0_add_292_64_g760/COUT -       CIN->COUT R     ADDFX1         1 126.3   782  2401   86973    (-,-) 
  CPU_IFD0_add_277_66_Y_CPU_IFD0_add_305_65_Y_CPU_IFD0_add_292_64_g759/COUT -       CIN->COUT R     ADDFX1         1 126.3   782  2401   89374    (-,-) 
  CPU_IFD0_add_277_66_Y_CPU_IFD0_add_305_65_Y_CPU_IFD0_add_292_64_g758/COUT -       CIN->COUT R     ADDFX1         1 126.3   782  2401   91775    (-,-) 
  CPU_IFD0_add_277_66_Y_CPU_IFD0_add_305_65_Y_CPU_IFD0_add_292_64_g757/COUT -       CIN->COUT R     ADDFX1         1 126.3   782  2401   94175    (-,-) 
  CPU_IFD0_add_277_66_Y_CPU_IFD0_add_305_65_Y_CPU_IFD0_add_292_64_g756/COUT -       CIN->COUT R     ADDFX1         1 126.3   782  2401   96576    (-,-) 
  CPU_IFD0_add_277_66_Y_CPU_IFD0_add_305_65_Y_CPU_IFD0_add_292_64_g755/COUT -       CIN->COUT R     ADDFX1         1 126.3   782  2401   98977    (-,-) 
  CPU_IFD0_add_277_66_Y_CPU_IFD0_add_305_65_Y_CPU_IFD0_add_292_64_g754/COUT -       CIN->COUT R     ADDFX1         1 126.3   782  2401  101377    (-,-) 
  CPU_IFD0_add_277_66_Y_CPU_IFD0_add_305_65_Y_CPU_IFD0_add_292_64_g753/COUT -       CIN->COUT R     ADDFX1         1 126.3   782  2401  103778    (-,-) 
  CPU_IFD0_add_277_66_Y_CPU_IFD0_add_305_65_Y_CPU_IFD0_add_292_64_g752/COUT -       CIN->COUT R     ADDFX1         1 126.3   782  2401  106178    (-,-) 
  CPU_IFD0_add_277_66_Y_CPU_IFD0_add_305_65_Y_CPU_IFD0_add_292_64_g751/SUM  -       CIN->SUM  R     ADDFX1         1  56.9   350  3296  109475    (-,-) 
  g229700/Y                                                                 -       B->Y      F     NAND2X2        1  36.3   186   307  109782    (-,-) 
  g229575/Y                                                                 -       C->Y      R     NAND3X1        1  33.2   254   442  110224    (-,-) 
  CPU_IFD0_ProgramCounter_reg[30]/D                                         <<<     -         R     DFFRX1         1     -     -     0  110224    (-,-) 
#-------------------------------------------------------------------------------------------------------------------------------------------------------

