============================================================
  Generated by:           Genus(TM) Synthesis Solution 21.19-s055_1
  Generated on:           Dec 31 2024  03:32:39 pm
  Module:                 RISC_V_Cached
  Operating conditions:   PVT_1P8V_25C (balanced_tree)
  Wireload mode:          enclosed
  Area mode:              timing library
============================================================


Path 1: MET (102879 ps) Setup Check with Pin CPU_IFD0_ProgramCounter_reg[31]/CK->D
          Group: CLK
     Startpoint: (R) CPU_IFD0_ProgramCounter_reg[5]/CK
          Clock: (R) CLK
       Endpoint: (R) CPU_IFD0_ProgramCounter_reg[31]/D
          Clock: (R) CLK

                     Capture       Launch     
        Clock Edge:+  235000            0     
       Src Latency:+       0            0     
       Net Latency:+     200 (I)      200 (I) 
           Arrival:=  235200          200     
                                              
             Setup:-    1747                  
       Uncertainty:-     300                  
     Required Time:=  233153                  
      Launch Clock:-     200                  
         Data Path:-  130074                  
             Slack:=  102879                  

#-------------------------------------------------------------------------------------------------------------------------------------------------------
#                               Timing Point                                Flags     Arc     Edge   Cell     Fanout  Load Trans Delay Arrival Instance 
#                                                                                                                     (fF)  (ps)  (ps)   (ps)  Location 
#-------------------------------------------------------------------------------------------------------------------------------------------------------
  CPU_IFD0_ProgramCounter_reg[5]/CK                                         -       -         R     (arrival)   4047     -     0     0     200    (-,-) 
  CPU_IFD0_ProgramCounter_reg[5]/Q                                          -       CK->Q     F     DFFRX1         2 125.0  1027  3880    4080    (-,-) 
  g248347/Y                                                                 -       A->Y      R     INVX2          8 527.9   933  1823    5903    (-,-) 
  drc_bufs195815/Y                                                          -       A->Y      F     INVX2          5 259.3   461   818    6722    (-,-) 
  g195563/Y                                                                 -       B->Y      R     NAND2X2        2 113.4   277   670    7391    (-,-) 
  g195512/Y                                                                 -       B->Y      F     NOR2X2         4 158.3   365   475    7866    (-,-) 
  g195477/Y                                                                 -       A->Y      F     AND2X1         3 123.6   355  1136    9002    (-,-) 
  g195374/Y                                                                 -       A->Y      R     INVX2          2 112.6   231   562    9564    (-,-) 
  g195372/Y                                                                 -       A->Y      F     INVX2         14 477.4   614   881   10445    (-,-) 
  g193984/Y                                                                 -       A->Y      R     NAND2X1        1  34.7   262   725   11169    (-,-) 
  g193197/Y                                                                 -       A->Y      F     NAND4X1        1  32.4   518   843   12012    (-,-) 
  g193007/Y                                                                 -       C->Y      R     NOR3X1         1  36.3   632  1032   13044    (-,-) 
  g193003/Y                                                                 -       D->Y      F     NAND4X1        1  32.4   538   776   13821    (-,-) 
  g192927/Y                                                                 -       C->Y      R     AOI21X1        1  36.3   494  1004   14824    (-,-) 
  g192899/Y                                                                 -       D->Y      F     NAND4X1        1  32.4   554   742   15566    (-,-) 
  g192868/Y                                                                 -       C->Y      R     AOI21X1        1  56.9   620  1172   16738    (-,-) 
  g192839/Y                                                                 -       B->Y      F     NAND2X2        8 449.5  1023  1443   18181    (-,-) 
  g192829/Y                                                                 -       A->Y      R     INVX3          3 145.2   303   922   19103    (-,-) 
  g192810/Y                                                                 -       A->Y      F     NOR2X2         2 111.4   320   428   19531    (-,-) 
  g192699/Y                                                                 -       B->Y      R     NAND2X2        4 248.0   494   845   20376    (-,-) 
  g192195/Y                                                                 -       A->Y      F     INVX3          1  55.7   126   229   20604    (-,-) 
  g191852/Y                                                                 -       B->Y      R     NAND2X2       14 562.4  1026  1314   21919    (-,-) 
  g191005/Y                                                                 -       A->Y      F     INVX3         17 583.9   600  1071   22990    (-,-) 
  g190020/Y                                                                 -       A->Y      R     NAND2X1        1  35.3   278   719   23709    (-,-) 
  g189043/Y                                                                 -       B->Y      F     NAND4X1        1  32.4   519   801   24511    (-,-) 
  g188849/Y                                                                 -       C->Y      R     NOR3X1         1  36.3   632  1033   25543    (-,-) 
  g188753/Y                                                                 -       D->Y      F     NAND4X1        1  29.8   519   752   26295    (-,-) 
  g188718/Y                                                                 -       D->Y      R     NOR4X1         1  36.3   931  1250   27545    (-,-) 
  g188598/Y                                                                 -       D->Y      F     NAND4X1        1  32.4   578   837   28381    (-,-) 
  g188510/Y                                                                 -       C->Y      R     NOR3X1         1  36.7   640  1074   29455    (-,-) 
  g188470/Y                                                                 -       C->Y      F     NAND3X1        4 202.5  1414  1828   31284    (-,-) 
  g188442/Y                                                                 -       B->Y      R     NOR2X2         2  89.3   490  1336   32620    (-,-) 
  g188386/Y                                                                 -       C->Y      F     AOI21X1        2  91.1   498   689   33309    (-,-) 
  g188380/Y                                                                 -       B->Y      R     NOR2X1         1  33.0   419   779   34088    (-,-) 
  g188373/Y                                                                 -       C->Y      F     AOI21X1        1  32.7   251   473   34561    (-,-) 
  g188368/Y                                                                 -       B->Y      R     AOI21X1        2  70.0   701   963   35524    (-,-) 
  g188362/Y                                                                 -       B->Y      R     AO21X1         1  33.3   199   972   36496    (-,-) 
  g188360/Y                                                                 -       C->Y      F     OAI21X1        1  36.2   306   522   37018    (-,-) 
  g3/Y                                                                      -       B->Y      F     AND2X1         1  33.1   142   789   37807    (-,-) 
  g251161/Y                                                                 -       A->Y      F     OA21X1         1  32.4   171  1015   38822    (-,-) 
  g188354/Y                                                                 -       C->Y      R     NOR3X1         1  33.0   598   791   39613    (-,-) 
  g188353/Y                                                                 -       C->Y      F     AOI21X1        1  32.7   293   531   40144    (-,-) 
  g188351/Y                                                                 -       B->Y      R     AOI21X1        1  33.0   450   693   40837    (-,-) 
  g188349/Y                                                                 -       C->Y      F     AOI21X1        1  32.7   298   486   41323    (-,-) 
  g188348/Y                                                                 -       B->Y      R     AOI21X1        1  33.0   449   696   42019    (-,-) 
  g188347/Y                                                                 -       C->Y      F     AOI21X1        1  55.7   409   566   42585    (-,-) 
  g188346/Y                                                                 -       B->Y      R     NAND2X2        1  36.7   165   457   43042    (-,-) 
  g188345/Y                                                                 -       C->Y      F     NAND3X1        2  89.1   711   898   43939    (-,-) 
  g188343/Y                                                                 -       B->Y      R     OAI21X1        1  36.7   401   944   44883    (-,-) 
  g188342/Y                                                                 -       C->Y      F     NAND3X1        1  36.3   391   607   45490    (-,-) 
  g188341/Y                                                                 -       D->Y      R     NAND4X1        1  35.2   300   600   46090    (-,-) 
  g188340/Y                                                                 -       B->Y      F     OAI21X1        1  36.3   298   444   46534    (-,-) 
  g188339/Y                                                                 -       D->Y      R     NAND4X1        1  35.2   302   541   47076    (-,-) 
  g188338/Y                                                                 -       B->Y      F     OAI21X1        2  88.4   532   705   47781    (-,-) 
  g188336/Y                                                                 -       B->Y      R     AOI21X1        1  33.3   453   836   48616    (-,-) 
  g188334/Y                                                                 -       C->Y      F     OAI21X1        2  92.1   547   853   49469    (-,-) 
  g188332/Y                                                                 -       B->Y      R     NOR2X2         1  33.0   225   606   50075    (-,-) 
  g188329/Y                                                                 -       A->Y      F     OAI21X1        1  36.3   321   470   50545    (-,-) 
  g188328/Y                                                                 -       C->Y      R     NAND3X1        1  56.9   337   624   51169    (-,-) 
  g188327/Y                                                                 -       B->Y      F     NAND2X2        1  32.7   202   293   51462    (-,-) 
  g188326/Y                                                                 -       C->Y      R     OAI21X1        2  93.6   762   717   52179    (-,-) 
  g188325/Y                                                                 -       C->Y      F     NAND3X1        2  85.0   717  1063   53242    (-,-) 
  g196043/Y                                                                 -       C->Y      F     OR3X1          1  55.4   283  1625   54867    (-,-) 
  drc_bufs/Y                                                                -       A->Y      R     INVX2          8 280.4   506   840   55707    (-,-) 
  g188316/Y                                                                 -       B->Y      F     OAI21X1        3 170.4   878  1180   56888    (-,-) 
  CPU_IFD0_add_277_66_Y_CPU_IFD0_add_305_65_Y_CPU_IFD0_add_292_64_g785/Y    -       B->Y      R     NOR2X2         1  35.2   278   791   57678    (-,-) 
  CPU_IFD0_add_277_66_Y_CPU_IFD0_add_305_65_Y_CPU_IFD0_add_292_64_g780/Y    -       B->Y      F     OAI21X1        1 116.3   647   832   58511    (-,-) 
  CPU_IFD0_add_277_66_Y_CPU_IFD0_add_305_65_Y_CPU_IFD0_add_292_64_g779/COUT -       CIN->COUT F     ADDFX1         1 116.3   586  2448   60959    (-,-) 
  CPU_IFD0_add_277_66_Y_CPU_IFD0_add_305_65_Y_CPU_IFD0_add_292_64_g778/COUT -       CIN->COUT F     ADDFX1         1 116.3   586  2411   63370    (-,-) 
  CPU_IFD0_add_277_66_Y_CPU_IFD0_add_305_65_Y_CPU_IFD0_add_292_64_g777/COUT -       CIN->COUT F     ADDFX1         1 116.3   586  2411   65782    (-,-) 
  CPU_IFD0_add_277_66_Y_CPU_IFD0_add_305_65_Y_CPU_IFD0_add_292_64_g776/COUT -       CIN->COUT F     ADDFX1         1 116.3   586  2411   68193    (-,-) 
  CPU_IFD0_add_277_66_Y_CPU_IFD0_add_305_65_Y_CPU_IFD0_add_292_64_g775/COUT -       CIN->COUT F     ADDFX1         1 116.3   587  2411   70604    (-,-) 
  CPU_IFD0_add_277_66_Y_CPU_IFD0_add_305_65_Y_CPU_IFD0_add_292_64_g774/COUT -       CIN->COUT F     ADDFX1         1 116.3   586  2412   73016    (-,-) 
  CPU_IFD0_add_277_66_Y_CPU_IFD0_add_305_65_Y_CPU_IFD0_add_292_64_g773/COUT -       CIN->COUT F     ADDFX1         1 116.3   586  2411   75427    (-,-) 
  CPU_IFD0_add_277_66_Y_CPU_IFD0_add_305_65_Y_CPU_IFD0_add_292_64_g772/COUT -       CIN->COUT F     ADDFX1         1 116.3   586  2411   77838    (-,-) 
  CPU_IFD0_add_277_66_Y_CPU_IFD0_add_305_65_Y_CPU_IFD0_add_292_64_g771/COUT -       CIN->COUT F     ADDFX1         1 116.3   586  2411   80249    (-,-) 
  CPU_IFD0_add_277_66_Y_CPU_IFD0_add_305_65_Y_CPU_IFD0_add_292_64_g770/COUT -       CIN->COUT F     ADDFX1         1 116.3   586  2411   82661    (-,-) 
  CPU_IFD0_add_277_66_Y_CPU_IFD0_add_305_65_Y_CPU_IFD0_add_292_64_g769/COUT -       CIN->COUT F     ADDFX1         1 116.3   586  2411   85072    (-,-) 
  CPU_IFD0_add_277_66_Y_CPU_IFD0_add_305_65_Y_CPU_IFD0_add_292_64_g768/COUT -       CIN->COUT F     ADDFX1         1 116.3   586  2411   87483    (-,-) 
  CPU_IFD0_add_277_66_Y_CPU_IFD0_add_305_65_Y_CPU_IFD0_add_292_64_g767/COUT -       CIN->COUT F     ADDFX1         1 116.3   586  2411   89895    (-,-) 
  CPU_IFD0_add_277_66_Y_CPU_IFD0_add_305_65_Y_CPU_IFD0_add_292_64_g766/COUT -       CIN->COUT F     ADDFX1         1 116.3   586  2411   92306    (-,-) 
  CPU_IFD0_add_277_66_Y_CPU_IFD0_add_305_65_Y_CPU_IFD0_add_292_64_g765/COUT -       CIN->COUT F     ADDFX1         1 116.3   586  2411   94717    (-,-) 
  CPU_IFD0_add_277_66_Y_CPU_IFD0_add_305_65_Y_CPU_IFD0_add_292_64_g764/COUT -       CIN->COUT F     ADDFX1         1 116.3   586  2411   97128    (-,-) 
  CPU_IFD0_add_277_66_Y_CPU_IFD0_add_305_65_Y_CPU_IFD0_add_292_64_g763/COUT -       CIN->COUT F     ADDFX1         1 116.3   586  2411   99540    (-,-) 
  CPU_IFD0_add_277_66_Y_CPU_IFD0_add_305_65_Y_CPU_IFD0_add_292_64_g762/COUT -       CIN->COUT F     ADDFX1         1 116.3   586  2411  101951    (-,-) 
  CPU_IFD0_add_277_66_Y_CPU_IFD0_add_305_65_Y_CPU_IFD0_add_292_64_g761/COUT -       CIN->COUT F     ADDFX1         1 116.3   586  2411  104362    (-,-) 
  CPU_IFD0_add_277_66_Y_CPU_IFD0_add_305_65_Y_CPU_IFD0_add_292_64_g760/COUT -       CIN->COUT F     ADDFX1         1 116.3   586  2411  106774    (-,-) 
  CPU_IFD0_add_277_66_Y_CPU_IFD0_add_305_65_Y_CPU_IFD0_add_292_64_g759/COUT -       CIN->COUT F     ADDFX1         1 116.3   586  2411  109185    (-,-) 
  CPU_IFD0_add_277_66_Y_CPU_IFD0_add_305_65_Y_CPU_IFD0_add_292_64_g758/COUT -       CIN->COUT F     ADDFX1         1 116.3   586  2411  111596    (-,-) 
  CPU_IFD0_add_277_66_Y_CPU_IFD0_add_305_65_Y_CPU_IFD0_add_292_64_g757/COUT -       CIN->COUT F     ADDFX1         1 116.3   586  2411  114007    (-,-) 
  CPU_IFD0_add_277_66_Y_CPU_IFD0_add_305_65_Y_CPU_IFD0_add_292_64_g756/COUT -       CIN->COUT F     ADDFX1         1 116.3   586  2411  116418    (-,-) 
  CPU_IFD0_add_277_66_Y_CPU_IFD0_add_305_65_Y_CPU_IFD0_add_292_64_g755/COUT -       CIN->COUT F     ADDFX1         1 116.3   586  2411  118830    (-,-) 
  CPU_IFD0_add_277_66_Y_CPU_IFD0_add_305_65_Y_CPU_IFD0_add_292_64_g754/COUT -       CIN->COUT F     ADDFX1         1 116.3   586  2411  121241    (-,-) 
  CPU_IFD0_add_277_66_Y_CPU_IFD0_add_305_65_Y_CPU_IFD0_add_292_64_g753/COUT -       CIN->COUT F     ADDFX1         1 116.3   586  2411  123652    (-,-) 
  CPU_IFD0_add_277_66_Y_CPU_IFD0_add_305_65_Y_CPU_IFD0_add_292_64_g752/COUT -       CIN->COUT F     ADDFX1         1 116.3   586  2411  126063    (-,-) 
  CPU_IFD0_add_277_66_Y_CPU_IFD0_add_305_65_Y_CPU_IFD0_add_292_64_g751/COUT -       CIN->COUT F     ADDFX1         1  67.4   461  2183  128246    (-,-) 
  CPU_IFD0_add_277_66_Y_CPU_IFD0_add_305_65_Y_CPU_IFD0_add_292_64_g750/Y    -       B->Y      R     XNOR2X1        1  56.9   620  1246  129492    (-,-) 
  g229701/Y                                                                 -       B->Y      F     NAND2X2        1  36.3   194   336  129828    (-,-) 
  g229576/Y                                                                 -       C->Y      R     NAND3X1        1  33.2   257   447  130274    (-,-) 
  CPU_IFD0_ProgramCounter_reg[31]/D                                         <<<     -         R     DFFRX1         1     -     -     0  130274    (-,-) 
#-------------------------------------------------------------------------------------------------------------------------------------------------------

