============================================================
  Generated by:           Genus(TM) Synthesis Solution 21.19-s055_1
  Generated on:           Dec 31 2024  03:16:18 pm
  Module:                 RISC_V_Cached
  Operating conditions:   PVT_1P8V_25C (balanced_tree)
  Wireload mode:          enclosed
  Area mode:              timing library
============================================================


Path 1: MET (84718 ps) Setup Check with Pin CPU_IFD0_ProgramCounter_reg[31]/CK->D
          Group: CLK
     Startpoint: (R) CPU_IFD0_ProgramCounter_reg[5]/CK
          Clock: (R) CLK
       Endpoint: (R) CPU_IFD0_ProgramCounter_reg[31]/D
          Clock: (R) CLK

                     Capture       Launch     
        Clock Edge:+  217000            0     
       Src Latency:+       0            0     
       Net Latency:+     200 (I)      200 (I) 
           Arrival:=  217200          200     
                                              
             Setup:-    1747                  
       Uncertainty:-     300                  
     Required Time:=  215153                  
      Launch Clock:-     200                  
         Data Path:-  130235                  
             Slack:=   84718                  

#-------------------------------------------------------------------------------------------------------------------------------------------------------
#                               Timing Point                                Flags     Arc     Edge   Cell     Fanout  Load Trans Delay Arrival Instance 
#                                                                                                                     (fF)  (ps)  (ps)   (ps)  Location 
#-------------------------------------------------------------------------------------------------------------------------------------------------------
  CPU_IFD0_ProgramCounter_reg[5]/CK                                         -       -         R     (arrival)   4047     -     0     0     200    (-,-) 
  CPU_IFD0_ProgramCounter_reg[5]/Q                                          -       CK->Q     F     DFFRX1         2 125.0  1027  3880    4080    (-,-) 
  g248347/Y                                                                 -       A->Y      R     INVX2          8 527.9   933  1823    5903    (-,-) 
  drc_bufs195734/Y                                                          -       A->Y      F     INVX2          5 259.3   461   818    6722    (-,-) 
  g195486/Y                                                                 -       B->Y      R     NAND2X2        2 113.4   277   670    7391    (-,-) 
  g195465/Y                                                                 -       A->Y      F     INVX2          1  55.7   119   268    7659    (-,-) 
  g195435/Y                                                                 -       B->Y      R     NAND2X2        4 226.8   466   671    8330    (-,-) 
  g195394/Y                                                                 -       A->Y      R     OR2X1          2 112.6   435  1101    9430    (-,-) 
  g194958/Y                                                                 -       A->Y      F     INVX2         16 545.6   700  1071   10502    (-,-) 
  g193806/Y                                                                 -       A->Y      R     NAND2X1        1  35.3   272   779   11281    (-,-) 
  g193210/Y                                                                 -       B->Y      F     NAND4X1        1  32.4   517   801   12082    (-,-) 
  g193061/Y                                                                 -       C->Y      R     NOR3X1         1  36.3   633  1031   13113    (-,-) 
  g193006/Y                                                                 -       D->Y      F     NAND4X1        1  32.4   538   777   13890    (-,-) 
  g192955/Y                                                                 -       C->Y      R     AOI21X1        1  36.3   494  1004   14893    (-,-) 
  g192909/Y                                                                 -       D->Y      F     NAND4X1        1  32.4   554   742   15635    (-,-) 
  g192882/Y                                                                 -       C->Y      R     AOI21X1        1  56.9   620  1172   16807    (-,-) 
  g192857/Y                                                                 -       B->Y      F     NAND2X2        8 436.6   996  1412   18219    (-,-) 
  g192847/Y                                                                 -       A->Y      R     INVX3          4 202.3   350  1010   19229    (-,-) 
  g192832/Y                                                                 -       B->Y      F     NOR2X2         6 314.4   491   736   19965    (-,-) 
  g195949/Y                                                                 -       B->Y      F     AND2X1        10 337.8   881  1822   21786    (-,-) 
  g190458/Y                                                                 -       A->Y      R     NAND2X1        1  34.7   298   872   22658    (-,-) 
  g189360/Y                                                                 -       A->Y      F     NAND4X1        1  32.4   519   842   23501    (-,-) 
  g188952/Y                                                                 -       C->Y      R     NOR3X1         1  36.3   633  1033   24534    (-,-) 
  g188775/Y                                                                 -       D->Y      F     NAND4X1        1  29.8   519   752   25285    (-,-) 
  g188771/Y                                                                 -       D->Y      R     NOR4X1         1  36.3   931  1250   26535    (-,-) 
  g188660/Y                                                                 -       D->Y      F     NAND4X1        1  55.8   755  1078   27613    (-,-) 
  g188575/Y                                                                 -       B->Y      R     NOR2X2         1  36.3   261   736   28348    (-,-) 
  g188515/Y                                                                 -       D->Y      F     NAND4X1        3 146.5  1449  1688   30037    (-,-) 
  g188455/Y                                                                 -       B->Y      R     NAND2X2        3 125.2   418  1235   31272    (-,-) 
  g188436/Y                                                                 -       B->Y      F     NOR2X2         1  55.8   214   324   31596    (-,-) 
  g188407/Y                                                                 -       B->Y      R     NOR2X2         1  33.0   323   407   32003    (-,-) 
  g188404/Y                                                                 -       C->Y      F     AOI21X1        1  32.7   279   434   32437    (-,-) 
  g188386/Y                                                                 -       B->Y      R     AOI21X1        2  94.0   863  1166   33603    (-,-) 
  g188380/Y                                                                 -       B->Y      F     NOR2X1         1  32.4   254   394   33996    (-,-) 
  g188373/Y                                                                 -       C->Y      R     AOI21X1        1  34.8   462   859   34856    (-,-) 
  g188368/Y                                                                 -       B->Y      F     AOI21X1        2  64.4   388   672   35527    (-,-) 
  g188362/Y                                                                 -       B->Y      F     AO21X1         1  32.7   186  1077   36604    (-,-) 
  g188360/Y                                                                 -       C->Y      R     OAI21X1        1  36.8   380   486   37090    (-,-) 
  g3/Y                                                                      -       B->Y      R     AND2X1         1  34.0   195   855   37945    (-,-) 
  g251126/Y                                                                 -       A->Y      R     OA21X1         1  36.9   207   917   38862    (-,-) 
  g188354/Y                                                                 -       C->Y      F     NOR3X1         1  32.4   240   338   39200    (-,-) 
  g188353/Y                                                                 -       C->Y      R     AOI21X1        1  34.8   540   853   40053    (-,-) 
  g188351/Y                                                                 -       B->Y      F     AOI21X1        1  32.4   278   513   40566    (-,-) 
  g188349/Y                                                                 -       C->Y      R     AOI21X1        1  34.8   564   871   41436    (-,-) 
  g188348/Y                                                                 -       B->Y      F     AOI21X1        1  32.4   283   516   41953    (-,-) 
  g188347/Y                                                                 -       C->Y      R     AOI21X1        1  56.9   614  1046   42999    (-,-) 
  g188346/Y                                                                 -       B->Y      F     NAND2X2        1  36.3   194   335   43334    (-,-) 
  g188345/Y                                                                 -       C->Y      R     NAND3X1        2  92.1   456   675   44009    (-,-) 
  g188343/Y                                                                 -       B->Y      F     OAI21X1        1  36.3   304   489   44498    (-,-) 
  g188342/Y                                                                 -       C->Y      R     NAND3X1        1  36.3   262   528   45027    (-,-) 
  g188341/Y                                                                 -       D->Y      F     NAND4X1        1  33.4   530   681   45708    (-,-) 
  g188340/Y                                                                 -       B->Y      R     OAI21X1        1  36.3   382   834   46541    (-,-) 
  g188339/Y                                                                 -       D->Y      F     NAND4X1        1  33.4   530   717   47258    (-,-) 
  g188338/Y                                                                 -       B->Y      R     OAI21X1        2  91.7   750  1267   48525    (-,-) 
  g188336/Y                                                                 -       B->Y      F     AOI21X1        1  32.7   320   547   49072    (-,-) 
  g188334/Y                                                                 -       C->Y      R     OAI21X1        2  93.8   764   798   49870    (-,-) 
  g188332/Y                                                                 -       B->Y      F     NOR2X2         1  32.6   234   250   50120    (-,-) 
  g188329/Y                                                                 -       A->Y      R     OAI21X1        1  36.7   375   731   50852    (-,-) 
  g188328/Y                                                                 -       C->Y      F     NAND3X1        1  55.7   508   739   51590    (-,-) 
  g188327/Y                                                                 -       B->Y      R     NAND2X2        1  33.3   290   496   52087    (-,-) 
  g188326/Y                                                                 -       C->Y      F     OAI21X1        2  92.0   543   820   52906    (-,-) 
  g188325/Y                                                                 -       C->Y      R     NAND3X1        2  93.1   459   910   53816    (-,-) 
  g195950/Y                                                                 -       C->Y      R     OR3X1          1  56.3   253   866   54682    (-,-) 
  drc_bufs/Y                                                                -       A->Y      F     INVX2          8 270.0   356   593   55276    (-,-) 
  g188320/Y                                                                 -       A->Y      R     NAND2X1        1  33.3   343   558   55834    (-,-) 
  g188316/Y                                                                 -       C->Y      F     OAI21X1        3 170.4   878  1216   57049    (-,-) 
  CPU_IFD0_add_277_66_Y_CPU_IFD0_add_305_65_Y_CPU_IFD0_add_292_64_g785/Y    -       B->Y      R     NOR2X2         1  35.2   276   791   57840    (-,-) 
  CPU_IFD0_add_277_66_Y_CPU_IFD0_add_305_65_Y_CPU_IFD0_add_292_64_g780/Y    -       B->Y      F     OAI21X1        1 116.3   647   832   58672    (-,-) 
  CPU_IFD0_add_277_66_Y_CPU_IFD0_add_305_65_Y_CPU_IFD0_add_292_64_g779/COUT -       CIN->COUT F     ADDFX1         1 116.3   586  2448   61120    (-,-) 
  CPU_IFD0_add_277_66_Y_CPU_IFD0_add_305_65_Y_CPU_IFD0_add_292_64_g778/COUT -       CIN->COUT F     ADDFX1         1 116.3   586  2411   63531    (-,-) 
  CPU_IFD0_add_277_66_Y_CPU_IFD0_add_305_65_Y_CPU_IFD0_add_292_64_g777/COUT -       CIN->COUT F     ADDFX1         1 116.3   586  2411   65942    (-,-) 
  CPU_IFD0_add_277_66_Y_CPU_IFD0_add_305_65_Y_CPU_IFD0_add_292_64_g776/COUT -       CIN->COUT F     ADDFX1         1 116.3   586  2411   68354    (-,-) 
  CPU_IFD0_add_277_66_Y_CPU_IFD0_add_305_65_Y_CPU_IFD0_add_292_64_g775/COUT -       CIN->COUT F     ADDFX1         1 116.3   587  2411   70765    (-,-) 
  CPU_IFD0_add_277_66_Y_CPU_IFD0_add_305_65_Y_CPU_IFD0_add_292_64_g774/COUT -       CIN->COUT F     ADDFX1         1 116.3   586  2412   73177    (-,-) 
  CPU_IFD0_add_277_66_Y_CPU_IFD0_add_305_65_Y_CPU_IFD0_add_292_64_g773/COUT -       CIN->COUT F     ADDFX1         1 116.3   586  2411   75588    (-,-) 
  CPU_IFD0_add_277_66_Y_CPU_IFD0_add_305_65_Y_CPU_IFD0_add_292_64_g772/COUT -       CIN->COUT F     ADDFX1         1 116.3   586  2411   77999    (-,-) 
  CPU_IFD0_add_277_66_Y_CPU_IFD0_add_305_65_Y_CPU_IFD0_add_292_64_g771/COUT -       CIN->COUT F     ADDFX1         1 116.3   586  2411   80410    (-,-) 
  CPU_IFD0_add_277_66_Y_CPU_IFD0_add_305_65_Y_CPU_IFD0_add_292_64_g770/COUT -       CIN->COUT F     ADDFX1         1 116.3   586  2411   82821    (-,-) 
  CPU_IFD0_add_277_66_Y_CPU_IFD0_add_305_65_Y_CPU_IFD0_add_292_64_g769/COUT -       CIN->COUT F     ADDFX1         1 116.3   586  2411   85233    (-,-) 
  CPU_IFD0_add_277_66_Y_CPU_IFD0_add_305_65_Y_CPU_IFD0_add_292_64_g768/COUT -       CIN->COUT F     ADDFX1         1 116.3   586  2411   87644    (-,-) 
  CPU_IFD0_add_277_66_Y_CPU_IFD0_add_305_65_Y_CPU_IFD0_add_292_64_g767/COUT -       CIN->COUT F     ADDFX1         1 116.3   586  2411   90055    (-,-) 
  CPU_IFD0_add_277_66_Y_CPU_IFD0_add_305_65_Y_CPU_IFD0_add_292_64_g766/COUT -       CIN->COUT F     ADDFX1         1 116.3   586  2411   92467    (-,-) 
  CPU_IFD0_add_277_66_Y_CPU_IFD0_add_305_65_Y_CPU_IFD0_add_292_64_g765/COUT -       CIN->COUT F     ADDFX1         1 116.3   586  2411   94878    (-,-) 
  CPU_IFD0_add_277_66_Y_CPU_IFD0_add_305_65_Y_CPU_IFD0_add_292_64_g764/COUT -       CIN->COUT F     ADDFX1         1 116.3   586  2411   97289    (-,-) 
  CPU_IFD0_add_277_66_Y_CPU_IFD0_add_305_65_Y_CPU_IFD0_add_292_64_g763/COUT -       CIN->COUT F     ADDFX1         1 116.3   586  2411   99700    (-,-) 
  CPU_IFD0_add_277_66_Y_CPU_IFD0_add_305_65_Y_CPU_IFD0_add_292_64_g762/COUT -       CIN->COUT F     ADDFX1         1 116.3   586  2411  102112    (-,-) 
  CPU_IFD0_add_277_66_Y_CPU_IFD0_add_305_65_Y_CPU_IFD0_add_292_64_g761/COUT -       CIN->COUT F     ADDFX1         1 116.3   586  2411  104523    (-,-) 
  CPU_IFD0_add_277_66_Y_CPU_IFD0_add_305_65_Y_CPU_IFD0_add_292_64_g760/COUT -       CIN->COUT F     ADDFX1         1 116.3   586  2411  106934    (-,-) 
  CPU_IFD0_add_277_66_Y_CPU_IFD0_add_305_65_Y_CPU_IFD0_add_292_64_g759/COUT -       CIN->COUT F     ADDFX1         1 116.3   586  2411  109346    (-,-) 
  CPU_IFD0_add_277_66_Y_CPU_IFD0_add_305_65_Y_CPU_IFD0_add_292_64_g758/COUT -       CIN->COUT F     ADDFX1         1 116.3   586  2411  111757    (-,-) 
  CPU_IFD0_add_277_66_Y_CPU_IFD0_add_305_65_Y_CPU_IFD0_add_292_64_g757/COUT -       CIN->COUT F     ADDFX1         1 116.3   586  2411  114168    (-,-) 
  CPU_IFD0_add_277_66_Y_CPU_IFD0_add_305_65_Y_CPU_IFD0_add_292_64_g756/COUT -       CIN->COUT F     ADDFX1         1 116.3   586  2411  116579    (-,-) 
  CPU_IFD0_add_277_66_Y_CPU_IFD0_add_305_65_Y_CPU_IFD0_add_292_64_g755/COUT -       CIN->COUT F     ADDFX1         1 116.3   586  2411  118990    (-,-) 
  CPU_IFD0_add_277_66_Y_CPU_IFD0_add_305_65_Y_CPU_IFD0_add_292_64_g754/COUT -       CIN->COUT F     ADDFX1         1 116.3   586  2411  121402    (-,-) 
  CPU_IFD0_add_277_66_Y_CPU_IFD0_add_305_65_Y_CPU_IFD0_add_292_64_g753/COUT -       CIN->COUT F     ADDFX1         1 116.3   586  2411  123813    (-,-) 
  CPU_IFD0_add_277_66_Y_CPU_IFD0_add_305_65_Y_CPU_IFD0_add_292_64_g752/COUT -       CIN->COUT F     ADDFX1         1 116.3   586  2411  126224    (-,-) 
  CPU_IFD0_add_277_66_Y_CPU_IFD0_add_305_65_Y_CPU_IFD0_add_292_64_g751/COUT -       CIN->COUT F     ADDFX1         1  67.4   461  2183  128407    (-,-) 
  CPU_IFD0_add_277_66_Y_CPU_IFD0_add_305_65_Y_CPU_IFD0_add_292_64_g750/Y    -       B->Y      R     XNOR2X1        1  56.9   620  1246  129653    (-,-) 
  g229701/Y                                                                 -       B->Y      F     NAND2X2        1  36.3   194   336  129988    (-,-) 
  g229576/Y                                                                 -       C->Y      R     NAND3X1        1  33.2   257   447  130435    (-,-) 
  CPU_IFD0_ProgramCounter_reg[31]/D                                         <<<     -         R     DFFRX1         1     -     -     0  130435    (-,-) 
#-------------------------------------------------------------------------------------------------------------------------------------------------------

