============================================================
  Generated by:           Genus(TM) Synthesis Solution 21.19-s055_1
  Generated on:           Jan 02 2025  04:51:18 am
  Module:                 RISC_V_Cached
  Operating conditions:   PVT_1P8V_25C (balanced_tree)
  Wireload mode:          enclosed
  Area mode:              timing library
============================================================

                                 
  Gate   Instances      Area               Library           
-------------------------------------------------------------
AND2X1          75     72000.000    KISTA_SOI_STDLIB2_CCS_TT 
AND3X1          32     40960.000    KISTA_SOI_STDLIB2_CCS_TT 
AND4X1          72    115200.000    KISTA_SOI_STDLIB2_CCS_TT 
AO21X1          46     58880.000    KISTA_SOI_STDLIB2_CCS_TT 
AOI21X1        789    757440.000    KISTA_SOI_STDLIB2_CCS_TT 
BUFX2          301    192640.000    KISTA_SOI_STDLIB2_CCS_TT 
BUFX3          201    128640.000    KISTA_SOI_STDLIB2_CCS_TT 
BUFX4           86     68800.000    KISTA_SOI_STDLIB2_CCS_TT 
BUFX9           83     79680.000    KISTA_SOI_STDLIB2_CCS_TT 
DFFRX1        1483   8067520.000    KISTA_SOI_STDLIB2_CCS_TT 
DFFSX1           3     15360.000    KISTA_SOI_STDLIB2_CCS_TT 
DFFX1         2594  11206080.000    KISTA_SOI_STDLIB2_CCS_TT 
INVX1          207     66240.000    KISTA_SOI_STDLIB2_CCS_TT 
INVX2         1973    631360.000    KISTA_SOI_STDLIB2_CCS_TT 
INVX3         2005    641600.000    KISTA_SOI_STDLIB2_CCS_TT 
INVX4          178     85440.000    KISTA_SOI_STDLIB2_CCS_TT 
MX2X1           14     26880.000    KISTA_SOI_STDLIB2_CCS_TT 
NAND2X1       7493   4795520.000    KISTA_SOI_STDLIB2_CCS_TT 
NAND2X2       4435   2838400.000    KISTA_SOI_STDLIB2_CCS_TT 
NAND2X3        242    232320.000    KISTA_SOI_STDLIB2_CCS_TT 
NAND3X1        206    197760.000    KISTA_SOI_STDLIB2_CCS_TT 
NAND4X1        664    849920.000    KISTA_SOI_STDLIB2_CCS_TT 
NOR2X1         377    241280.000    KISTA_SOI_STDLIB2_CCS_TT 
NOR2X2        2163   1384320.000    KISTA_SOI_STDLIB2_CCS_TT 
NOR2X3         258    247680.000    KISTA_SOI_STDLIB2_CCS_TT 
NOR3X1         124    119040.000    KISTA_SOI_STDLIB2_CCS_TT 
NOR4X1          79    101120.000    KISTA_SOI_STDLIB2_CCS_TT 
OA21X1          50     64000.000    KISTA_SOI_STDLIB2_CCS_TT 
OAI21X1       4523   4342080.000    KISTA_SOI_STDLIB2_CCS_TT 
OR2X1           56     53760.000    KISTA_SOI_STDLIB2_CCS_TT 
OR3X1            5      6400.000    KISTA_SOI_STDLIB2_CCS_TT 
OR4X1           14     22400.000    KISTA_SOI_STDLIB2_CCS_TT 
XNOR2X1        132    211200.000    KISTA_SOI_STDLIB2_CCS_TT 
XOR2X1          65    104000.000    KISTA_SOI_STDLIB2_CCS_TT 
-------------------------------------------------------------
total        31028  38065920.000                             


                                             
     Type      Instances     Area     Area % 
---------------------------------------------
sequential          4080 19288960.000   50.7 
inverter            4363  1424640.000    3.7 
buffer               671   469760.000    1.2 
logic              21914 16882560.000   44.4 
physical_cells         0        0.000    0.0 
---------------------------------------------
total              31028 38065920.000  100.0 

