============================================================
  Generated by:           Genus(TM) Synthesis Solution 21.19-s055_1
  Generated on:           Dec 31 2024  03:32:40 pm
  Module:                 RISC_V_Cached
  Operating conditions:   PVT_1P8V_25C (balanced_tree)
  Wireload mode:          enclosed
  Area mode:              timing library
============================================================

                                 
  Gate   Instances      Area               Library           
-------------------------------------------------------------
ADDFX1          61    302560.000    KISTA_SOI_STDLIB2_CCS_TT 
ADDHX1           3      6720.000    KISTA_SOI_STDLIB2_CCS_TT 
AND2X1         198    190080.000    KISTA_SOI_STDLIB2_CCS_TT 
AND3X1           9     11520.000    KISTA_SOI_STDLIB2_CCS_TT 
AND4X1          74    118400.000    KISTA_SOI_STDLIB2_CCS_TT 
AO21X1         104    133120.000    KISTA_SOI_STDLIB2_CCS_TT 
AOI21X1       1200   1152000.000    KISTA_SOI_STDLIB2_CCS_TT 
BUFX2          158    101120.000    KISTA_SOI_STDLIB2_CCS_TT 
BUFX3            7      4480.000    KISTA_SOI_STDLIB2_CCS_TT 
DFFRX1        1486   8083840.000    KISTA_SOI_STDLIB2_CCS_TT 
DFFSX1           3     15360.000    KISTA_SOI_STDLIB2_CCS_TT 
DFFX1         2557  11046240.000    KISTA_SOI_STDLIB2_CCS_TT 
INVX1          129     41280.000    KISTA_SOI_STDLIB2_CCS_TT 
INVX2         1384    442880.000    KISTA_SOI_STDLIB2_CCS_TT 
INVX3         1144    366080.000    KISTA_SOI_STDLIB2_CCS_TT 
MX2X1          101    193920.000    KISTA_SOI_STDLIB2_CCS_TT 
NAND2X1       6800   4352000.000    KISTA_SOI_STDLIB2_CCS_TT 
NAND2X2       2377   1521280.000    KISTA_SOI_STDLIB2_CCS_TT 
NAND3X1        213    204480.000    KISTA_SOI_STDLIB2_CCS_TT 
NAND4X1       1124   1438720.000    KISTA_SOI_STDLIB2_CCS_TT 
NOR2X1         234    149760.000    KISTA_SOI_STDLIB2_CCS_TT 
NOR2X2         544    348160.000    KISTA_SOI_STDLIB2_CCS_TT 
NOR2X3         113    108480.000    KISTA_SOI_STDLIB2_CCS_TT 
NOR3X1         241    231360.000    KISTA_SOI_STDLIB2_CCS_TT 
NOR4X1         178    227840.000    KISTA_SOI_STDLIB2_CCS_TT 
OA21X1         130    166400.000    KISTA_SOI_STDLIB2_CCS_TT 
OAI21X1       4631   4445760.000    KISTA_SOI_STDLIB2_CCS_TT 
OR2X1           69     66240.000    KISTA_SOI_STDLIB2_CCS_TT 
OR3X1           13     16640.000    KISTA_SOI_STDLIB2_CCS_TT 
OR4X1           34     54400.000    KISTA_SOI_STDLIB2_CCS_TT 
XNOR2X1         46     73600.000    KISTA_SOI_STDLIB2_CCS_TT 
XOR2X1          71    113600.000    KISTA_SOI_STDLIB2_CCS_TT 
-------------------------------------------------------------
total        25436  35728320.000                             


                                             
     Type      Instances     Area     Area % 
---------------------------------------------
sequential          4046 19145440.000   53.6 
inverter            2657   850240.000    2.4 
buffer               165   105600.000    0.3 
logic              18568 15627040.000   43.7 
physical_cells         0        0.000    0.0 
---------------------------------------------
total              25436 35728320.000  100.0 

