============================================================
  Generated by:           Genus(TM) Synthesis Solution 21.19-s055_1
  Generated on:           Dec 31 2024  06:59:49 am
  Module:                 RISC_V_Cached
  Operating conditions:   PVT_1P8V_25C (balanced_tree)
  Wireload mode:          enclosed
  Area mode:              timing library
============================================================


Path 1: MET (10 ps) Setup Check with Pin CPU_IFD0_ProgramCounter_reg[31]/CK->D
          Group: CLK
     Startpoint: (R) CPU_IFD0_ProgramCounter_reg[4]/CK
          Clock: (R) CLK
       Endpoint: (R) CPU_IFD0_ProgramCounter_reg[31]/D
          Clock: (R) CLK

                     Capture       Launch     
        Clock Edge:+   64000            0     
       Src Latency:+       0            0     
       Net Latency:+     200 (I)      200 (I) 
           Arrival:=   64200          200     
                                              
             Setup:-    1728                  
       Uncertainty:-     300                  
     Required Time:=   62172                  
      Launch Clock:-     200                  
         Data Path:-   61962                  
             Slack:=      10                  

#-------------------------------------------------------------------------------------------------------------------------------------------------
#                              Timing Point                               Flags   Arc   Edge   Cell     Fanout  Load Trans Delay Arrival Instance 
#                                                                                                               (fF)  (ps)  (ps)   (ps)  Location 
#-------------------------------------------------------------------------------------------------------------------------------------------------
  CPU_IFD0_ProgramCounter_reg[4]/CK                                       -       -     R     (arrival)   4084     -     0     0     200    (-,-) 
  CPU_IFD0_ProgramCounter_reg[4]/Q                                        -       CK->Q F     DFFRX1         2  90.7   845  3477    3677    (-,-) 
  g255205/Y                                                               -       A->Y  F     BUFX2          9 500.6   656  1830    5507    (-,-) 
  g255200/Y                                                               -       A->Y  R     INVX3         11 529.5   630  1248    6755    (-,-) 
  g192834/Y                                                               -       A->Y  F     NAND2X2        1  79.6   282   448    7203    (-,-) 
  g192795/Y                                                               -       A->Y  R     NOR2X3         8 394.9   971  1476    8678    (-,-) 
  g257885/Y                                                               -       B->Y  R     AND2X1        11 406.9  1436  2456   11134    (-,-) 
  g192344/Y                                                               -       A->Y  F     NAND2X1        1  55.7   480   602   11735    (-,-) 
  g191515/Y                                                               -       B->Y  R     NAND2X2        1  55.3   184   551   12286    (-,-) 
  g191307/Y                                                               -       A->Y  F     NOR2X2         1  55.7   131   305   12591    (-,-) 
  g191177/Y                                                               -       B->Y  R     NAND2X2        1  55.3   163   347   12939    (-,-) 
  g191144/Y                                                               -       A->Y  F     NOR2X2         1  55.7   126   299   13238    (-,-) 
  g191090/Y                                                               -       B->Y  R     NAND2X2        9 507.1   932  1209   14447    (-,-) 
  g191081/Y                                                               -       A->Y  F     INVX3          4 199.8   324   518   14965    (-,-) 
  g191002/Y                                                               -       B->Y  R     NAND2X2        8 574.2  1048  1469   16434    (-,-) 
  g190410/Y                                                               -       A->Y  F     NOR2X3        14 513.8   596  1079   17513    (-,-) 
  g189338/Y                                                               -       A->Y  R     NAND2X1        1  56.9   357   814   18328    (-,-) 
  g188118/Y                                                               -       B->Y  F     NAND2X2        1  32.4   147   295   18622    (-,-) 
  g257949/Y                                                               -       C->Y  R     AOI21X1        1  35.1   468   812   19434    (-,-) 
  g257948/Y                                                               -       A->Y  R     AND2X1         1  55.5   265   966   20400    (-,-) 
  g187572/Y                                                               -       A->Y  F     NAND2X2        1  32.4   136   288   20689    (-,-) 
  g257939/Y                                                               -       C->Y  R     NOR3X1         1  35.1   619   796   21485    (-,-) 
  g257938/Y                                                               -       A->Y  R     AND2X1         1  56.9   273   992   22477    (-,-) 
  g187380/Y                                                               -       B->Y  F     NAND2X2        6 266.5   662   870   23347    (-,-) 
  g187349/Y                                                               -       A->Y  R     INVX2          1  37.1   161   546   23892    (-,-) 
  g187301/Y                                                               -       B->Y  F     NOR2X1         1  32.4   213   302   24194    (-,-) 
  g187251/Y                                                               -       C->Y  R     AOI21X1        1  33.3   453   828   25022    (-,-) 
  g187192/Y                                                               -       C->Y  F     OAI21X1        2  66.9   442   728   25750    (-,-) 
  g187148/Y                                                               -       A->Y  R     NOR4X1         1  36.3   930  1673   27423    (-,-) 
  g187129/Y                                                               -       D->Y  F     NAND4X1        1  29.8   558   809   28232    (-,-) 
  g187119/Y                                                               -       D->Y  R     NOR4X1         1  36.3   929  1274   29506    (-,-) 
  g187115/Y                                                               -       D->Y  F     NAND4X1        1  55.8   755  1077   30583    (-,-) 
  g187113/Y                                                               -       B->Y  R     NOR2X2         2  91.1   426   970   31552    (-,-) 
  g187110/Y                                                               -       A->Y  F     INVX2          1  33.4   116   223   31775    (-,-) 
  g187107/Y                                                               -       B->Y  R     OAI21X1        1  34.9   428   579   32354    (-,-) 
  g187103/Y                                                               -       A->Y  F     AOI21X1        1  55.7   352   592   32946    (-,-) 
  g187102/Y                                                               -       B->Y  R     NAND2X2        3 128.0   297   632   33577    (-,-) 
  g187101/Y                                                               -       B->Y  F     NAND2X2        3 142.9   433   580   34157    (-,-) 
  g187100/Y                                                               -       A->Y  R     INVX3          6 210.0   277   686   34842    (-,-) 
  g187095/Y                                                               -       A->Y  F     NAND2X1        1  54.5   320   509   35351    (-,-) 
  g187091/Y                                                               -       A->Y  R     NAND2X2        2  93.9   239   548   35899    (-,-) 
  CPU_IFD0_add_277_66_Y_CPU_IFD0_add_305_65_Y_CPU_IFD0_add_292_64_g2/Y    -       B->Y  R     AND2X1         2  92.1   388  1060   36959    (-,-) 
  CPU_IFD0_add_277_66_Y_CPU_IFD0_add_305_65_Y_CPU_IFD0_add_292_64_g2594/Y -       A->Y  F     NOR2X2         2  98.9   220   436   37395    (-,-) 
  CPU_IFD0_add_277_66_Y_CPU_IFD0_add_305_65_Y_CPU_IFD0_add_292_64_g2585/Y -       B->Y  F     OA21X1         2 100.8   336  1239   38634    (-,-) 
  CPU_IFD0_add_277_66_Y_CPU_IFD0_add_305_65_Y_CPU_IFD0_add_292_64_g2583/Y -       B->Y  R     OAI21X1        2 119.4   937  1372   40006    (-,-) 
  CPU_IFD0_add_277_66_Y_CPU_IFD0_add_305_65_Y_CPU_IFD0_add_292_64_g2582/Y -       B->Y  F     NAND2X2        1  55.7   283   432   40438    (-,-) 
  CPU_IFD0_add_277_66_Y_CPU_IFD0_add_305_65_Y_CPU_IFD0_add_292_64_g2580/Y -       B->Y  R     NAND2X2        2 119.4   282   570   41007    (-,-) 
  CPU_IFD0_add_277_66_Y_CPU_IFD0_add_305_65_Y_CPU_IFD0_add_292_64_g2579/Y -       B->Y  F     NAND2X2        1  55.7   208   354   41362    (-,-) 
  CPU_IFD0_add_277_66_Y_CPU_IFD0_add_305_65_Y_CPU_IFD0_add_292_64_g2577/Y -       B->Y  R     NAND2X2        2 119.4   282   522   41884    (-,-) 
  CPU_IFD0_add_277_66_Y_CPU_IFD0_add_305_65_Y_CPU_IFD0_add_292_64_g2576/Y -       B->Y  F     NAND2X2        1  55.7   208   354   42238    (-,-) 
  CPU_IFD0_add_277_66_Y_CPU_IFD0_add_305_65_Y_CPU_IFD0_add_292_64_g2574/Y -       B->Y  R     NAND2X2        2 119.4   282   522   42760    (-,-) 
  CPU_IFD0_add_277_66_Y_CPU_IFD0_add_305_65_Y_CPU_IFD0_add_292_64_g2573/Y -       B->Y  F     NAND2X2        1  55.7   208   354   43114    (-,-) 
  CPU_IFD0_add_277_66_Y_CPU_IFD0_add_305_65_Y_CPU_IFD0_add_292_64_g2571/Y -       B->Y  R     NAND2X2        2 119.4   282   522   43636    (-,-) 
  CPU_IFD0_add_277_66_Y_CPU_IFD0_add_305_65_Y_CPU_IFD0_add_292_64_g2570/Y -       B->Y  F     NAND2X2        2  90.3   273   441   44078    (-,-) 
  g257857/Y                                                               -       A->Y  F     AND2X1         1  33.1   142   778   44855    (-,-) 
  g257856/Y                                                               -       A->Y  F     OA21X1         2 100.8   336  1284   46139    (-,-) 
  CPU_IFD0_add_277_66_Y_CPU_IFD0_add_305_65_Y_CPU_IFD0_add_292_64_g2563/Y -       B->Y  R     OAI21X1        2 119.4   937  1372   47511    (-,-) 
  CPU_IFD0_add_277_66_Y_CPU_IFD0_add_305_65_Y_CPU_IFD0_add_292_64_g2562/Y -       B->Y  F     NAND2X2        1  55.7   283   432   47942    (-,-) 
  CPU_IFD0_add_277_66_Y_CPU_IFD0_add_305_65_Y_CPU_IFD0_add_292_64_g2560/Y -       B->Y  R     NAND2X2        2 126.5   290   585   48527    (-,-) 
  CPU_IFD0_add_277_66_Y_CPU_IFD0_add_305_65_Y_CPU_IFD0_add_292_64_g2559/Y -       B->Y  F     NAND2X2        1  55.7   182   356   48883    (-,-) 
  CPU_IFD0_add_277_66_Y_CPU_IFD0_add_305_65_Y_CPU_IFD0_add_292_64_g2557/Y -       B->Y  R     NAND2X2        2 119.4   279   506   49388    (-,-) 
  CPU_IFD0_add_277_66_Y_CPU_IFD0_add_305_65_Y_CPU_IFD0_add_292_64_g2556/Y -       B->Y  F     NAND2X2        1  55.7   208   354   49742    (-,-) 
  CPU_IFD0_add_277_66_Y_CPU_IFD0_add_305_65_Y_CPU_IFD0_add_292_64_g2554/Y -       B->Y  R     NAND2X2        2 119.4   281   522   50264    (-,-) 
  CPU_IFD0_add_277_66_Y_CPU_IFD0_add_305_65_Y_CPU_IFD0_add_292_64_g2553/Y -       B->Y  F     NAND2X2        1  55.7   208   354   50618    (-,-) 
  CPU_IFD0_add_277_66_Y_CPU_IFD0_add_305_65_Y_CPU_IFD0_add_292_64_g2551/Y -       B->Y  R     NAND2X2        2 119.4   281   522   51140    (-,-) 
  CPU_IFD0_add_277_66_Y_CPU_IFD0_add_305_65_Y_CPU_IFD0_add_292_64_g2550/Y -       B->Y  F     NAND2X2        1  55.7   208   354   51494    (-,-) 
  CPU_IFD0_add_277_66_Y_CPU_IFD0_add_305_65_Y_CPU_IFD0_add_292_64_g2548/Y -       B->Y  R     NAND2X2        2 119.4   282   522   52016    (-,-) 
  CPU_IFD0_add_277_66_Y_CPU_IFD0_add_305_65_Y_CPU_IFD0_add_292_64_g2547/Y -       B->Y  F     NAND2X2        3 167.3   422   634   52650    (-,-) 
  CPU_IFD0_add_277_66_Y_CPU_IFD0_add_305_65_Y_CPU_IFD0_add_292_64_g2545/Y -       B->Y  R     NOR2X2         1  57.1   285   634   53284    (-,-) 
  CPU_IFD0_add_277_66_Y_CPU_IFD0_add_305_65_Y_CPU_IFD0_add_292_64_g2541/Y -       B->Y  F     NOR2X2         4 212.4   353   558   53842    (-,-) 
  CPU_IFD0_add_277_66_Y_CPU_IFD0_add_305_65_Y_CPU_IFD0_add_292_64_g2539/Y -       B->Y  R     NOR2X2         1  57.1   282   589   54431    (-,-) 
  CPU_IFD0_add_277_66_Y_CPU_IFD0_add_305_65_Y_CPU_IFD0_add_292_64_g2532/Y -       B->Y  F     NOR2X2         3 155.6   248   473   54904    (-,-) 
  g257927/Y                                                               -       C->Y  R     NOR3X1         2 114.0  1418  1785   56689    (-,-) 
  CPU_IFD0_add_277_66_Y_CPU_IFD0_add_305_65_Y_CPU_IFD0_add_292_64_g2521/Y -       B->Y  F     NAND2X2        2 111.5   478   687   57376    (-,-) 
  CPU_IFD0_add_277_66_Y_CPU_IFD0_add_305_65_Y_CPU_IFD0_add_292_64_g2518/Y -       B->Y  R     NOR2X2         2 113.2   472   884   58260    (-,-) 
  CPU_IFD0_add_277_66_Y_CPU_IFD0_add_305_65_Y_CPU_IFD0_add_292_64_g2513/Y -       B->Y  F     NAND2X2        2 111.5   317   555   58815    (-,-) 
  CPU_IFD0_add_277_66_Y_CPU_IFD0_add_305_65_Y_CPU_IFD0_add_292_64_g2511/Y -       B->Y  R     NOR2X2         2  91.9   400   702   59516    (-,-) 
  CPU_IFD0_add_277_66_Y_CPU_IFD0_add_305_65_Y_CPU_IFD0_add_292_64_g2506/Y -       B->Y  F     AOI21X1        1  67.4   395   663   60179    (-,-) 
  g257925/Y                                                               -       B->Y  R     XNOR2X1        1  56.9   620  1211   61390    (-,-) 
  g236492/Y                                                               -       B->Y  F     NAND2X2        1  55.7   239   414   61804    (-,-) 
  g236401/Y                                                               -       B->Y  R     NAND2X2        1  33.2   156   358   62162    (-,-) 
  CPU_IFD0_ProgramCounter_reg[31]/D                                       <<<     -     R     DFFRX1         1     -     -     0   62162    (-,-) 
#-------------------------------------------------------------------------------------------------------------------------------------------------

