============================================================
  Generated by:           Genus(TM) Synthesis Solution 21.19-s055_1
  Generated on:           Dec 31 2024  12:24:14 pm
  Module:                 RISC_V_Cached
  Operating conditions:   PVT_1P8V_25C (balanced_tree)
  Wireload mode:          enclosed
  Area mode:              timing library
============================================================


Path 1: MET (0 ps) Setup Check with Pin CPU_IFD0_ProgramCounter_reg[31]/CK->D
          Group: CLK
     Startpoint: (R) CPU_IFD0_ProgramCounter_reg[2]/CK
          Clock: (R) CLK
       Endpoint: (R) CPU_IFD0_ProgramCounter_reg[31]/D
          Clock: (R) CLK

                     Capture       Launch     
        Clock Edge:+   28000            0     
       Src Latency:+       0            0     
       Net Latency:+     200 (I)      200 (I) 
           Arrival:=   28200          200     
                                              
             Setup:-    1738                  
       Uncertainty:-     300                  
     Required Time:=   26162                  
      Launch Clock:-     200                  
         Data Path:-   25961                  
             Slack:=       0                  

#-----------------------------------------------------------------------------------------------------------
#           Timing Point            Flags   Arc   Edge   Cell     Fanout  Load Trans Delay Arrival Instance 
#                                                                         (fF)  (ps)  (ps)   (ps)  Location 
#-----------------------------------------------------------------------------------------------------------
  CPU_IFD0_ProgramCounter_reg[2]/CK -       -     R     (arrival)   4084     -     0     0     200    (-,-) 
  CPU_IFD0_ProgramCounter_reg[2]/Q  -       CK->Q F     DFFRX1         1  35.7   554  2814    3014    (-,-) 
  g401153/Y                         -       A->Y  R     INVX1          2 111.6   434   912    3926    (-,-) 
  g401152/Y                         -       A->Y  F     INVX3          3 189.6   218   425    4351    (-,-) 
  g401156/Y                         -       A->Y  R     INVX3          1  56.9    98   333    4684    (-,-) 
  g398871/Y                         -       B->Y  F     NAND2X2        1  74.7   239   356    5040    (-,-) 
  g209010/Y                         -       A->Y  R     INVX3          3 195.5   248   538    5578    (-,-) 
  g208967/Y                         -       B->Y  F     NAND2X2        1  74.7   214   394    5972    (-,-) 
  g208951/Y                         -       A->Y  R     INVX3          4 227.6   283   563    6535    (-,-) 
  g398522/Y                         -       B->Y  F     NAND2X2        1 110.1   292   492    7027    (-,-) 
  g398521/Y                         -       A->Y  R     INVX4         12 504.3   454   804    7830    (-,-) 
  g398524/Y                         -       A->Y  F     INVX1          2 149.4   409   742    8572    (-,-) 
  g208530/Y                         -       A->Y  R     INVX3         14 488.6   580  1028    9600    (-,-) 
  g208185/Y                         -       A->Y  F     NAND2X1        1  34.8   303   440   10041    (-,-) 
  g207449/Y                         -       C->Y  F     AND4X1         1  55.7   212   958   10998    (-,-) 
  g207249/Y                         -       B->Y  R     NAND2X2        1  55.3   152   395   11393    (-,-) 
  g207158/Y                         -       A->Y  F     NOR2X2         1  80.2   160   330   11723    (-,-) 
  g401510/Y                         -       B->Y  R     NAND2X3        3 149.6   249   472   12194    (-,-) 
  g401150/Y                         -       B->Y  F     NOR2X2         2  89.2   242   354   12548    (-,-) 
  g401508/Y                         -       B->Y  R     OAI21X1        2  91.1   746  1098   13646    (-,-) 
  CPU_IFD0_add_277_66_g1279/Y       -       A->Y  F     NAND2X2        1  55.7   255   378   14024    (-,-) 
  CPU_IFD0_add_277_66_g1277/Y       -       B->Y  R     NAND2X2        2 113.2   267   539   14563    (-,-) 
  CPU_IFD0_add_277_66_g1275/Y       -       B->Y  F     NAND2X2        2 111.2   295   490   15052    (-,-) 
  CPU_IFD0_add_277_66_g1271/Y       -       B->Y  R     NOR2X2         1  80.6   358   644   15696    (-,-) 
  CPU_IFD0_add_277_66_g1269/Y       -       B->Y  F     NOR2X3         3 179.0   205   440   16136    (-,-) 
  CPU_IFD0_add_277_66_g1265/Y       -       B->Y  R     NOR2X2         1  80.6   364   587   16723    (-,-) 
  CPU_IFD0_add_277_66_g1261/Y       -       B->Y  F     NOR2X3         2 111.2   251   350   17073    (-,-) 
  CPU_IFD0_add_277_66_g1255/Y       -       B->Y  R     NOR2X2         1  80.6   356   616   17689    (-,-) 
  CPU_IFD0_add_277_66_g1250/Y       -       B->Y  F     NOR2X3         2  90.5   184   318   18007    (-,-) 
  g401712/Y                         -       B->Y  R     NOR2X2         1  57.1   286   481   18488    (-,-) 
  g401710/Y                         -       B->Y  F     NOR2X2         2  90.5   200   364   18852    (-,-) 
  g401713/Y                         -       B->Y  R     NOR2X2         1  80.6   364   584   19436    (-,-) 
  g534/Y                            -       B->Y  F     NOR2X3         3 147.7   224   406   19842    (-,-) 
  CPU_IFD0_add_277_66_g1222/Y       -       B->Y  R     NOR2X3         2 113.4   336   562   20404    (-,-) 
  CPU_IFD0_add_277_66_g1221/Y       -       A->Y  F     INVX2          1  55.8   130   276   20680    (-,-) 
  CPU_IFD0_add_277_66_g1217/Y       -       B->Y  R     NOR2X2         1  80.6   358   540   21220    (-,-) 
  CPU_IFD0_add_277_66_g1213/Y       -       B->Y  F     NOR2X3         2 123.2   207   367   21587    (-,-) 
  CPU_IFD0_add_277_66_g1208/Y       -       B->Y  R     NOR2X2         1  80.6   358   588   22176    (-,-) 
  g400421/Y                         -       B->Y  F     NOR2X3         2 146.5   246   403   22578    (-,-) 
  g181/Y                            -       B->Y  R     NOR2X3         1  80.6   262   491   23069    (-,-) 
  g180/Y                            -       B->Y  F     NOR2X3         2 100.8   201   317   23387    (-,-) 
  g179/Y                            -       B->Y  R     OAI21X1        1  62.5   552   850   24237    (-,-) 
  CPU_IFD0_add_277_66_g1197/Y       -       B->Y  R     XNOR2X1        1  34.9   475   942   25179    (-,-) 
  g369256/Y                         -       A->Y  F     AOI21X1        1  34.1   271   479   25659    (-,-) 
  g369227/Y                         -       A->Y  R     NAND2X1        1  33.2   212   503   26161    (-,-) 
  CPU_IFD0_ProgramCounter_reg[31]/D <<<     -     R     DFFRX1         1     -     -     0   26161    (-,-) 
#-----------------------------------------------------------------------------------------------------------

