============================================================
  Generated by:           Genus(TM) Synthesis Solution 21.19-s055_1
  Generated on:           Dec 31 2024  01:14:20 pm
  Module:                 RISC_V_Cached
  Operating conditions:   PVT_1P8V_25C (balanced_tree)
  Wireload mode:          enclosed
  Area mode:              timing library
============================================================

                                 
  Gate   Instances      Area               Library           
-------------------------------------------------------------
ADDFX1          15     74400.000    KISTA_SOI_STDLIB2_CCS_TT 
ADDHX1           4      8960.000    KISTA_SOI_STDLIB2_CCS_TT 
AND2X1         129    123840.000    KISTA_SOI_STDLIB2_CCS_TT 
AND3X1           6      7680.000    KISTA_SOI_STDLIB2_CCS_TT 
AND4X1          84    134400.000    KISTA_SOI_STDLIB2_CCS_TT 
AO21X1         148    189440.000    KISTA_SOI_STDLIB2_CCS_TT 
AOI21X1        811    778560.000    KISTA_SOI_STDLIB2_CCS_TT 
BUFX2          186    119040.000    KISTA_SOI_STDLIB2_CCS_TT 
BUFX3            9      5760.000    KISTA_SOI_STDLIB2_CCS_TT 
DFFRX1        1486   8083840.000    KISTA_SOI_STDLIB2_CCS_TT 
DFFSX1           3     15360.000    KISTA_SOI_STDLIB2_CCS_TT 
DFFX1         2557  11046240.000    KISTA_SOI_STDLIB2_CCS_TT 
INVX1            8      2560.000    KISTA_SOI_STDLIB2_CCS_TT 
INVX2         1140    364800.000    KISTA_SOI_STDLIB2_CCS_TT 
INVX3         1147    367040.000    KISTA_SOI_STDLIB2_CCS_TT 
MX2X1           96    184320.000    KISTA_SOI_STDLIB2_CCS_TT 
NAND2X1       7957   5092480.000    KISTA_SOI_STDLIB2_CCS_TT 
NAND2X2       2197   1406080.000    KISTA_SOI_STDLIB2_CCS_TT 
NAND3X1        281    269760.000    KISTA_SOI_STDLIB2_CCS_TT 
NAND4X1       1251   1601280.000    KISTA_SOI_STDLIB2_CCS_TT 
NOR2X1         216    138240.000    KISTA_SOI_STDLIB2_CCS_TT 
NOR2X2         630    403200.000    KISTA_SOI_STDLIB2_CCS_TT 
NOR2X3         111    106560.000    KISTA_SOI_STDLIB2_CCS_TT 
NOR3X1         180    172800.000    KISTA_SOI_STDLIB2_CCS_TT 
NOR4X1         269    344320.000    KISTA_SOI_STDLIB2_CCS_TT 
OA21X1          91    116480.000    KISTA_SOI_STDLIB2_CCS_TT 
OAI21X1       4378   4202880.000    KISTA_SOI_STDLIB2_CCS_TT 
OR2X1           32     30720.000    KISTA_SOI_STDLIB2_CCS_TT 
OR3X1           16     20480.000    KISTA_SOI_STDLIB2_CCS_TT 
OR4X1           12     19200.000    KISTA_SOI_STDLIB2_CCS_TT 
XNOR2X1         84    134400.000    KISTA_SOI_STDLIB2_CCS_TT 
XOR2X1          80    128000.000    KISTA_SOI_STDLIB2_CCS_TT 
-------------------------------------------------------------
total        25614  35693120.000                             


                                             
     Type      Instances     Area     Area % 
---------------------------------------------
sequential          4046 19145440.000   53.6 
inverter            2295   734400.000    2.1 
buffer               195   124800.000    0.3 
logic              19078 15688480.000   44.0 
physical_cells         0        0.000    0.0 
---------------------------------------------
total              25614 35693120.000  100.0 

