============================================================
  Generated by:           Genus(TM) Synthesis Solution 21.19-s055_1
  Generated on:           Jan 02 2025  06:14:04 am
  Module:                 RISC_V_Cached
  Operating conditions:   PVT_1P8V_25C (balanced_tree)
  Wireload mode:          enclosed
  Area mode:              timing library
============================================================


Path 1: VIOLATED (-19461 ps) Setup Check with Pin CPU_IFD0_ProgramCounter_reg[7]/CK->D
          Group: CLK
     Startpoint: (R) CPU_IFD0_ProgramCounter_reg[6]/CK
          Clock: (R) CLK
       Endpoint: (R) CPU_IFD0_ProgramCounter_reg[7]/D
          Clock: (R) CLK

                     Capture       Launch     
        Clock Edge:+    8000            0     
       Src Latency:+       0            0     
       Net Latency:+     200 (I)      200 (I) 
           Arrival:=    8200          200     
                                              
             Setup:-    1739                  
       Uncertainty:-     300                  
     Required Time:=    6161                  
      Launch Clock:-     200                  
         Data Path:-   25423                  
             Slack:=  -19461                  

#-----------------------------------------------------------------------------------------------------------
#           Timing Point            Flags   Arc   Edge   Cell     Fanout  Load Trans Delay Arrival Instance 
#                                                                         (fF)  (ps)  (ps)   (ps)  Location 
#-----------------------------------------------------------------------------------------------------------
  CPU_IFD0_ProgramCounter_reg[6]/CK -       -     R     (arrival)   4081     -     0     0     200    (-,-) 
  CPU_IFD0_ProgramCounter_reg[6]/Q  -       CK->Q F     DFFRX1         1  34.7   548  2801    3001    (-,-) 
  fopt135/Y                         -       A->Y  F     BUFX3          4 214.0   231  1183    4184    (-,-) 
  fopt468194/Y                      -       A->Y  R     INVX1          1  81.3   318   578    4762    (-,-) 
  g245599/Y                         -       A->Y  F     NOR2X3         2 156.2   209   431    5193    (-,-) 
  g245536/Y                         -       A->Y  R     NAND2X3        5 352.4   479   830    6022    (-,-) 
  g472419/Y                         -       B->Y  F     NOR2X3         4 177.0   233   475    6497    (-,-) 
  g472420/Y                         -       A->Y  R     NAND2X1        1  34.7   262   484    6982    (-,-) 
  g472761/Y                         -       A->Y  F     NAND4X1        1  54.7   698  1047    8029    (-,-) 
  g472760/Y                         -       A->Y  R     NOR2X2         1  55.5   318   797    8826    (-,-) 
  g472284/Y                         -       A->Y  F     NAND2X2        1  79.0   235   422    9248    (-,-) 
  g472620/Y                         -       B->Y  R     NOR2X3         2 137.2   385   631    9878    (-,-) 
  g472619/Y                         -       A->Y  F     NAND2X3        3 165.7   305   514   10393    (-,-) 
  g91/Y                             -       A->Y  R     INVX2          1  57.1   141   417   10809    (-,-) 
  g90/Y                             -       B->Y  F     NOR2X2         2 109.0   210   355   11164    (-,-) 
  g243585/Y                         -       A->Y  R     NAND2X2        2 133.0   296   551   11716    (-,-) 
  fopt468611/Y                      -       A->Y  F     INVX2          2 109.0   176   364   12079    (-,-) 
  g469062/Y                         -       A->Y  R     NAND2X2        2 153.4   331   568   12648    (-,-) 
  fopt469756/Y                      -       A->Y  F     INVX3          5 232.7   226   438   13086    (-,-) 
  g474403/Y                         -       B->Y  R     NAND2X2        1  35.0   131   355   13442    (-,-) 
  g474402/Y                         -       A->Y  F     NAND3X1        1  55.8   499   763   14205    (-,-) 
  g474400/Y                         -       B->Y  R     NOR2X2         1  55.5   284   678   14882    (-,-) 
  g474399/Y                         -       A->Y  F     NAND2X2        1  55.4   182   358   15240    (-,-) 
  g471857/Y                         -       A->Y  R     INVX2          1  56.9   121   344   15584    (-,-) 
  g508228/Y                         -       B->Y  F     NAND2X2        1  79.6   232   373   15956    (-,-) 
  g508394/Y                         -       A->Y  R     NOR2X3         2 109.7   325   710   16666    (-,-) 
  fopt115/Y                         -       A->Y  F     INVX3          2 130.4   152   322   16988    (-,-) 
  g508392/Y                         -       B->Y  R     NAND2X2        1  57.1   158   363   17351    (-,-) 
  g508391/Y                         -       B->Y  F     NOR2X2         2  66.1   129   300   17652    (-,-) 
  g508502/Y                         -       C->Y  R     AOI21X1        1  33.3   451   789   18441    (-,-) 
  g508501/Y                         -       C->Y  F     OAI21X1        1  32.4   305   546   18987    (-,-) 
  g508498/Y                         -       C->Y  R     AOI21X1        1  55.5   603  1046   20033    (-,-) 
  g508497/Y                         -       A->Y  F     NAND2X2        2 106.6   328   526   20559    (-,-) 
  g508213/Y                         -       A->Y  R     AOI21X1        1  56.9   612   958   21517    (-,-) 
  g474228/Y                         -       B->Y  F     NAND2X2        1  80.2   283   490   22007    (-,-) 
  g474227/Y                         -       B->Y  R     NAND2X3        2 112.4   231   494   22501    (-,-) 
  g471233/Y                         -       B->Y  F     NAND2X2        1  79.6   228   401   22902    (-,-) 
  g468929/Y                         -       A->Y  R     NOR2X3         1  76.7   251   619   23521    (-,-) 
  fopt468459/Y                      -       A->Y  F     INVX3          4 298.8   262   473   23994    (-,-) 
  fopt468455/Y                      -       A->Y  R     INVX3          8 279.2   343   662   24656    (-,-) 
  g469189/Y                         -       A->Y  F     AOI21X1        1  34.1   272   463   25119    (-,-) 
  g469188/Y                         -       A->Y  R     NAND2X1        1  33.2   212   504   25623    (-,-) 
  CPU_IFD0_ProgramCounter_reg[7]/D  <<<     -     R     DFFRX1         1     -     -     0   25623    (-,-) 
#-----------------------------------------------------------------------------------------------------------

