============================================================
  Generated by:           Genus(TM) Synthesis Solution 21.19-s055_1
  Generated on:           Dec 31 2024  01:46:33 pm
  Module:                 RISC_V_Cached
  Operating conditions:   PVT_1P8V_25C (balanced_tree)
  Wireload mode:          enclosed
  Area mode:              timing library
============================================================


Path 1: MET (14700 ps) Setup Check with Pin CPU_IFD0_ProgramCounter_reg[30]/CK->D
          Group: CLK
     Startpoint: (R) CPU_IFD0_ProgramCounter_reg[6]/CK
          Clock: (R) CLK
       Endpoint: (R) CPU_IFD0_ProgramCounter_reg[30]/D
          Clock: (R) CLK

                     Capture       Launch     
        Clock Edge:+  118000            0     
       Src Latency:+       0            0     
       Net Latency:+     200 (I)      200 (I) 
           Arrival:=  118200          200     
                                              
             Setup:-    1746                  
       Uncertainty:-     300                  
     Required Time:=  116154                  
      Launch Clock:-     200                  
         Data Path:-  101254                  
             Slack:=   14700                  

#-------------------------------------------------------------------------------------------------------------------------------------------------------
#                               Timing Point                                Flags     Arc     Edge   Cell     Fanout  Load Trans Delay Arrival Instance 
#                                                                                                                     (fF)  (ps)  (ps)   (ps)  Location 
#-------------------------------------------------------------------------------------------------------------------------------------------------------
  CPU_IFD0_ProgramCounter_reg[6]/CK                                         -       -         R     (arrival)   4047     -     0     0     200    (-,-) 
  CPU_IFD0_ProgramCounter_reg[6]/Q                                          -       CK->Q     F     DFFRX1         4 198.8  1419  4716    4916    (-,-) 
  g248731/Y                                                                 -       A->Y      R     INVX2          5 215.8   523  1449    6364    (-,-) 
  g248729/Y                                                                 -       A->Y      F     INVX2          9 389.3   514   887    7251    (-,-) 
  g184337/Y                                                                 -       B->Y      R     NOR3X1         2 113.2  1415  2036    9288    (-,-) 
  drc_bufs184599/Y                                                          -       A->Y      F     INVX2          7 483.6   780  1368   10655    (-,-) 
  g183952/Y                                                                 -       B->Y      R     NOR2X2        10 350.0  1268  1976   12632    (-,-) 
  g183643/Y                                                                 -       A->Y      R     BUFX2         16 579.8  1027  1922   14553    (-,-) 
  g182761/Y                                                                 -       A->Y      F     NAND2X1        1  34.3   338   446   14999    (-,-) 
  g182380/Y                                                                 -       A->Y      R     NAND4X1        1  55.3   370   677   15676    (-,-) 
  g182336/Y                                                                 -       A->Y      F     NOR2X2         1  35.2   152   309   15986    (-,-) 
  g250883/Y                                                                 -       B->Y      R     NAND3X1        1  34.8   266   453   16438    (-,-) 
  g250882/Y                                                                 -       A->Y      R     OR3X1          6 333.6  1186  1946   18385    (-,-) 
  g182199/Y                                                                 -       A->Y      F     INVX2          5 271.1   536   904   19288    (-,-) 
  g182045/Y                                                                 -       A->Y      R     NAND2X2        4 275.4   541  1046   20334    (-,-) 
  g181576/Y                                                                 -       B->Y      F     NOR2X3        12 449.8   556   797   21132    (-,-) 
  g179148/Y                                                                 -       A->Y      R     NAND2X1        1  36.3   281   698   21830    (-,-) 
  g178719/Y                                                                 -       D->Y      F     NAND4X1        1  33.3   525   686   22516    (-,-) 
  g178469/Y                                                                 -       A->Y      R     NOR4X1         1  56.9  1208  2022   24537    (-,-) 
  g178378/Y                                                                 -       B->Y      F     NAND2X2        4 177.8   582   920   25457    (-,-) 
  g178319/Y                                                                 -       A->Y      R     NAND2X2        2  89.6   261   707   26164    (-,-) 
  g178197/Y                                                                 -       C->Y      F     OAI21X1        1  32.4   309   513   26677    (-,-) 
  g178177/Y                                                                 -       C->Y      R     AOI21X1        2  72.1   715  1176   27852    (-,-) 
  g178166/Y                                                                 -       C->Y      F     NOR3X1         1  33.4   243   439   28292    (-,-) 
  g178152/Y                                                                 -       B->Y      R     OAI21X1        1  36.3   388   665   28957    (-,-) 
  g178148/Y                                                                 -       D->Y      F     NAND4X1        1  36.3   594   745   29702    (-,-) 
  g178145/Y                                                                 -       D->Y      R     NAND4X1        1  34.8   298   723   30425    (-,-) 
  g178142/Y                                                                 -       B->Y      F     AOI21X1        1  33.4   255   453   30878    (-,-) 
  g178141/Y                                                                 -       B->Y      R     OAI21X1        1  36.3   372   672   31550    (-,-) 
  g178140/Y                                                                 -       D->Y      F     NAND4X1        1  32.7   574   708   32258    (-,-) 
  g250877/Y                                                                 -       B->Y      R     AOI21X1        1  35.0   463   875   33133    (-,-) 
  g250876/Y                                                                 -       A->Y      F     NAND3X1        1  36.3   394   639   33771    (-,-) 
  g178137/Y                                                                 -       C->Y      R     NAND3X1        2  69.6   378   721   34492    (-,-) 
  g178136/Y                                                                 -       B->Y      F     AOI21X1        2  88.1   481   756   35248    (-,-) 
  g178135/Y                                                                 -       A->Y      R     INVX2          1  36.7   138   460   35708    (-,-) 
  g178132/Y                                                                 -       C->Y      F     NAND3X1        1  32.7   388   502   36210    (-,-) 
  g178128/Y                                                                 -       C->Y      R     OAI21X1        1  35.2   404   617   36827    (-,-) 
  g178127/Y                                                                 -       B->Y      F     OAI21X1        1  32.7   337   453   37280    (-,-) 
  g178126/Y                                                                 -       C->Y      R     OAI21X1        2  73.4   625   732   38011    (-,-) 
  g178125/Y                                                                 -       C->Y      F     NAND3X1        2 111.2   857  1201   39212    (-,-) 
  g178124/Y                                                                 -       B->Y      R     NOR2X2         7 287.0  1057  1787   40999    (-,-) 
  g178123/Y                                                                 -       A->Y      F     INVX3          2  67.5   205   229   41228    (-,-) 
  g178118/Y                                                                 -       B->Y      R     OAI21X1        3 163.6  1236  1642   42870    (-,-) 
  CPU_IFD0_add_277_66_Y_CPU_IFD0_add_305_65_Y_CPU_IFD0_add_292_64_g829/Y    -       B->Y      F     NOR2X1         1  33.4   356   394   43265    (-,-) 
  CPU_IFD0_add_277_66_Y_CPU_IFD0_add_305_65_Y_CPU_IFD0_add_292_64_g807/Y    -       B->Y      R     OAI21X1        2 102.9   826  1254   44519    (-,-) 
  CPU_IFD0_add_277_66_Y_CPU_IFD0_add_305_65_Y_CPU_IFD0_add_292_64_g805/Y    -       C->Y      F     OAI21X1        1  55.7   536   724   45242    (-,-) 
  CPU_IFD0_add_277_66_Y_CPU_IFD0_add_305_65_Y_CPU_IFD0_add_292_64_g803/Y    -       B->Y      R     NAND2X2        2 102.9   253   691   45933    (-,-) 
  CPU_IFD0_add_277_66_Y_CPU_IFD0_add_305_65_Y_CPU_IFD0_add_292_64_g802/Y    -       C->Y      F     OAI21X1        1  55.7   536   633   46566    (-,-) 
  CPU_IFD0_add_277_66_Y_CPU_IFD0_add_305_65_Y_CPU_IFD0_add_292_64_g800/Y    -       B->Y      R     NAND2X2        2 102.9   253   691   47257    (-,-) 
  CPU_IFD0_add_277_66_Y_CPU_IFD0_add_305_65_Y_CPU_IFD0_add_292_64_g799/Y    -       C->Y      F     OAI21X1        1  55.7   536   633   47889    (-,-) 
  CPU_IFD0_add_277_66_Y_CPU_IFD0_add_305_65_Y_CPU_IFD0_add_292_64_g797/Y    -       B->Y      R     NAND2X2        2 102.9   253   691   48580    (-,-) 
  CPU_IFD0_add_277_66_Y_CPU_IFD0_add_305_65_Y_CPU_IFD0_add_292_64_g796/Y    -       C->Y      F     OAI21X1        1  55.7   478   633   49213    (-,-) 
  CPU_IFD0_add_277_66_Y_CPU_IFD0_add_305_65_Y_CPU_IFD0_add_292_64_g794/Y    -       B->Y      R     NAND2X2        2 102.9   253   656   49869    (-,-) 
  CPU_IFD0_add_277_66_Y_CPU_IFD0_add_305_65_Y_CPU_IFD0_add_292_64_g793/Y    -       C->Y      F     OAI21X1        1  55.7   478   633   50502    (-,-) 
  CPU_IFD0_add_277_66_Y_CPU_IFD0_add_305_65_Y_CPU_IFD0_add_292_64_g791/Y    -       B->Y      R     NAND2X2        2 102.9   253   656   51158    (-,-) 
  CPU_IFD0_add_277_66_Y_CPU_IFD0_add_305_65_Y_CPU_IFD0_add_292_64_g790/Y    -       C->Y      F     OAI21X1        1  55.7   478   633   51791    (-,-) 
  CPU_IFD0_add_277_66_Y_CPU_IFD0_add_305_65_Y_CPU_IFD0_add_292_64_g788/Y    -       B->Y      R     NAND2X2        2 102.9   253   656   52447    (-,-) 
  CPU_IFD0_add_277_66_Y_CPU_IFD0_add_305_65_Y_CPU_IFD0_add_292_64_g787/Y    -       C->Y      F     OAI21X1        1  55.7   400   633   53080    (-,-) 
  CPU_IFD0_add_277_66_Y_CPU_IFD0_add_305_65_Y_CPU_IFD0_add_292_64_g785/Y    -       B->Y      R     NAND2X2        2 102.9   246   608   53688    (-,-) 
  CPU_IFD0_add_277_66_Y_CPU_IFD0_add_305_65_Y_CPU_IFD0_add_292_64_g784/Y    -       C->Y      F     OAI21X1        1  55.7   478   632   54319    (-,-) 
  CPU_IFD0_add_277_66_Y_CPU_IFD0_add_305_65_Y_CPU_IFD0_add_292_64_g782/Y    -       B->Y      R     NAND2X2        2 102.9   253   656   54975    (-,-) 
  CPU_IFD0_add_277_66_Y_CPU_IFD0_add_305_65_Y_CPU_IFD0_add_292_64_g781/Y    -       C->Y      F     OAI21X1        1  55.7   478   633   55608    (-,-) 
  CPU_IFD0_add_277_66_Y_CPU_IFD0_add_305_65_Y_CPU_IFD0_add_292_64_g779/Y    -       B->Y      R     NAND2X2        2 102.9   253   656   56264    (-,-) 
  CPU_IFD0_add_277_66_Y_CPU_IFD0_add_305_65_Y_CPU_IFD0_add_292_64_g778/Y    -       C->Y      F     OAI21X1        1  55.7   536   633   56897    (-,-) 
  CPU_IFD0_add_277_66_Y_CPU_IFD0_add_305_65_Y_CPU_IFD0_add_292_64_g776/Y    -       B->Y      R     NAND2X2        2 102.9   253   691   57588    (-,-) 
  CPU_IFD0_add_277_66_Y_CPU_IFD0_add_305_65_Y_CPU_IFD0_add_292_64_g775/Y    -       C->Y      F     OAI21X1        1  55.7   536   633   58220    (-,-) 
  CPU_IFD0_add_277_66_Y_CPU_IFD0_add_305_65_Y_CPU_IFD0_add_292_64_g773/Y    -       B->Y      R     NAND2X2        2 102.9   253   691   58911    (-,-) 
  CPU_IFD0_add_277_66_Y_CPU_IFD0_add_305_65_Y_CPU_IFD0_add_292_64_g772/Y    -       C->Y      F     OAI21X1        1  55.7   536   633   59544    (-,-) 
  CPU_IFD0_add_277_66_Y_CPU_IFD0_add_305_65_Y_CPU_IFD0_add_292_64_g770/Y    -       B->Y      R     NAND2X2        2 102.9   253   691   60235    (-,-) 
  CPU_IFD0_add_277_66_Y_CPU_IFD0_add_305_65_Y_CPU_IFD0_add_292_64_g769/Y    -       C->Y      F     OAI21X1        1  55.7   478   633   60867    (-,-) 
  CPU_IFD0_add_277_66_Y_CPU_IFD0_add_305_65_Y_CPU_IFD0_add_292_64_g767/Y    -       B->Y      R     NAND2X2        1 126.3   290   709   61576    (-,-) 
  CPU_IFD0_add_277_66_Y_CPU_IFD0_add_305_65_Y_CPU_IFD0_add_292_64_g766/COUT -       CIN->COUT R     ADDFX1         1 126.3   780  2225   63801    (-,-) 
  CPU_IFD0_add_277_66_Y_CPU_IFD0_add_305_65_Y_CPU_IFD0_add_292_64_g765/COUT -       CIN->COUT R     ADDFX1         1 126.3   780  2400   66201    (-,-) 
  CPU_IFD0_add_277_66_Y_CPU_IFD0_add_305_65_Y_CPU_IFD0_add_292_64_g764/COUT -       CIN->COUT R     ADDFX1         1 126.3   780  2400   68601    (-,-) 
  CPU_IFD0_add_277_66_Y_CPU_IFD0_add_305_65_Y_CPU_IFD0_add_292_64_g763/COUT -       CIN->COUT R     ADDFX1         1 126.3   780  2400   71002    (-,-) 
  CPU_IFD0_add_277_66_Y_CPU_IFD0_add_305_65_Y_CPU_IFD0_add_292_64_g762/COUT -       CIN->COUT R     ADDFX1         1 126.3   780  2400   73402    (-,-) 
  CPU_IFD0_add_277_66_Y_CPU_IFD0_add_305_65_Y_CPU_IFD0_add_292_64_g761/COUT -       CIN->COUT R     ADDFX1         1 126.3   782  2400   75802    (-,-) 
  CPU_IFD0_add_277_66_Y_CPU_IFD0_add_305_65_Y_CPU_IFD0_add_292_64_g760/COUT -       CIN->COUT R     ADDFX1         1 126.3   782  2401   78203    (-,-) 
  CPU_IFD0_add_277_66_Y_CPU_IFD0_add_305_65_Y_CPU_IFD0_add_292_64_g759/COUT -       CIN->COUT R     ADDFX1         1 126.3   782  2401   80604    (-,-) 
  CPU_IFD0_add_277_66_Y_CPU_IFD0_add_305_65_Y_CPU_IFD0_add_292_64_g758/COUT -       CIN->COUT R     ADDFX1         1 126.3   782  2401   83004    (-,-) 
  CPU_IFD0_add_277_66_Y_CPU_IFD0_add_305_65_Y_CPU_IFD0_add_292_64_g757/COUT -       CIN->COUT R     ADDFX1         1 126.3   782  2401   85405    (-,-) 
  CPU_IFD0_add_277_66_Y_CPU_IFD0_add_305_65_Y_CPU_IFD0_add_292_64_g756/COUT -       CIN->COUT R     ADDFX1         1 126.3   782  2401   87805    (-,-) 
  CPU_IFD0_add_277_66_Y_CPU_IFD0_add_305_65_Y_CPU_IFD0_add_292_64_g755/COUT -       CIN->COUT R     ADDFX1         1 126.3   782  2401   90206    (-,-) 
  CPU_IFD0_add_277_66_Y_CPU_IFD0_add_305_65_Y_CPU_IFD0_add_292_64_g754/COUT -       CIN->COUT R     ADDFX1         1 126.3   782  2401   92607    (-,-) 
  CPU_IFD0_add_277_66_Y_CPU_IFD0_add_305_65_Y_CPU_IFD0_add_292_64_g753/COUT -       CIN->COUT R     ADDFX1         1 126.3   782  2401   95007    (-,-) 
  CPU_IFD0_add_277_66_Y_CPU_IFD0_add_305_65_Y_CPU_IFD0_add_292_64_g752/COUT -       CIN->COUT R     ADDFX1         1 126.3   782  2401   97408    (-,-) 
  CPU_IFD0_add_277_66_Y_CPU_IFD0_add_305_65_Y_CPU_IFD0_add_292_64_g751/SUM  -       CIN->SUM  R     ADDFX1         1  56.9   350  3296  100704    (-,-) 
  g229700/Y                                                                 -       B->Y      F     NAND2X2        1  36.3   188   307  101011    (-,-) 
  g229575/Y                                                                 -       C->Y      R     NAND3X1        1  33.2   254   443  101454    (-,-) 
  CPU_IFD0_ProgramCounter_reg[30]/D                                         <<<     -         R     DFFRX1         1     -     -     0  101454    (-,-) 
#-------------------------------------------------------------------------------------------------------------------------------------------------------

