============================================================
  Generated by:           Genus(TM) Synthesis Solution 21.19-s055_1
  Generated on:           Dec 31 2024  12:12:01 pm
  Module:                 RISC_V_Cached
  Operating conditions:   PVT_1P8V_25C (balanced_tree)
  Wireload mode:          enclosed
  Area mode:              timing library
============================================================


Path 1: VIOLATED (-8431 ps) Setup Check with Pin CPU_IFD0_ProgramCounter_reg[29]/CK->D
          Group: CLK
     Startpoint: (R) CPU_IFD0_ProgramCounter_reg[5]/CK
          Clock: (R) CLK
       Endpoint: (R) CPU_IFD0_ProgramCounter_reg[29]/D
          Clock: (R) CLK

                     Capture       Launch     
        Clock Edge:+   19000            0     
       Src Latency:+       0            0     
       Net Latency:+     200 (I)      200 (I) 
           Arrival:=   19200          200     
                                              
             Setup:-    1738                  
       Uncertainty:-     300                  
     Required Time:=   17162                  
      Launch Clock:-     200                  
         Data Path:-   25392                  
             Slack:=   -8431                  

#-----------------------------------------------------------------------------------------------------------
#           Timing Point            Flags   Arc   Edge   Cell     Fanout  Load Trans Delay Arrival Instance 
#                                                                         (fF)  (ps)  (ps)   (ps)  Location 
#-----------------------------------------------------------------------------------------------------------
  CPU_IFD0_ProgramCounter_reg[5]/CK -       -     R     (arrival)   4084     -     0     0     200    (-,-) 
  CPU_IFD0_ProgramCounter_reg[5]/Q  -       CK->Q F     DFFRX1         1  55.4   658  3061    3261    (-,-) 
  g388943/Y                         -       A->Y  R     INVX2          4 222.4   424   985    4246    (-,-) 
  g388945/Y                         -       A->Y  F     INVX3          2 113.7   161   317    4564    (-,-) 
  g388946/Y                         -       B->Y  R     NOR2X3         1  81.7   272   440    5004    (-,-) 
  g384489/Y                         -       A->Y  F     NAND2X3        5 275.6   446   674    5678    (-,-) 
  g384491/Y                         -       A->Y  R     INVX3          3 194.6   262   673    6352    (-,-) 
  g384492/Y                         -       B->Y  F     NAND2X2        1 110.1   340   485    6837    (-,-) 
  g380083/Y                         -       A->Y  R     INVX4         10 391.7   360   728    7565    (-,-) 
  g185327/Y                         -       A->Y  F     NAND2X1        1  55.7   373   529    8094    (-,-) 
  g381817/Y                         -       B->Y  R     NAND2X2        1  57.1   171   493    8587    (-,-) 
  g146/Y                            -       B->Y  F     NOR2X2         1  54.5   130   286    8873    (-,-) 
  g385432/Y                         -       A->Y  R     NAND2X2        1  81.3   199   398    9272    (-,-) 
  g385431/Y                         -       A->Y  F     NOR2X3         2 112.2   154   342    9614    (-,-) 
  g98_0/Y                           -       A->Y  R     NAND2X3        1  76.7   166   422   10036    (-,-) 
  g383488/Y                         -       A->Y  F     INVX3          3 183.7   155   335   10371    (-,-) 
  g385848/Y                         -       A->Y  R     NAND2X2        1  76.7   194   406   10778    (-,-) 
  g381803/Y                         -       A->Y  F     INVX3          3 193.1   169   352   11130    (-,-) 
  g384092/Y                         -       B->Y  R     NAND2X3        3 237.9   350   594   11725    (-,-) 
  g372172/Y                         -       A->Y  F     INVX3          2 160.4   179   367   12092    (-,-) 
  g384522/Y                         -       B->Y  R     NAND2X3        3 230.1   342   591   12682    (-,-) 
  g384524/Y                         -       A->Y  F     INVX3          8 273.6   257   486   13169    (-,-) 
  g384523/Y                         -       B->Y  R     AOI21X1        1  35.0   512   689   13858    (-,-) 
  g385811/Y                         -       A->Y  F     NAND3X1        1  55.8   510   782   14639    (-,-) 
  g385810/Y                         -       B->Y  R     NOR2X2         1  55.5   318   684   15324    (-,-) 
  g383459/Y                         -       A->Y  F     NAND2X2        1  79.0   235   422   15745    (-,-) 
  g385172/Y                         -       B->Y  R     NOR2X3         1  82.2   264   488   16233    (-,-) 
  g385982/Y                         -       B->Y  F     NAND2X3        2 111.1   233   405   16638    (-,-) 
  g385173/Y                         -       B->Y  R     NAND2X2        2 117.6   262   534   17172    (-,-) 
  g101/Y                            -       A->Y  F     NAND2X3        2  88.5   185   362   17534    (-,-) 
  g385831/Y                         -       A->Y  R     NOR2X2         1  35.0   200   497   18031    (-,-) 
  g384856/Y                         -       A->Y  F     NAND3X1        1  32.9   353   606   18637    (-,-) 
  g382048/Y                         -       B->Y  R     NOR3X1         1  55.5   828  1301   19937    (-,-) 
  g350286/Y                         -       A->Y  F     NAND2X2        1  79.0   310   450   20387    (-,-) 
  g385701/Y                         -       B->Y  R     NOR2X3         1  82.2   264   535   20922    (-,-) 
  g384736/Y                         -       B->Y  F     NAND2X3        2 135.6   247   447   21370    (-,-) 
  g384733/Y                         -       B->Y  R     NAND2X3        3 152.4   252   531   21901    (-,-) 
  g384146/Y                         -       A->Y  F     NAND2X3        1  80.2   177   346   22247    (-,-) 
  g385604/Y                         -       B->Y  R     NAND2X3        3 147.2   246   479   22726    (-,-) 
  g385602/Y                         -       B->Y  F     NAND2X2        1  54.5   187   344   23070    (-,-) 
  g391831/Y                         -       A->Y  R     NAND2X2        2 113.8   262   499   23569    (-,-) 
  g31_0/Y                           -       B->Y  F     NAND2X2        1  74.7   229   397   23966    (-,-) 
  g391829/Y                         -       A->Y  R     INVX3          8 278.4   341   639   24605    (-,-) 
  g384654/Y                         -       B->Y  F     AOI21X1        1  36.3   336   482   25087    (-,-) 
  g384653/Y                         -       B->Y  R     NAND2X1        1  33.2   211   505   25592    (-,-) 
  CPU_IFD0_ProgramCounter_reg[29]/D <<<     -     R     DFFRX1         1     -     -     0   25592    (-,-) 
#-----------------------------------------------------------------------------------------------------------

