============================================================
  Generated by:           Genus(TM) Synthesis Solution 21.19-s055_1
  Generated on:           Dec 31 2024  03:24:24 pm
  Module:                 RISC_V_Cached
  Operating conditions:   PVT_1P8V_25C (balanced_tree)
  Wireload mode:          enclosed
  Area mode:              timing library
============================================================


Path 1: MET (93854 ps) Setup Check with Pin CPU_IFD0_ProgramCounter_reg[31]/CK->D
          Group: CLK
     Startpoint: (R) CPU_IFD0_ProgramCounter_reg[5]/CK
          Clock: (R) CLK
       Endpoint: (R) CPU_IFD0_ProgramCounter_reg[31]/D
          Clock: (R) CLK

                     Capture       Launch     
        Clock Edge:+  226000            0     
       Src Latency:+       0            0     
       Net Latency:+     200 (I)      200 (I) 
           Arrival:=  226200          200     
                                              
             Setup:-    1747                  
       Uncertainty:-     300                  
     Required Time:=  224153                  
      Launch Clock:-     200                  
         Data Path:-  130099                  
             Slack:=   93854                  

#-------------------------------------------------------------------------------------------------------------------------------------------------------
#                               Timing Point                                Flags     Arc     Edge   Cell     Fanout  Load Trans Delay Arrival Instance 
#                                                                                                                     (fF)  (ps)  (ps)   (ps)  Location 
#-------------------------------------------------------------------------------------------------------------------------------------------------------
  CPU_IFD0_ProgramCounter_reg[5]/CK                                         -       -         R     (arrival)   4047     -     0     0     200    (-,-) 
  CPU_IFD0_ProgramCounter_reg[5]/Q                                          -       CK->Q     F     DFFRX1         2 125.0  1027  3880    4080    (-,-) 
  g248347/Y                                                                 -       A->Y      R     INVX2          8 527.9   933  1823    5903    (-,-) 
  drc_bufs195775/Y                                                          -       A->Y      F     INVX2          5 259.3   461   818    6722    (-,-) 
  g195519/Y                                                                 -       B->Y      R     NAND2X2        2 114.2   270   671    7393    (-,-) 
  g195474/Y                                                                 -       B->Y      F     NOR2X2         4 218.9   439   561    7954    (-,-) 
  g194753/Y                                                                 -       A->Y      R     NAND2X2       14 556.9  1017  1511    9465    (-,-) 
  g194448/Y                                                                 -       A->Y      F     INVX3         17 581.8   596  1065   10530    (-,-) 
  g194227/Y                                                                 -       A->Y      R     NAND2X1        1  35.3   264   717   11247    (-,-) 
  g193167/Y                                                                 -       B->Y      F     NAND4X1        1  32.4   518   801   12048    (-,-) 
  g193007/Y                                                                 -       C->Y      R     NOR3X1         1  36.3   632  1032   13080    (-,-) 
  g193003/Y                                                                 -       D->Y      F     NAND4X1        1  32.4   538   776   13856    (-,-) 
  g192936/Y                                                                 -       C->Y      R     AOI21X1        1  36.3   494  1004   14859    (-,-) 
  g192899/Y                                                                 -       D->Y      F     NAND4X1        1  32.4   554   742   15601    (-,-) 
  g192868/Y                                                                 -       C->Y      R     AOI21X1        1  56.9   620  1172   16773    (-,-) 
  g192839/Y                                                                 -       B->Y      F     NAND2X2        8 449.5  1023  1443   18216    (-,-) 
  g192829/Y                                                                 -       A->Y      R     INVX3          3 145.2   303   922   19138    (-,-) 
  g192810/Y                                                                 -       A->Y      F     NOR2X2         2 111.4   320   428   19566    (-,-) 
  g192699/Y                                                                 -       B->Y      R     NAND2X2        4 248.0   494   845   20411    (-,-) 
  g192195/Y                                                                 -       A->Y      F     INVX3          1  55.7   126   229   20640    (-,-) 
  g191852/Y                                                                 -       B->Y      R     NAND2X2       14 562.4  1026  1314   21954    (-,-) 
  g191005/Y                                                                 -       A->Y      F     INVX3         17 583.9   600  1071   23025    (-,-) 
  g190020/Y                                                                 -       A->Y      R     NAND2X1        1  35.3   278   719   23744    (-,-) 
  g189043/Y                                                                 -       B->Y      F     NAND4X1        1  32.4   519   801   24546    (-,-) 
  g188849/Y                                                                 -       C->Y      R     NOR3X1         1  36.3   632  1033   25578    (-,-) 
  g188753/Y                                                                 -       D->Y      F     NAND4X1        1  29.8   519   752   26330    (-,-) 
  g188718/Y                                                                 -       D->Y      R     NOR4X1         1  36.3   931  1250   27580    (-,-) 
  g188598/Y                                                                 -       D->Y      F     NAND4X1        1  32.4   578   837   28416    (-,-) 
  g188510/Y                                                                 -       C->Y      R     NOR3X1         1  36.7   640  1074   29491    (-,-) 
  g188470/Y                                                                 -       C->Y      F     NAND3X1        4 202.5  1414  1828   31319    (-,-) 
  g188442/Y                                                                 -       B->Y      R     NOR2X2         2  89.3   490  1336   32655    (-,-) 
  g188386/Y                                                                 -       C->Y      F     AOI21X1        2  91.1   498   689   33344    (-,-) 
  g188380/Y                                                                 -       B->Y      R     NOR2X1         1  33.0   419   779   34123    (-,-) 
  g188373/Y                                                                 -       C->Y      F     AOI21X1        1  32.7   251   473   34596    (-,-) 
  g188368/Y                                                                 -       B->Y      R     AOI21X1        2  70.0   701   963   35560    (-,-) 
  g188362/Y                                                                 -       B->Y      R     AO21X1         1  33.3   199   972   36532    (-,-) 
  g188360/Y                                                                 -       C->Y      F     OAI21X1        1  36.2   306   522   37053    (-,-) 
  g3/Y                                                                      -       B->Y      F     AND2X1         1  33.1   142   789   37842    (-,-) 
  g251126/Y                                                                 -       A->Y      F     OA21X1         1  32.4   171  1015   38857    (-,-) 
  g188354/Y                                                                 -       C->Y      R     NOR3X1         1  33.0   598   791   39648    (-,-) 
  g188353/Y                                                                 -       C->Y      F     AOI21X1        1  32.7   293   531   40179    (-,-) 
  g188351/Y                                                                 -       B->Y      R     AOI21X1        1  33.0   450   693   40872    (-,-) 
  g188349/Y                                                                 -       C->Y      F     AOI21X1        1  32.7   298   486   41358    (-,-) 
  g188348/Y                                                                 -       B->Y      R     AOI21X1        1  33.0   449   696   42054    (-,-) 
  g188347/Y                                                                 -       C->Y      F     AOI21X1        1  55.7   409   566   42620    (-,-) 
  g188346/Y                                                                 -       B->Y      R     NAND2X2        1  36.7   165   457   43077    (-,-) 
  g188345/Y                                                                 -       C->Y      F     NAND3X1        2  89.1   711   898   43974    (-,-) 
  g188343/Y                                                                 -       B->Y      R     OAI21X1        1  36.7   401   944   44918    (-,-) 
  g188342/Y                                                                 -       C->Y      F     NAND3X1        1  36.3   391   607   45525    (-,-) 
  g188341/Y                                                                 -       D->Y      R     NAND4X1        1  35.2   300   600   46126    (-,-) 
  g188340/Y                                                                 -       B->Y      F     OAI21X1        1  36.3   298   444   46570    (-,-) 
  g188339/Y                                                                 -       D->Y      R     NAND4X1        1  35.2   302   541   47111    (-,-) 
  g188338/Y                                                                 -       B->Y      F     OAI21X1        2  88.4   532   705   47816    (-,-) 
  g188336/Y                                                                 -       B->Y      R     AOI21X1        1  33.3   453   836   48652    (-,-) 
  g188334/Y                                                                 -       C->Y      F     OAI21X1        2  92.1   547   853   49504    (-,-) 
  g188332/Y                                                                 -       B->Y      R     NOR2X2         1  33.0   225   606   50110    (-,-) 
  g188329/Y                                                                 -       A->Y      F     OAI21X1        1  36.3   305   470   50581    (-,-) 
  g188328/Y                                                                 -       C->Y      R     NAND3X1        1  56.9   337   614   51194    (-,-) 
  g188327/Y                                                                 -       B->Y      F     NAND2X2        1  32.7   202   293   51487    (-,-) 
  g188326/Y                                                                 -       C->Y      R     OAI21X1        2  93.6   762   717   52204    (-,-) 
  g188325/Y                                                                 -       C->Y      F     NAND3X1        2  85.0   717  1063   53267    (-,-) 
  g195987/Y                                                                 -       C->Y      F     OR3X1          1  55.4   283  1625   54892    (-,-) 
  drc_bufs/Y                                                                -       A->Y      R     INVX2          8 280.4   506   840   55732    (-,-) 
  g188316/Y                                                                 -       B->Y      F     OAI21X1        3 170.4   878  1180   56912    (-,-) 
  CPU_IFD0_add_277_66_Y_CPU_IFD0_add_305_65_Y_CPU_IFD0_add_292_64_g785/Y    -       B->Y      R     NOR2X2         1  35.2   278   791   57703    (-,-) 
  CPU_IFD0_add_277_66_Y_CPU_IFD0_add_305_65_Y_CPU_IFD0_add_292_64_g780/Y    -       B->Y      F     OAI21X1        1 116.3   647   832   58536    (-,-) 
  CPU_IFD0_add_277_66_Y_CPU_IFD0_add_305_65_Y_CPU_IFD0_add_292_64_g779/COUT -       CIN->COUT F     ADDFX1         1 116.3   586  2448   60984    (-,-) 
  CPU_IFD0_add_277_66_Y_CPU_IFD0_add_305_65_Y_CPU_IFD0_add_292_64_g778/COUT -       CIN->COUT F     ADDFX1         1 116.3   586  2411   63395    (-,-) 
  CPU_IFD0_add_277_66_Y_CPU_IFD0_add_305_65_Y_CPU_IFD0_add_292_64_g777/COUT -       CIN->COUT F     ADDFX1         1 116.3   586  2411   65806    (-,-) 
  CPU_IFD0_add_277_66_Y_CPU_IFD0_add_305_65_Y_CPU_IFD0_add_292_64_g776/COUT -       CIN->COUT F     ADDFX1         1 116.3   586  2411   68218    (-,-) 
  CPU_IFD0_add_277_66_Y_CPU_IFD0_add_305_65_Y_CPU_IFD0_add_292_64_g775/COUT -       CIN->COUT F     ADDFX1         1 116.3   587  2411   70629    (-,-) 
  CPU_IFD0_add_277_66_Y_CPU_IFD0_add_305_65_Y_CPU_IFD0_add_292_64_g774/COUT -       CIN->COUT F     ADDFX1         1 116.3   586  2412   73041    (-,-) 
  CPU_IFD0_add_277_66_Y_CPU_IFD0_add_305_65_Y_CPU_IFD0_add_292_64_g773/COUT -       CIN->COUT F     ADDFX1         1 116.3   586  2411   75452    (-,-) 
  CPU_IFD0_add_277_66_Y_CPU_IFD0_add_305_65_Y_CPU_IFD0_add_292_64_g772/COUT -       CIN->COUT F     ADDFX1         1 116.3   586  2411   77863    (-,-) 
  CPU_IFD0_add_277_66_Y_CPU_IFD0_add_305_65_Y_CPU_IFD0_add_292_64_g771/COUT -       CIN->COUT F     ADDFX1         1 116.3   586  2411   80274    (-,-) 
  CPU_IFD0_add_277_66_Y_CPU_IFD0_add_305_65_Y_CPU_IFD0_add_292_64_g770/COUT -       CIN->COUT F     ADDFX1         1 116.3   586  2411   82685    (-,-) 
  CPU_IFD0_add_277_66_Y_CPU_IFD0_add_305_65_Y_CPU_IFD0_add_292_64_g769/COUT -       CIN->COUT F     ADDFX1         1 116.3   586  2411   85097    (-,-) 
  CPU_IFD0_add_277_66_Y_CPU_IFD0_add_305_65_Y_CPU_IFD0_add_292_64_g768/COUT -       CIN->COUT F     ADDFX1         1 116.3   586  2411   87508    (-,-) 
  CPU_IFD0_add_277_66_Y_CPU_IFD0_add_305_65_Y_CPU_IFD0_add_292_64_g767/COUT -       CIN->COUT F     ADDFX1         1 116.3   586  2411   89919    (-,-) 
  CPU_IFD0_add_277_66_Y_CPU_IFD0_add_305_65_Y_CPU_IFD0_add_292_64_g766/COUT -       CIN->COUT F     ADDFX1         1 116.3   586  2411   92331    (-,-) 
  CPU_IFD0_add_277_66_Y_CPU_IFD0_add_305_65_Y_CPU_IFD0_add_292_64_g765/COUT -       CIN->COUT F     ADDFX1         1 116.3   586  2411   94742    (-,-) 
  CPU_IFD0_add_277_66_Y_CPU_IFD0_add_305_65_Y_CPU_IFD0_add_292_64_g764/COUT -       CIN->COUT F     ADDFX1         1 116.3   586  2411   97153    (-,-) 
  CPU_IFD0_add_277_66_Y_CPU_IFD0_add_305_65_Y_CPU_IFD0_add_292_64_g763/COUT -       CIN->COUT F     ADDFX1         1 116.3   586  2411   99564    (-,-) 
  CPU_IFD0_add_277_66_Y_CPU_IFD0_add_305_65_Y_CPU_IFD0_add_292_64_g762/COUT -       CIN->COUT F     ADDFX1         1 116.3   586  2411  101976    (-,-) 
  CPU_IFD0_add_277_66_Y_CPU_IFD0_add_305_65_Y_CPU_IFD0_add_292_64_g761/COUT -       CIN->COUT F     ADDFX1         1 116.3   586  2411  104387    (-,-) 
  CPU_IFD0_add_277_66_Y_CPU_IFD0_add_305_65_Y_CPU_IFD0_add_292_64_g760/COUT -       CIN->COUT F     ADDFX1         1 116.3   586  2411  106798    (-,-) 
  CPU_IFD0_add_277_66_Y_CPU_IFD0_add_305_65_Y_CPU_IFD0_add_292_64_g759/COUT -       CIN->COUT F     ADDFX1         1 116.3   586  2411  109210    (-,-) 
  CPU_IFD0_add_277_66_Y_CPU_IFD0_add_305_65_Y_CPU_IFD0_add_292_64_g758/COUT -       CIN->COUT F     ADDFX1         1 116.3   586  2411  111621    (-,-) 
  CPU_IFD0_add_277_66_Y_CPU_IFD0_add_305_65_Y_CPU_IFD0_add_292_64_g757/COUT -       CIN->COUT F     ADDFX1         1 116.3   586  2411  114032    (-,-) 
  CPU_IFD0_add_277_66_Y_CPU_IFD0_add_305_65_Y_CPU_IFD0_add_292_64_g756/COUT -       CIN->COUT F     ADDFX1         1 116.3   586  2411  116443    (-,-) 
  CPU_IFD0_add_277_66_Y_CPU_IFD0_add_305_65_Y_CPU_IFD0_add_292_64_g755/COUT -       CIN->COUT F     ADDFX1         1 116.3   586  2411  118854    (-,-) 
  CPU_IFD0_add_277_66_Y_CPU_IFD0_add_305_65_Y_CPU_IFD0_add_292_64_g754/COUT -       CIN->COUT F     ADDFX1         1 116.3   586  2411  121266    (-,-) 
  CPU_IFD0_add_277_66_Y_CPU_IFD0_add_305_65_Y_CPU_IFD0_add_292_64_g753/COUT -       CIN->COUT F     ADDFX1         1 116.3   586  2411  123677    (-,-) 
  CPU_IFD0_add_277_66_Y_CPU_IFD0_add_305_65_Y_CPU_IFD0_add_292_64_g752/COUT -       CIN->COUT F     ADDFX1         1 116.3   586  2411  126088    (-,-) 
  CPU_IFD0_add_277_66_Y_CPU_IFD0_add_305_65_Y_CPU_IFD0_add_292_64_g751/COUT -       CIN->COUT F     ADDFX1         1  67.4   461  2183  128271    (-,-) 
  CPU_IFD0_add_277_66_Y_CPU_IFD0_add_305_65_Y_CPU_IFD0_add_292_64_g750/Y    -       B->Y      R     XNOR2X1        1  56.9   620  1246  129517    (-,-) 
  g229701/Y                                                                 -       B->Y      F     NAND2X2        1  36.3   194   336  129852    (-,-) 
  g229576/Y                                                                 -       C->Y      R     NAND3X1        1  33.2   257   447  130299    (-,-) 
  CPU_IFD0_ProgramCounter_reg[31]/D                                         <<<     -         R     DFFRX1         1     -     -     0  130299    (-,-) 
#-------------------------------------------------------------------------------------------------------------------------------------------------------

