============================================================
  Generated by:           Genus(TM) Synthesis Solution 21.19-s055_1
  Generated on:           Dec 31 2024  02:19:09 pm
  Module:                 RISC_V_Cached
  Operating conditions:   PVT_1P8V_25C (balanced_tree)
  Wireload mode:          enclosed
  Area mode:              timing library
============================================================


Path 1: MET (27938 ps) Setup Check with Pin CPU_IFD0_ProgramCounter_reg[31]/CK->D
          Group: CLK
     Startpoint: (R) i_cache_dut_control_state_reg[1]/CK
          Clock: (R) CLK
       Endpoint: (R) CPU_IFD0_ProgramCounter_reg[31]/D
          Clock: (R) CLK

                     Capture       Launch     
        Clock Edge:+  154000            0     
       Src Latency:+       0            0     
       Net Latency:+     200 (I)      200 (I) 
           Arrival:=  154200          200     
                                              
             Setup:-    1747                  
       Uncertainty:-     300                  
     Required Time:=  152153                  
      Launch Clock:-     200                  
         Data Path:-  124015                  
             Slack:=   27938                  

#-------------------------------------------------------------------------------------------------------------------------------------------------------
#                               Timing Point                                Flags     Arc     Edge   Cell     Fanout  Load Trans Delay Arrival Instance 
#                                                                                                                     (fF)  (ps)  (ps)   (ps)  Location 
#-------------------------------------------------------------------------------------------------------------------------------------------------------
  i_cache_dut_control_state_reg[1]/CK                                       -       -         R     (arrival)   4047     -     0     0     200    (-,-) 
  i_cache_dut_control_state_reg[1]/Q                                        -       CK->Q     F     DFFRX1         4 195.4  1401  4678    4878    (-,-) 
  g248725/Y                                                                 -       A->Y      R     INVX3          4 158.4   369  1134    6012    (-,-) 
  g188195/Y                                                                 -       A->Y      F     NAND2X2       11 406.7   964  1238    7250    (-,-) 
  g102813/Y                                                                 -       A->Y      R     INVX3          6 380.2   506  1263    8513    (-,-) 
  g188139/Y                                                                 -       C->Y      F     NAND3X1        3 187.5  1321  1681   10194    (-,-) 
  g188129/Y                                                                 -       A->Y      R     INVX3          6 321.3   510  1407   11600    (-,-) 
  g187573/Y                                                                 -       B->Y      F     NAND2X2       15 545.0  1232  1628   13229    (-,-) 
  g187123/Y                                                                 -       A->Y      R     INVX2         11 383.9   720  1694   14923    (-,-) 
  g186864/Y                                                                 -       A->Y      F     NAND2X1        1  34.8   296   448   15371    (-,-) 
  g185854/Y                                                                 -       B->Y      R     NAND4X1        1  55.3   370   663   16034    (-,-) 
  g185792/Y                                                                 -       A->Y      F     NOR2X2         1  34.8   151   308   16343    (-,-) 
  g185681/Y                                                                 -       C->Y      F     AND4X1         5 249.9   674  1448   17790    (-,-) 
  drc_bufs188360/Y                                                          -       A->Y      R     INVX3          9 477.6   575  1195   18985    (-,-) 
  drc_bufs188359/Y                                                          -       A->Y      F     INVX3          4 218.6   266   498   19483    (-,-) 
  g185580/Y                                                                 -       A->Y      R     NOR2X2         4 206.9   786  1206   20689    (-,-) 
  g184984/Y                                                                 -       B->Y      F     NAND2X2       13 478.2  1090  1576   22265    (-,-) 
  g184577/Y                                                                 -       A->Y      R     INVX2          8 281.1   554  1394   23660    (-,-) 
  g183709/Y                                                                 -       B->Y      R     AND2X1         1  33.0   200   903   24563    (-,-) 
  g182366/Y                                                                 -       C->Y      F     AOI21X1        1  35.2   413   391   24954    (-,-) 
  g181569/Y                                                                 -       C->Y      R     NAND4X1        1  36.8   307   640   25594    (-,-) 
  g188498/Y                                                                 -       D->Y      R     OR4X1          3 125.1   493  1110   26704    (-,-) 
  drc_bufs188343/Y                                                          -       A->Y      F     INVX2          2  86.6   192   367   27071    (-,-) 
  g181407/Y                                                                 -       A->Y      R     NOR2X2         3 103.0   537   770   27841    (-,-) 
  g181301/Y                                                                 -       B->Y      R     AO21X1         1  33.3   201   935   28776    (-,-) 
  g181292/Y                                                                 -       C->Y      F     OAI21X1        1  33.4   392   508   29283    (-,-) 
  g181284/Y                                                                 -       B->Y      R     OAI21X1        2  92.1   752  1191   30474    (-,-) 
  g181279/Y                                                                 -       B->Y      F     OAI21X1        1  36.0   345   538   31012    (-,-) 
  g181278/Y                                                                 -       C->Y      F     AND3X1         2  65.8   227   959   31970    (-,-) 
  g181275/Y                                                                 -       C->Y      R     NOR3X1         1  35.2   620   850   32820    (-,-) 
  g181273/Y                                                                 -       B->Y      F     OAI21X1        1  36.3   361   520   33340    (-,-) 
  g181272/Y                                                                 -       C->Y      R     NAND3X1        1  36.7   266   566   33907    (-,-) 
  g181271/Y                                                                 -       C->Y      F     NAND3X1        1  32.7   387   541   34447    (-,-) 
  g181270/Y                                                                 -       B->Y      R     AOI21X1        1  36.9   476   780   35227    (-,-) 
  g181269/Y                                                                 -       C->Y      F     NOR3X1         1  32.4   192   408   35634    (-,-) 
  g181268/Y                                                                 -       C->Y      R     AOI21X1        1  35.2   464   834   36468    (-,-) 
  g181267/Y                                                                 -       B->Y      F     OAI21X1        2  88.5   532   766   37234    (-,-) 
  g181265/Y                                                                 -       B->Y      R     AOI21X1        1  33.3   452   836   38070    (-,-) 
  g181264/Y                                                                 -       C->Y      F     OAI21X1        1  36.3   361   568   38638    (-,-) 
  g181263/Y                                                                 -       D->Y      R     NAND4X1        1  36.7   306   587   39225    (-,-) 
  g181262/Y                                                                 -       C->Y      F     NAND3X1        1  32.7   384   552   39777    (-,-) 
  g181261/Y                                                                 -       B->Y      R     AOI21X1        2 114.2  1000  1382   41159    (-,-) 
  g181259/Y                                                                 -       B->Y      F     NOR2X2         1  32.4   198   224   41383    (-,-) 
  g181257/Y                                                                 -       C->Y      R     NOR3X1         2  69.5   968  1238   42620    (-,-) 
  g251123/Y                                                                 -       A->Y      R     MX2X1          1  34.8   202  1001   43621    (-,-) 
  g181252/Y                                                                 -       B->Y      F     AOI21X1        1  32.7   298   422   44043    (-,-) 
  g181251/Y                                                                 -       C->Y      R     OAI21X1        1  56.9   514   641   44684    (-,-) 
  g181250/Y                                                                 -       B->Y      F     NAND2X2        1  32.7   193   316   45000    (-,-) 
  g181249/Y                                                                 -       C->Y      R     OAI21X1        2  93.6   762   711   45711    (-,-) 
  g181248/Y                                                                 -       C->Y      F     NAND3X1        2  85.0   732  1063   46774    (-,-) 
  g188486/Y                                                                 -       C->Y      F     OR3X1          2 125.2   455  1928   48702    (-,-) 
  drc_bufs188278/Y                                                          -       A->Y      R     INVX2          6 276.3   500   949   49651    (-,-) 
  g181241/Y                                                                 -       B->Y      F     OAI21X1        3 170.4   878  1178   50829    (-,-) 
  CPU_IFD0_add_277_66_Y_CPU_IFD0_add_305_65_Y_CPU_IFD0_add_292_64_g785/Y    -       B->Y      R     NOR2X2         1  35.2   276   791   51620    (-,-) 
  CPU_IFD0_add_277_66_Y_CPU_IFD0_add_305_65_Y_CPU_IFD0_add_292_64_g780/Y    -       B->Y      F     OAI21X1        1 116.3   647   832   52452    (-,-) 
  CPU_IFD0_add_277_66_Y_CPU_IFD0_add_305_65_Y_CPU_IFD0_add_292_64_g779/COUT -       CIN->COUT F     ADDFX1         1 116.3   586  2448   54900    (-,-) 
  CPU_IFD0_add_277_66_Y_CPU_IFD0_add_305_65_Y_CPU_IFD0_add_292_64_g778/COUT -       CIN->COUT F     ADDFX1         1 116.3   586  2411   57311    (-,-) 
  CPU_IFD0_add_277_66_Y_CPU_IFD0_add_305_65_Y_CPU_IFD0_add_292_64_g777/COUT -       CIN->COUT F     ADDFX1         1 116.3   586  2411   59722    (-,-) 
  CPU_IFD0_add_277_66_Y_CPU_IFD0_add_305_65_Y_CPU_IFD0_add_292_64_g776/COUT -       CIN->COUT F     ADDFX1         1 116.3   586  2411   62134    (-,-) 
  CPU_IFD0_add_277_66_Y_CPU_IFD0_add_305_65_Y_CPU_IFD0_add_292_64_g775/COUT -       CIN->COUT F     ADDFX1         1 116.3   587  2411   64545    (-,-) 
  CPU_IFD0_add_277_66_Y_CPU_IFD0_add_305_65_Y_CPU_IFD0_add_292_64_g774/COUT -       CIN->COUT F     ADDFX1         1 116.3   586  2412   66956    (-,-) 
  CPU_IFD0_add_277_66_Y_CPU_IFD0_add_305_65_Y_CPU_IFD0_add_292_64_g773/COUT -       CIN->COUT F     ADDFX1         1 116.3   586  2411   69368    (-,-) 
  CPU_IFD0_add_277_66_Y_CPU_IFD0_add_305_65_Y_CPU_IFD0_add_292_64_g772/COUT -       CIN->COUT F     ADDFX1         1 116.3   586  2411   71779    (-,-) 
  CPU_IFD0_add_277_66_Y_CPU_IFD0_add_305_65_Y_CPU_IFD0_add_292_64_g771/COUT -       CIN->COUT F     ADDFX1         1 116.3   586  2411   74190    (-,-) 
  CPU_IFD0_add_277_66_Y_CPU_IFD0_add_305_65_Y_CPU_IFD0_add_292_64_g770/COUT -       CIN->COUT F     ADDFX1         1 116.3   586  2411   76601    (-,-) 
  CPU_IFD0_add_277_66_Y_CPU_IFD0_add_305_65_Y_CPU_IFD0_add_292_64_g769/COUT -       CIN->COUT F     ADDFX1         1 116.3   586  2411   79013    (-,-) 
  CPU_IFD0_add_277_66_Y_CPU_IFD0_add_305_65_Y_CPU_IFD0_add_292_64_g768/COUT -       CIN->COUT F     ADDFX1         1 116.3   586  2411   81424    (-,-) 
  CPU_IFD0_add_277_66_Y_CPU_IFD0_add_305_65_Y_CPU_IFD0_add_292_64_g767/COUT -       CIN->COUT F     ADDFX1         1 116.3   586  2411   83835    (-,-) 
  CPU_IFD0_add_277_66_Y_CPU_IFD0_add_305_65_Y_CPU_IFD0_add_292_64_g766/COUT -       CIN->COUT F     ADDFX1         1 116.3   586  2411   86246    (-,-) 
  CPU_IFD0_add_277_66_Y_CPU_IFD0_add_305_65_Y_CPU_IFD0_add_292_64_g765/COUT -       CIN->COUT F     ADDFX1         1 116.3   586  2411   88658    (-,-) 
  CPU_IFD0_add_277_66_Y_CPU_IFD0_add_305_65_Y_CPU_IFD0_add_292_64_g764/COUT -       CIN->COUT F     ADDFX1         1 116.3   586  2411   91069    (-,-) 
  CPU_IFD0_add_277_66_Y_CPU_IFD0_add_305_65_Y_CPU_IFD0_add_292_64_g763/COUT -       CIN->COUT F     ADDFX1         1 116.3   586  2411   93480    (-,-) 
  CPU_IFD0_add_277_66_Y_CPU_IFD0_add_305_65_Y_CPU_IFD0_add_292_64_g762/COUT -       CIN->COUT F     ADDFX1         1 116.3   586  2411   95892    (-,-) 
  CPU_IFD0_add_277_66_Y_CPU_IFD0_add_305_65_Y_CPU_IFD0_add_292_64_g761/COUT -       CIN->COUT F     ADDFX1         1 116.3   586  2411   98303    (-,-) 
  CPU_IFD0_add_277_66_Y_CPU_IFD0_add_305_65_Y_CPU_IFD0_add_292_64_g760/COUT -       CIN->COUT F     ADDFX1         1 116.3   586  2411  100714    (-,-) 
  CPU_IFD0_add_277_66_Y_CPU_IFD0_add_305_65_Y_CPU_IFD0_add_292_64_g759/COUT -       CIN->COUT F     ADDFX1         1 116.3   586  2411  103125    (-,-) 
  CPU_IFD0_add_277_66_Y_CPU_IFD0_add_305_65_Y_CPU_IFD0_add_292_64_g758/COUT -       CIN->COUT F     ADDFX1         1 116.3   586  2411  105537    (-,-) 
  CPU_IFD0_add_277_66_Y_CPU_IFD0_add_305_65_Y_CPU_IFD0_add_292_64_g757/COUT -       CIN->COUT F     ADDFX1         1 116.3   586  2411  107948    (-,-) 
  CPU_IFD0_add_277_66_Y_CPU_IFD0_add_305_65_Y_CPU_IFD0_add_292_64_g756/COUT -       CIN->COUT F     ADDFX1         1 116.3   586  2411  110359    (-,-) 
  CPU_IFD0_add_277_66_Y_CPU_IFD0_add_305_65_Y_CPU_IFD0_add_292_64_g755/COUT -       CIN->COUT F     ADDFX1         1 116.3   586  2411  112770    (-,-) 
  CPU_IFD0_add_277_66_Y_CPU_IFD0_add_305_65_Y_CPU_IFD0_add_292_64_g754/COUT -       CIN->COUT F     ADDFX1         1 116.3   586  2411  115181    (-,-) 
  CPU_IFD0_add_277_66_Y_CPU_IFD0_add_305_65_Y_CPU_IFD0_add_292_64_g753/COUT -       CIN->COUT F     ADDFX1         1 116.3   586  2411  117593    (-,-) 
  CPU_IFD0_add_277_66_Y_CPU_IFD0_add_305_65_Y_CPU_IFD0_add_292_64_g752/COUT -       CIN->COUT F     ADDFX1         1 116.3   586  2411  120004    (-,-) 
  CPU_IFD0_add_277_66_Y_CPU_IFD0_add_305_65_Y_CPU_IFD0_add_292_64_g751/COUT -       CIN->COUT F     ADDFX1         1  67.4   461  2183  122187    (-,-) 
  CPU_IFD0_add_277_66_Y_CPU_IFD0_add_305_65_Y_CPU_IFD0_add_292_64_g750/Y    -       B->Y      R     XNOR2X1        1  56.9   620  1246  123433    (-,-) 
  g229701/Y                                                                 -       B->Y      F     NAND2X2        1  36.3   194   336  123768    (-,-) 
  g229576/Y                                                                 -       C->Y      R     NAND3X1        1  33.2   257   447  124215    (-,-) 
  CPU_IFD0_ProgramCounter_reg[31]/D                                         <<<     -         R     DFFRX1         1     -     -     0  124215    (-,-) 
#-------------------------------------------------------------------------------------------------------------------------------------------------------

