============================================================
  Generated by:           Genus(TM) Synthesis Solution 21.19-s055_1
  Generated on:           Jan 02 2025  05:35:03 am
  Module:                 RISC_V_Cached
  Operating conditions:   PVT_1P8V_25C (balanced_tree)
  Wireload mode:          enclosed
  Area mode:              timing library
============================================================

                                 
  Gate   Instances      Area               Library           
-------------------------------------------------------------
AND2X1          78     74880.000    KISTA_SOI_STDLIB2_CCS_TT 
AND3X1          14     17920.000    KISTA_SOI_STDLIB2_CCS_TT 
AND4X1         109    174400.000    KISTA_SOI_STDLIB2_CCS_TT 
AO21X1          43     55040.000    KISTA_SOI_STDLIB2_CCS_TT 
AOI21X1        744    714240.000    KISTA_SOI_STDLIB2_CCS_TT 
BUFX2          276    176640.000    KISTA_SOI_STDLIB2_CCS_TT 
BUFX3          126     80640.000    KISTA_SOI_STDLIB2_CCS_TT 
BUFX4          107     85600.000    KISTA_SOI_STDLIB2_CCS_TT 
BUFX9          111    106560.000    KISTA_SOI_STDLIB2_CCS_TT 
DFFRX1        1483   8067520.000    KISTA_SOI_STDLIB2_CCS_TT 
DFFSX1           3     15360.000    KISTA_SOI_STDLIB2_CCS_TT 
DFFX1         2592  11197440.000    KISTA_SOI_STDLIB2_CCS_TT 
INVX1          196     62720.000    KISTA_SOI_STDLIB2_CCS_TT 
INVX2         1434    458880.000    KISTA_SOI_STDLIB2_CCS_TT 
INVX3         1931    617920.000    KISTA_SOI_STDLIB2_CCS_TT 
INVX4          143     68640.000    KISTA_SOI_STDLIB2_CCS_TT 
MX2X1           12     23040.000    KISTA_SOI_STDLIB2_CCS_TT 
NAND2X1       7660   4902400.000    KISTA_SOI_STDLIB2_CCS_TT 
NAND2X2       4079   2610560.000    KISTA_SOI_STDLIB2_CCS_TT 
NAND2X3        278    266880.000    KISTA_SOI_STDLIB2_CCS_TT 
NAND3X1        233    223680.000    KISTA_SOI_STDLIB2_CCS_TT 
NAND4X1        848   1085440.000    KISTA_SOI_STDLIB2_CCS_TT 
NOR2X1         341    218240.000    KISTA_SOI_STDLIB2_CCS_TT 
NOR2X2        1736   1111040.000    KISTA_SOI_STDLIB2_CCS_TT 
NOR2X3         198    190080.000    KISTA_SOI_STDLIB2_CCS_TT 
NOR3X1         110    105600.000    KISTA_SOI_STDLIB2_CCS_TT 
NOR4X1         107    136960.000    KISTA_SOI_STDLIB2_CCS_TT 
OA21X1          55     70400.000    KISTA_SOI_STDLIB2_CCS_TT 
OAI21X1       4465   4286400.000    KISTA_SOI_STDLIB2_CCS_TT 
OR2X1           23     22080.000    KISTA_SOI_STDLIB2_CCS_TT 
OR3X1            6      7680.000    KISTA_SOI_STDLIB2_CCS_TT 
OR4X1           10     16000.000    KISTA_SOI_STDLIB2_CCS_TT 
XNOR2X1        145    232000.000    KISTA_SOI_STDLIB2_CCS_TT 
XOR2X1          74    118400.000    KISTA_SOI_STDLIB2_CCS_TT 
-------------------------------------------------------------
total        29770  37601280.000                             


                                             
     Type      Instances     Area     Area % 
---------------------------------------------
sequential          4078 19280320.000   51.3 
inverter            3704  1208160.000    3.2 
buffer               620   449440.000    1.2 
logic              21368 16663360.000   44.3 
physical_cells         0        0.000    0.0 
---------------------------------------------
total              29770 37601280.000  100.0 

