============================================================
  Generated by:           Genus(TM) Synthesis Solution 21.19-s055_1
  Generated on:           Dec 31 2024  05:55:54 am
  Module:                 RISC_V_Cached
  Operating conditions:   PVT_1P8V_25C (balanced_tree)
  Wireload mode:          enclosed
  Area mode:              timing library
============================================================

                                 
  Gate   Instances      Area               Library           
-------------------------------------------------------------
ADDHX1           1      2240.000    KISTA_SOI_STDLIB2_CCS_TT 
AND2X1         111    106560.000    KISTA_SOI_STDLIB2_CCS_TT 
AND3X1          23     29440.000    KISTA_SOI_STDLIB2_CCS_TT 
AND4X1          48     76800.000    KISTA_SOI_STDLIB2_CCS_TT 
AO21X1          45     57600.000    KISTA_SOI_STDLIB2_CCS_TT 
AOI21X1        757    726720.000    KISTA_SOI_STDLIB2_CCS_TT 
BUFX2          684    437760.000    KISTA_SOI_STDLIB2_CCS_TT 
BUFX3          144     92160.000    KISTA_SOI_STDLIB2_CCS_TT 
BUFX4           83     66400.000    KISTA_SOI_STDLIB2_CCS_TT 
BUFX9          171    164160.000    KISTA_SOI_STDLIB2_CCS_TT 
DFFRX1        1483   8067520.000    KISTA_SOI_STDLIB2_CCS_TT 
DFFSX1           3     15360.000    KISTA_SOI_STDLIB2_CCS_TT 
DFFX1         2594  11206080.000    KISTA_SOI_STDLIB2_CCS_TT 
INVX1          219     70080.000    KISTA_SOI_STDLIB2_CCS_TT 
INVX2         1668    533760.000    KISTA_SOI_STDLIB2_CCS_TT 
INVX3         1938    620160.000    KISTA_SOI_STDLIB2_CCS_TT 
INVX4          124     59520.000    KISTA_SOI_STDLIB2_CCS_TT 
MX2X1           37     71040.000    KISTA_SOI_STDLIB2_CCS_TT 
NAND2X1       7686   4919040.000    KISTA_SOI_STDLIB2_CCS_TT 
NAND2X2       3959   2533760.000    KISTA_SOI_STDLIB2_CCS_TT 
NAND2X3        337    323520.000    KISTA_SOI_STDLIB2_CCS_TT 
NAND3X1        305    292800.000    KISTA_SOI_STDLIB2_CCS_TT 
NAND4X1        797   1020160.000    KISTA_SOI_STDLIB2_CCS_TT 
NOR2X1         441    282240.000    KISTA_SOI_STDLIB2_CCS_TT 
NOR2X2        1741   1114240.000    KISTA_SOI_STDLIB2_CCS_TT 
NOR2X3         296    284160.000    KISTA_SOI_STDLIB2_CCS_TT 
NOR3X1         178    170880.000    KISTA_SOI_STDLIB2_CCS_TT 
NOR4X1          96    122880.000    KISTA_SOI_STDLIB2_CCS_TT 
OA21X1          50     64000.000    KISTA_SOI_STDLIB2_CCS_TT 
OAI21X1       4486   4306560.000    KISTA_SOI_STDLIB2_CCS_TT 
OR2X1           78     74880.000    KISTA_SOI_STDLIB2_CCS_TT 
OR3X1            8     10240.000    KISTA_SOI_STDLIB2_CCS_TT 
OR4X1           13     20800.000    KISTA_SOI_STDLIB2_CCS_TT 
XNOR2X1        136    217600.000    KISTA_SOI_STDLIB2_CCS_TT 
XOR2X1          59     94400.000    KISTA_SOI_STDLIB2_CCS_TT 
-------------------------------------------------------------
total        30799  38255520.000                             


                                             
     Type      Instances     Area     Area % 
---------------------------------------------
sequential          4080 19288960.000   50.4 
inverter            3949  1283520.000    3.4 
buffer              1082   760480.000    2.0 
logic              21688 16922560.000   44.2 
physical_cells         0        0.000    0.0 
---------------------------------------------
total              30799 38255520.000  100.0 

