============================================================
  Generated by:           Genus(TM) Synthesis Solution 21.19-s055_1
  Generated on:           Dec 31 2024  03:49:01 pm
  Module:                 RISC_V_Cached
  Operating conditions:   PVT_1P8V_25C (balanced_tree)
  Wireload mode:          enclosed
  Area mode:              timing library
============================================================


Path 1: MET (120404 ps) Setup Check with Pin CPU_IFD0_ProgramCounter_reg[31]/CK->D
          Group: CLK
     Startpoint: (R) CPU_IFD0_ProgramCounter_reg[5]/CK
          Clock: (R) CLK
       Endpoint: (R) CPU_IFD0_ProgramCounter_reg[31]/D
          Clock: (R) CLK

                     Capture       Launch     
        Clock Edge:+  253000            0     
       Src Latency:+       0            0     
       Net Latency:+     200 (I)      200 (I) 
           Arrival:=  253200          200     
                                              
             Setup:-    1747                  
       Uncertainty:-     300                  
     Required Time:=  251153                  
      Launch Clock:-     200                  
         Data Path:-  130549                  
             Slack:=  120404                  

#-------------------------------------------------------------------------------------------------------------------------------------------------------
#                               Timing Point                                Flags     Arc     Edge   Cell     Fanout  Load Trans Delay Arrival Instance 
#                                                                                                                     (fF)  (ps)  (ps)   (ps)  Location 
#-------------------------------------------------------------------------------------------------------------------------------------------------------
  CPU_IFD0_ProgramCounter_reg[5]/CK                                         -       -         R     (arrival)   4047     -     0     0     200    (-,-) 
  CPU_IFD0_ProgramCounter_reg[5]/Q                                          -       CK->Q     F     DFFRX1         2 125.0  1027  3880    4080    (-,-) 
  g248347/Y                                                                 -       A->Y      R     INVX2          8 526.9   932  1821    5902    (-,-) 
  g248339/Y                                                                 -       A->Y      F     INVX3         11 580.9   574  1034    6935    (-,-) 
  g195631/Y                                                                 -       B->Y      R     NAND2X2        2 114.2   273   740    7675    (-,-) 
  g195587/Y                                                                 -       B->Y      F     NOR2X2         4 198.1   399   532    8207    (-,-) 
  g194842/Y                                                                 -       A->Y      R     NAND2X2       14 556.9  1017  1484    9690    (-,-) 
  g194448/Y                                                                 -       A->Y      F     INVX3         17 581.8   596  1065   10756    (-,-) 
  g194180/Y                                                                 -       A->Y      R     NAND2X1        1  35.3   264   717   11473    (-,-) 
  g193140/Y                                                                 -       B->Y      F     NAND4X1        1  32.4   517   801   12273    (-,-) 
  g192991/Y                                                                 -       C->Y      R     NOR3X1         1  36.3   632  1031   13304    (-,-) 
  g192987/Y                                                                 -       D->Y      F     NAND4X1        1  32.4   538   776   14081    (-,-) 
  g192920/Y                                                                 -       C->Y      R     AOI21X1        1  36.3   494  1004   15084    (-,-) 
  g192883/Y                                                                 -       D->Y      F     NAND4X1        1  32.4   554   742   15826    (-,-) 
  g192852/Y                                                                 -       C->Y      R     AOI21X1        1  36.3   494  1011   16837    (-,-) 
  g192826/Y                                                                 -       D->Y      F     NAND4X1        3 126.4  1285  1577   18414    (-,-) 
  drc_bufs195941/Y                                                          -       A->Y      R     INVX2          4 201.5   484  1337   19751    (-,-) 
  g192793/Y                                                                 -       A->Y      F     NOR2X2         2 111.4   250   494   20245    (-,-) 
  g192684/Y                                                                 -       B->Y      R     NAND2X2        4 248.0   494   798   21043    (-,-) 
  g192188/Y                                                                 -       A->Y      F     INVX3          1  55.7   126   229   21272    (-,-) 
  g191867/Y                                                                 -       B->Y      R     NAND2X2       14 562.4  1026  1315   22587    (-,-) 
  g191007/Y                                                                 -       A->Y      F     INVX3         17 583.9   600  1071   23658    (-,-) 
  g190020/Y                                                                 -       A->Y      R     NAND2X1        1  35.0   278   718   24376    (-,-) 
  g189043/Y                                                                 -       B->Y      R     AND4X1         1  36.3   267  1411   25786    (-,-) 
  g188848/Y                                                                 -       D->Y      F     NAND4X1        1  32.4   538   673   26460    (-,-) 
  g188790/Y                                                                 -       C->Y      R     AOI21X1        1  36.3   520  1003   27463    (-,-) 
  g188717/Y                                                                 -       D->Y      F     NAND4X1        1  29.8   536   724   28187    (-,-) 
  g188553/Y                                                                 -       D->Y      R     NOR4X1         1  36.3   931  1260   29448    (-,-) 
  g188470/Y                                                                 -       D->Y      F     NAND4X1        3 145.9  1448  1887   31334    (-,-) 
  drc_bufs195985/Y                                                          -       A->Y      R     INVX2          1  56.3   285   958   32293    (-,-) 
  drc_bufs195984/Y                                                          -       A->Y      F     INVX2          2 111.4   176   365   32658    (-,-) 
  g188441/Y                                                                 -       B->Y      R     NAND2X2        2  69.9   191   403   33060    (-,-) 
  g188386/Y                                                                 -       A->Y      F     AOI21X1        2  91.1   498   723   33784    (-,-) 
  g188380/Y                                                                 -       B->Y      R     NOR2X1         1  33.0   419   779   34563    (-,-) 
  g188373/Y                                                                 -       C->Y      F     AOI21X1        1  32.7   251   473   35036    (-,-) 
  g188368/Y                                                                 -       B->Y      R     AOI21X1        2  70.0   701   963   35999    (-,-) 
  g188362/Y                                                                 -       B->Y      R     AO21X1         1  33.3   199   972   36971    (-,-) 
  g188360/Y                                                                 -       C->Y      F     OAI21X1        1  36.2   306   522   37493    (-,-) 
  g3/Y                                                                      -       B->Y      F     AND2X1         1  33.1   142   789   38282    (-,-) 
  g251217/Y                                                                 -       A->Y      F     OA21X1         1  32.4   171  1015   39297    (-,-) 
  g188354/Y                                                                 -       C->Y      R     NOR3X1         1  33.0   598   791   40088    (-,-) 
  g188353/Y                                                                 -       C->Y      F     AOI21X1        1  32.7   293   531   40619    (-,-) 
  g188351/Y                                                                 -       B->Y      R     AOI21X1        1  33.0   450   693   41312    (-,-) 
  g188349/Y                                                                 -       C->Y      F     AOI21X1        1  32.7   298   486   41798    (-,-) 
  g188348/Y                                                                 -       B->Y      R     AOI21X1        1  33.0   449   696   42494    (-,-) 
  g188347/Y                                                                 -       C->Y      F     AOI21X1        1  55.7   409   566   43060    (-,-) 
  g188346/Y                                                                 -       B->Y      R     NAND2X2        1  36.7   165   457   43517    (-,-) 
  g188345/Y                                                                 -       C->Y      F     NAND3X1        2  89.1   711   898   44414    (-,-) 
  g188343/Y                                                                 -       B->Y      R     OAI21X1        1  36.7   401   944   45358    (-,-) 
  g188342/Y                                                                 -       C->Y      F     NAND3X1        1  36.3   391   607   45965    (-,-) 
  g188341/Y                                                                 -       D->Y      R     NAND4X1        1  35.2   300   600   46565    (-,-) 
  g188340/Y                                                                 -       B->Y      F     OAI21X1        1  36.3   298   444   47010    (-,-) 
  g188339/Y                                                                 -       D->Y      R     NAND4X1        1  35.2   302   541   47551    (-,-) 
  g188338/Y                                                                 -       B->Y      F     OAI21X1        2  88.4   532   705   48256    (-,-) 
  g188336/Y                                                                 -       B->Y      R     AOI21X1        1  33.3   453   836   49091    (-,-) 
  g188334/Y                                                                 -       C->Y      F     OAI21X1        2  92.1   547   853   49944    (-,-) 
  g188332/Y                                                                 -       B->Y      R     NOR2X2         1  33.0   225   606   50550    (-,-) 
  g188329/Y                                                                 -       A->Y      F     OAI21X1        1  36.3   321   470   51020    (-,-) 
  g188328/Y                                                                 -       C->Y      R     NAND3X1        1  56.9   337   624   51644    (-,-) 
  g188327/Y                                                                 -       B->Y      F     NAND2X2        1  32.7   202   293   51937    (-,-) 
  g188326/Y                                                                 -       C->Y      R     OAI21X1        2  93.6   762   717   52654    (-,-) 
  g188325/Y                                                                 -       C->Y      F     NAND3X1        2  85.0   717  1063   53717    (-,-) 
  g196129/Y                                                                 -       C->Y      F     OR3X1          1  55.4   283  1625   55342    (-,-) 
  drc_bufs/Y                                                                -       A->Y      R     INVX2          8 280.4   506   840   56182    (-,-) 
  g188316/Y                                                                 -       B->Y      F     OAI21X1        3 170.4   878  1180   57363    (-,-) 
  CPU_IFD0_add_277_66_Y_CPU_IFD0_add_305_65_Y_CPU_IFD0_add_292_64_g785/Y    -       B->Y      R     NOR2X2         1  35.2   278   791   58153    (-,-) 
  CPU_IFD0_add_277_66_Y_CPU_IFD0_add_305_65_Y_CPU_IFD0_add_292_64_g780/Y    -       B->Y      F     OAI21X1        1 116.3   647   832   58986    (-,-) 
  CPU_IFD0_add_277_66_Y_CPU_IFD0_add_305_65_Y_CPU_IFD0_add_292_64_g779/COUT -       CIN->COUT F     ADDFX1         1 116.3   586  2448   61434    (-,-) 
  CPU_IFD0_add_277_66_Y_CPU_IFD0_add_305_65_Y_CPU_IFD0_add_292_64_g778/COUT -       CIN->COUT F     ADDFX1         1 116.3   586  2411   63845    (-,-) 
  CPU_IFD0_add_277_66_Y_CPU_IFD0_add_305_65_Y_CPU_IFD0_add_292_64_g777/COUT -       CIN->COUT F     ADDFX1         1 116.3   586  2411   66257    (-,-) 
  CPU_IFD0_add_277_66_Y_CPU_IFD0_add_305_65_Y_CPU_IFD0_add_292_64_g776/COUT -       CIN->COUT F     ADDFX1         1 116.3   586  2411   68668    (-,-) 
  CPU_IFD0_add_277_66_Y_CPU_IFD0_add_305_65_Y_CPU_IFD0_add_292_64_g775/COUT -       CIN->COUT F     ADDFX1         1 116.3   586  2411   71079    (-,-) 
  CPU_IFD0_add_277_66_Y_CPU_IFD0_add_305_65_Y_CPU_IFD0_add_292_64_g774/COUT -       CIN->COUT F     ADDFX1         1 116.3   586  2411   73490    (-,-) 
  CPU_IFD0_add_277_66_Y_CPU_IFD0_add_305_65_Y_CPU_IFD0_add_292_64_g773/COUT -       CIN->COUT F     ADDFX1         1 116.3   586  2411   75902    (-,-) 
  CPU_IFD0_add_277_66_Y_CPU_IFD0_add_305_65_Y_CPU_IFD0_add_292_64_g772/COUT -       CIN->COUT F     ADDFX1         1 116.3   586  2411   78313    (-,-) 
  CPU_IFD0_add_277_66_Y_CPU_IFD0_add_305_65_Y_CPU_IFD0_add_292_64_g771/COUT -       CIN->COUT F     ADDFX1         1 116.3   586  2411   80724    (-,-) 
  CPU_IFD0_add_277_66_Y_CPU_IFD0_add_305_65_Y_CPU_IFD0_add_292_64_g770/COUT -       CIN->COUT F     ADDFX1         1 116.3   586  2411   83135    (-,-) 
  CPU_IFD0_add_277_66_Y_CPU_IFD0_add_305_65_Y_CPU_IFD0_add_292_64_g769/COUT -       CIN->COUT F     ADDFX1         1 116.3   586  2411   85546    (-,-) 
  CPU_IFD0_add_277_66_Y_CPU_IFD0_add_305_65_Y_CPU_IFD0_add_292_64_g768/COUT -       CIN->COUT F     ADDFX1         1 116.3   586  2411   87958    (-,-) 
  CPU_IFD0_add_277_66_Y_CPU_IFD0_add_305_65_Y_CPU_IFD0_add_292_64_g767/COUT -       CIN->COUT F     ADDFX1         1 116.3   586  2411   90369    (-,-) 
  CPU_IFD0_add_277_66_Y_CPU_IFD0_add_305_65_Y_CPU_IFD0_add_292_64_g766/COUT -       CIN->COUT F     ADDFX1         1 116.3   586  2411   92780    (-,-) 
  CPU_IFD0_add_277_66_Y_CPU_IFD0_add_305_65_Y_CPU_IFD0_add_292_64_g765/COUT -       CIN->COUT F     ADDFX1         1 116.3   586  2411   95192    (-,-) 
  CPU_IFD0_add_277_66_Y_CPU_IFD0_add_305_65_Y_CPU_IFD0_add_292_64_g764/COUT -       CIN->COUT F     ADDFX1         1 116.3   586  2411   97603    (-,-) 
  CPU_IFD0_add_277_66_Y_CPU_IFD0_add_305_65_Y_CPU_IFD0_add_292_64_g763/COUT -       CIN->COUT F     ADDFX1         1 116.3   586  2411  100014    (-,-) 
  CPU_IFD0_add_277_66_Y_CPU_IFD0_add_305_65_Y_CPU_IFD0_add_292_64_g762/COUT -       CIN->COUT F     ADDFX1         1 116.3   586  2411  102426    (-,-) 
  CPU_IFD0_add_277_66_Y_CPU_IFD0_add_305_65_Y_CPU_IFD0_add_292_64_g761/COUT -       CIN->COUT F     ADDFX1         1 116.3   586  2411  104837    (-,-) 
  CPU_IFD0_add_277_66_Y_CPU_IFD0_add_305_65_Y_CPU_IFD0_add_292_64_g760/COUT -       CIN->COUT F     ADDFX1         1 116.3   586  2411  107248    (-,-) 
  CPU_IFD0_add_277_66_Y_CPU_IFD0_add_305_65_Y_CPU_IFD0_add_292_64_g759/COUT -       CIN->COUT F     ADDFX1         1 116.3   586  2411  109659    (-,-) 
  CPU_IFD0_add_277_66_Y_CPU_IFD0_add_305_65_Y_CPU_IFD0_add_292_64_g758/COUT -       CIN->COUT F     ADDFX1         1 116.3   586  2411  112070    (-,-) 
  CPU_IFD0_add_277_66_Y_CPU_IFD0_add_305_65_Y_CPU_IFD0_add_292_64_g757/COUT -       CIN->COUT F     ADDFX1         1 116.3   586  2411  114482    (-,-) 
  CPU_IFD0_add_277_66_Y_CPU_IFD0_add_305_65_Y_CPU_IFD0_add_292_64_g756/COUT -       CIN->COUT F     ADDFX1         1 116.3   586  2411  116893    (-,-) 
  CPU_IFD0_add_277_66_Y_CPU_IFD0_add_305_65_Y_CPU_IFD0_add_292_64_g755/COUT -       CIN->COUT F     ADDFX1         1 116.3   586  2411  119304    (-,-) 
  CPU_IFD0_add_277_66_Y_CPU_IFD0_add_305_65_Y_CPU_IFD0_add_292_64_g754/COUT -       CIN->COUT F     ADDFX1         1 116.3   586  2411  121715    (-,-) 
  CPU_IFD0_add_277_66_Y_CPU_IFD0_add_305_65_Y_CPU_IFD0_add_292_64_g753/COUT -       CIN->COUT F     ADDFX1         1 116.3   586  2411  124126    (-,-) 
  CPU_IFD0_add_277_66_Y_CPU_IFD0_add_305_65_Y_CPU_IFD0_add_292_64_g752/COUT -       CIN->COUT F     ADDFX1         1 116.3   586  2411  126538    (-,-) 
  CPU_IFD0_add_277_66_Y_CPU_IFD0_add_305_65_Y_CPU_IFD0_add_292_64_g751/COUT -       CIN->COUT F     ADDFX1         1  67.4   461  2183  128721    (-,-) 
  CPU_IFD0_add_277_66_Y_CPU_IFD0_add_305_65_Y_CPU_IFD0_add_292_64_g750/Y    -       B->Y      R     XNOR2X1        1  56.9   620  1246  129966    (-,-) 
  g229701/Y                                                                 -       B->Y      F     NAND2X2        1  36.3   194   336  130302    (-,-) 
  g229576/Y                                                                 -       C->Y      R     NAND3X1        1  33.2   257   447  130749    (-,-) 
  CPU_IFD0_ProgramCounter_reg[31]/D                                         <<<     -         R     DFFRX1         1     -     -     0  130749    (-,-) 
#-------------------------------------------------------------------------------------------------------------------------------------------------------

