============================================================
  Generated by:           Genus(TM) Synthesis Solution 21.19-s055_1
  Generated on:           Jan 02 2025  04:28:06 am
  Module:                 RISC_V_Cached
  Operating conditions:   PVT_1P8V_25C (balanced_tree)
  Wireload mode:          enclosed
  Area mode:              timing library
============================================================


Path 1: VIOLATED (-24518 ps) Setup Check with Pin CPU_IFD0_ProgramCounter_reg[29]/CK->D
          Group: CLK
     Startpoint: (R) i_cache_dut_control_state_reg[0]/CK
          Clock: (R) CLK
       Endpoint: (R) CPU_IFD0_ProgramCounter_reg[29]/D
          Clock: (R) CLK

                     Capture       Launch     
        Clock Edge:+    3000            0     
       Src Latency:+       0            0     
       Net Latency:+     200 (I)      200 (I) 
           Arrival:=    3200          200     
                                              
             Setup:-    1721                  
       Uncertainty:-     300                  
     Required Time:=    1179                  
      Launch Clock:-     200                  
         Data Path:-   25497                  
             Slack:=  -24518                  

#-------------------------------------------------------------------------------------------------------------
#            Timing Point             Flags   Arc   Edge   Cell     Fanout  Load Trans Delay Arrival Instance 
#                                                                           (fF)  (ps)  (ps)   (ps)  Location 
#-------------------------------------------------------------------------------------------------------------
  i_cache_dut_control_state_reg[0]/CK -       -     R     (arrival)   4081     -     0     0     200    (-,-) 
  i_cache_dut_control_state_reg[0]/Q  -       CK->Q F     DFFSX1         1  34.7   729  2903    3103    (-,-) 
  g456616/Y                           -       A->Y  F     BUFX3          4 219.8   236  1314    4417    (-,-) 
  g456615/Y                           -       A->Y  R     INVX2          1  81.3   170   424    4841    (-,-) 
  g457335/Y                           -       A->Y  F     NOR2X3         3 165.6   191   384    5225    (-,-) 
  g457336/Y                           -       B->Y  R     NAND2X2        1  76.7   187   426    5650    (-,-) 
  g454884/Y                           -       A->Y  F     INVX3          5 319.7   270   465    6115    (-,-) 
  g456981/Y                           -       A->Y  R     NAND2X2        2 133.0   299   592    6708    (-,-) 
  g456980/Y                           -       A->Y  F     INVX2          3 123.9   192   391    7099    (-,-) 
  g456979/Y                           -       B->Y  R     NAND2X2        1  35.8   242   339    7438    (-,-) 
  g456978/Y                           -       B->Y  F     NAND3X1        1  55.8   499   732    8170    (-,-) 
  g360/Y                              -       B->Y  R     NOR2X2         1  55.5   284   677    8847    (-,-) 
  g353/Y                              -       A->Y  F     NAND2X2        1  79.0   230   418    9265    (-,-) 
  g495439/Y                           -       B->Y  R     NOR2X3         2 137.2   386   628    9893    (-,-) 
  g495438/Y                           -       A->Y  F     NAND2X3        2 130.1   256   452   10344    (-,-) 
  fopt135/Y                           -       A->Y  R     INVX3          2 139.3   188   474   10819    (-,-) 
  g495188/Y                           -       B->Y  F     NAND2X3        2 153.7   260   452   11270    (-,-) 
  g495191/Y                           -       B->Y  R     NOR2X3         3 167.1   456   724   11994    (-,-) 
  g451348/Y                           -       A->Y  R     BUFX4          2 117.8   150   728   12722    (-,-) 
  g451349/Y                           -       B->Y  F     NAND2X3        2 130.1   256   403   13125    (-,-) 
  g449426/Y                           -       A->Y  R     INVX2          3 146.5   278   566   13691    (-,-) 
  g457070/Y                           -       A->Y  F     NAND2X1        1  55.7   404   515   14206    (-,-) 
  g457068/Y                           -       B->Y  R     NAND2X2        1  57.1   174   510   14716    (-,-) 
  g457064/Y                           -       B->Y  F     NOR2X2         1  54.5   126   287   15003    (-,-) 
  g495472/Y                           -       A->Y  R     NAND2X2        1  57.1   155   350   15353    (-,-) 
  g495483/Y                           -       B->Y  F     NOR2X2         1  54.5   122   284   15637    (-,-) 
  g495482/Y                           -       A->Y  R     NAND2X2        1  76.7   190   385   16022    (-,-) 
  fopt89/Y                            -       A->Y  F     INVX3          3 169.8   150   330   16352    (-,-) 
  g495431/Y                           -       A->Y  R     NOR2X3         2  67.9   225   561   16914    (-,-) 
  g495428/Y                           -       C->Y  F     AOI21X1        1  54.7   322   462   17375    (-,-) 
  g1338/Y                             -       A->Y  R     NOR2X2         1  57.1   285   645   18020    (-,-) 
  g1336/Y                             -       B->Y  F     NOR2X2         1  33.4   107   252   18273    (-,-) 
  g1332/Y                             -       B->Y  R     OAI21X1        1  55.5   504   741   19014    (-,-) 
  g495221/Y                           -       A->Y  F     NAND2X2        1  55.7   219   374   19389    (-,-) 
  g454112/Y                           -       B->Y  R     NAND2X2        1  82.2   208   453   19842    (-,-) 
  g454109/Y                           -       B->Y  F     NAND2X3        2 111.4   229   390   20232    (-,-) 
  g453908/Y                           -       B->Y  R     NAND2X2        2  93.0   223   482   20714    (-,-) 
  g527/Y                              -       A->Y  F     INVX2          1  79.0   132   297   21011    (-,-) 
  g455085/Y                           -       B->Y  R     NOR2X3         1  57.1   198   359   21370    (-,-) 
  g453834/Y                           -       B->Y  F     NOR2X2         1  79.6   155   327   21697    (-,-) 
  g457137/Y                           -       A->Y  R     NOR2X3         1  81.7   257   601   22298    (-,-) 
  g1206/Y                             -       A->Y  F     NAND2X3        2 130.4   239   433   22731    (-,-) 
  g1205/Y                             -       A->Y  R     INVX3          2 163.9   213   497   23228    (-,-) 
  g495518/Y                           -       B->Y  F     NAND2X3        1 110.1   239   389   23617    (-,-) 
  g495517/Y                           -       A->Y  R     INVX4          7 266.4   252   539   24156    (-,-) 
  g449538/Y                           -       A->Y  R     AND2X1         1  57.1   270   934   25090    (-,-) 
  g447657/Y                           -       B->Y  F     NOR2X2         1  54.5   128   300   25391    (-,-) 
  g419135/Y                           -       A->Y  R     NAND2X2        1  33.2   116   306   25697    (-,-) 
  CPU_IFD0_ProgramCounter_reg[29]/D   <<<     -     R     DFFRX1         1     -     -     0   25697    (-,-) 
#-------------------------------------------------------------------------------------------------------------

