============================================================
  Generated by:           Genus(TM) Synthesis Solution 21.19-s055_1
  Generated on:           Dec 31 2024  08:36:54 am
  Module:                 RISC_V_Cached
  Operating conditions:   PVT_1P8V_25C (balanced_tree)
  Wireload mode:          enclosed
  Area mode:              timing library
============================================================


Path 1: MET (44888 ps) Setup Check with Pin CPU_IFD0_ProgramCounter_reg[31]/CK->D
          Group: CLK
     Startpoint: (R) i_cache_dut_control_state_reg[1]/CK
          Clock: (R) CLK
       Endpoint: (R) CPU_IFD0_ProgramCounter_reg[31]/D
          Clock: (R) CLK

                     Capture       Launch     
        Clock Edge:+  172000            0     
       Src Latency:+       0            0     
       Net Latency:+     200 (I)      200 (I) 
           Arrival:=  172200          200     
                                              
             Setup:-    1747                  
       Uncertainty:-     300                  
     Required Time:=  170153                  
      Launch Clock:-     200                  
         Data Path:-  125065                  
             Slack:=   44888                  

#-------------------------------------------------------------------------------------------------------------------------------------------------------
#                               Timing Point                                Flags     Arc     Edge   Cell     Fanout  Load Trans Delay Arrival Instance 
#                                                                                                                     (fF)  (ps)  (ps)   (ps)  Location 
#-------------------------------------------------------------------------------------------------------------------------------------------------------
  i_cache_dut_control_state_reg[1]/CK                                       -       -         R     (arrival)   4047     -     0     0     200    (-,-) 
  i_cache_dut_control_state_reg[1]/Q                                        -       CK->Q     F     DFFRX1         4 195.4  1401  4678    4878    (-,-) 
  g248725/Y                                                                 -       A->Y      R     INVX3          4 158.4   369  1134    6012    (-,-) 
  g192665/Y                                                                 -       A->Y      F     NAND2X2       13 471.5  1094  1393    7406    (-,-) 
  g192610/Y                                                                 -       C->Y      F     OR3X1          7 416.5  1137  3111   10516    (-,-) 
  drc_bufs193002/Y                                                          -       A->Y      F     BUFX2          2 111.6   199  1404   11920    (-,-) 
  g192072/Y                                                                 -       B->Y      R     NOR2X2        10 370.4  1337  1706   13627    (-,-) 
  g191594/Y                                                                 -       A->Y      F     INVX2         14 489.6   766  1355   14982    (-,-) 
  g191593/Y                                                                 -       A->Y      R     INVX2         10 348.9   625  1302   16284    (-,-) 
  g190878/Y                                                                 -       A->Y      F     NAND2X1        1  34.8   292   443   16727    (-,-) 
  g190449/Y                                                                 -       B->Y      R     NAND4X1        1  35.6   302   581   17308    (-,-) 
  g190313/Y                                                                 -       C->Y      F     NOR4X1         1  54.5   285   484   17792    (-,-) 
  g190196/Y                                                                 -       A->Y      R     NAND2X2        6 338.0   646   993   18785    (-,-) 
  g190180/Y                                                                 -       A->Y      F     INVX3          3 142.8   229   400   19186    (-,-) 
  g190154/Y                                                                 -       B->Y      R     NAND2X2        7 492.1   920  1249   20435    (-,-) 
  g190082/Y                                                                 -       A->Y      F     NOR2X3        15 554.4   591  1082   21517    (-,-) 
  g189825/Y                                                                 -       A->Y      R     INVX2          9 337.7   604  1159   22676    (-,-) 
  g189814/Y                                                                 -       A->Y      F     INVX2         10 429.5   572   980   23657    (-,-) 
  g188571/Y                                                                 -       A->Y      R     NAND2X1        1  35.3   293   703   24359    (-,-) 
  g186661/Y                                                                 -       C->Y      F     NAND4X1        1  32.4   519   745   25104    (-,-) 
  g186352/Y                                                                 -       C->Y      R     NOR4X1         1  36.3   931  1460   26564    (-,-) 
  g186233/Y                                                                 -       D->Y      F     NAND4X1        3 145.8  1447  1886   28450    (-,-) 
  drc_bufs193091/Y                                                          -       A->Y      R     INVX2          1  56.3   285   958   29408    (-,-) 
  drc_bufs193090/Y                                                          -       A->Y      F     INVX2          2  67.8   133   290   29698    (-,-) 
  g186086/Y                                                                 -       C->Y      R     AOI21X1        1  33.0   449   789   30486    (-,-) 
  g186023/Y                                                                 -       C->Y      R     AO21X1         1  35.2   204   871   31357    (-,-) 
  g185958/Y                                                                 -       B->Y      F     OAI21X1        2  89.1   538   672   32029    (-,-) 
  g185929/Y                                                                 -       B->Y      R     OAI21X1        1  36.7   386   841   32870    (-,-) 
  g185910/Y                                                                 -       C->Y      F     NAND3X1        2  88.4   707   966   33837    (-,-) 
  g185893/Y                                                                 -       B->Y      R     AOI21X1        1  33.0   531   938   34774    (-,-) 
  g185884/Y                                                                 -       C->Y      F     AOI21X1        1  35.4   281   524   35299    (-,-) 
  g251155/Y                                                                 -       B->Y      R     NOR2X1         1  33.0   355   644   35943    (-,-) 
  g251154/Y                                                                 -       A->Y      F     OAI21X1        1  32.7   300   498   36440    (-,-) 
  g185870/Y                                                                 -       B->Y      R     AOI21X1        1  35.2   465   716   37156    (-,-) 
  g185864/Y                                                                 -       B->Y      F     OAI21X1        1  32.7   319   469   37625    (-,-) 
  g185862/Y                                                                 -       B->Y      R     AOI21X1        2  72.1   715  1018   38643    (-,-) 
  g185861/Y                                                                 -       C->Y      F     NOR3X1         1  33.7   242   441   39084    (-,-) 
  g185858/Y                                                                 -       B->Y      F     OR2X1          1  34.6   180   963   40048    (-,-) 
  g185857/Y                                                                 -       A->Y      R     NAND3X1        1  36.3   260   468   40515    (-,-) 
  g185853/Y                                                                 -       D->Y      F     NAND4X1        1  33.4   612   680   41196    (-,-) 
  g185850/Y                                                                 -       B->Y      R     OAI21X1        1  34.8   381   869   42065    (-,-) 
  g185849/Y                                                                 -       B->Y      F     AOI21X1        2  88.0   541   756   42822    (-,-) 
  g3/Y                                                                      -       C->Y      F     OA21X1         1  31.5   169  1007   43829    (-,-) 
  g251131/Y                                                                 -       B->Y      F     OA21X1         2  65.1   253  1082   44911    (-,-) 
  g185843/Y                                                                 -       C->Y      R     NOR3X1         1  33.0   598   839   45750    (-,-) 
  g185838/Y                                                                 -       A->Y      F     OAI21X1        1  32.7   337   571   46321    (-,-) 
  g185837/Y                                                                 -       C->Y      R     OAI21X1        2  93.6   762   809   47130    (-,-) 
  g185836/Y                                                                 -       C->Y      F     NAND3X1        2  85.0   717  1063   48192    (-,-) 
  g193115/Y                                                                 -       C->Y      F     OR3X1          1  74.7   331  1706   49899    (-,-) 
  drc_bufs192861/Y                                                          -       A->Y      R     INVX3          8 368.4   444   823   50722    (-,-) 
  g185829/Y                                                                 -       B->Y      F     OAI21X1        3 170.4   878  1157   51879    (-,-) 
  CPU_IFD0_add_277_66_Y_CPU_IFD0_add_305_65_Y_CPU_IFD0_add_292_64_g785/Y    -       B->Y      R     NOR2X2         1  35.2   276   791   52670    (-,-) 
  CPU_IFD0_add_277_66_Y_CPU_IFD0_add_305_65_Y_CPU_IFD0_add_292_64_g780/Y    -       B->Y      F     OAI21X1        1 116.3   647   832   53501    (-,-) 
  CPU_IFD0_add_277_66_Y_CPU_IFD0_add_305_65_Y_CPU_IFD0_add_292_64_g779/COUT -       CIN->COUT F     ADDFX1         1 116.3   586  2448   55949    (-,-) 
  CPU_IFD0_add_277_66_Y_CPU_IFD0_add_305_65_Y_CPU_IFD0_add_292_64_g778/COUT -       CIN->COUT F     ADDFX1         1 116.3   586  2411   58361    (-,-) 
  CPU_IFD0_add_277_66_Y_CPU_IFD0_add_305_65_Y_CPU_IFD0_add_292_64_g777/COUT -       CIN->COUT F     ADDFX1         1 116.3   586  2411   60772    (-,-) 
  CPU_IFD0_add_277_66_Y_CPU_IFD0_add_305_65_Y_CPU_IFD0_add_292_64_g776/COUT -       CIN->COUT F     ADDFX1         1 116.3   586  2411   63183    (-,-) 
  CPU_IFD0_add_277_66_Y_CPU_IFD0_add_305_65_Y_CPU_IFD0_add_292_64_g775/COUT -       CIN->COUT F     ADDFX1         1 116.3   587  2411   65594    (-,-) 
  CPU_IFD0_add_277_66_Y_CPU_IFD0_add_305_65_Y_CPU_IFD0_add_292_64_g774/COUT -       CIN->COUT F     ADDFX1         1 116.3   586  2412   68006    (-,-) 
  CPU_IFD0_add_277_66_Y_CPU_IFD0_add_305_65_Y_CPU_IFD0_add_292_64_g773/COUT -       CIN->COUT F     ADDFX1         1 116.3   586  2411   70417    (-,-) 
  CPU_IFD0_add_277_66_Y_CPU_IFD0_add_305_65_Y_CPU_IFD0_add_292_64_g772/COUT -       CIN->COUT F     ADDFX1         1 116.3   586  2411   72828    (-,-) 
  CPU_IFD0_add_277_66_Y_CPU_IFD0_add_305_65_Y_CPU_IFD0_add_292_64_g771/COUT -       CIN->COUT F     ADDFX1         1 116.3   586  2411   75240    (-,-) 
  CPU_IFD0_add_277_66_Y_CPU_IFD0_add_305_65_Y_CPU_IFD0_add_292_64_g770/COUT -       CIN->COUT F     ADDFX1         1 116.3   586  2411   77651    (-,-) 
  CPU_IFD0_add_277_66_Y_CPU_IFD0_add_305_65_Y_CPU_IFD0_add_292_64_g769/COUT -       CIN->COUT F     ADDFX1         1 116.3   586  2411   80062    (-,-) 
  CPU_IFD0_add_277_66_Y_CPU_IFD0_add_305_65_Y_CPU_IFD0_add_292_64_g768/COUT -       CIN->COUT F     ADDFX1         1 116.3   586  2411   82474    (-,-) 
  CPU_IFD0_add_277_66_Y_CPU_IFD0_add_305_65_Y_CPU_IFD0_add_292_64_g767/COUT -       CIN->COUT F     ADDFX1         1 116.3   586  2411   84885    (-,-) 
  CPU_IFD0_add_277_66_Y_CPU_IFD0_add_305_65_Y_CPU_IFD0_add_292_64_g766/COUT -       CIN->COUT F     ADDFX1         1 116.3   586  2411   87296    (-,-) 
  CPU_IFD0_add_277_66_Y_CPU_IFD0_add_305_65_Y_CPU_IFD0_add_292_64_g765/COUT -       CIN->COUT F     ADDFX1         1 116.3   586  2411   89707    (-,-) 
  CPU_IFD0_add_277_66_Y_CPU_IFD0_add_305_65_Y_CPU_IFD0_add_292_64_g764/COUT -       CIN->COUT F     ADDFX1         1 116.3   586  2411   92119    (-,-) 
  CPU_IFD0_add_277_66_Y_CPU_IFD0_add_305_65_Y_CPU_IFD0_add_292_64_g763/COUT -       CIN->COUT F     ADDFX1         1 116.3   586  2411   94530    (-,-) 
  CPU_IFD0_add_277_66_Y_CPU_IFD0_add_305_65_Y_CPU_IFD0_add_292_64_g762/COUT -       CIN->COUT F     ADDFX1         1 116.3   586  2411   96941    (-,-) 
  CPU_IFD0_add_277_66_Y_CPU_IFD0_add_305_65_Y_CPU_IFD0_add_292_64_g761/COUT -       CIN->COUT F     ADDFX1         1 116.3   586  2411   99352    (-,-) 
  CPU_IFD0_add_277_66_Y_CPU_IFD0_add_305_65_Y_CPU_IFD0_add_292_64_g760/COUT -       CIN->COUT F     ADDFX1         1 116.3   586  2411  101764    (-,-) 
  CPU_IFD0_add_277_66_Y_CPU_IFD0_add_305_65_Y_CPU_IFD0_add_292_64_g759/COUT -       CIN->COUT F     ADDFX1         1 116.3   586  2411  104175    (-,-) 
  CPU_IFD0_add_277_66_Y_CPU_IFD0_add_305_65_Y_CPU_IFD0_add_292_64_g758/COUT -       CIN->COUT F     ADDFX1         1 116.3   586  2411  106586    (-,-) 
  CPU_IFD0_add_277_66_Y_CPU_IFD0_add_305_65_Y_CPU_IFD0_add_292_64_g757/COUT -       CIN->COUT F     ADDFX1         1 116.3   586  2411  108997    (-,-) 
  CPU_IFD0_add_277_66_Y_CPU_IFD0_add_305_65_Y_CPU_IFD0_add_292_64_g756/COUT -       CIN->COUT F     ADDFX1         1 116.3   586  2411  111409    (-,-) 
  CPU_IFD0_add_277_66_Y_CPU_IFD0_add_305_65_Y_CPU_IFD0_add_292_64_g755/COUT -       CIN->COUT F     ADDFX1         1 116.3   586  2411  113820    (-,-) 
  CPU_IFD0_add_277_66_Y_CPU_IFD0_add_305_65_Y_CPU_IFD0_add_292_64_g754/COUT -       CIN->COUT F     ADDFX1         1 116.3   586  2411  116231    (-,-) 
  CPU_IFD0_add_277_66_Y_CPU_IFD0_add_305_65_Y_CPU_IFD0_add_292_64_g753/COUT -       CIN->COUT F     ADDFX1         1 116.3   586  2411  118642    (-,-) 
  CPU_IFD0_add_277_66_Y_CPU_IFD0_add_305_65_Y_CPU_IFD0_add_292_64_g752/COUT -       CIN->COUT F     ADDFX1         1 116.3   586  2411  121053    (-,-) 
  CPU_IFD0_add_277_66_Y_CPU_IFD0_add_305_65_Y_CPU_IFD0_add_292_64_g751/COUT -       CIN->COUT F     ADDFX1         1  67.4   461  2183  123236    (-,-) 
  CPU_IFD0_add_277_66_Y_CPU_IFD0_add_305_65_Y_CPU_IFD0_add_292_64_g750/Y    -       B->Y      R     XNOR2X1        1  56.9   620  1246  124482    (-,-) 
  g229701/Y                                                                 -       B->Y      F     NAND2X2        1  36.3   194   336  124818    (-,-) 
  g229576/Y                                                                 -       C->Y      R     NAND3X1        1  33.2   257   447  125265    (-,-) 
  CPU_IFD0_ProgramCounter_reg[31]/D                                         <<<     -         R     DFFRX1         1     -     -     0  125265    (-,-) 
#-------------------------------------------------------------------------------------------------------------------------------------------------------

