============================================================
  Generated by:           Genus(TM) Synthesis Solution 21.19-s055_1
  Generated on:           Jan 02 2025  04:28:07 am
  Module:                 RISC_V_Cached
  Operating conditions:   PVT_1P8V_25C (balanced_tree)
  Wireload mode:          enclosed
  Area mode:              timing library
============================================================

                                 
  Gate   Instances      Area               Library           
-------------------------------------------------------------
AND2X1          93     89280.000    KISTA_SOI_STDLIB2_CCS_TT 
AND3X1          15     19200.000    KISTA_SOI_STDLIB2_CCS_TT 
AND4X1          68    108800.000    KISTA_SOI_STDLIB2_CCS_TT 
AO21X1          28     35840.000    KISTA_SOI_STDLIB2_CCS_TT 
AOI21X1        864    829440.000    KISTA_SOI_STDLIB2_CCS_TT 
BUFX2          454    290560.000    KISTA_SOI_STDLIB2_CCS_TT 
BUFX3          202    129280.000    KISTA_SOI_STDLIB2_CCS_TT 
BUFX4           91     72800.000    KISTA_SOI_STDLIB2_CCS_TT 
BUFX9          108    103680.000    KISTA_SOI_STDLIB2_CCS_TT 
DFFRX1        1483   8067520.000    KISTA_SOI_STDLIB2_CCS_TT 
DFFSX1           3     15360.000    KISTA_SOI_STDLIB2_CCS_TT 
DFFX1         2594  11206080.000    KISTA_SOI_STDLIB2_CCS_TT 
INVX1          163     52160.000    KISTA_SOI_STDLIB2_CCS_TT 
INVX2         1962    627840.000    KISTA_SOI_STDLIB2_CCS_TT 
INVX3         1933    618560.000    KISTA_SOI_STDLIB2_CCS_TT 
INVX4          168     80640.000    KISTA_SOI_STDLIB2_CCS_TT 
MX2X1            4      7680.000    KISTA_SOI_STDLIB2_CCS_TT 
NAND2X1       7343   4699520.000    KISTA_SOI_STDLIB2_CCS_TT 
NAND2X2       4557   2916480.000    KISTA_SOI_STDLIB2_CCS_TT 
NAND2X3        191    183360.000    KISTA_SOI_STDLIB2_CCS_TT 
NAND3X1        237    227520.000    KISTA_SOI_STDLIB2_CCS_TT 
NAND4X1        725    928000.000    KISTA_SOI_STDLIB2_CCS_TT 
NOR2X1         379    242560.000    KISTA_SOI_STDLIB2_CCS_TT 
NOR2X2        2172   1390080.000    KISTA_SOI_STDLIB2_CCS_TT 
NOR2X3         206    197760.000    KISTA_SOI_STDLIB2_CCS_TT 
NOR3X1         105    100800.000    KISTA_SOI_STDLIB2_CCS_TT 
NOR4X1         105    134400.000    KISTA_SOI_STDLIB2_CCS_TT 
OA21X1          43     55040.000    KISTA_SOI_STDLIB2_CCS_TT 
OAI21X1       4424   4247040.000    KISTA_SOI_STDLIB2_CCS_TT 
OR2X1           35     33600.000    KISTA_SOI_STDLIB2_CCS_TT 
OR3X1            3      3840.000    KISTA_SOI_STDLIB2_CCS_TT 
OR4X1           11     17600.000    KISTA_SOI_STDLIB2_CCS_TT 
XNOR2X1        129    206400.000    KISTA_SOI_STDLIB2_CCS_TT 
XOR2X1          78    124800.000    KISTA_SOI_STDLIB2_CCS_TT 
-------------------------------------------------------------
total        30976  38063520.000                             


                                             
     Type      Instances     Area     Area % 
---------------------------------------------
sequential          4080 19288960.000   50.7 
inverter            4226  1379200.000    3.6 
buffer               855   596320.000    1.6 
logic              21815 16799040.000   44.1 
physical_cells         0        0.000    0.0 
---------------------------------------------
total              30976 38063520.000  100.0 

