============================================================
  Generated by:           Genus(TM) Synthesis Solution 21.19-s055_1
  Generated on:           Jan 02 2025  03:43:31 am
  Module:                 RISC_V_Cached
  Operating conditions:   PVT_1P8V_25C (balanced_tree)
  Wireload mode:          enclosed
  Area mode:              timing library
============================================================


Path 1: VIOLATED (-26535 ps) Setup Check with Pin CPU_IFD0_ProgramCounter_reg[26]/CK->D
          Group: CLK
     Startpoint: (R) i_cache_dut_control_state_reg[0]/CK
          Clock: (R) CLK
       Endpoint: (R) CPU_IFD0_ProgramCounter_reg[26]/D
          Clock: (R) CLK

                     Capture       Launch     
        Clock Edge:+    1000            0     
       Src Latency:+       0            0     
       Net Latency:+     200 (I)      200 (I) 
           Arrival:=    1200          200     
                                              
             Setup:-    1738                  
       Uncertainty:-     300                  
     Required Time:=    -838                  
      Launch Clock:-     200                  
         Data Path:-   25496                  
             Slack:=  -26535                  

#-------------------------------------------------------------------------------------------------------------
#            Timing Point             Flags   Arc   Edge   Cell     Fanout  Load Trans Delay Arrival Instance 
#                                                                           (fF)  (ps)  (ps)   (ps)  Location 
#-------------------------------------------------------------------------------------------------------------
  i_cache_dut_control_state_reg[0]/CK -       -     R     (arrival)   4081     -     0     0     200    (-,-) 
  i_cache_dut_control_state_reg[0]/Q  -       CK->Q F     DFFSX1         1  34.7   729  2903    3103    (-,-) 
  g12/Y                               -       A->Y  F     BUFX3          4 243.5   254  1341    4444    (-,-) 
  fopt456679/Y                        -       A->Y  R     INVX3          2 137.6   186   470    4914    (-,-) 
  g493696/Y                           -       A->Y  F     NOR2X3         2 109.0   149   335    5249    (-,-) 
  g493701/Y                           -       A->Y  R     NAND2X2        1  76.7   193   402    5651    (-,-) 
  fopt456943/Y                        -       A->Y  F     INVX3          4 218.0   189   375    6026    (-,-) 
  g456942/Y                           -       A->Y  R     NAND2X2        1 112.0   259   497    6523    (-,-) 
  g456941/Y                           -       A->Y  F     INVX4         11 416.5   278   516    7039    (-,-) 
  g455381/Y                           -       A->Y  R     NAND2X2        1  56.9   247   447    7486    (-,-) 
  g456718/Y                           -       B->Y  F     NAND2X2        1  79.6   230   405    7892    (-,-) 
  g456717/Y                           -       A->Y  R     NOR2X3         1  82.2   264   634    8526    (-,-) 
  g456715/Y                           -       B->Y  F     NAND2X3        2 113.9   232   410    8936    (-,-) 
  g455564/Y                           -       A->Y  R     NOR2X3         1  82.2   264   635    9571    (-,-) 
  g493277/Y                           -       B->Y  F     NAND2X3        2 130.1   250   438   10009    (-,-) 
  fopt162/Y                           -       A->Y  R     INVX2          3 146.6   278   562   10571    (-,-) 
  g30_0/Y                             -       A->Y  F     NAND2X2        1  79.0   259   418   10989    (-,-) 
  g457808/Y                           -       B->Y  R     NOR2X3         4 228.3   591   882   11870    (-,-) 
  g223805/Y                           -       A->Y  R     BUFX3          4 228.2   312  1109   12979    (-,-) 
  g454932/Y                           -       A->Y  F     NAND2X2        2 149.4   376   604   13584    (-,-) 
  g454931/Y                           -       A->Y  R     INVX3          8 341.0   414   818   14402    (-,-) 
  g222848/Y                           -       A->Y  F     NAND2X2        1  55.7   271   368   14770    (-,-) 
  g222163__5115/Y                     -       B->Y  R     NAND2X2        1  57.1   191   433   15203    (-,-) 
  g456168/Y                           -       B->Y  F     NOR2X2         1  54.5   131   289   15492    (-,-) 
  g456166/Y                           -       A->Y  R     NAND2X2        1  80.6   198   398   15890    (-,-) 
  g457881/Y                           -       B->Y  F     NOR2X3         1  80.2   133   283   16173    (-,-) 
  g506510/Y                           -       B->Y  R     NAND2X3        3 146.3   244   450   16623    (-,-) 
  g457951/Y                           -       A->Y  F     INVX3          2 110.3   121   278   16901    (-,-) 
  g123/Y                              -       A->Y  R     NAND2X2        1  82.2   200   395   17296    (-,-) 
  g493386/Y                           -       B->Y  F     NAND2X3        2 110.1   209   386   17682    (-,-) 
  g493385/Y                           -       A->Y  R     INVX2          1  82.2   168   409   18091    (-,-) 
  g493383/Y                           -       B->Y  F     NAND2X3        1  79.6   186   330   18421    (-,-) 
  g493382/Y                           -       A->Y  R     NOR2X3         2  90.4   279   638   19059    (-,-) 
  g279/Y                              -       A->Y  F     NAND2X2        1  55.7   182   358   19417    (-,-) 
  g456599/Y                           -       B->Y  R     NAND2X2        2  91.1   224   449   19866    (-,-) 
  g457624/Y                           -       B->Y  F     AOI21X1        1  55.8   336   542   20408    (-,-) 
  g150/Y                              -       B->Y  R     NOR2X2         2  93.4   403   720   21127    (-,-) 
  g456592/Y                           -       A->Y  F     INVX2          1  54.5   142   282   21409    (-,-) 
  g456591/Y                           -       A->Y  R     NAND2X2        1  56.9   156   360   21769    (-,-) 
  g454147/Y                           -       B->Y  F     NAND2X2        1  79.0   211   380   22149    (-,-) 
  g493087/Y                           -       B->Y  R     NOR2X3         2 111.0   325   548   22697    (-,-) 
  g493086/Y                           -       A->Y  F     NAND2X2        1  74.7   228   411   23108    (-,-) 
  g303/Y                              -       A->Y  R     INVX3          2 164.4   212   490   23598    (-,-) 
  g457967/Y                           -       B->Y  F     NAND2X3        2 149.4   278   453   24052    (-,-) 
  fopt468549/Y                        -       A->Y  R     INVX3          8 278.6   342   672   24724    (-,-) 
  g419944/Y                           -       B->Y  F     AOI21X1        1  34.1   270   470   25194    (-,-) 
  g419884/Y                           -       A->Y  R     NAND2X1        1  33.2   212   502   25696    (-,-) 
  CPU_IFD0_ProgramCounter_reg[26]/D   <<<     -     R     DFFRX1         1     -     -     0   25696    (-,-) 
#-------------------------------------------------------------------------------------------------------------

