============================================================
  Generated by:           Genus(TM) Synthesis Solution 21.19-s055_1
  Generated on:           Dec 31 2024  03:00:05 pm
  Module:                 RISC_V_Cached
  Operating conditions:   PVT_1P8V_25C (balanced_tree)
  Wireload mode:          enclosed
  Area mode:              timing library
============================================================


Path 1: MET (66752 ps) Setup Check with Pin CPU_IFD0_ProgramCounter_reg[31]/CK->D
          Group: CLK
     Startpoint: (R) CPU_IFD0_ProgramCounter_reg[5]/CK
          Clock: (R) CLK
       Endpoint: (R) CPU_IFD0_ProgramCounter_reg[31]/D
          Clock: (R) CLK

                     Capture       Launch     
        Clock Edge:+  199000            0     
       Src Latency:+       0            0     
       Net Latency:+     200 (I)      200 (I) 
           Arrival:=  199200          200     
                                              
             Setup:-    1747                  
       Uncertainty:-     300                  
     Required Time:=  197153                  
      Launch Clock:-     200                  
         Data Path:-  130201                  
             Slack:=   66752                  

#-------------------------------------------------------------------------------------------------------------------------------------------------------
#                               Timing Point                                Flags     Arc     Edge   Cell     Fanout  Load Trans Delay Arrival Instance 
#                                                                                                                     (fF)  (ps)  (ps)   (ps)  Location 
#-------------------------------------------------------------------------------------------------------------------------------------------------------
  CPU_IFD0_ProgramCounter_reg[5]/CK                                         -       -         R     (arrival)   4047     -     0     0     200    (-,-) 
  CPU_IFD0_ProgramCounter_reg[5]/Q                                          -       CK->Q     F     DFFRX1         2 125.0  1027  3880    4080    (-,-) 
  g248347/Y                                                                 -       A->Y      R     INVX2          8 527.9   933  1823    5903    (-,-) 
  drc_bufs195666/Y                                                          -       A->Y      F     INVX2          5 259.3   461   818    6722    (-,-) 
  g195414/Y                                                                 -       B->Y      R     NAND2X2        2 114.2   270   671    7393    (-,-) 
  g195369/Y                                                                 -       B->Y      F     NOR2X2         4 218.9   439   561    7954    (-,-) 
  g194735/Y                                                                 -       A->Y      R     NAND2X2       14 556.9  1017  1511    9465    (-,-) 
  g194423/Y                                                                 -       A->Y      F     INVX3         17 581.8   596  1065   10530    (-,-) 
  g194222/Y                                                                 -       A->Y      R     NAND2X1        1  35.3   264   717   11247    (-,-) 
  g193095/Y                                                                 -       B->Y      F     NAND4X1        1  32.4   518   801   12048    (-,-) 
  g192995/Y                                                                 -       C->Y      R     NOR3X1         1  36.3   633  1032   13080    (-,-) 
  g192991/Y                                                                 -       D->Y      F     NAND4X1        1  32.4   538   777   13856    (-,-) 
  g192924/Y                                                                 -       C->Y      R     AOI21X1        1  36.3   494  1004   14860    (-,-) 
  g192887/Y                                                                 -       D->Y      F     NAND4X1        1  32.4   554   742   15601    (-,-) 
  g192856/Y                                                                 -       C->Y      R     AOI21X1        1  56.9   620  1172   16774    (-,-) 
  g192827/Y                                                                 -       B->Y      F     NAND2X2        9 486.0  1102  1530   18304    (-,-) 
  g192817/Y                                                                 -       A->Y      R     INVX2          2  88.3   296   914   19218    (-,-) 
  g192798/Y                                                                 -       A->Y      F     NOR2X2         2 111.4   303   425   19643    (-,-) 
  g192692/Y                                                                 -       B->Y      R     NAND2X2        4 248.0   493   834   20477    (-,-) 
  g192238/Y                                                                 -       A->Y      F     INVX3          1  55.7   126   229   20706    (-,-) 
  g191872/Y                                                                 -       B->Y      R     NAND2X2       14 562.4  1026  1314   22020    (-,-) 
  g191015/Y                                                                 -       A->Y      F     INVX3         17 583.9   600  1071   23091    (-,-) 
  g190020/Y                                                                 -       A->Y      R     NAND2X1        1  35.3   278   719   23810    (-,-) 
  g189043/Y                                                                 -       B->Y      F     NAND4X1        1  32.4   519   801   24612    (-,-) 
  g188849/Y                                                                 -       C->Y      R     NOR3X1         1  36.3   632  1033   25644    (-,-) 
  g188753/Y                                                                 -       D->Y      F     NAND4X1        1  29.8   519   752   26396    (-,-) 
  g188718/Y                                                                 -       D->Y      R     NOR4X1         1  36.3   931  1250   27646    (-,-) 
  g188598/Y                                                                 -       D->Y      F     NAND4X1        1  32.4   578   837   28482    (-,-) 
  g188510/Y                                                                 -       C->Y      R     NOR3X1         1  36.7   640  1074   29557    (-,-) 
  g188470/Y                                                                 -       C->Y      F     NAND3X1        4 202.5  1414  1828   31385    (-,-) 
  g188442/Y                                                                 -       B->Y      R     NOR2X2         2  89.3   490  1336   32721    (-,-) 
  g188386/Y                                                                 -       C->Y      F     AOI21X1        2  91.1   498   689   33410    (-,-) 
  g188380/Y                                                                 -       B->Y      R     NOR2X1         1  33.0   419   779   34189    (-,-) 
  g188373/Y                                                                 -       C->Y      F     AOI21X1        1  32.7   251   473   34662    (-,-) 
  g188368/Y                                                                 -       B->Y      R     AOI21X1        2  70.0   701   963   35626    (-,-) 
  g188362/Y                                                                 -       B->Y      R     AO21X1         1  33.3   199   972   36598    (-,-) 
  g188360/Y                                                                 -       C->Y      F     OAI21X1        1  36.2   306   522   37119    (-,-) 
  g3/Y                                                                      -       B->Y      F     AND2X1         1  33.1   142   789   37908    (-,-) 
  g251112/Y                                                                 -       A->Y      F     OA21X1         1  32.4   171  1015   38923    (-,-) 
  g188354/Y                                                                 -       C->Y      R     NOR3X1         1  33.0   598   791   39714    (-,-) 
  g188353/Y                                                                 -       C->Y      F     AOI21X1        1  32.7   293   531   40245    (-,-) 
  g188351/Y                                                                 -       B->Y      R     AOI21X1        1  33.0   450   693   40938    (-,-) 
  g188349/Y                                                                 -       C->Y      F     AOI21X1        1  32.7   298   486   41424    (-,-) 
  g188348/Y                                                                 -       B->Y      R     AOI21X1        1  33.0   449   696   42120    (-,-) 
  g188347/Y                                                                 -       C->Y      F     AOI21X1        1  55.7   409   566   42686    (-,-) 
  g188346/Y                                                                 -       B->Y      R     NAND2X2        1  36.7   165   457   43143    (-,-) 
  g188345/Y                                                                 -       C->Y      F     NAND3X1        2  89.1   711   898   44040    (-,-) 
  g188343/Y                                                                 -       B->Y      R     OAI21X1        1  36.7   401   944   44984    (-,-) 
  g188342/Y                                                                 -       C->Y      F     NAND3X1        1  36.3   391   607   45591    (-,-) 
  g188341/Y                                                                 -       D->Y      R     NAND4X1        1  35.2   300   600   46192    (-,-) 
  g188340/Y                                                                 -       B->Y      F     OAI21X1        1  36.3   298   444   46636    (-,-) 
  g188339/Y                                                                 -       D->Y      R     NAND4X1        1  35.2   302   541   47177    (-,-) 
  g188338/Y                                                                 -       B->Y      F     OAI21X1        2  88.4   532   705   47882    (-,-) 
  g188336/Y                                                                 -       B->Y      R     AOI21X1        1  33.3   453   836   48718    (-,-) 
  g188334/Y                                                                 -       C->Y      F     OAI21X1        2  92.1   547   853   49570    (-,-) 
  g188332/Y                                                                 -       B->Y      R     NOR2X2         1  33.0   329   606   50176    (-,-) 
  g188329/Y                                                                 -       A->Y      F     OAI21X1        1  36.3   311   508   50684    (-,-) 
  g188328/Y                                                                 -       C->Y      R     NAND3X1        1  56.9   337   618   51302    (-,-) 
  g188327/Y                                                                 -       B->Y      F     NAND2X2        1  32.7   193   293   51595    (-,-) 
  g188326/Y                                                                 -       C->Y      R     OAI21X1        2  93.6   762   711   52305    (-,-) 
  g188325/Y                                                                 -       C->Y      F     NAND3X1        2  85.0   717  1063   53368    (-,-) 
  g195872/Y                                                                 -       C->Y      F     OR3X1          1  55.4   284  1625   54993    (-,-) 
  drc_bufs/Y                                                                -       A->Y      R     INVX2          8 280.4   506   841   55834    (-,-) 
  g188316/Y                                                                 -       B->Y      F     OAI21X1        3 170.4   878  1180   57015    (-,-) 
  CPU_IFD0_add_277_66_Y_CPU_IFD0_add_305_65_Y_CPU_IFD0_add_292_64_g785/Y    -       B->Y      R     NOR2X2         1  35.2   276   791   57805    (-,-) 
  CPU_IFD0_add_277_66_Y_CPU_IFD0_add_305_65_Y_CPU_IFD0_add_292_64_g780/Y    -       B->Y      F     OAI21X1        1 116.3   647   832   58637    (-,-) 
  CPU_IFD0_add_277_66_Y_CPU_IFD0_add_305_65_Y_CPU_IFD0_add_292_64_g779/COUT -       CIN->COUT F     ADDFX1         1 116.3   586  2448   61085    (-,-) 
  CPU_IFD0_add_277_66_Y_CPU_IFD0_add_305_65_Y_CPU_IFD0_add_292_64_g778/COUT -       CIN->COUT F     ADDFX1         1 116.3   586  2411   63496    (-,-) 
  CPU_IFD0_add_277_66_Y_CPU_IFD0_add_305_65_Y_CPU_IFD0_add_292_64_g777/COUT -       CIN->COUT F     ADDFX1         1 116.3   586  2411   65908    (-,-) 
  CPU_IFD0_add_277_66_Y_CPU_IFD0_add_305_65_Y_CPU_IFD0_add_292_64_g776/COUT -       CIN->COUT F     ADDFX1         1 116.3   586  2411   68319    (-,-) 
  CPU_IFD0_add_277_66_Y_CPU_IFD0_add_305_65_Y_CPU_IFD0_add_292_64_g775/COUT -       CIN->COUT F     ADDFX1         1 116.3   587  2411   70730    (-,-) 
  CPU_IFD0_add_277_66_Y_CPU_IFD0_add_305_65_Y_CPU_IFD0_add_292_64_g774/COUT -       CIN->COUT F     ADDFX1         1 116.3   586  2412   73142    (-,-) 
  CPU_IFD0_add_277_66_Y_CPU_IFD0_add_305_65_Y_CPU_IFD0_add_292_64_g773/COUT -       CIN->COUT F     ADDFX1         1 116.3   586  2411   75553    (-,-) 
  CPU_IFD0_add_277_66_Y_CPU_IFD0_add_305_65_Y_CPU_IFD0_add_292_64_g772/COUT -       CIN->COUT F     ADDFX1         1 116.3   586  2411   77964    (-,-) 
  CPU_IFD0_add_277_66_Y_CPU_IFD0_add_305_65_Y_CPU_IFD0_add_292_64_g771/COUT -       CIN->COUT F     ADDFX1         1 116.3   586  2411   80376    (-,-) 
  CPU_IFD0_add_277_66_Y_CPU_IFD0_add_305_65_Y_CPU_IFD0_add_292_64_g770/COUT -       CIN->COUT F     ADDFX1         1 116.3   586  2411   82787    (-,-) 
  CPU_IFD0_add_277_66_Y_CPU_IFD0_add_305_65_Y_CPU_IFD0_add_292_64_g769/COUT -       CIN->COUT F     ADDFX1         1 116.3   586  2411   85198    (-,-) 
  CPU_IFD0_add_277_66_Y_CPU_IFD0_add_305_65_Y_CPU_IFD0_add_292_64_g768/COUT -       CIN->COUT F     ADDFX1         1 116.3   586  2411   87610    (-,-) 
  CPU_IFD0_add_277_66_Y_CPU_IFD0_add_305_65_Y_CPU_IFD0_add_292_64_g767/COUT -       CIN->COUT F     ADDFX1         1 116.3   586  2411   90021    (-,-) 
  CPU_IFD0_add_277_66_Y_CPU_IFD0_add_305_65_Y_CPU_IFD0_add_292_64_g766/COUT -       CIN->COUT F     ADDFX1         1 116.3   586  2411   92432    (-,-) 
  CPU_IFD0_add_277_66_Y_CPU_IFD0_add_305_65_Y_CPU_IFD0_add_292_64_g765/COUT -       CIN->COUT F     ADDFX1         1 116.3   586  2411   94843    (-,-) 
  CPU_IFD0_add_277_66_Y_CPU_IFD0_add_305_65_Y_CPU_IFD0_add_292_64_g764/COUT -       CIN->COUT F     ADDFX1         1 116.3   586  2411   97255    (-,-) 
  CPU_IFD0_add_277_66_Y_CPU_IFD0_add_305_65_Y_CPU_IFD0_add_292_64_g763/COUT -       CIN->COUT F     ADDFX1         1 116.3   586  2411   99666    (-,-) 
  CPU_IFD0_add_277_66_Y_CPU_IFD0_add_305_65_Y_CPU_IFD0_add_292_64_g762/COUT -       CIN->COUT F     ADDFX1         1 116.3   586  2411  102077    (-,-) 
  CPU_IFD0_add_277_66_Y_CPU_IFD0_add_305_65_Y_CPU_IFD0_add_292_64_g761/COUT -       CIN->COUT F     ADDFX1         1 116.3   586  2411  104488    (-,-) 
  CPU_IFD0_add_277_66_Y_CPU_IFD0_add_305_65_Y_CPU_IFD0_add_292_64_g760/COUT -       CIN->COUT F     ADDFX1         1 116.3   586  2411  106900    (-,-) 
  CPU_IFD0_add_277_66_Y_CPU_IFD0_add_305_65_Y_CPU_IFD0_add_292_64_g759/COUT -       CIN->COUT F     ADDFX1         1 116.3   586  2411  109311    (-,-) 
  CPU_IFD0_add_277_66_Y_CPU_IFD0_add_305_65_Y_CPU_IFD0_add_292_64_g758/COUT -       CIN->COUT F     ADDFX1         1 116.3   586  2411  111722    (-,-) 
  CPU_IFD0_add_277_66_Y_CPU_IFD0_add_305_65_Y_CPU_IFD0_add_292_64_g757/COUT -       CIN->COUT F     ADDFX1         1 116.3   586  2411  114133    (-,-) 
  CPU_IFD0_add_277_66_Y_CPU_IFD0_add_305_65_Y_CPU_IFD0_add_292_64_g756/COUT -       CIN->COUT F     ADDFX1         1 116.3   586  2411  116545    (-,-) 
  CPU_IFD0_add_277_66_Y_CPU_IFD0_add_305_65_Y_CPU_IFD0_add_292_64_g755/COUT -       CIN->COUT F     ADDFX1         1 116.3   586  2411  118956    (-,-) 
  CPU_IFD0_add_277_66_Y_CPU_IFD0_add_305_65_Y_CPU_IFD0_add_292_64_g754/COUT -       CIN->COUT F     ADDFX1         1 116.3   586  2411  121367    (-,-) 
  CPU_IFD0_add_277_66_Y_CPU_IFD0_add_305_65_Y_CPU_IFD0_add_292_64_g753/COUT -       CIN->COUT F     ADDFX1         1 116.3   586  2411  123778    (-,-) 
  CPU_IFD0_add_277_66_Y_CPU_IFD0_add_305_65_Y_CPU_IFD0_add_292_64_g752/COUT -       CIN->COUT F     ADDFX1         1 116.3   586  2411  126189    (-,-) 
  CPU_IFD0_add_277_66_Y_CPU_IFD0_add_305_65_Y_CPU_IFD0_add_292_64_g751/COUT -       CIN->COUT F     ADDFX1         1  67.4   461  2183  128372    (-,-) 
  CPU_IFD0_add_277_66_Y_CPU_IFD0_add_305_65_Y_CPU_IFD0_add_292_64_g750/Y    -       B->Y      R     XNOR2X1        1  56.9   620  1246  129618    (-,-) 
  g229701/Y                                                                 -       B->Y      F     NAND2X2        1  36.3   194   336  129954    (-,-) 
  g229576/Y                                                                 -       C->Y      R     NAND3X1        1  33.2   257   447  130401    (-,-) 
  CPU_IFD0_ProgramCounter_reg[31]/D                                         <<<     -         R     DFFRX1         1     -     -     0  130401    (-,-) 
#-------------------------------------------------------------------------------------------------------------------------------------------------------

