============================================================
  Generated by:           Genus(TM) Synthesis Solution 21.19-s055_1
  Generated on:           Dec 31 2024  02:43:50 pm
  Module:                 RISC_V_Cached
  Operating conditions:   PVT_1P8V_25C (balanced_tree)
  Wireload mode:          enclosed
  Area mode:              timing library
============================================================

                                 
  Gate   Instances      Area               Library           
-------------------------------------------------------------
ADDFX1          61    302560.000    KISTA_SOI_STDLIB2_CCS_TT 
ADDHX1           4      8960.000    KISTA_SOI_STDLIB2_CCS_TT 
AND2X1         184    176640.000    KISTA_SOI_STDLIB2_CCS_TT 
AND3X1           4      5120.000    KISTA_SOI_STDLIB2_CCS_TT 
AND4X1          78    124800.000    KISTA_SOI_STDLIB2_CCS_TT 
AO21X1          93    119040.000    KISTA_SOI_STDLIB2_CCS_TT 
AOI21X1       1148   1102080.000    KISTA_SOI_STDLIB2_CCS_TT 
BUFX2          160    102400.000    KISTA_SOI_STDLIB2_CCS_TT 
BUFX3            9      5760.000    KISTA_SOI_STDLIB2_CCS_TT 
DFFRX1        1486   8083840.000    KISTA_SOI_STDLIB2_CCS_TT 
DFFSX1           3     15360.000    KISTA_SOI_STDLIB2_CCS_TT 
DFFX1         2557  11046240.000    KISTA_SOI_STDLIB2_CCS_TT 
INVX1           77     24640.000    KISTA_SOI_STDLIB2_CCS_TT 
INVX2         1402    448640.000    KISTA_SOI_STDLIB2_CCS_TT 
INVX3         1145    366400.000    KISTA_SOI_STDLIB2_CCS_TT 
MX2X1          103    197760.000    KISTA_SOI_STDLIB2_CCS_TT 
NAND2X1       6935   4438400.000    KISTA_SOI_STDLIB2_CCS_TT 
NAND2X2       2330   1491200.000    KISTA_SOI_STDLIB2_CCS_TT 
NAND3X1        236    226560.000    KISTA_SOI_STDLIB2_CCS_TT 
NAND4X1       1144   1464320.000    KISTA_SOI_STDLIB2_CCS_TT 
NOR2X1         227    145280.000    KISTA_SOI_STDLIB2_CCS_TT 
NOR2X2         547    350080.000    KISTA_SOI_STDLIB2_CCS_TT 
NOR2X3         139    133440.000    KISTA_SOI_STDLIB2_CCS_TT 
NOR3X1         227    217920.000    KISTA_SOI_STDLIB2_CCS_TT 
NOR4X1         186    238080.000    KISTA_SOI_STDLIB2_CCS_TT 
OA21X1         142    181760.000    KISTA_SOI_STDLIB2_CCS_TT 
OAI21X1       4579   4395840.000    KISTA_SOI_STDLIB2_CCS_TT 
OR2X1           66     63360.000    KISTA_SOI_STDLIB2_CCS_TT 
OR3X1           14     17920.000    KISTA_SOI_STDLIB2_CCS_TT 
OR4X1           35     56000.000    KISTA_SOI_STDLIB2_CCS_TT 
XNOR2X1         46     73600.000    KISTA_SOI_STDLIB2_CCS_TT 
XOR2X1          70    112000.000    KISTA_SOI_STDLIB2_CCS_TT 
-------------------------------------------------------------
total        25437  35736000.000                             


                                             
     Type      Instances     Area     Area % 
---------------------------------------------
sequential          4046 19145440.000   53.6 
inverter            2624   839680.000    2.3 
buffer               169   108160.000    0.3 
logic              18598 15642720.000   43.8 
physical_cells         0        0.000    0.0 
---------------------------------------------
total              25437 35736000.000  100.0 

