============================================================
  Generated by:           Genus(TM) Synthesis Solution 21.19-s055_1
  Generated on:           Dec 31 2024  12:58:22 pm
  Module:                 RISC_V_Cached
  Operating conditions:   PVT_1P8V_25C (balanced_tree)
  Wireload mode:          enclosed
  Area mode:              timing library
============================================================

                                 
  Gate   Instances      Area               Library           
-------------------------------------------------------------
ADDFX1           5     24800.000    KISTA_SOI_STDLIB2_CCS_TT 
ADDHX1           5     11200.000    KISTA_SOI_STDLIB2_CCS_TT 
AND2X1          88     84480.000    KISTA_SOI_STDLIB2_CCS_TT 
AND3X1          12     15360.000    KISTA_SOI_STDLIB2_CCS_TT 
AND4X1          57     91200.000    KISTA_SOI_STDLIB2_CCS_TT 
AO21X1         116    148480.000    KISTA_SOI_STDLIB2_CCS_TT 
AOI21X1        591    567360.000    KISTA_SOI_STDLIB2_CCS_TT 
BUFX2          253    161920.000    KISTA_SOI_STDLIB2_CCS_TT 
BUFX3           19     12160.000    KISTA_SOI_STDLIB2_CCS_TT 
DFFRX1        1486   8083840.000    KISTA_SOI_STDLIB2_CCS_TT 
DFFSX1           3     15360.000    KISTA_SOI_STDLIB2_CCS_TT 
DFFX1         2594  11206080.000    KISTA_SOI_STDLIB2_CCS_TT 
INVX1            7      2240.000    KISTA_SOI_STDLIB2_CCS_TT 
INVX2          854    273280.000    KISTA_SOI_STDLIB2_CCS_TT 
INVX3         1306    417920.000    KISTA_SOI_STDLIB2_CCS_TT 
MX2X1           98    188160.000    KISTA_SOI_STDLIB2_CCS_TT 
NAND2X1       7780   4979200.000    KISTA_SOI_STDLIB2_CCS_TT 
NAND2X2       2980   1907200.000    KISTA_SOI_STDLIB2_CCS_TT 
NAND2X3          2      1920.000    KISTA_SOI_STDLIB2_CCS_TT 
NAND3X1        377    361920.000    KISTA_SOI_STDLIB2_CCS_TT 
NAND4X1       1373   1757440.000    KISTA_SOI_STDLIB2_CCS_TT 
NOR2X1         151     96640.000    KISTA_SOI_STDLIB2_CCS_TT 
NOR2X2         731    467840.000    KISTA_SOI_STDLIB2_CCS_TT 
NOR2X3         136    130560.000    KISTA_SOI_STDLIB2_CCS_TT 
NOR3X1         126    120960.000    KISTA_SOI_STDLIB2_CCS_TT 
NOR4X1         301    385280.000    KISTA_SOI_STDLIB2_CCS_TT 
OA21X1          45     57600.000    KISTA_SOI_STDLIB2_CCS_TT 
OAI21X1       4267   4096320.000    KISTA_SOI_STDLIB2_CCS_TT 
OR2X1           42     40320.000    KISTA_SOI_STDLIB2_CCS_TT 
OR3X1           50     64000.000    KISTA_SOI_STDLIB2_CCS_TT 
OR4X1           11     17600.000    KISTA_SOI_STDLIB2_CCS_TT 
XNOR2X1         82    131200.000    KISTA_SOI_STDLIB2_CCS_TT 
XOR2X1          95    152000.000    KISTA_SOI_STDLIB2_CCS_TT 
-------------------------------------------------------------
total        26043  36071840.000                             


                                             
     Type      Instances     Area     Area % 
---------------------------------------------
sequential          4083 19305280.000   53.5 
inverter            2167   693440.000    1.9 
buffer               272   174080.000    0.5 
logic              19521 15899040.000   44.1 
physical_cells         0        0.000    0.0 
---------------------------------------------
total              26043 36071840.000  100.0 

