============================================================
  Generated by:           Genus(TM) Synthesis Solution 21.19-s055_1
  Generated on:           Dec 31 2024  09:17:30 am
  Module:                 RISC_V_Cached
  Operating conditions:   PVT_1P8V_25C (balanced_tree)
  Wireload mode:          enclosed
  Area mode:              timing library
============================================================

                                 
  Gate   Instances      Area               Library           
-------------------------------------------------------------
ADDFX1          61    302560.000    KISTA_SOI_STDLIB2_CCS_TT 
ADDHX1           3      6720.000    KISTA_SOI_STDLIB2_CCS_TT 
AND2X1         194    186240.000    KISTA_SOI_STDLIB2_CCS_TT 
AND3X1          11     14080.000    KISTA_SOI_STDLIB2_CCS_TT 
AND4X1          73    116800.000    KISTA_SOI_STDLIB2_CCS_TT 
AO21X1         104    133120.000    KISTA_SOI_STDLIB2_CCS_TT 
AOI21X1       1198   1150080.000    KISTA_SOI_STDLIB2_CCS_TT 
BUFX2          157    100480.000    KISTA_SOI_STDLIB2_CCS_TT 
BUFX3            7      4480.000    KISTA_SOI_STDLIB2_CCS_TT 
DFFRX1        1486   8083840.000    KISTA_SOI_STDLIB2_CCS_TT 
DFFSX1           3     15360.000    KISTA_SOI_STDLIB2_CCS_TT 
DFFX1         2557  11046240.000    KISTA_SOI_STDLIB2_CCS_TT 
INVX1          122     39040.000    KISTA_SOI_STDLIB2_CCS_TT 
INVX2         1379    441280.000    KISTA_SOI_STDLIB2_CCS_TT 
INVX3         1145    366400.000    KISTA_SOI_STDLIB2_CCS_TT 
MX2X1          103    197760.000    KISTA_SOI_STDLIB2_CCS_TT 
NAND2X1       6806   4355840.000    KISTA_SOI_STDLIB2_CCS_TT 
NAND2X2       2382   1524480.000    KISTA_SOI_STDLIB2_CCS_TT 
NAND3X1        215    206400.000    KISTA_SOI_STDLIB2_CCS_TT 
NAND4X1       1122   1436160.000    KISTA_SOI_STDLIB2_CCS_TT 
NOR2X1         230    147200.000    KISTA_SOI_STDLIB2_CCS_TT 
NOR2X2         549    351360.000    KISTA_SOI_STDLIB2_CCS_TT 
NOR2X3         120    115200.000    KISTA_SOI_STDLIB2_CCS_TT 
NOR3X1         241    231360.000    KISTA_SOI_STDLIB2_CCS_TT 
NOR4X1         178    227840.000    KISTA_SOI_STDLIB2_CCS_TT 
OA21X1         130    166400.000    KISTA_SOI_STDLIB2_CCS_TT 
OAI21X1       4624   4439040.000    KISTA_SOI_STDLIB2_CCS_TT 
OR2X1           67     64320.000    KISTA_SOI_STDLIB2_CCS_TT 
OR3X1           13     16640.000    KISTA_SOI_STDLIB2_CCS_TT 
OR4X1           34     54400.000    KISTA_SOI_STDLIB2_CCS_TT 
XNOR2X1         46     73600.000    KISTA_SOI_STDLIB2_CCS_TT 
XOR2X1          71    113600.000    KISTA_SOI_STDLIB2_CCS_TT 
-------------------------------------------------------------
total        25431  35728320.000                             


                                             
     Type      Instances     Area     Area % 
---------------------------------------------
sequential          4046 19145440.000   53.6 
inverter            2646   846720.000    2.4 
buffer               164   104960.000    0.3 
logic              18575 15631200.000   43.8 
physical_cells         0        0.000    0.0 
---------------------------------------------
total              25431 35728320.000  100.0 

