============================================================
  Generated by:           Genus(TM) Synthesis Solution 21.19-s055_1
  Generated on:           Dec 31 2024  06:25:52 am
  Module:                 RISC_V_Cached
  Operating conditions:   PVT_1P8V_25C (balanced_tree)
  Wireload mode:          enclosed
  Area mode:              timing library
============================================================

                                 
  Gate   Instances      Area               Library           
-------------------------------------------------------------
ADDHX1           1      2240.000    KISTA_SOI_STDLIB2_CCS_TT 
AND2X1          51     48960.000    KISTA_SOI_STDLIB2_CCS_TT 
AND3X1          15     19200.000    KISTA_SOI_STDLIB2_CCS_TT 
AND4X1          86    137600.000    KISTA_SOI_STDLIB2_CCS_TT 
AO21X1          79    101120.000    KISTA_SOI_STDLIB2_CCS_TT 
AOI21X1        614    589440.000    KISTA_SOI_STDLIB2_CCS_TT 
BUFX2          175    112000.000    KISTA_SOI_STDLIB2_CCS_TT 
BUFX3           62     39680.000    KISTA_SOI_STDLIB2_CCS_TT 
BUFX4           23     18400.000    KISTA_SOI_STDLIB2_CCS_TT 
BUFX9            9      8640.000    KISTA_SOI_STDLIB2_CCS_TT 
DFFRX1        1486   8083840.000    KISTA_SOI_STDLIB2_CCS_TT 
DFFSX1           3     15360.000    KISTA_SOI_STDLIB2_CCS_TT 
DFFX1         2594  11206080.000    KISTA_SOI_STDLIB2_CCS_TT 
INVX1           78     24960.000    KISTA_SOI_STDLIB2_CCS_TT 
INVX2          920    294400.000    KISTA_SOI_STDLIB2_CCS_TT 
INVX3         1472    471040.000    KISTA_SOI_STDLIB2_CCS_TT 
INVX4           38     18240.000    KISTA_SOI_STDLIB2_CCS_TT 
MX2X1           60    115200.000    KISTA_SOI_STDLIB2_CCS_TT 
NAND2X1       7471   4781440.000    KISTA_SOI_STDLIB2_CCS_TT 
NAND2X2       3856   2467840.000    KISTA_SOI_STDLIB2_CCS_TT 
NAND2X3         91     87360.000    KISTA_SOI_STDLIB2_CCS_TT 
NAND3X1        242    232320.000    KISTA_SOI_STDLIB2_CCS_TT 
NAND4X1       1012   1295360.000    KISTA_SOI_STDLIB2_CCS_TT 
NOR2X1         211    135040.000    KISTA_SOI_STDLIB2_CCS_TT 
NOR2X2        1251    800640.000    KISTA_SOI_STDLIB2_CCS_TT 
NOR2X3         234    224640.000    KISTA_SOI_STDLIB2_CCS_TT 
NOR3X1          99     95040.000    KISTA_SOI_STDLIB2_CCS_TT 
NOR4X1         160    204800.000    KISTA_SOI_STDLIB2_CCS_TT 
OA21X1          86    110080.000    KISTA_SOI_STDLIB2_CCS_TT 
OAI21X1       4239   4069440.000    KISTA_SOI_STDLIB2_CCS_TT 
OR2X1          698    670080.000    KISTA_SOI_STDLIB2_CCS_TT 
OR3X1           10     12800.000    KISTA_SOI_STDLIB2_CCS_TT 
OR4X1           10     16000.000    KISTA_SOI_STDLIB2_CCS_TT 
XNOR2X1        128    204800.000    KISTA_SOI_STDLIB2_CCS_TT 
XOR2X1          62     99200.000    KISTA_SOI_STDLIB2_CCS_TT 
-------------------------------------------------------------
total        27626  36813280.000                             


                                             
     Type      Instances     Area     Area % 
---------------------------------------------
sequential          4083 19305280.000   52.4 
inverter            2508   808640.000    2.2 
buffer               269   178720.000    0.5 
logic              20766 16520640.000   44.9 
physical_cells         0        0.000    0.0 
---------------------------------------------
total              27626 36813280.000  100.0 

