============================================================
  Generated by:           Genus(TM) Synthesis Solution 21.19-s055_1
  Generated on:           Dec 31 2024  01:06:19 pm
  Module:                 RISC_V_Cached
  Operating conditions:   PVT_1P8V_25C (balanced_tree)
  Wireload mode:          enclosed
  Area mode:              timing library
============================================================

                                 
  Gate   Instances      Area               Library           
-------------------------------------------------------------
ADDFX1           5     24800.000    KISTA_SOI_STDLIB2_CCS_TT 
ADDHX1           5     11200.000    KISTA_SOI_STDLIB2_CCS_TT 
AND2X1          71     68160.000    KISTA_SOI_STDLIB2_CCS_TT 
AND3X1           8     10240.000    KISTA_SOI_STDLIB2_CCS_TT 
AND4X1          66    105600.000    KISTA_SOI_STDLIB2_CCS_TT 
AO21X1          73     93440.000    KISTA_SOI_STDLIB2_CCS_TT 
AOI21X1        718    689280.000    KISTA_SOI_STDLIB2_CCS_TT 
BUFX2          190    121600.000    KISTA_SOI_STDLIB2_CCS_TT 
BUFX3           23     14720.000    KISTA_SOI_STDLIB2_CCS_TT 
DFFRX1        1486   8083840.000    KISTA_SOI_STDLIB2_CCS_TT 
DFFSX1           3     15360.000    KISTA_SOI_STDLIB2_CCS_TT 
DFFX1         2557  11046240.000    KISTA_SOI_STDLIB2_CCS_TT 
INVX1           14      4480.000    KISTA_SOI_STDLIB2_CCS_TT 
INVX2          938    300160.000    KISTA_SOI_STDLIB2_CCS_TT 
INVX3         1229    393280.000    KISTA_SOI_STDLIB2_CCS_TT 
MX2X1          102    195840.000    KISTA_SOI_STDLIB2_CCS_TT 
NAND2X1       8260   5286400.000    KISTA_SOI_STDLIB2_CCS_TT 
NAND2X2       2133   1365120.000    KISTA_SOI_STDLIB2_CCS_TT 
NAND3X1        308    295680.000    KISTA_SOI_STDLIB2_CCS_TT 
NAND4X1       1361   1742080.000    KISTA_SOI_STDLIB2_CCS_TT 
NOR2X1         176    112640.000    KISTA_SOI_STDLIB2_CCS_TT 
NOR2X2         721    461440.000    KISTA_SOI_STDLIB2_CCS_TT 
NOR2X3         126    120960.000    KISTA_SOI_STDLIB2_CCS_TT 
NOR3X1         114    109440.000    KISTA_SOI_STDLIB2_CCS_TT 
NOR4X1         326    417280.000    KISTA_SOI_STDLIB2_CCS_TT 
OA21X1          47     60160.000    KISTA_SOI_STDLIB2_CCS_TT 
OAI21X1       4252   4081920.000    KISTA_SOI_STDLIB2_CCS_TT 
OR2X1           37     35520.000    KISTA_SOI_STDLIB2_CCS_TT 
OR3X1           16     20480.000    KISTA_SOI_STDLIB2_CCS_TT 
OR4X1           12     19200.000    KISTA_SOI_STDLIB2_CCS_TT 
XNOR2X1         91    145600.000    KISTA_SOI_STDLIB2_CCS_TT 
XOR2X1          87    139200.000    KISTA_SOI_STDLIB2_CCS_TT 
-------------------------------------------------------------
total        25555  35591360.000                             


                                             
     Type      Instances     Area     Area % 
---------------------------------------------
sequential          4046 19145440.000   53.8 
inverter            2181   697920.000    2.0 
buffer               213   136320.000    0.4 
logic              19115 15611680.000   43.9 
physical_cells         0        0.000    0.0 
---------------------------------------------
total              25555 35591360.000  100.0 

