============================================================
  Generated by:           Genus(TM) Synthesis Solution 21.19-s055_1
  Generated on:           Jan 02 2025  06:35:15 am
  Module:                 RISC_V_Cached
  Operating conditions:   PVT_1P8V_25C (balanced_tree)
  Wireload mode:          enclosed
  Area mode:              timing library
============================================================

                                 
  Gate   Instances      Area               Library           
-------------------------------------------------------------
ADDHX1           1      2240.000    KISTA_SOI_STDLIB2_CCS_TT 
AND2X1          78     74880.000    KISTA_SOI_STDLIB2_CCS_TT 
AND3X1          23     29440.000    KISTA_SOI_STDLIB2_CCS_TT 
AND4X1          35     56000.000    KISTA_SOI_STDLIB2_CCS_TT 
AO21X1          42     53760.000    KISTA_SOI_STDLIB2_CCS_TT 
AOI21X1        737    707520.000    KISTA_SOI_STDLIB2_CCS_TT 
BUFX2          819    524160.000    KISTA_SOI_STDLIB2_CCS_TT 
BUFX3          130     83200.000    KISTA_SOI_STDLIB2_CCS_TT 
BUFX4           82     65600.000    KISTA_SOI_STDLIB2_CCS_TT 
BUFX9          164    157440.000    KISTA_SOI_STDLIB2_CCS_TT 
DFFRX1        1483   8067520.000    KISTA_SOI_STDLIB2_CCS_TT 
DFFSX1           3     15360.000    KISTA_SOI_STDLIB2_CCS_TT 
DFFX1         2594  11206080.000    KISTA_SOI_STDLIB2_CCS_TT 
INVX1          209     66880.000    KISTA_SOI_STDLIB2_CCS_TT 
INVX2         1509    482880.000    KISTA_SOI_STDLIB2_CCS_TT 
INVX3         1929    617280.000    KISTA_SOI_STDLIB2_CCS_TT 
INVX4          146     70080.000    KISTA_SOI_STDLIB2_CCS_TT 
MX2X1           15     28800.000    KISTA_SOI_STDLIB2_CCS_TT 
NAND2X1       7625   4880000.000    KISTA_SOI_STDLIB2_CCS_TT 
NAND2X2       4317   2762880.000    KISTA_SOI_STDLIB2_CCS_TT 
NAND2X3        300    288000.000    KISTA_SOI_STDLIB2_CCS_TT 
NAND3X1        300    288000.000    KISTA_SOI_STDLIB2_CCS_TT 
NAND4X1        781    999680.000    KISTA_SOI_STDLIB2_CCS_TT 
NOR2X1         383    245120.000    KISTA_SOI_STDLIB2_CCS_TT 
NOR2X2        1798   1150720.000    KISTA_SOI_STDLIB2_CCS_TT 
NOR2X3         286    274560.000    KISTA_SOI_STDLIB2_CCS_TT 
NOR3X1         105    100800.000    KISTA_SOI_STDLIB2_CCS_TT 
NOR4X1         116    148480.000    KISTA_SOI_STDLIB2_CCS_TT 
OA21X1          57     72960.000    KISTA_SOI_STDLIB2_CCS_TT 
OAI21X1       4463   4284480.000    KISTA_SOI_STDLIB2_CCS_TT 
OR2X1           29     27840.000    KISTA_SOI_STDLIB2_CCS_TT 
OR3X1           17     21760.000    KISTA_SOI_STDLIB2_CCS_TT 
OR4X1           14     22400.000    KISTA_SOI_STDLIB2_CCS_TT 
XNOR2X1        125    200000.000    KISTA_SOI_STDLIB2_CCS_TT 
XOR2X1          75    120000.000    KISTA_SOI_STDLIB2_CCS_TT 
-------------------------------------------------------------
total        30790  38196800.000                             


                                             
     Type      Instances     Area     Area % 
---------------------------------------------
sequential          4080 19288960.000   50.5 
inverter            3793  1237120.000    3.2 
buffer              1195   830400.000    2.2 
logic              21722 16840320.000   44.1 
physical_cells         0        0.000    0.0 
---------------------------------------------
total              30790 38196800.000  100.0 

