============================================================
  Generated by:           Genus(TM) Synthesis Solution 21.19-s055_1
  Generated on:           Dec 31 2024  03:40:53 pm
  Module:                 RISC_V_Cached
  Operating conditions:   PVT_1P8V_25C (balanced_tree)
  Wireload mode:          enclosed
  Area mode:              timing library
============================================================

                                 
  Gate   Instances      Area               Library           
-------------------------------------------------------------
ADDFX1          61    302560.000    KISTA_SOI_STDLIB2_CCS_TT 
ADDHX1           3      6720.000    KISTA_SOI_STDLIB2_CCS_TT 
AND2X1         206    197760.000    KISTA_SOI_STDLIB2_CCS_TT 
AND3X1           6      7680.000    KISTA_SOI_STDLIB2_CCS_TT 
AND4X1          75    120000.000    KISTA_SOI_STDLIB2_CCS_TT 
AO21X1         104    133120.000    KISTA_SOI_STDLIB2_CCS_TT 
AOI21X1       1213   1164480.000    KISTA_SOI_STDLIB2_CCS_TT 
BUFX2          159    101760.000    KISTA_SOI_STDLIB2_CCS_TT 
BUFX3           10      6400.000    KISTA_SOI_STDLIB2_CCS_TT 
DFFRX1        1486   8083840.000    KISTA_SOI_STDLIB2_CCS_TT 
DFFSX1           3     15360.000    KISTA_SOI_STDLIB2_CCS_TT 
DFFX1         2557  11046240.000    KISTA_SOI_STDLIB2_CCS_TT 
INVX1          131     41920.000    KISTA_SOI_STDLIB2_CCS_TT 
INVX2         1387    443840.000    KISTA_SOI_STDLIB2_CCS_TT 
INVX3         1142    365440.000    KISTA_SOI_STDLIB2_CCS_TT 
MX2X1          100    192000.000    KISTA_SOI_STDLIB2_CCS_TT 
NAND2X1       6764   4328960.000    KISTA_SOI_STDLIB2_CCS_TT 
NAND2X2       2373   1518720.000    KISTA_SOI_STDLIB2_CCS_TT 
NAND3X1        212    203520.000    KISTA_SOI_STDLIB2_CCS_TT 
NAND4X1       1125   1440000.000    KISTA_SOI_STDLIB2_CCS_TT 
NOR2X1         238    152320.000    KISTA_SOI_STDLIB2_CCS_TT 
NOR2X2         547    350080.000    KISTA_SOI_STDLIB2_CCS_TT 
NOR2X3         109    104640.000    KISTA_SOI_STDLIB2_CCS_TT 
NOR3X1         239    229440.000    KISTA_SOI_STDLIB2_CCS_TT 
NOR4X1         178    227840.000    KISTA_SOI_STDLIB2_CCS_TT 
OA21X1         131    167680.000    KISTA_SOI_STDLIB2_CCS_TT 
OAI21X1       4636   4450560.000    KISTA_SOI_STDLIB2_CCS_TT 
OR2X1           69     66240.000    KISTA_SOI_STDLIB2_CCS_TT 
OR3X1           13     16640.000    KISTA_SOI_STDLIB2_CCS_TT 
OR4X1           34     54400.000    KISTA_SOI_STDLIB2_CCS_TT 
XNOR2X1         46     73600.000    KISTA_SOI_STDLIB2_CCS_TT 
XOR2X1          71    113600.000    KISTA_SOI_STDLIB2_CCS_TT 
-------------------------------------------------------------
total        25428  35727360.000                             


                                             
     Type      Instances     Area     Area % 
---------------------------------------------
sequential          4046 19145440.000   53.6 
inverter            2660   851200.000    2.4 
buffer               169   108160.000    0.3 
logic              18553 15622560.000   43.7 
physical_cells         0        0.000    0.0 
---------------------------------------------
total              25428 35727360.000  100.0 

