============================================================
  Generated by:           Genus(TM) Synthesis Solution 21.19-s055_1
  Generated on:           Dec 31 2024  08:28:47 am
  Module:                 RISC_V_Cached
  Operating conditions:   PVT_1P8V_25C (balanced_tree)
  Wireload mode:          enclosed
  Area mode:              timing library
============================================================


Path 1: MET (37078 ps) Setup Check with Pin CPU_IFD0_ProgramCounter_reg[31]/CK->D
          Group: CLK
     Startpoint: (R) i_cache_dut_control_state_reg[0]/CK
          Clock: (R) CLK
       Endpoint: (R) CPU_IFD0_ProgramCounter_reg[31]/D
          Clock: (R) CLK

                     Capture       Launch     
        Clock Edge:+  163000            0     
       Src Latency:+       0            0     
       Net Latency:+     200 (I)      200 (I) 
           Arrival:=  163200          200     
                                              
             Setup:-    1747                  
       Uncertainty:-     300                  
     Required Time:=  161153                  
      Launch Clock:-     200                  
         Data Path:-  123875                  
             Slack:=   37078                  

#-------------------------------------------------------------------------------------------------------------------------------------------------------
#                               Timing Point                                Flags     Arc     Edge   Cell     Fanout  Load Trans Delay Arrival Instance 
#                                                                                                                     (fF)  (ps)  (ps)   (ps)  Location 
#-------------------------------------------------------------------------------------------------------------------------------------------------------
  i_cache_dut_control_state_reg[0]/CK                                       -       -         R     (arrival)   4047     -     0     0     200    (-,-) 
  i_cache_dut_control_state_reg[0]/Q                                        -       CK->Q     F     DFFSX1         3 123.9  1336  4166    4366    (-,-) 
  g188493/Y                                                                 -       B->Y      R     NAND2X2       12 466.5   865  1958    6324    (-,-) 
  g188765/Y                                                                 -       C->Y      R     OR3X1          4 242.6   879  1657    7981    (-,-) 
  drc_bufs188575/Y                                                          -       A->Y      F     INVX3          5 259.0   360   612    8592    (-,-) 
  g187913/Y                                                                 -       B->Y      F     AND2X1         9 328.2   857  1712   10304    (-,-) 
  g187511/Y                                                                 -       A->Y      R     INVX2         12 465.4   826  1586   11889    (-,-) 
  g187510/Y                                                                 -       A->Y      F     INVX2         13 443.3   619  1092   12982    (-,-) 
  g186782/Y                                                                 -       A->Y      R     NAND2X1        1  36.3   267   736   13717    (-,-) 
  g186198/Y                                                                 -       D->Y      F     NAND4X1        1  32.6   519   675   14392    (-,-) 
  g186080/Y                                                                 -       B->Y      R     NOR4X1         1  56.9  1208  1940   16333    (-,-) 
  g186035/Y                                                                 -       B->Y      F     NAND2X2        7 366.4   918  1463   17795    (-,-) 
  g186019/Y                                                                 -       A->Y      R     INVX2          2  89.9   273   829   18624    (-,-) 
  g185993/Y                                                                 -       B->Y      F     NAND2X2        8 513.0  1177  1461   20085    (-,-) 
  g185979/Y                                                                 -       A->Y      R     INVX2          1  55.5   254   842   20928    (-,-) 
  g185440/Y                                                                 -       A->Y      F     NAND2X2       13 497.5  1131  1433   22361    (-,-) 
  g185150/Y                                                                 -       A->Y      R     INVX2          9 316.0   606  1495   23856    (-,-) 
  g184437/Y                                                                 -       B->Y      R     AND2X1         1  33.0   200   914   24770    (-,-) 
  g182884/Y                                                                 -       C->Y      F     AOI21X1        1  35.2   382   391   25161    (-,-) 
  g182091/Y                                                                 -       C->Y      R     NAND4X1        1  36.8   307   620   25781    (-,-) 
  g188774/Y                                                                 -       D->Y      R     OR4X1          3 125.1   493  1110   26891    (-,-) 
  drc_bufs188635/Y                                                          -       A->Y      F     INVX2          2 109.2   216   418   27309    (-,-) 
  g181933/Y                                                                 -       A->Y      R     NOR2X2         3 103.0   537   780   28089    (-,-) 
  g181845/Y                                                                 -       B->Y      R     AO21X1         1  33.3   201   935   29024    (-,-) 
  g181827/Y                                                                 -       C->Y      F     OAI21X1        1  33.4   393   508   29532    (-,-) 
  g181798/Y                                                                 -       B->Y      R     OAI21X1        2  92.1   752  1191   30723    (-,-) 
  g181787/Y                                                                 -       B->Y      F     OAI21X1        1  36.0   356   538   31261    (-,-) 
  g181783/Y                                                                 -       C->Y      F     AND3X1         2  65.8   227   965   32226    (-,-) 
  g181781/Y                                                                 -       C->Y      R     NOR3X1         1  35.2   628   850   33076    (-,-) 
  g181778/Y                                                                 -       B->Y      F     OAI21X1        1  36.3   360   521   33597    (-,-) 
  g181775/Y                                                                 -       C->Y      R     NAND3X1        1  36.7   266   566   34163    (-,-) 
  g181772/Y                                                                 -       C->Y      F     NAND3X1        1  32.7   387   541   34704    (-,-) 
  g181769/Y                                                                 -       B->Y      R     AOI21X1        1  36.9   476   780   35483    (-,-) 
  g181768/Y                                                                 -       C->Y      F     NOR3X1         1  32.4   192   408   35891    (-,-) 
  g181766/Y                                                                 -       C->Y      R     AOI21X1        1  35.2   464   834   36725    (-,-) 
  g181765/Y                                                                 -       B->Y      F     OAI21X1        2  88.5   532   766   37490    (-,-) 
  g181763/Y                                                                 -       B->Y      R     AOI21X1        1  33.3   452   836   38326    (-,-) 
  g181762/Y                                                                 -       C->Y      F     OAI21X1        1  36.3   360   568   38894    (-,-) 
  g181761/Y                                                                 -       D->Y      R     NAND4X1        1  36.7   306   587   39481    (-,-) 
  g181760/Y                                                                 -       C->Y      F     NAND3X1        1  32.7   384   552   40033    (-,-) 
  g181759/Y                                                                 -       B->Y      R     AOI21X1        2  91.5   846  1206   41239    (-,-) 
  g181758/Y                                                                 -       A->Y      F     INVX2          1  32.7   168   207   41445    (-,-) 
  g181756/Y                                                                 -       B->Y      R     AOI21X1        1  33.3   452   623   42068    (-,-) 
  g181755/Y                                                                 -       C->Y      F     OAI21X1        2  92.1   547   852   42921    (-,-) 
  g181751/Y                                                                 -       B->Y      R     NOR2X2         1  33.0   327   606   43527    (-,-) 
  g181750/Y                                                                 -       C->Y      F     AOI21X1        1  33.4   331   438   43965    (-,-) 
  g181749/Y                                                                 -       B->Y      R     OAI21X1        1  35.2   389   708   44672    (-,-) 
  g181748/Y                                                                 -       B->Y      F     OAI21X1        1  32.7   337   449   45121    (-,-) 
  g181747/Y                                                                 -       C->Y      R     OAI21X1        2  93.6   762   809   45930    (-,-) 
  g181746/Y                                                                 -       C->Y      F     NAND3X1        2  85.0   732  1063   46993    (-,-) 
  g188763/Y                                                                 -       C->Y      F     OR3X1          1  74.7   331  1716   48708    (-,-) 
  drc_bufs188565/Y                                                          -       A->Y      R     INVX3          8 368.4   444   823   49531    (-,-) 
  g181739/Y                                                                 -       B->Y      F     OAI21X1        3 170.4   878  1157   50689    (-,-) 
  CPU_IFD0_add_277_66_Y_CPU_IFD0_add_305_65_Y_CPU_IFD0_add_292_64_g785/Y    -       B->Y      R     NOR2X2         1  35.2   276   791   51479    (-,-) 
  CPU_IFD0_add_277_66_Y_CPU_IFD0_add_305_65_Y_CPU_IFD0_add_292_64_g780/Y    -       B->Y      F     OAI21X1        1 116.3   647   832   52311    (-,-) 
  CPU_IFD0_add_277_66_Y_CPU_IFD0_add_305_65_Y_CPU_IFD0_add_292_64_g779/COUT -       CIN->COUT F     ADDFX1         1 116.3   586  2448   54759    (-,-) 
  CPU_IFD0_add_277_66_Y_CPU_IFD0_add_305_65_Y_CPU_IFD0_add_292_64_g778/COUT -       CIN->COUT F     ADDFX1         1 116.3   586  2411   57171    (-,-) 
  CPU_IFD0_add_277_66_Y_CPU_IFD0_add_305_65_Y_CPU_IFD0_add_292_64_g777/COUT -       CIN->COUT F     ADDFX1         1 116.3   586  2411   59582    (-,-) 
  CPU_IFD0_add_277_66_Y_CPU_IFD0_add_305_65_Y_CPU_IFD0_add_292_64_g776/COUT -       CIN->COUT F     ADDFX1         1 116.3   586  2411   61993    (-,-) 
  CPU_IFD0_add_277_66_Y_CPU_IFD0_add_305_65_Y_CPU_IFD0_add_292_64_g775/COUT -       CIN->COUT F     ADDFX1         1 116.3   587  2411   64404    (-,-) 
  CPU_IFD0_add_277_66_Y_CPU_IFD0_add_305_65_Y_CPU_IFD0_add_292_64_g774/COUT -       CIN->COUT F     ADDFX1         1 116.3   586  2412   66816    (-,-) 
  CPU_IFD0_add_277_66_Y_CPU_IFD0_add_305_65_Y_CPU_IFD0_add_292_64_g773/COUT -       CIN->COUT F     ADDFX1         1 116.3   586  2411   69227    (-,-) 
  CPU_IFD0_add_277_66_Y_CPU_IFD0_add_305_65_Y_CPU_IFD0_add_292_64_g772/COUT -       CIN->COUT F     ADDFX1         1 116.3   586  2411   71638    (-,-) 
  CPU_IFD0_add_277_66_Y_CPU_IFD0_add_305_65_Y_CPU_IFD0_add_292_64_g771/COUT -       CIN->COUT F     ADDFX1         1 116.3   586  2411   74050    (-,-) 
  CPU_IFD0_add_277_66_Y_CPU_IFD0_add_305_65_Y_CPU_IFD0_add_292_64_g770/COUT -       CIN->COUT F     ADDFX1         1 116.3   586  2411   76461    (-,-) 
  CPU_IFD0_add_277_66_Y_CPU_IFD0_add_305_65_Y_CPU_IFD0_add_292_64_g769/COUT -       CIN->COUT F     ADDFX1         1 116.3   586  2411   78872    (-,-) 
  CPU_IFD0_add_277_66_Y_CPU_IFD0_add_305_65_Y_CPU_IFD0_add_292_64_g768/COUT -       CIN->COUT F     ADDFX1         1 116.3   586  2411   81284    (-,-) 
  CPU_IFD0_add_277_66_Y_CPU_IFD0_add_305_65_Y_CPU_IFD0_add_292_64_g767/COUT -       CIN->COUT F     ADDFX1         1 116.3   586  2411   83695    (-,-) 
  CPU_IFD0_add_277_66_Y_CPU_IFD0_add_305_65_Y_CPU_IFD0_add_292_64_g766/COUT -       CIN->COUT F     ADDFX1         1 116.3   586  2411   86106    (-,-) 
  CPU_IFD0_add_277_66_Y_CPU_IFD0_add_305_65_Y_CPU_IFD0_add_292_64_g765/COUT -       CIN->COUT F     ADDFX1         1 116.3   586  2411   88517    (-,-) 
  CPU_IFD0_add_277_66_Y_CPU_IFD0_add_305_65_Y_CPU_IFD0_add_292_64_g764/COUT -       CIN->COUT F     ADDFX1         1 116.3   586  2411   90929    (-,-) 
  CPU_IFD0_add_277_66_Y_CPU_IFD0_add_305_65_Y_CPU_IFD0_add_292_64_g763/COUT -       CIN->COUT F     ADDFX1         1 116.3   586  2411   93340    (-,-) 
  CPU_IFD0_add_277_66_Y_CPU_IFD0_add_305_65_Y_CPU_IFD0_add_292_64_g762/COUT -       CIN->COUT F     ADDFX1         1 116.3   586  2411   95751    (-,-) 
  CPU_IFD0_add_277_66_Y_CPU_IFD0_add_305_65_Y_CPU_IFD0_add_292_64_g761/COUT -       CIN->COUT F     ADDFX1         1 116.3   586  2411   98162    (-,-) 
  CPU_IFD0_add_277_66_Y_CPU_IFD0_add_305_65_Y_CPU_IFD0_add_292_64_g760/COUT -       CIN->COUT F     ADDFX1         1 116.3   586  2411  100574    (-,-) 
  CPU_IFD0_add_277_66_Y_CPU_IFD0_add_305_65_Y_CPU_IFD0_add_292_64_g759/COUT -       CIN->COUT F     ADDFX1         1 116.3   586  2411  102985    (-,-) 
  CPU_IFD0_add_277_66_Y_CPU_IFD0_add_305_65_Y_CPU_IFD0_add_292_64_g758/COUT -       CIN->COUT F     ADDFX1         1 116.3   586  2411  105396    (-,-) 
  CPU_IFD0_add_277_66_Y_CPU_IFD0_add_305_65_Y_CPU_IFD0_add_292_64_g757/COUT -       CIN->COUT F     ADDFX1         1 116.3   586  2411  107807    (-,-) 
  CPU_IFD0_add_277_66_Y_CPU_IFD0_add_305_65_Y_CPU_IFD0_add_292_64_g756/COUT -       CIN->COUT F     ADDFX1         1 116.3   586  2411  110219    (-,-) 
  CPU_IFD0_add_277_66_Y_CPU_IFD0_add_305_65_Y_CPU_IFD0_add_292_64_g755/COUT -       CIN->COUT F     ADDFX1         1 116.3   586  2411  112630    (-,-) 
  CPU_IFD0_add_277_66_Y_CPU_IFD0_add_305_65_Y_CPU_IFD0_add_292_64_g754/COUT -       CIN->COUT F     ADDFX1         1 116.3   586  2411  115041    (-,-) 
  CPU_IFD0_add_277_66_Y_CPU_IFD0_add_305_65_Y_CPU_IFD0_add_292_64_g753/COUT -       CIN->COUT F     ADDFX1         1 116.3   586  2411  117452    (-,-) 
  CPU_IFD0_add_277_66_Y_CPU_IFD0_add_305_65_Y_CPU_IFD0_add_292_64_g752/COUT -       CIN->COUT F     ADDFX1         1 116.3   586  2411  119863    (-,-) 
  CPU_IFD0_add_277_66_Y_CPU_IFD0_add_305_65_Y_CPU_IFD0_add_292_64_g751/COUT -       CIN->COUT F     ADDFX1         1  67.4   461  2183  122046    (-,-) 
  CPU_IFD0_add_277_66_Y_CPU_IFD0_add_305_65_Y_CPU_IFD0_add_292_64_g750/Y    -       B->Y      R     XNOR2X1        1  56.9   620  1246  123292    (-,-) 
  g229701/Y                                                                 -       B->Y      F     NAND2X2        1  36.3   194   336  123628    (-,-) 
  g229576/Y                                                                 -       C->Y      R     NAND3X1        1  33.2   257   447  124075    (-,-) 
  CPU_IFD0_ProgramCounter_reg[31]/D                                         <<<     -         R     DFFRX1         1     -     -     0  124075    (-,-) 
#-------------------------------------------------------------------------------------------------------------------------------------------------------

