============================================================
  Generated by:           Genus(TM) Synthesis Solution 21.19-s055_1
  Generated on:           Dec 31 2024  07:07:52 am
  Module:                 RISC_V_Cached
  Operating conditions:   PVT_1P8V_25C (balanced_tree)
  Wireload mode:          enclosed
  Area mode:              timing library
============================================================


Path 1: MET (1058 ps) Setup Check with Pin CPU_IFD0_ProgramCounter_reg[31]/CK->D
          Group: CLK
     Startpoint: (R) i_cache_dut_control_state_reg[0]/CK
          Clock: (R) CLK
       Endpoint: (R) CPU_IFD0_ProgramCounter_reg[31]/D
          Clock: (R) CLK

                     Capture       Launch     
        Clock Edge:+   73000            0     
       Src Latency:+       0            0     
       Net Latency:+     200 (I)      200 (I) 
           Arrival:=   73200          200     
                                              
             Setup:-    1747                  
       Uncertainty:-     300                  
     Required Time:=   71153                  
      Launch Clock:-     200                  
         Data Path:-   69895                  
             Slack:=    1058                  

#--------------------------------------------------------------------------------------------------------------------------------------------------------
#                                 Timing Point                                   Flags   Arc   Edge   Cell     Fanout  Load Trans Delay Arrival Instance 
#                                                                                                                      (fF)  (ps)  (ps)   (ps)  Location 
#--------------------------------------------------------------------------------------------------------------------------------------------------------
  i_cache_dut_control_state_reg[0]/CK                                            -       -     R     (arrival)   4047     -     0     0     200    (-,-) 
  i_cache_dut_control_state_reg[0]/Q                                             -       CK->Q F     DFFSX1         3 144.7  1478  4456    4656    (-,-) 
  g182589/Y                                                                      -       B->Y  R     NAND2X2        5 323.2   677  1774    6430    (-,-) 
  g182533/Y                                                                      -       A->Y  F     NOR2X2         4 199.6   379   711    7141    (-,-) 
  g182884/Y                                                                      -       A->Y  F     AND2X1         8 271.6   716  1579    8720    (-,-) 
  g182352/Y                                                                      -       A->Y  F     BUFX2         14 498.7   653  1748   10469    (-,-) 
  g181475/Y                                                                      -       A->Y  R     NAND2X1        1  56.9   325   852   11321    (-,-) 
  g181056/Y                                                                      -       B->Y  F     NAND2X2        1  31.9   144   289   11609    (-,-) 
  g243901/Y                                                                      -       C->Y  F     AO21X1         1  32.4   185  1131   12740    (-,-) 
  g243900/Y                                                                      -       C->Y  R     AOI21X1        1  35.0   464   829   13569    (-,-) 
  g243919/Y                                                                      -       A->Y  F     NAND3X1        1  33.6   379   619   14188    (-,-) 
  g243918/Y                                                                      -       A->Y  R     NOR3X1         1  55.5   827  1401   15588    (-,-) 
  g180638/Y                                                                      -       A->Y  F     NAND2X2        8 448.5  1034  1430   17019    (-,-) 
  g180620/Y                                                                      -       A->Y  R     INVX3          3 146.8   307   932   17950    (-,-) 
  g180610/Y                                                                      -       B->Y  F     NAND2X2        8 562.8  1274  1594   19544    (-,-) 
  g180482/Y                                                                      -       A->Y  R     NOR2X3        17 594.3  1416  2442   21986    (-,-) 
  g180307/Y                                                                      -       A->Y  R     BUFX2         16 558.4   993  1890   23876    (-,-) 
  g179432/Y                                                                      -       A->Y  F     NAND2X1        1  35.2   338   452   24328    (-,-) 
  g177441/Y                                                                      -       C->Y  R     NAND4X1        1  35.6   303   586   24914    (-,-) 
  g177185/Y                                                                      -       B->Y  F     NOR3X1         1  54.5   259   475   25389    (-,-) 
  g177057/Y                                                                      -       A->Y  R     NAND2X2        3 146.1   320   611   26000    (-,-) 
  g177027/Y                                                                      -       A->Y  F     INVX3          2  87.2   121   260   26260    (-,-) 
  g176942/Y                                                                      -       B->Y  R     NAND2X2        2  91.0   248   411   26672    (-,-) 
  g176928/Y                                                                      -       A->Y  F     INVX2          1  32.4    87   211   26883    (-,-) 
  g176837/Y                                                                      -       C->Y  R     AOI21X1        1  33.0   461   767   27650    (-,-) 
  g176823/Y                                                                      -       C->Y  F     AOI21X1        1  33.4   262   493   28142    (-,-) 
  g176808/Y                                                                      -       B->Y  R     OAI21X1        1  36.7   375   679   28822    (-,-) 
  g176804/Y                                                                      -       C->Y  F     NAND3X1        1  31.9   388   567   29389    (-,-) 
  g176799/Y                                                                      -       A->Y  R     AOI21X1        1  35.2   466   825   30214    (-,-) 
  g176795/Y                                                                      -       B->Y  F     OAI21X1        1  55.7   391   605   30819    (-,-) 
  g176794/Y                                                                      -       B->Y  R     NAND2X2        2  73.4   208   538   31358    (-,-) 
  g176792/Y                                                                      -       C->Y  F     NAND3X1        1  36.3   537   548   31906    (-,-) 
  g176790/Y                                                                      -       C->Y  R     NAND3X1        2  71.9   386   824   32730    (-,-) 
  g176788/Y                                                                      -       C->Y  F     NAND3X1        1  32.7   431   576   33306    (-,-) 
  g176785/Y                                                                      -       C->Y  R     OAI21X1        1  33.0   368   637   33943    (-,-) 
  g176784/Y                                                                      -       A->Y  F     OAI21X1        1  55.7   394   624   34567    (-,-) 
  g176783/Y                                                                      -       B->Y  R     NAND2X2        2  93.1   230   583   35150    (-,-) 
  g243862/Y                                                                      -       B->Y  R     AND2X1         2  89.9   375  1048   36198    (-,-) 
  g176780/Y                                                                      -       B->Y  F     NAND2X2        4 279.2   653   940   37137    (-,-) 
  g243853/Y                                                                      -       S0->Y R     MX2X1          2  93.9   392  1801   38938    (-,-) 
  CPU_IFD0_add_277_66_Y_CPU_IFD0_add_305_65_Y_CPU_IFD0_add_292_64_g2687/Y        -       B->Y  R     AND2X1         2  92.1   388  1112   40051    (-,-) 
  CPU_IFD0_add_277_66_Y_CPU_IFD0_add_305_65_Y_CPU_IFD0_add_292_64_g2616/Y        -       A->Y  F     NOR2X2         2  98.9   220   436   40487    (-,-) 
  CPU_IFD0_add_277_66_Y_CPU_IFD0_add_305_65_Y_CPU_IFD0_add_292_64_g2745/Y        -       B->Y  F     OA21X1         2  98.9   332  1232   41719    (-,-) 
  CPU_IFD0_add_277_66_Y_CPU_IFD0_add_305_65_Y_CPU_IFD0_add_292_64_g2/Y           -       B->Y  F     OA21X1         2 100.8   336  1304   43023    (-,-) 
  CPU_IFD0_add_277_66_Y_CPU_IFD0_add_305_65_Y_CPU_IFD0_add_292_64_g2602/Y        -       B->Y  R     OAI21X1        2 119.4   937  1372   44395    (-,-) 
  CPU_IFD0_add_277_66_Y_CPU_IFD0_add_305_65_Y_CPU_IFD0_add_292_64_g2601/Y        -       B->Y  F     NAND2X2        1  55.7   283   432   44826    (-,-) 
  CPU_IFD0_add_277_66_Y_CPU_IFD0_add_305_65_Y_CPU_IFD0_add_292_64_g2599/Y        -       B->Y  R     NAND2X2        2 119.4   282   570   45396    (-,-) 
  CPU_IFD0_add_277_66_Y_CPU_IFD0_add_305_65_Y_CPU_IFD0_add_292_64_g2598/Y        -       B->Y  F     NAND2X2        1  55.7   208   354   45750    (-,-) 
  CPU_IFD0_add_277_66_Y_CPU_IFD0_add_305_65_Y_CPU_IFD0_add_292_64_g2596/Y        -       B->Y  R     NAND2X2        2 139.2   312   562   46312    (-,-) 
  CPU_IFD0_add_277_66_Y_CPU_IFD0_add_305_65_Y_CPU_IFD0_add_292_64_g2595/Y        -       A->Y  F     INVX3          1  33.4    77   174   46487    (-,-) 
  CPU_IFD0_add_277_66_Y_CPU_IFD0_add_305_65_Y_CPU_IFD0_add_292_64_g2593/Y        -       B->Y  R     OAI21X1        2 119.4   937  1227   47714    (-,-) 
  CPU_IFD0_add_277_66_Y_CPU_IFD0_add_305_65_Y_CPU_IFD0_add_292_64_g2592/Y        -       B->Y  F     NAND2X2        2  90.3   356   562   48276    (-,-) 
  g243861/Y                                                                      -       A->Y  F     AND2X1         1  33.1   142   833   49109    (-,-) 
  g243860/Y                                                                      -       A->Y  F     OA21X1         2 123.2   388  1364   50473    (-,-) 
  CPU_IFD0_add_277_66_Y_CPU_IFD0_add_305_65_Y_CPU_IFD0_add_292_64_g2586/Y        -       B->Y  R     NOR2X2         1  57.1   283   612   51085    (-,-) 
  CPU_IFD0_add_277_66_Y_CPU_IFD0_add_305_65_Y_CPU_IFD0_add_292_64_g2584/Y        -       B->Y  F     NOR2X2         2 100.8   234   381   51466    (-,-) 
  CPU_IFD0_add_277_66_Y_CPU_IFD0_add_305_65_Y_CPU_IFD0_add_292_64_g2582/Y        -       B->Y  R     OAI21X1        2 102.9   825  1186   52652    (-,-) 
  CPU_IFD0_add_277_66_Y_CPU_IFD0_add_305_65_Y_CPU_IFD0_add_292_64_g2581/Y        -       C->Y  F     OAI21X1        1  55.7   536   724   53376    (-,-) 
  CPU_IFD0_add_277_66_Y_CPU_IFD0_add_305_65_Y_CPU_IFD0_add_292_64_g2579/Y        -       B->Y  R     NAND2X2        2 119.4   279   729   54104    (-,-) 
  CPU_IFD0_add_277_66_Y_CPU_IFD0_add_305_65_Y_CPU_IFD0_add_292_64_g2578/Y        -       B->Y  F     NAND2X2        1  55.7   208   354   54458    (-,-) 
  CPU_IFD0_add_277_66_Y_CPU_IFD0_add_305_65_Y_CPU_IFD0_add_292_64_g2576/Y        -       B->Y  R     NAND2X2        2 139.2   312   562   55020    (-,-) 
  CPU_IFD0_add_277_66_Y_CPU_IFD0_add_305_65_Y_CPU_IFD0_add_292_64_g2575/Y        -       A->Y  F     INVX3          1  33.4    77   174   55195    (-,-) 
  CPU_IFD0_add_277_66_Y_CPU_IFD0_add_305_65_Y_CPU_IFD0_add_292_64_g2573/Y        -       B->Y  R     OAI21X1        2 119.4   937  1227   56422    (-,-) 
  CPU_IFD0_add_277_66_Y_CPU_IFD0_add_305_65_Y_CPU_IFD0_add_292_64_g2572/Y        -       B->Y  F     NAND2X2        1  55.7   283   432   56854    (-,-) 
  CPU_IFD0_add_277_66_Y_CPU_IFD0_add_305_65_Y_CPU_IFD0_add_292_64_g2570/Y        -       B->Y  R     NAND2X2        2 119.4   281   570   57424    (-,-) 
  CPU_IFD0_add_277_66_Y_CPU_IFD0_add_305_65_Y_CPU_IFD0_add_292_64_g2569/Y        -       B->Y  F     NAND2X2        2 111.5   314   495   57918    (-,-) 
  CPU_IFD0_add_277_66_Y_CPU_IFD0_add_305_65_Y_CPU_IFD0_add_292_64_g2567/Y        -       B->Y  R     NOR2X2         2  93.9   410   708   58626    (-,-) 
  CPU_IFD0_add_277_66_Y_CPU_IFD0_add_305_65_Y_CPU_IFD0_add_292_64_g2565/Y        -       B->Y  R     AND2X1         1  57.1   270   975   59601    (-,-) 
  CPU_IFD0_add_277_66_Y_CPU_IFD0_add_305_65_Y_CPU_IFD0_add_292_64_g2562/Y        -       B->Y  F     NOR2X2         4 186.4   326   513   60114    (-,-) 
  g243869/Y                                                                      -       D->Y  R     NOR4X1         1  36.9   938  1154   61268    (-,-) 
  CPU_IFD0_add_277_66_Y_CPU_IFD0_add_305_65_Y_CPU_IFD0_add_292_64_g2555/Y        -       C->Y  F     NOR3X1         2 122.8   468   862   62130    (-,-) 
  CPU_IFD0_add_277_66_Y_CPU_IFD0_add_305_65_Y_CPU_IFD0_add_292_64_drc_bufs2743/Y -       A->Y  R     INVX2          1  56.3   166   511   62641    (-,-) 
  CPU_IFD0_add_277_66_Y_CPU_IFD0_add_305_65_Y_CPU_IFD0_add_292_64_drc_bufs2742/Y -       A->Y  F     INVX2          2  65.8   108   267   62909    (-,-) 
  CPU_IFD0_add_277_66_Y_CPU_IFD0_add_305_65_Y_CPU_IFD0_add_292_64_g2551/Y        -       C->Y  R     NOR3X1         2 113.2  1410  1702   64610    (-,-) 
  CPU_IFD0_add_277_66_Y_CPU_IFD0_add_305_65_Y_CPU_IFD0_add_292_64_g2544/Y        -       B->Y  F     NAND2X2        2 111.2   476   685   65295    (-,-) 
  CPU_IFD0_add_277_66_Y_CPU_IFD0_add_305_65_Y_CPU_IFD0_add_292_64_g2540/Y        -       B->Y  R     NOR2X2         2 114.0   475   886   66181    (-,-) 
  CPU_IFD0_add_277_66_Y_CPU_IFD0_add_305_65_Y_CPU_IFD0_add_292_64_g2536/Y        -       B->Y  F     NAND2X2        2 111.2   316   555   66736    (-,-) 
  CPU_IFD0_add_277_66_Y_CPU_IFD0_add_305_65_Y_CPU_IFD0_add_292_64_g2533/Y        -       B->Y  R     NOR2X2         2  91.9   402   701   67438    (-,-) 
  CPU_IFD0_add_277_66_Y_CPU_IFD0_add_305_65_Y_CPU_IFD0_add_292_64_g2526/Y        -       B->Y  F     AOI21X1        1  67.4   396   664   68102    (-,-) 
  g243865/Y                                                                      -       B->Y  R     XNOR2X1        1  56.9   620  1211   69313    (-,-) 
  g223223/Y                                                                      -       B->Y  F     NAND2X2        1  36.3   194   336   69648    (-,-) 
  g223204/Y                                                                      -       C->Y  R     NAND3X1        1  33.2   257   447   70095    (-,-) 
  CPU_IFD0_ProgramCounter_reg[31]/D                                              <<<     -     R     DFFRX1         1     -     -     0   70095    (-,-) 
#--------------------------------------------------------------------------------------------------------------------------------------------------------

