============================================================
  Generated by:           Genus(TM) Synthesis Solution 21.19-s055_1
  Generated on:           Dec 31 2024  01:38:25 pm
  Module:                 RISC_V_Cached
  Operating conditions:   PVT_1P8V_25C (balanced_tree)
  Wireload mode:          enclosed
  Area mode:              timing library
============================================================


Path 1: MET (8156 ps) Setup Check with Pin CPU_IFD0_ProgramCounter_reg[30]/CK->D
          Group: CLK
     Startpoint: (R) CPU_IFD0_ProgramCounter_reg[3]/CK
          Clock: (R) CLK
       Endpoint: (R) CPU_IFD0_ProgramCounter_reg[30]/D
          Clock: (R) CLK

                     Capture       Launch     
        Clock Edge:+  109000            0     
       Src Latency:+       0            0     
       Net Latency:+     200 (I)      200 (I) 
           Arrival:=  109200          200     
                                              
             Setup:-    1746                  
       Uncertainty:-     300                  
     Required Time:=  107154                  
      Launch Clock:-     200                  
         Data Path:-   98798                  
             Slack:=    8156                  

#-------------------------------------------------------------------------------------------------------------------------------------------------------
#                               Timing Point                                Flags     Arc     Edge   Cell     Fanout  Load Trans Delay Arrival Instance 
#                                                                                                                     (fF)  (ps)  (ps)   (ps)  Location 
#-------------------------------------------------------------------------------------------------------------------------------------------------------
  CPU_IFD0_ProgramCounter_reg[3]/CK                                         -       -         R     (arrival)   4047     -     0     0     200    (-,-) 
  CPU_IFD0_ProgramCounter_reg[3]/Q                                          -       CK->Q     F     DFFRX1         4 210.1  1479  4841    5041    (-,-) 
  drc_bufs250385/Y                                                          -       A->Y      F     BUFX2         10 525.8   690  2230    7271    (-,-) 
  g181766/Y                                                                 -       A->Y      R     INVX3          2 110.8   218   678    7950    (-,-) 
  g181674/Y                                                                 -       A->Y      F     NOR2X2         4 238.2   358   582    8532    (-,-) 
  g181334/Y                                                                 -       A->Y      R     NAND2X2        3 170.1   362   724    9256    (-,-) 
  g181293/Y                                                                 -       A->Y      F     INVX2         16 545.6   700  1038   10294    (-,-) 
  g180611/Y                                                                 -       A->Y      R     NAND2X1        1  56.9   329   882   11176    (-,-) 
  g179979/Y                                                                 -       B->Y      F     NAND2X2        1  31.9   144   289   11465    (-,-) 
  g250721/Y                                                                 -       C->Y      F     AO21X1         1  32.4   185  1131   12596    (-,-) 
  g250720/Y                                                                 -       C->Y      R     AOI21X1        1  36.3   473   839   13435    (-,-) 
  g179672/Y                                                                 -       D->Y      F     NAND4X1        1  32.4   534   735   14170    (-,-) 
  g250880/Y                                                                 -       C->Y      R     NOR3X1         1  56.9   842  1279   15449    (-,-) 
  g179566/Y                                                                 -       B->Y      F     NAND2X2       10 527.5  1198  1716   17165    (-,-) 
  g179546/Y                                                                 -       A->Y      R     INVX3          2  90.1   258   860   18025    (-,-) 
  g179510/Y                                                                 -       B->Y      F     NOR2X2         2 111.1   361   392   18417    (-,-) 
  g179503/Y                                                                 -       A->Y      R     INVX2          1  57.1   150   450   18866    (-,-) 
  g179435/Y                                                                 -       B->Y      F     NOR2X2         3 186.1   521   464   19331    (-,-) 
  g178882/Y                                                                 -       B->Y      R     NAND2X2        2 133.0   304   752   20082    (-,-) 
  g178755/Y                                                                 -       A->Y      F     INVX2         16 545.6   700  1012   21094    (-,-) 
  g178122/Y                                                                 -       A->Y      R     NAND2X1        1  56.9   341   882   21976    (-,-) 
  g176403/Y                                                                 -       B->Y      F     NAND2X2        1  31.9   146   291   22266    (-,-) 
  g250705/Y                                                                 -       C->Y      F     AO21X1         1  32.4   185  1132   23399    (-,-) 
  g250704/Y                                                                 -       C->Y      R     AOI21X1        1  36.3   476   839   24238    (-,-) 
  g175883/Y                                                                 -       D->Y      F     NAND4X1        1  32.4   538   736   24974    (-,-) 
  g175871/Y                                                                 -       C->Y      R     NOR3X1         1  56.9   842  1281   26255    (-,-) 
  g175729/Y                                                                 -       B->Y      F     NAND2X2        3 137.1   476   722   26977    (-,-) 
  g175506/COUT                                                              -       A->COUT   F     ADDHX1         1  32.4   155  1092   28069    (-,-) 
  g175493/Y                                                                 -       C->Y      R     AOI21X1        1  33.0   453   799   28868    (-,-) 
  g175479/Y                                                                 -       C->Y      F     AOI21X1        1  33.4   260   490   29358    (-,-) 
  g175469/Y                                                                 -       B->Y      R     OAI21X1        1  33.3   352   650   30008    (-,-) 
  g175468/Y                                                                 -       C->Y      F     OAI21X1        1  32.7   305   530   30538    (-,-) 
  g175464/Y                                                                 -       C->Y      R     OAI21X1        1  34.8   389   558   31096    (-,-) 
  g175459/Y                                                                 -       B->Y      F     AOI21X1        2  69.0   427   667   31763    (-,-) 
  g175454/Y                                                                 -       B->Y      R     AOI21X1        1  33.0   461   772   32535    (-,-) 
  g175453/Y                                                                 -       C->Y      F     AOI21X1        1  32.7   260   490   33025    (-,-) 
  g175450/Y                                                                 -       C->Y      R     OAI21X1        1  36.3   395   534   33560    (-,-) 
  g175449/Y                                                                 -       D->Y      F     NAND4X1        1  55.7   708   922   34482    (-,-) 
  g175448/Y                                                                 -       B->Y      R     NAND2X2        1  36.7   177   597   35079    (-,-) 
  g175447/Y                                                                 -       C->Y      F     NAND3X1        1  36.3   404   539   35618    (-,-) 
  g175446/Y                                                                 -       C->Y      R     NAND3X1        1  36.7   268   594   36212    (-,-) 
  g175445/Y                                                                 -       C->Y      F     NAND3X1        2  65.8   609   772   36984    (-,-) 
  g175444/Y                                                                 -       C->Y      R     NOR3X1         1  57.1   843  1326   38310    (-,-) 
  g175443/Y                                                                 -       B->Y      F     NOR2X2         2  69.7   240   376   38687    (-,-) 
  g175438/Y                                                                 -       B->Y      R     OAI21X1        1  33.3   390   638   39325    (-,-) 
  g175437/Y                                                                 -       C->Y      F     OAI21X1        1  36.3   375   557   39882    (-,-) 
  g175436/Y                                                                 -       C->Y      R     NAND3X1        1  56.9   337   659   40541    (-,-) 
  g175435/Y                                                                 -       B->Y      F     NAND2X2        1  55.7   232   366   40908    (-,-) 
  g175434/Y                                                                 -       B->Y      R     NAND2X2        2  93.6   254   485   41392    (-,-) 
  g175433/Y                                                                 -       C->Y      F     NAND3X1        2 111.2   846  1079   42471    (-,-) 
  g175432/Y                                                                 -       B->Y      R     NOR2X2         7 287.0  1057  1780   44251    (-,-) 
  g175431/Y                                                                 -       A->Y      F     INVX3          2  67.5   205   229   44480    (-,-) 
  g175426/Y                                                                 -       B->Y      R     OAI21X1        3 163.6  1236  1642   46122    (-,-) 
  CPU_IFD0_add_277_66_Y_CPU_IFD0_add_305_65_Y_CPU_IFD0_add_292_64_g840/Y    -       B->Y      F     NOR2X1         1  33.4   356   394   46516    (-,-) 
  CPU_IFD0_add_277_66_Y_CPU_IFD0_add_305_65_Y_CPU_IFD0_add_292_64_g817/Y    -       B->Y      R     OAI21X1        2 102.9   826  1254   47770    (-,-) 
  CPU_IFD0_add_277_66_Y_CPU_IFD0_add_305_65_Y_CPU_IFD0_add_292_64_g815/Y    -       C->Y      F     OAI21X1        1  55.7   478   724   48494    (-,-) 
  CPU_IFD0_add_277_66_Y_CPU_IFD0_add_305_65_Y_CPU_IFD0_add_292_64_g813/Y    -       B->Y      R     NAND2X2        2 102.9   253   656   49151    (-,-) 
  CPU_IFD0_add_277_66_Y_CPU_IFD0_add_305_65_Y_CPU_IFD0_add_292_64_g812/Y    -       C->Y      F     OAI21X1        1  55.7   536   633   49783    (-,-) 
  CPU_IFD0_add_277_66_Y_CPU_IFD0_add_305_65_Y_CPU_IFD0_add_292_64_g810/Y    -       B->Y      R     NAND2X2        2 102.9   253   691   50474    (-,-) 
  CPU_IFD0_add_277_66_Y_CPU_IFD0_add_305_65_Y_CPU_IFD0_add_292_64_g809/Y    -       C->Y      F     OAI21X1        1  55.7   536   633   51107    (-,-) 
  CPU_IFD0_add_277_66_Y_CPU_IFD0_add_305_65_Y_CPU_IFD0_add_292_64_g807/Y    -       B->Y      R     NAND2X2        2 102.9   253   691   51797    (-,-) 
  CPU_IFD0_add_277_66_Y_CPU_IFD0_add_305_65_Y_CPU_IFD0_add_292_64_g806/Y    -       C->Y      F     OAI21X1        1  55.7   478   633   52430    (-,-) 
  CPU_IFD0_add_277_66_Y_CPU_IFD0_add_305_65_Y_CPU_IFD0_add_292_64_g804/Y    -       B->Y      R     NAND2X2        2 102.9   253   656   53086    (-,-) 
  CPU_IFD0_add_277_66_Y_CPU_IFD0_add_305_65_Y_CPU_IFD0_add_292_64_g803/Y    -       C->Y      F     OAI21X1        1  55.7   478   633   53719    (-,-) 
  CPU_IFD0_add_277_66_Y_CPU_IFD0_add_305_65_Y_CPU_IFD0_add_292_64_g801/Y    -       B->Y      R     NAND2X2        2 102.9   253   656   54375    (-,-) 
  CPU_IFD0_add_277_66_Y_CPU_IFD0_add_305_65_Y_CPU_IFD0_add_292_64_g800/Y    -       C->Y      F     OAI21X1        1  55.7   400   633   55008    (-,-) 
  CPU_IFD0_add_277_66_Y_CPU_IFD0_add_305_65_Y_CPU_IFD0_add_292_64_g798/Y    -       B->Y      R     NAND2X2        2 102.9   246   608   55616    (-,-) 
  CPU_IFD0_add_277_66_Y_CPU_IFD0_add_305_65_Y_CPU_IFD0_add_292_64_g797/Y    -       C->Y      F     OAI21X1        1  55.7   400   632   56247    (-,-) 
  CPU_IFD0_add_277_66_Y_CPU_IFD0_add_305_65_Y_CPU_IFD0_add_292_64_g795/Y    -       B->Y      R     NAND2X2        2 102.9   246   608   56855    (-,-) 
  CPU_IFD0_add_277_66_Y_CPU_IFD0_add_305_65_Y_CPU_IFD0_add_292_64_g794/Y    -       C->Y      F     OAI21X1        1  55.7   478   632   57487    (-,-) 
  CPU_IFD0_add_277_66_Y_CPU_IFD0_add_305_65_Y_CPU_IFD0_add_292_64_g792/Y    -       B->Y      R     NAND2X2        2 102.9   253   656   58143    (-,-) 
  CPU_IFD0_add_277_66_Y_CPU_IFD0_add_305_65_Y_CPU_IFD0_add_292_64_g791/Y    -       C->Y      F     OAI21X1        1  55.7   478   633   58776    (-,-) 
  CPU_IFD0_add_277_66_Y_CPU_IFD0_add_305_65_Y_CPU_IFD0_add_292_64_g789/Y    -       B->Y      R     NAND2X2        2 102.9   253   656   59432    (-,-) 
  CPU_IFD0_add_277_66_Y_CPU_IFD0_add_305_65_Y_CPU_IFD0_add_292_64_g788/Y    -       C->Y      F     OAI21X1        1  55.7   536   633   60065    (-,-) 
  CPU_IFD0_add_277_66_Y_CPU_IFD0_add_305_65_Y_CPU_IFD0_add_292_64_g786/Y    -       B->Y      R     NAND2X2        2 102.9   253   691   60755    (-,-) 
  CPU_IFD0_add_277_66_Y_CPU_IFD0_add_305_65_Y_CPU_IFD0_add_292_64_g785/Y    -       C->Y      F     OAI21X1        1  55.7   536   633   61388    (-,-) 
  CPU_IFD0_add_277_66_Y_CPU_IFD0_add_305_65_Y_CPU_IFD0_add_292_64_g783/Y    -       B->Y      R     NAND2X2        2 102.9   253   691   62079    (-,-) 
  CPU_IFD0_add_277_66_Y_CPU_IFD0_add_305_65_Y_CPU_IFD0_add_292_64_g782/Y    -       C->Y      F     OAI21X1        1  55.7   536   633   62712    (-,-) 
  CPU_IFD0_add_277_66_Y_CPU_IFD0_add_305_65_Y_CPU_IFD0_add_292_64_g780/Y    -       B->Y      R     NAND2X2        2 102.9   252   691   63402    (-,-) 
  CPU_IFD0_add_277_66_Y_CPU_IFD0_add_305_65_Y_CPU_IFD0_add_292_64_g779/Y    -       C->Y      F     OAI21X1        1  55.7   420   633   64035    (-,-) 
  CPU_IFD0_add_277_66_Y_CPU_IFD0_add_305_65_Y_CPU_IFD0_add_292_64_g777/Y    -       B->Y      R     NAND2X2        2 102.9   246   620   64655    (-,-) 
  CPU_IFD0_add_277_66_Y_CPU_IFD0_add_305_65_Y_CPU_IFD0_add_292_64_g776/Y    -       C->Y      F     OAI21X1        1  55.7   421   632   65287    (-,-) 
  CPU_IFD0_add_277_66_Y_CPU_IFD0_add_305_65_Y_CPU_IFD0_add_292_64_g774/Y    -       B->Y      R     NAND2X2        2 102.9   246   621   65908    (-,-) 
  CPU_IFD0_add_277_66_Y_CPU_IFD0_add_305_65_Y_CPU_IFD0_add_292_64_g773/Y    -       C->Y      F     OAI21X1        1  55.7   536   632   66539    (-,-) 
  CPU_IFD0_add_277_66_Y_CPU_IFD0_add_305_65_Y_CPU_IFD0_add_292_64_g771/Y    -       B->Y      R     NAND2X2        2 102.9   252   691   67230    (-,-) 
  CPU_IFD0_add_277_66_Y_CPU_IFD0_add_305_65_Y_CPU_IFD0_add_292_64_g770/Y    -       C->Y      F     OAI21X1        1  55.7   478   633   67863    (-,-) 
  CPU_IFD0_add_277_66_Y_CPU_IFD0_add_305_65_Y_CPU_IFD0_add_292_64_g768/Y    -       B->Y      R     NAND2X2        2 102.9   253   656   68519    (-,-) 
  CPU_IFD0_add_277_66_Y_CPU_IFD0_add_305_65_Y_CPU_IFD0_add_292_64_g767/Y    -       C->Y      F     OAI21X1        1  55.7   478   633   69152    (-,-) 
  CPU_IFD0_add_277_66_Y_CPU_IFD0_add_305_65_Y_CPU_IFD0_add_292_64_g765/Y    -       B->Y      R     NAND2X2        2 102.9   253   656   69808    (-,-) 
  CPU_IFD0_add_277_66_Y_CPU_IFD0_add_305_65_Y_CPU_IFD0_add_292_64_g764/Y    -       C->Y      F     OAI21X1        1  55.7   420   633   70441    (-,-) 
  CPU_IFD0_add_277_66_Y_CPU_IFD0_add_305_65_Y_CPU_IFD0_add_292_64_g762/Y    -       B->Y      R     NAND2X2        1 126.3   286   672   71112    (-,-) 
  CPU_IFD0_add_277_66_Y_CPU_IFD0_add_305_65_Y_CPU_IFD0_add_292_64_g761/COUT -       CIN->COUT R     ADDFX1         1 126.3   782  2224   73336    (-,-) 
  CPU_IFD0_add_277_66_Y_CPU_IFD0_add_305_65_Y_CPU_IFD0_add_292_64_g760/COUT -       CIN->COUT R     ADDFX1         1 126.3   782  2401   75737    (-,-) 
  CPU_IFD0_add_277_66_Y_CPU_IFD0_add_305_65_Y_CPU_IFD0_add_292_64_g759/COUT -       CIN->COUT R     ADDFX1         1 126.3   782  2401   78138    (-,-) 
  CPU_IFD0_add_277_66_Y_CPU_IFD0_add_305_65_Y_CPU_IFD0_add_292_64_g758/COUT -       CIN->COUT R     ADDFX1         1 126.3   782  2401   80538    (-,-) 
  CPU_IFD0_add_277_66_Y_CPU_IFD0_add_305_65_Y_CPU_IFD0_add_292_64_g757/COUT -       CIN->COUT R     ADDFX1         1 126.3   782  2401   82939    (-,-) 
  CPU_IFD0_add_277_66_Y_CPU_IFD0_add_305_65_Y_CPU_IFD0_add_292_64_g756/COUT -       CIN->COUT R     ADDFX1         1 126.3   782  2401   85339    (-,-) 
  CPU_IFD0_add_277_66_Y_CPU_IFD0_add_305_65_Y_CPU_IFD0_add_292_64_g755/COUT -       CIN->COUT R     ADDFX1         1 126.3   782  2401   87740    (-,-) 
  CPU_IFD0_add_277_66_Y_CPU_IFD0_add_305_65_Y_CPU_IFD0_add_292_64_g754/COUT -       CIN->COUT R     ADDFX1         1 126.3   782  2401   90141    (-,-) 
  CPU_IFD0_add_277_66_Y_CPU_IFD0_add_305_65_Y_CPU_IFD0_add_292_64_g753/COUT -       CIN->COUT R     ADDFX1         1 126.3   782  2401   92541    (-,-) 
  CPU_IFD0_add_277_66_Y_CPU_IFD0_add_305_65_Y_CPU_IFD0_add_292_64_g752/COUT -       CIN->COUT R     ADDFX1         1 126.3   782  2401   94942    (-,-) 
  CPU_IFD0_add_277_66_Y_CPU_IFD0_add_305_65_Y_CPU_IFD0_add_292_64_g751/SUM  -       CIN->SUM  R     ADDFX1         1  56.9   350  3296   98238    (-,-) 
  g229723/Y                                                                 -       B->Y      F     NAND2X2        1  36.3   203   307   98545    (-,-) 
  g229601/Y                                                                 -       C->Y      R     NAND3X1        1  33.2   254   453   98998    (-,-) 
  CPU_IFD0_ProgramCounter_reg[30]/D                                         <<<     -         R     DFFRX1         1     -     -     0   98998    (-,-) 
#-------------------------------------------------------------------------------------------------------------------------------------------------------

