============================================================
  Generated by:           Genus(TM) Synthesis Solution 21.19-s055_1
  Generated on:           Dec 31 2024  02:02:54 pm
  Module:                 RISC_V_Cached
  Operating conditions:   PVT_1P8V_25C (balanced_tree)
  Wireload mode:          enclosed
  Area mode:              timing library
============================================================

                                 
  Gate   Instances      Area               Library           
-------------------------------------------------------------
ADDFX1          58    287680.000    KISTA_SOI_STDLIB2_CCS_TT 
ADDHX1           3      6720.000    KISTA_SOI_STDLIB2_CCS_TT 
AND2X1         114    109440.000    KISTA_SOI_STDLIB2_CCS_TT 
AND3X1           8     10240.000    KISTA_SOI_STDLIB2_CCS_TT 
AND4X1          40     64000.000    KISTA_SOI_STDLIB2_CCS_TT 
AO21X1          78     99840.000    KISTA_SOI_STDLIB2_CCS_TT 
AOI21X1        885    849600.000    KISTA_SOI_STDLIB2_CCS_TT 
BUFX2          158    101120.000    KISTA_SOI_STDLIB2_CCS_TT 
BUFX3            8      5120.000    KISTA_SOI_STDLIB2_CCS_TT 
DFFRX1        1486   8083840.000    KISTA_SOI_STDLIB2_CCS_TT 
DFFSX1           3     15360.000    KISTA_SOI_STDLIB2_CCS_TT 
DFFX1         2557  11046240.000    KISTA_SOI_STDLIB2_CCS_TT 
INVX1           28      8960.000    KISTA_SOI_STDLIB2_CCS_TT 
INVX2         1186    379520.000    KISTA_SOI_STDLIB2_CCS_TT 
INVX3         1201    384320.000    KISTA_SOI_STDLIB2_CCS_TT 
MX2X1          103    197760.000    KISTA_SOI_STDLIB2_CCS_TT 
NAND2X1       7450   4768000.000    KISTA_SOI_STDLIB2_CCS_TT 
NAND2X2       2351   1504640.000    KISTA_SOI_STDLIB2_CCS_TT 
NAND3X1        222    213120.000    KISTA_SOI_STDLIB2_CCS_TT 
NAND4X1       1342   1717760.000    KISTA_SOI_STDLIB2_CCS_TT 
NOR2X1         197    126080.000    KISTA_SOI_STDLIB2_CCS_TT 
NOR2X2         686    439040.000    KISTA_SOI_STDLIB2_CCS_TT 
NOR2X3         126    120960.000    KISTA_SOI_STDLIB2_CCS_TT 
NOR3X1         174    167040.000    KISTA_SOI_STDLIB2_CCS_TT 
NOR4X1         199    254720.000    KISTA_SOI_STDLIB2_CCS_TT 
OA21X1          91    116480.000    KISTA_SOI_STDLIB2_CCS_TT 
OAI21X1       4435   4257600.000    KISTA_SOI_STDLIB2_CCS_TT 
OR2X1           65     62400.000    KISTA_SOI_STDLIB2_CCS_TT 
OR3X1           14     17920.000    KISTA_SOI_STDLIB2_CCS_TT 
OR4X1           32     51200.000    KISTA_SOI_STDLIB2_CCS_TT 
XNOR2X1         50     80000.000    KISTA_SOI_STDLIB2_CCS_TT 
XOR2X1          75    120000.000    KISTA_SOI_STDLIB2_CCS_TT 
-------------------------------------------------------------
total        25425  35666720.000                             


                                             
     Type      Instances     Area     Area % 
---------------------------------------------
sequential          4046 19145440.000   53.7 
inverter            2415   772800.000    2.2 
buffer               166   106240.000    0.3 
logic              18798 15642240.000   43.9 
physical_cells         0        0.000    0.0 
---------------------------------------------
total              25425 35666720.000  100.0 

