============================================================
  Generated by:           Genus(TM) Synthesis Solution 21.19-s055_1
  Generated on:           Dec 25 2024  12:17:51 pm
  Module:                 RISC_V_Cached
  Operating conditions:   PVT_1P8V_25C (balanced_tree)
  Wireload mode:          enclosed
  Area mode:              timing library
============================================================


Path 1: MET (6778 ps) Setup Check with Pin CPU_IFD0_ProgramCounter_reg[30]/CK->D
          Group: CLK
     Startpoint: (R) i_cache_dut_control_state_reg[0]/CK
          Clock: (R) CLK
       Endpoint: (R) CPU_IFD0_ProgramCounter_reg[30]/D
          Clock: (R) CLK

                     Capture       Launch     
        Clock Edge:+  100000            0     
       Src Latency:+       0            0     
       Net Latency:+     200 (I)      200 (I) 
           Arrival:=  100200          200     
                                              
             Setup:-    1746                  
       Uncertainty:-     300                  
     Required Time:=   98154                  
      Launch Clock:-     200                  
         Data Path:-   91176                  
             Slack:=    6778                  

#-------------------------------------------------------------------------------------------------------------------------------------------------------
#                               Timing Point                                Flags     Arc     Edge   Cell     Fanout  Load Trans Delay Arrival Instance 
#                                                                                                                     (fF)  (ps)  (ps)   (ps)  Location 
#-------------------------------------------------------------------------------------------------------------------------------------------------------
  i_cache_dut_control_state_reg[0]/CK                                       -       -         R     (arrival)   4047     -     0     0     200    (-,-) 
  i_cache_dut_control_state_reg[0]/Q                                        -       CK->Q     F     DFFSX1         3 123.9  1336  4166    4366    (-,-) 
  g182362/Y                                                                 -       B->Y      R     NAND2X2       13 563.1  1028  2144    6509    (-,-) 
  g182301/Y                                                                 -       B->Y      F     NOR2X2         3 186.1   416   711    7220    (-,-) 
  g182292/Y                                                                 -       A->Y      R     INVX3          6 389.6   469   907    8127    (-,-) 
  g181957/Y                                                                 -       B->Y      F     NOR2X3        16 566.9   547   883    9010    (-,-) 
  g180888/Y                                                                 -       A->Y      R     NAND2X1        1  34.6   262   685    9695    (-,-) 
  g180480/Y                                                                 -       A->Y      R     AND4X1         1  36.7   268  1455   11150    (-,-) 
  g250904/Y                                                                 -       C->Y      F     NAND3X1        1  31.9   354   536   11686    (-,-) 
  g251102/Y                                                                 -       C->Y      F     AO21X1         1  31.9   184  1226   12912    (-,-) 
  g251101/Y                                                                 -       C->Y      F     AO21X1         1  32.4   185  1150   14062    (-,-) 
  g180200/Y                                                                 -       C->Y      R     NOR3X1         1  36.7   640   843   14905    (-,-) 
  g250890/Y                                                                 -       C->Y      F     NAND3X1        1  33.1   405   644   15549    (-,-) 
  g250889/Y                                                                 -       A->Y      F     OR3X1          7 363.4  1011  2745   18294    (-,-) 
  g180117/Y                                                                 -       A->Y      R     NAND2X2        8 598.4  1088  1987   20280    (-,-) 
  g179990/Y                                                                 -       A->Y      F     NOR2X3        14 519.2   608  1099   21380    (-,-) 
  g179894/Y                                                                 -       A->Y      R     INVX3          1  56.3   153   526   21906    (-,-) 
  g179889/Y                                                                 -       A->Y      F     INVX2          9 306.9   398   601   22508    (-,-) 
  g178067/Y                                                                 -       A->Y      R     NAND2X1        1  56.9   357   683   23191    (-,-) 
  g176970/Y                                                                 -       B->Y      F     NAND2X2        1  31.9   146   293   23484    (-,-) 
  g250886/Y                                                                 -       C->Y      F     AO21X1         1  32.4   185  1132   24616    (-,-) 
  g250885/Y                                                                 -       C->Y      R     AOI21X1        1  36.3   477   839   25455    (-,-) 
  g176443/Y                                                                 -       D->Y      F     NAND4X1        1  32.4   536   736   26191    (-,-) 
  g176410/Y                                                                 -       C->Y      R     NOR3X1         1  56.9   842  1280   27471    (-,-) 
  g176301/Y                                                                 -       B->Y      F     NAND2X2        3 142.2   486   741   28212    (-,-) 
  g176274/Y                                                                 -       A->Y      R     INVX3          2 114.0   190   576   28788    (-,-) 
  g176202/Y                                                                 -       B->Y      F     NOR2X2         3 144.6   264   421   29208    (-,-) 
  g176083/Y                                                                 -       B->Y      R     NOR2X2         2  71.2   326   588   29796    (-,-) 
  g176028/Y                                                                 -       D->Y      F     NAND4X1        1  32.6   519   693   30489    (-,-) 
  g176012/Y                                                                 -       A->Y      R     OAI21X1        1  36.3   385   844   31333    (-,-) 
  g176008/Y                                                                 -       D->Y      F     NAND4X1        1  36.3   548   744   32077    (-,-) 
  g176006/Y                                                                 -       C->Y      R     NAND3X1        1  36.3   267   680   32757    (-,-) 
  g176003/Y                                                                 -       D->Y      F     NAND4X1        1  32.7   524   676   33433    (-,-) 
  g176000/Y                                                                 -       B->Y      R     AOI21X1        1  36.9   486   859   34292    (-,-) 
  g175999/Y                                                                 -       D->Y      F     NOR4X1         1  33.4   249   437   34730    (-,-) 
  g175997/Y                                                                 -       B->Y      R     OAI21X1        2  73.4   626   964   35693    (-,-) 
  g175994/Y                                                                 -       C->Y      F     NAND3X1        1  55.7   527   819   36512    (-,-) 
  g175990/Y                                                                 -       B->Y      R     NAND2X2        2 113.6   273   710   37223    (-,-) 
  g175989/Y                                                                 -       A->Y      F     INVX3          1  32.4    71   172   37395    (-,-) 
  g175987/Y                                                                 -       C->Y      R     NOR3X1         1  35.2   622   760   38154    (-,-) 
  g175984/Y                                                                 -       B->Y      F     OAI21X1        1  34.6   349   509   38663    (-,-) 
  g175982/Y                                                                 -       A->Y      R     NAND3X1        2 113.8   529   884   39547    (-,-) 
  g175981/Y                                                                 -       B->Y      F     NAND2X2        2 111.2   325   569   40116    (-,-) 
  g175980/Y                                                                 -       B->Y      R     NOR2X2         5 196.5   751  1112   41228    (-,-) 
  g175975/Y                                                                 -       A->Y      F     NAND2X1        1  32.7   293   436   41665    (-,-) 
  g175972/Y                                                                 -       C->Y      R     OAI21X1        3 163.6  1236  1046   42711    (-,-) 
  CPU_IFD0_add_277_66_Y_CPU_IFD0_add_305_65_Y_CPU_IFD0_add_292_64_g858/Y    -       B->Y      F     NOR2X1         1  33.4   315   394   43105    (-,-) 
  CPU_IFD0_add_277_66_Y_CPU_IFD0_add_305_65_Y_CPU_IFD0_add_292_64_g825/Y    -       B->Y      R     OAI21X1        2 102.9   825  1231   44336    (-,-) 
  CPU_IFD0_add_277_66_Y_CPU_IFD0_add_305_65_Y_CPU_IFD0_add_292_64_g823/Y    -       C->Y      F     OAI21X1        1  55.7   536   724   45060    (-,-) 
  CPU_IFD0_add_277_66_Y_CPU_IFD0_add_305_65_Y_CPU_IFD0_add_292_64_g821/Y    -       B->Y      R     NAND2X2        2 102.9   252   691   45751    (-,-) 
  CPU_IFD0_add_277_66_Y_CPU_IFD0_add_305_65_Y_CPU_IFD0_add_292_64_g820/Y    -       C->Y      F     OAI21X1        1  55.7   536   633   46384    (-,-) 
  CPU_IFD0_add_277_66_Y_CPU_IFD0_add_305_65_Y_CPU_IFD0_add_292_64_g818/Y    -       B->Y      R     NAND2X2        2 102.9   253   691   47074    (-,-) 
  CPU_IFD0_add_277_66_Y_CPU_IFD0_add_305_65_Y_CPU_IFD0_add_292_64_g817/Y    -       C->Y      F     OAI21X1        1  55.7   536   633   47707    (-,-) 
  CPU_IFD0_add_277_66_Y_CPU_IFD0_add_305_65_Y_CPU_IFD0_add_292_64_g815/Y    -       B->Y      R     NAND2X2        2 102.9   252   691   48398    (-,-) 
  CPU_IFD0_add_277_66_Y_CPU_IFD0_add_305_65_Y_CPU_IFD0_add_292_64_g814/Y    -       C->Y      F     OAI21X1        1  55.7   478   633   49030    (-,-) 
  CPU_IFD0_add_277_66_Y_CPU_IFD0_add_305_65_Y_CPU_IFD0_add_292_64_g812/Y    -       B->Y      R     NAND2X2        2 102.9   253   656   49687    (-,-) 
  CPU_IFD0_add_277_66_Y_CPU_IFD0_add_305_65_Y_CPU_IFD0_add_292_64_g811/Y    -       C->Y      F     OAI21X1        1  55.7   478   633   50319    (-,-) 
  CPU_IFD0_add_277_66_Y_CPU_IFD0_add_305_65_Y_CPU_IFD0_add_292_64_g809/Y    -       B->Y      R     NAND2X2        2 102.9   253   656   50976    (-,-) 
  CPU_IFD0_add_277_66_Y_CPU_IFD0_add_305_65_Y_CPU_IFD0_add_292_64_g808/Y    -       C->Y      F     OAI21X1        1  55.7   400   633   51608    (-,-) 
  CPU_IFD0_add_277_66_Y_CPU_IFD0_add_305_65_Y_CPU_IFD0_add_292_64_g806/Y    -       B->Y      R     NAND2X2        2 102.9   246   608   52216    (-,-) 
  CPU_IFD0_add_277_66_Y_CPU_IFD0_add_305_65_Y_CPU_IFD0_add_292_64_g805/Y    -       C->Y      F     OAI21X1        1  55.7   400   632   52848    (-,-) 
  CPU_IFD0_add_277_66_Y_CPU_IFD0_add_305_65_Y_CPU_IFD0_add_292_64_g803/Y    -       B->Y      R     NAND2X2        2 102.9   246   608   53455    (-,-) 
  CPU_IFD0_add_277_66_Y_CPU_IFD0_add_305_65_Y_CPU_IFD0_add_292_64_g802/Y    -       C->Y      F     OAI21X1        1  55.7   478   632   54087    (-,-) 
  CPU_IFD0_add_277_66_Y_CPU_IFD0_add_305_65_Y_CPU_IFD0_add_292_64_g800/Y    -       B->Y      R     NAND2X2        2 102.9   253   656   54743    (-,-) 
  CPU_IFD0_add_277_66_Y_CPU_IFD0_add_305_65_Y_CPU_IFD0_add_292_64_g799/Y    -       C->Y      F     OAI21X1        1  55.7   419   633   55376    (-,-) 
  CPU_IFD0_add_277_66_Y_CPU_IFD0_add_305_65_Y_CPU_IFD0_add_292_64_g797/Y    -       B->Y      R     NAND2X2        2 102.9   246   620   55996    (-,-) 
  CPU_IFD0_add_277_66_Y_CPU_IFD0_add_305_65_Y_CPU_IFD0_add_292_64_g796/Y    -       C->Y      F     OAI21X1        1  55.7   421   632   56627    (-,-) 
  CPU_IFD0_add_277_66_Y_CPU_IFD0_add_305_65_Y_CPU_IFD0_add_292_64_g794/Y    -       B->Y      R     NAND2X2        2 102.9   246   621   57248    (-,-) 
  CPU_IFD0_add_277_66_Y_CPU_IFD0_add_305_65_Y_CPU_IFD0_add_292_64_g793/Y    -       C->Y      F     OAI21X1        1  55.7   536   632   57880    (-,-) 
  CPU_IFD0_add_277_66_Y_CPU_IFD0_add_305_65_Y_CPU_IFD0_add_292_64_g791/Y    -       B->Y      R     NAND2X2        2 102.9   252   691   58570    (-,-) 
  CPU_IFD0_add_277_66_Y_CPU_IFD0_add_305_65_Y_CPU_IFD0_add_292_64_g790/Y    -       C->Y      F     OAI21X1        1  55.7   536   633   59203    (-,-) 
  CPU_IFD0_add_277_66_Y_CPU_IFD0_add_305_65_Y_CPU_IFD0_add_292_64_g788/Y    -       B->Y      R     NAND2X2        2 102.9   252   691   59894    (-,-) 
  CPU_IFD0_add_277_66_Y_CPU_IFD0_add_305_65_Y_CPU_IFD0_add_292_64_g787/Y    -       C->Y      F     OAI21X1        1  55.7   536   633   60526    (-,-) 
  CPU_IFD0_add_277_66_Y_CPU_IFD0_add_305_65_Y_CPU_IFD0_add_292_64_g785/Y    -       B->Y      R     NAND2X2        2 102.9   252   691   61217    (-,-) 
  CPU_IFD0_add_277_66_Y_CPU_IFD0_add_305_65_Y_CPU_IFD0_add_292_64_g784/Y    -       C->Y      F     OAI21X1        1  55.7   536   633   61850    (-,-) 
  CPU_IFD0_add_277_66_Y_CPU_IFD0_add_305_65_Y_CPU_IFD0_add_292_64_g782/Y    -       B->Y      R     NAND2X2        2 102.9   252   691   62541    (-,-) 
  CPU_IFD0_add_277_66_Y_CPU_IFD0_add_305_65_Y_CPU_IFD0_add_292_64_g781/Y    -       C->Y      F     OAI21X1        1  55.7   536   633   63173    (-,-) 
  CPU_IFD0_add_277_66_Y_CPU_IFD0_add_305_65_Y_CPU_IFD0_add_292_64_g779/Y    -       B->Y      R     NAND2X2        2 102.9   253   691   63864    (-,-) 
  CPU_IFD0_add_277_66_Y_CPU_IFD0_add_305_65_Y_CPU_IFD0_add_292_64_g778/Y    -       C->Y      F     OAI21X1        1  55.7   536   633   64497    (-,-) 
  CPU_IFD0_add_277_66_Y_CPU_IFD0_add_305_65_Y_CPU_IFD0_add_292_64_g776/Y    -       B->Y      R     NAND2X2        2 102.9   253   691   65187    (-,-) 
  CPU_IFD0_add_277_66_Y_CPU_IFD0_add_305_65_Y_CPU_IFD0_add_292_64_g775/Y    -       C->Y      F     OAI21X1        1  55.7   536   633   65820    (-,-) 
  CPU_IFD0_add_277_66_Y_CPU_IFD0_add_305_65_Y_CPU_IFD0_add_292_64_g773/Y    -       B->Y      R     NAND2X2        2 102.9   253   691   66511    (-,-) 
  CPU_IFD0_add_277_66_Y_CPU_IFD0_add_305_65_Y_CPU_IFD0_add_292_64_g772/Y    -       C->Y      F     OAI21X1        1  55.7   536   633   67144    (-,-) 
  CPU_IFD0_add_277_66_Y_CPU_IFD0_add_305_65_Y_CPU_IFD0_add_292_64_g770/Y    -       B->Y      R     NAND2X2        2 102.9   252   691   67834    (-,-) 
  CPU_IFD0_add_277_66_Y_CPU_IFD0_add_305_65_Y_CPU_IFD0_add_292_64_g769/Y    -       C->Y      F     OAI21X1        1  55.7   502   633   68467    (-,-) 
  CPU_IFD0_add_277_66_Y_CPU_IFD0_add_305_65_Y_CPU_IFD0_add_292_64_g767/Y    -       B->Y      R     NAND2X2        2 102.9   251   672   69138    (-,-) 
  CPU_IFD0_add_277_66_Y_CPU_IFD0_add_305_65_Y_CPU_IFD0_add_292_64_g766/Y    -       C->Y      F     OAI21X1        1  55.7   502   632   69771    (-,-) 
  CPU_IFD0_add_277_66_Y_CPU_IFD0_add_305_65_Y_CPU_IFD0_add_292_64_g764/Y    -       B->Y      R     NAND2X2        2 102.9   253   672   70442    (-,-) 
  CPU_IFD0_add_277_66_Y_CPU_IFD0_add_305_65_Y_CPU_IFD0_add_292_64_g763/Y    -       C->Y      F     OAI21X1        1  55.7   502   633   71075    (-,-) 
  CPU_IFD0_add_277_66_Y_CPU_IFD0_add_305_65_Y_CPU_IFD0_add_292_64_g761/Y    -       B->Y      R     NAND2X2        2 102.9   251   672   71747    (-,-) 
  CPU_IFD0_add_277_66_Y_CPU_IFD0_add_305_65_Y_CPU_IFD0_add_292_64_g760/Y    -       C->Y      F     OAI21X1        1  55.7   502   632   72379    (-,-) 
  CPU_IFD0_add_277_66_Y_CPU_IFD0_add_305_65_Y_CPU_IFD0_add_292_64_g758/Y    -       B->Y      R     NAND2X2        1 126.3   288   724   73103    (-,-) 
  CPU_IFD0_add_277_66_Y_CPU_IFD0_add_305_65_Y_CPU_IFD0_add_292_64_g757/COUT -       CIN->COUT R     ADDFX1         1 126.3   782  2224   75328    (-,-) 
  CPU_IFD0_add_277_66_Y_CPU_IFD0_add_305_65_Y_CPU_IFD0_add_292_64_g756/COUT -       CIN->COUT R     ADDFX1         1 126.3   782  2401   77729    (-,-) 
  CPU_IFD0_add_277_66_Y_CPU_IFD0_add_305_65_Y_CPU_IFD0_add_292_64_g755/COUT -       CIN->COUT R     ADDFX1         1 126.3   782  2401   80130    (-,-) 
  CPU_IFD0_add_277_66_Y_CPU_IFD0_add_305_65_Y_CPU_IFD0_add_292_64_g754/COUT -       CIN->COUT R     ADDFX1         1 126.3   782  2401   82530    (-,-) 
  CPU_IFD0_add_277_66_Y_CPU_IFD0_add_305_65_Y_CPU_IFD0_add_292_64_g753/COUT -       CIN->COUT R     ADDFX1         1 126.3   782  2401   84931    (-,-) 
  CPU_IFD0_add_277_66_Y_CPU_IFD0_add_305_65_Y_CPU_IFD0_add_292_64_g752/COUT -       CIN->COUT R     ADDFX1         1 126.3   782  2401   87332    (-,-) 
  CPU_IFD0_add_277_66_Y_CPU_IFD0_add_305_65_Y_CPU_IFD0_add_292_64_g751/SUM  -       CIN->SUM  R     ADDFX1         1  56.9   349  3296   90628    (-,-) 
  g229860/Y                                                                 -       B->Y      F     NAND2X2        1  36.3   186   307   90934    (-,-) 
  g229793/Y                                                                 -       C->Y      R     NAND3X1        1  33.2   254   442   91376    (-,-) 
  CPU_IFD0_ProgramCounter_reg[30]/D                                         <<<     -         R     DFFRX1         1     -     -     0   91376    (-,-) 
#-------------------------------------------------------------------------------------------------------------------------------------------------------

