============================================================
  Generated by:           Genus(TM) Synthesis Solution 21.19-s055_1
  Generated on:           Jan 02 2025  03:43:32 am
  Module:                 RISC_V_Cached
  Operating conditions:   PVT_1P8V_25C (balanced_tree)
  Wireload mode:          enclosed
  Area mode:              timing library
============================================================

                                 
  Gate   Instances      Area               Library           
-------------------------------------------------------------
AND2X1          67     64320.000    KISTA_SOI_STDLIB2_CCS_TT 
AND3X1          16     20480.000    KISTA_SOI_STDLIB2_CCS_TT 
AND4X1          60     96000.000    KISTA_SOI_STDLIB2_CCS_TT 
AO21X1          52     66560.000    KISTA_SOI_STDLIB2_CCS_TT 
AOI21X1        822    789120.000    KISTA_SOI_STDLIB2_CCS_TT 
BUFX2         1021    653440.000    KISTA_SOI_STDLIB2_CCS_TT 
BUFX3          149     95360.000    KISTA_SOI_STDLIB2_CCS_TT 
BUFX4           77     61600.000    KISTA_SOI_STDLIB2_CCS_TT 
BUFX9           75     72000.000    KISTA_SOI_STDLIB2_CCS_TT 
DFFRX1        1483   8067520.000    KISTA_SOI_STDLIB2_CCS_TT 
DFFSX1           3     15360.000    KISTA_SOI_STDLIB2_CCS_TT 
DFFX1         2594  11206080.000    KISTA_SOI_STDLIB2_CCS_TT 
INVX1          146     46720.000    KISTA_SOI_STDLIB2_CCS_TT 
INVX2         1919    614080.000    KISTA_SOI_STDLIB2_CCS_TT 
INVX3         1969    630080.000    KISTA_SOI_STDLIB2_CCS_TT 
INVX4          153     73440.000    KISTA_SOI_STDLIB2_CCS_TT 
MX2X1            7     13440.000    KISTA_SOI_STDLIB2_CCS_TT 
NAND2X1       7172   4590080.000    KISTA_SOI_STDLIB2_CCS_TT 
NAND2X2       4679   2994560.000    KISTA_SOI_STDLIB2_CCS_TT 
NAND2X3        237    227520.000    KISTA_SOI_STDLIB2_CCS_TT 
NAND3X1        234    224640.000    KISTA_SOI_STDLIB2_CCS_TT 
NAND4X1        742    949760.000    KISTA_SOI_STDLIB2_CCS_TT 
NOR2X1         333    213120.000    KISTA_SOI_STDLIB2_CCS_TT 
NOR2X2        2045   1308800.000    KISTA_SOI_STDLIB2_CCS_TT 
NOR2X3         209    200640.000    KISTA_SOI_STDLIB2_CCS_TT 
NOR3X1         115    110400.000    KISTA_SOI_STDLIB2_CCS_TT 
NOR4X1         104    133120.000    KISTA_SOI_STDLIB2_CCS_TT 
OA21X1          46     58880.000    KISTA_SOI_STDLIB2_CCS_TT 
OAI21X1       4427   4249920.000    KISTA_SOI_STDLIB2_CCS_TT 
OR2X1           19     18240.000    KISTA_SOI_STDLIB2_CCS_TT 
OR3X1            5      6400.000    KISTA_SOI_STDLIB2_CCS_TT 
OR4X1           16     25600.000    KISTA_SOI_STDLIB2_CCS_TT 
XNOR2X1        165    264000.000    KISTA_SOI_STDLIB2_CCS_TT 
XOR2X1          72    115200.000    KISTA_SOI_STDLIB2_CCS_TT 
-------------------------------------------------------------
total        31233  38276480.000                             


                                             
     Type      Instances     Area     Area % 
---------------------------------------------
sequential          4080 19288960.000   50.4 
inverter            4187  1364320.000    3.6 
buffer              1322   882400.000    2.3 
logic              21644 16740800.000   43.7 
physical_cells         0        0.000    0.0 
---------------------------------------------
total              31233 38276480.000  100.0 

