============================================================
  Generated by:           Genus(TM) Synthesis Solution 21.19-s055_1
  Generated on:           Dec 25 2024  12:17:52 pm
  Module:                 RISC_V_Cached
  Operating conditions:   PVT_1P8V_25C (balanced_tree)
  Wireload mode:          enclosed
  Area mode:              timing library
============================================================

                                 
  Gate   Instances      Area               Library           
-------------------------------------------------------------
ADDFX1          30    148800.000    KISTA_SOI_STDLIB2_CCS_TT 
ADDHX1           3      6720.000    KISTA_SOI_STDLIB2_CCS_TT 
AND2X1         111    106560.000    KISTA_SOI_STDLIB2_CCS_TT 
AND3X1           6      7680.000    KISTA_SOI_STDLIB2_CCS_TT 
AND4X1          62     99200.000    KISTA_SOI_STDLIB2_CCS_TT 
AO21X1         107    136960.000    KISTA_SOI_STDLIB2_CCS_TT 
AOI21X1        833    799680.000    KISTA_SOI_STDLIB2_CCS_TT 
BUFX2          205    131200.000    KISTA_SOI_STDLIB2_CCS_TT 
BUFX3            6      3840.000    KISTA_SOI_STDLIB2_CCS_TT 
DFFRX1        1486   8083840.000    KISTA_SOI_STDLIB2_CCS_TT 
DFFSX1           3     15360.000    KISTA_SOI_STDLIB2_CCS_TT 
DFFX1         2557  11046240.000    KISTA_SOI_STDLIB2_CCS_TT 
INVX1           11      3520.000    KISTA_SOI_STDLIB2_CCS_TT 
INVX2         1033    330560.000    KISTA_SOI_STDLIB2_CCS_TT 
INVX3         1202    384640.000    KISTA_SOI_STDLIB2_CCS_TT 
MX2X1          111    213120.000    KISTA_SOI_STDLIB2_CCS_TT 
NAND2X1       7499   4799360.000    KISTA_SOI_STDLIB2_CCS_TT 
NAND2X2       2465   1577600.000    KISTA_SOI_STDLIB2_CCS_TT 
NAND3X1        268    257280.000    KISTA_SOI_STDLIB2_CCS_TT 
NAND4X1       1282   1640960.000    KISTA_SOI_STDLIB2_CCS_TT 
NOR2X1         186    119040.000    KISTA_SOI_STDLIB2_CCS_TT 
NOR2X2         582    372480.000    KISTA_SOI_STDLIB2_CCS_TT 
NOR2X3         139    133440.000    KISTA_SOI_STDLIB2_CCS_TT 
NOR3X1         173    166080.000    KISTA_SOI_STDLIB2_CCS_TT 
NOR4X1         269    344320.000    KISTA_SOI_STDLIB2_CCS_TT 
OA21X1          95    121600.000    KISTA_SOI_STDLIB2_CCS_TT 
OAI21X1       4407   4230720.000    KISTA_SOI_STDLIB2_CCS_TT 
OR2X1           63     60480.000    KISTA_SOI_STDLIB2_CCS_TT 
OR3X1           19     24320.000    KISTA_SOI_STDLIB2_CCS_TT 
OR4X1           17     27200.000    KISTA_SOI_STDLIB2_CCS_TT 
XNOR2X1         50     80000.000    KISTA_SOI_STDLIB2_CCS_TT 
XOR2X1         122    195200.000    KISTA_SOI_STDLIB2_CCS_TT 
-------------------------------------------------------------
total        25402  35668000.000                             


                                             
     Type      Instances     Area     Area % 
---------------------------------------------
sequential          4046 19145440.000   53.7 
inverter            2246   718720.000    2.0 
buffer               211   135040.000    0.4 
logic              18899 15668800.000   43.9 
physical_cells         0        0.000    0.0 
---------------------------------------------
total              25402 35668000.000  100.0 

