============================================================
  Generated by:           Genus(TM) Synthesis Solution 21.19-s055_1
  Generated on:           Dec 31 2024  08:04:19 am
  Module:                 RISC_V_Cached
  Operating conditions:   PVT_1P8V_25C (balanced_tree)
  Wireload mode:          enclosed
  Area mode:              timing library
============================================================


Path 1: MET (15626 ps) Setup Check with Pin CPU_IFD0_ProgramCounter_reg[31]/CK->D
          Group: CLK
     Startpoint: (R) i_cache_dut_control_state_reg[1]/CK
          Clock: (R) CLK
       Endpoint: (R) CPU_IFD0_ProgramCounter_reg[31]/D
          Clock: (R) CLK

                     Capture       Launch     
        Clock Edge:+  136000            0     
       Src Latency:+       0            0     
       Net Latency:+     200 (I)      200 (I) 
           Arrival:=  136200          200     
                                              
             Setup:-    1747                  
       Uncertainty:-     300                  
     Required Time:=  134153                  
      Launch Clock:-     200                  
         Data Path:-  118327                  
             Slack:=   15626                  

#-------------------------------------------------------------------------------------------------------------------------------------------------------
#                               Timing Point                                Flags     Arc     Edge   Cell     Fanout  Load Trans Delay Arrival Instance 
#                                                                                                                     (fF)  (ps)  (ps)   (ps)  Location 
#-------------------------------------------------------------------------------------------------------------------------------------------------------
  i_cache_dut_control_state_reg[1]/CK                                       -       -         R     (arrival)   4047     -     0     0     200    (-,-) 
  i_cache_dut_control_state_reg[1]/Q                                        -       CK->Q     F     DFFRX1         4 195.4  1401  4678    4878    (-,-) 
  g248731/Y                                                                 -       A->Y      R     INVX3          4 158.4   369  1134    6012    (-,-) 
  g186973/Y                                                                 -       A->Y      F     NAND2X2       12 561.3  1273  1609    7621    (-,-) 
  g102813/Y                                                                 -       A->Y      R     INVX3          5 343.5   520  1411    9032    (-,-) 
  g186913/Y                                                                 -       C->Y      F     NAND3X1        3 164.3  1176  1529   10561    (-,-) 
  g186456/Y                                                                 -       B->Y      R     NOR2X2         8 300.6  1102  2045   12606    (-,-) 
  g186271/Y                                                                 -       A->Y      F     INVX2          2 110.8   329   472   13078    (-,-) 
  g186269/Y                                                                 -       A->Y      R     INVX2         15 523.5   918  1331   14409    (-,-) 
  g185610/Y                                                                 -       A->Y      F     NAND2X1        1  36.3   331   460   14869    (-,-) 
  g184865/Y                                                                 -       D->Y      R     NAND4X1        1  57.1   376   651   15520    (-,-) 
  g184705/Y                                                                 -       B->Y      F     NOR2X2         1  34.9   151   263   15782    (-,-) 
  g251117/Y                                                                 -       B->Y      F     AND3X1         4 241.9   648  1410   17192    (-,-) 
  g184576/Y                                                                 -       A->Y      R     INVX3          8 409.0   500  1090   18281    (-,-) 
  g184524/Y                                                                 -       A->Y      F     NAND2X2        2 111.6   413   532   18814    (-,-) 
  g184439/Y                                                                 -       B->Y      R     NOR2X2         2 133.6   543   923   19737    (-,-) 
  g184385/Y                                                                 -       B->Y      F     NAND2X2       12 464.1  1059  1448   21184    (-,-) 
  g184190/Y                                                                 -       A->Y      R     INVX3         10 393.0   531  1342   22526    (-,-) 
  g182627/Y                                                                 -       B->Y      F     NAND2X2        1  35.2   257   327   22853    (-,-) 
  g180795/Y                                                                 -       C->Y      R     NAND4X1        1  35.6   303   532   23385    (-,-) 
  g180458/Y                                                                 -       B->Y      F     NOR3X1         1  36.3   217   417   23802    (-,-) 
  g180451/Y                                                                 -       D->Y      R     NAND4X1        1  36.8   307   496   24297    (-,-) 
  g187278/Y                                                                 -       C->Y      R     OR3X1          3 125.1   483  1083   25380    (-,-) 
  drc_bufs187161/Y                                                          -       A->Y      F     INVX2          2  86.6   190   364   25745    (-,-) 
  g180306/Y                                                                 -       A->Y      R     NOR2X2         3 103.0   536   769   26514    (-,-) 
  g180217/Y                                                                 -       B->Y      R     AO21X1         1  33.3   201   935   27448    (-,-) 
  g180198/Y                                                                 -       C->Y      F     OAI21X1        1  33.4   392   508   27956    (-,-) 
  g180181/Y                                                                 -       B->Y      R     OAI21X1        2  92.1   752  1191   29147    (-,-) 
  g180174/Y                                                                 -       B->Y      F     OAI21X1        1  36.3   346   540   29687    (-,-) 
  g180171/Y                                                                 -       C->Y      R     NAND3X1        2  91.7   453   775   30462    (-,-) 
  g180166/Y                                                                 -       B->Y      F     AOI21X1        1  32.4   305   493   30955    (-,-) 
  g180165/Y                                                                 -       C->Y      R     AOI21X1        1  37.1   478   902   31856    (-,-) 
  g251110/Y                                                                 -       B->Y      F     NOR2X1         1  32.6   212   374   32230    (-,-) 
  g251109/Y                                                                 -       A->Y      R     OAI21X1        1  34.8   362   707   32937    (-,-) 
  g180162/Y                                                                 -       B->Y      F     AOI21X1        1  33.4   266   472   33409    (-,-) 
  g180161/Y                                                                 -       B->Y      R     OAI21X1        1  34.8   363   666   34076    (-,-) 
  g180160/Y                                                                 -       B->Y      F     AOI21X1        1  32.4   251   467   34543    (-,-) 
  g180159/Y                                                                 -       C->Y      R     NOR3X1         2  70.0   973  1272   35815    (-,-) 
  g180157/Y                                                                 -       B->Y      F     AOI21X1        1  33.4   359   565   36380    (-,-) 
  g180156/Y                                                                 -       B->Y      R     OAI21X1        1  36.9   381   738   37117    (-,-) 
  g180155/Y                                                                 -       D->Y      F     NOR4X1         1  33.4   260   406   37524    (-,-) 
  g180154/Y                                                                 -       B->Y      R     OAI21X1        1  56.9   515   840   38364    (-,-) 
  g180153/Y                                                                 -       B->Y      F     NAND2X2        2  65.4   252   432   38796    (-,-) 
  g180152/Y                                                                 -       B->Y      R     AOI21X1        1  33.3   452   672   39468    (-,-) 
  g180148/Y                                                                 -       C->Y      F     OAI21X1        2  67.3   443   730   40197    (-,-) 
  g251088/Y                                                                 -       A->Y      F     MX2X1          1  33.4   180  1212   41409    (-,-) 
  g180143/Y                                                                 -       B->Y      R     OAI21X1        1  35.2   414   619   42028    (-,-) 
  g180142/Y                                                                 -       B->Y      F     OAI21X1        1  32.7   324   456   42484    (-,-) 
  g180141/Y                                                                 -       C->Y      R     OAI21X1        2  93.6   762   800   43284    (-,-) 
  g180140/Y                                                                 -       C->Y      F     NAND3X1        2 111.2   867  1245   44529    (-,-) 
  g180139/Y                                                                 -       B->Y      R     NOR2X2         7 353.0  1278  2044   46572    (-,-) 
  g180138/Y                                                                 -       A->Y      F     INVX3          2  67.5   229   214   46786    (-,-) 
  g180137/Y                                                                 -       A->Y      R     NAND2X1        1  33.3   208   476   47262    (-,-) 
  g180130/Y                                                                 -       C->Y      F     OAI21X1        3 147.4   779  1077   48339    (-,-) 
  CPU_IFD0_add_277_66_Y_CPU_IFD0_add_305_65_Y_CPU_IFD0_add_292_64_g794/Y    -       B->Y      R     NOR2X2         1  57.1   336   848   49187    (-,-) 
  CPU_IFD0_add_277_66_Y_CPU_IFD0_add_305_65_Y_CPU_IFD0_add_292_64_g787/Y    -       B->Y      F     NOR2X2         1  32.4   142   253   49440    (-,-) 
  CPU_IFD0_add_277_66_Y_CPU_IFD0_add_305_65_Y_CPU_IFD0_add_292_64_g785/Y    -       C->Y      R     AOI21X1        2  97.7   893  1295   50735    (-,-) 
  CPU_IFD0_add_277_66_Y_CPU_IFD0_add_305_65_Y_CPU_IFD0_add_292_64_g783/Y    -       B->Y      F     OAI21X1        2  91.6   546   897   51632    (-,-) 
  CPU_IFD0_add_277_66_Y_CPU_IFD0_add_305_65_Y_CPU_IFD0_add_292_64_g782/Y    -       C->Y      R     OAI21X1        1  56.9   539   811   52443    (-,-) 
  CPU_IFD0_add_277_66_Y_CPU_IFD0_add_305_65_Y_CPU_IFD0_add_292_64_g780/Y    -       B->Y      F     NAND2X2        2  91.6   291   513   52956    (-,-) 
  CPU_IFD0_add_277_66_Y_CPU_IFD0_add_305_65_Y_CPU_IFD0_add_292_64_g779/Y    -       C->Y      R     OAI21X1        1  56.9   539   637   53593    (-,-) 
  CPU_IFD0_add_277_66_Y_CPU_IFD0_add_305_65_Y_CPU_IFD0_add_292_64_g777/Y    -       B->Y      F     NAND2X2        1 116.3   336   587   54180    (-,-) 
  CPU_IFD0_add_277_66_Y_CPU_IFD0_add_305_65_Y_CPU_IFD0_add_292_64_g776/COUT -       CIN->COUT F     ADDFX1         1 116.3   586  2265   56445    (-,-) 
  CPU_IFD0_add_277_66_Y_CPU_IFD0_add_305_65_Y_CPU_IFD0_add_292_64_g775/COUT -       CIN->COUT F     ADDFX1         1 116.3   587  2411   58856    (-,-) 
  CPU_IFD0_add_277_66_Y_CPU_IFD0_add_305_65_Y_CPU_IFD0_add_292_64_g774/COUT -       CIN->COUT F     ADDFX1         1 116.3   586  2412   61268    (-,-) 
  CPU_IFD0_add_277_66_Y_CPU_IFD0_add_305_65_Y_CPU_IFD0_add_292_64_g773/COUT -       CIN->COUT F     ADDFX1         1 116.3   586  2411   63679    (-,-) 
  CPU_IFD0_add_277_66_Y_CPU_IFD0_add_305_65_Y_CPU_IFD0_add_292_64_g772/COUT -       CIN->COUT F     ADDFX1         1 116.3   586  2411   66090    (-,-) 
  CPU_IFD0_add_277_66_Y_CPU_IFD0_add_305_65_Y_CPU_IFD0_add_292_64_g771/COUT -       CIN->COUT F     ADDFX1         1 116.3   586  2411   68502    (-,-) 
  CPU_IFD0_add_277_66_Y_CPU_IFD0_add_305_65_Y_CPU_IFD0_add_292_64_g770/COUT -       CIN->COUT F     ADDFX1         1 116.3   586  2411   70913    (-,-) 
  CPU_IFD0_add_277_66_Y_CPU_IFD0_add_305_65_Y_CPU_IFD0_add_292_64_g769/COUT -       CIN->COUT F     ADDFX1         1 116.3   586  2411   73324    (-,-) 
  CPU_IFD0_add_277_66_Y_CPU_IFD0_add_305_65_Y_CPU_IFD0_add_292_64_g768/COUT -       CIN->COUT F     ADDFX1         1 116.3   586  2411   75735    (-,-) 
  CPU_IFD0_add_277_66_Y_CPU_IFD0_add_305_65_Y_CPU_IFD0_add_292_64_g767/COUT -       CIN->COUT F     ADDFX1         1 116.3   586  2411   78147    (-,-) 
  CPU_IFD0_add_277_66_Y_CPU_IFD0_add_305_65_Y_CPU_IFD0_add_292_64_g766/COUT -       CIN->COUT F     ADDFX1         1 116.3   586  2411   80558    (-,-) 
  CPU_IFD0_add_277_66_Y_CPU_IFD0_add_305_65_Y_CPU_IFD0_add_292_64_g765/COUT -       CIN->COUT F     ADDFX1         1 116.3   586  2411   82969    (-,-) 
  CPU_IFD0_add_277_66_Y_CPU_IFD0_add_305_65_Y_CPU_IFD0_add_292_64_g764/COUT -       CIN->COUT F     ADDFX1         1 116.3   586  2411   85380    (-,-) 
  CPU_IFD0_add_277_66_Y_CPU_IFD0_add_305_65_Y_CPU_IFD0_add_292_64_g763/COUT -       CIN->COUT F     ADDFX1         1 116.3   586  2411   87792    (-,-) 
  CPU_IFD0_add_277_66_Y_CPU_IFD0_add_305_65_Y_CPU_IFD0_add_292_64_g762/COUT -       CIN->COUT F     ADDFX1         1 116.3   586  2411   90203    (-,-) 
  CPU_IFD0_add_277_66_Y_CPU_IFD0_add_305_65_Y_CPU_IFD0_add_292_64_g761/COUT -       CIN->COUT F     ADDFX1         1 116.3   586  2411   92614    (-,-) 
  CPU_IFD0_add_277_66_Y_CPU_IFD0_add_305_65_Y_CPU_IFD0_add_292_64_g760/COUT -       CIN->COUT F     ADDFX1         1 116.3   586  2411   95026    (-,-) 
  CPU_IFD0_add_277_66_Y_CPU_IFD0_add_305_65_Y_CPU_IFD0_add_292_64_g759/COUT -       CIN->COUT F     ADDFX1         1 116.3   586  2411   97437    (-,-) 
  CPU_IFD0_add_277_66_Y_CPU_IFD0_add_305_65_Y_CPU_IFD0_add_292_64_g758/COUT -       CIN->COUT F     ADDFX1         1 116.3   586  2411   99848    (-,-) 
  CPU_IFD0_add_277_66_Y_CPU_IFD0_add_305_65_Y_CPU_IFD0_add_292_64_g757/COUT -       CIN->COUT F     ADDFX1         1 116.3   586  2411  102260    (-,-) 
  CPU_IFD0_add_277_66_Y_CPU_IFD0_add_305_65_Y_CPU_IFD0_add_292_64_g756/COUT -       CIN->COUT F     ADDFX1         1 116.3   586  2411  104671    (-,-) 
  CPU_IFD0_add_277_66_Y_CPU_IFD0_add_305_65_Y_CPU_IFD0_add_292_64_g755/COUT -       CIN->COUT F     ADDFX1         1 116.3   586  2411  107082    (-,-) 
  CPU_IFD0_add_277_66_Y_CPU_IFD0_add_305_65_Y_CPU_IFD0_add_292_64_g754/COUT -       CIN->COUT F     ADDFX1         1 116.3   586  2411  109493    (-,-) 
  CPU_IFD0_add_277_66_Y_CPU_IFD0_add_305_65_Y_CPU_IFD0_add_292_64_g753/COUT -       CIN->COUT F     ADDFX1         1 116.3   586  2411  111904    (-,-) 
  CPU_IFD0_add_277_66_Y_CPU_IFD0_add_305_65_Y_CPU_IFD0_add_292_64_g752/COUT -       CIN->COUT F     ADDFX1         1 116.3   586  2411  114316    (-,-) 
  CPU_IFD0_add_277_66_Y_CPU_IFD0_add_305_65_Y_CPU_IFD0_add_292_64_g751/COUT -       CIN->COUT F     ADDFX1         1  67.4   461  2183  116498    (-,-) 
  CPU_IFD0_add_277_66_Y_CPU_IFD0_add_305_65_Y_CPU_IFD0_add_292_64_g750/Y    -       B->Y      R     XNOR2X1        1  56.9   621  1246  117744    (-,-) 
  g229701/Y                                                                 -       B->Y      F     NAND2X2        1  36.3   194   336  118080    (-,-) 
  g229576/Y                                                                 -       C->Y      R     NAND3X1        1  33.2   257   447  118527    (-,-) 
  CPU_IFD0_ProgramCounter_reg[31]/D                                         <<<     -         R     DFFRX1         1     -     -     0  118527    (-,-) 
#-------------------------------------------------------------------------------------------------------------------------------------------------------

