============================================================
  Generated by:           Genus(TM) Synthesis Solution 21.19-s055_1
  Generated on:           Jan 02 2025  06:35:14 am
  Module:                 RISC_V_Cached
  Operating conditions:   PVT_1P8V_25C (balanced_tree)
  Wireload mode:          enclosed
  Area mode:              timing library
============================================================


Path 1: VIOLATED (-18523 ps) Setup Check with Pin CPU_IFD0_ProgramCounter_reg[29]/CK->D
          Group: CLK
     Startpoint: (R) i_cache_dut_control_state_reg[0]/CK
          Clock: (R) CLK
       Endpoint: (R) CPU_IFD0_ProgramCounter_reg[29]/D
          Clock: (R) CLK

                     Capture       Launch     
        Clock Edge:+    9000            0     
       Src Latency:+       0            0     
       Net Latency:+     200 (I)      200 (I) 
           Arrival:=    9200          200     
                                              
             Setup:-    1764                  
       Uncertainty:-     300                  
     Required Time:=    7136                  
      Launch Clock:-     200                  
         Data Path:-   25459                  
             Slack:=  -18523                  

#-------------------------------------------------------------------------------------------------------------
#            Timing Point             Flags   Arc   Edge   Cell     Fanout  Load Trans Delay Arrival Instance 
#                                                                           (fF)  (ps)  (ps)   (ps)  Location 
#-------------------------------------------------------------------------------------------------------------
  i_cache_dut_control_state_reg[0]/CK -       -     R     (arrival)   4081     -     0     0     200    (-,-) 
  i_cache_dut_control_state_reg[0]/Q  -       CK->Q F     DFFSX1         1  34.7   729  2903    3103    (-,-) 
  g451032/Y                           -       A->Y  F     BUFX3          3 189.2   213  1279    4382    (-,-) 
  g451031/Y                           -       A->Y  R     NAND4X1        1  76.7   445   675    5058    (-,-) 
  g186751/Y                           -       A->Y  F     INVX3          4 240.3   252   489    5547    (-,-) 
  g407603/Y                           -       A->Y  R     INVX2          2 117.7   231   506    6052    (-,-) 
  g407602/Y                           -       B->Y  F     NOR2X3         3 163.3   226   386    6438    (-,-) 
  g407601/Y                           -       A->Y  R     INVX3          3 147.5   193   467    6905    (-,-) 
  g186381/Y                           -       A->Y  F     INVX3          3 122.7   118   283    7187    (-,-) 
  g413923/Y                           -       A->Y  R     NAND2X2        1  33.3   201   300    7488    (-,-) 
  g413922/Y                           -       C->Y  F     OAI21X1        1  55.8   385   623    8111    (-,-) 
  g411928/Y                           -       B->Y  R     NOR2X2         1  55.5   278   604    8715    (-,-) 
  g413294/Y                           -       A->Y  F     NAND2X2        1  79.6   231   419    9134    (-,-) 
  g414703/Y                           -       A->Y  R     NOR2X3         2 137.2   386   784    9918    (-,-) 
  g414596/Y                           -       A->Y  F     NAND2X3        3 189.9   336   555   10473    (-,-) 
  g412950/Y                           -       B->Y  R     NOR2X2         2 137.2   550   890   11363    (-,-) 
  g471764/Y                           -       A->Y  F     NAND2X2        1  74.7   261   430   11793    (-,-) 
  g471763/Y                           -       A->Y  R     INVX3          4 255.5   316   631   12423    (-,-) 
  g471762/Y                           -       B->Y  F     NAND2X3        3 224.1   447   612   13035    (-,-) 
  g412432/Y                           -       A->Y  R     INVX3         13 501.0   594  1069   14104    (-,-) 
  g412878/Y                           -       B->Y  F     NAND2X3        1  55.4   247   351   14455    (-,-) 
  g451760/Y                           -       A->Y  R     INVX2          1  55.3   128   378   14833    (-,-) 
  g451759/Y                           -       A->Y  F     NOR2X2         1  54.5   117   289   15122    (-,-) 
  g391867/Y                           -       A->Y  R     NAND2X2        1  55.3   150   341   15463    (-,-) 
  g411302/Y                           -       A->Y  F     NOR2X2         1  54.5   122   294   15757    (-,-) 
  g471785/Y                           -       A->Y  R     NAND2X2        1  80.6   197   392   16149    (-,-) 
  g471783/Y                           -       B->Y  F     NOR2X3         3 147.8   177   360   16509    (-,-) 
  g471787/Y                           -       B->Y  R     NOR2X3         2 109.7   329   523   17032    (-,-) 
  g452022/Y                           -       A->Y  F     INVX3          1  80.2   117   252   17284    (-,-) 
  g452021/Y                           -       B->Y  R     NAND2X3        2 110.6   211   392   17676    (-,-) 
  g410931/Y                           -       A->Y  F     NOR2X2         1  55.8   186   312   17988    (-,-) 
  g411709/Y                           -       B->Y  R     NOR2X2         1  80.6   367   575   18563    (-,-) 
  g412169/Y                           -       B->Y  F     NOR2X3         1  79.0   138   302   18864    (-,-) 
  g411698/Y                           -       B->Y  R     NOR2X3         1  80.6   263   423   19288    (-,-) 
  g458/Y                              -       B->Y  F     NOR2X3         1  79.0   132   289   19577    (-,-) 
  g451616/Y                           -       B->Y  R     NOR2X3         2  90.5   284   445   20022    (-,-) 
  g451614/Y                           -       B->Y  F     OAI21X1        1  54.5   376   533   20556    (-,-) 
  g413606/Y                           -       A->Y  R     NAND2X2        3 126.5   293   651   21206    (-,-) 
  g413604/Y                           -       B->Y  F     NAND2X2        2  66.0   216   383   21589    (-,-) 
  g414717/Y                           -       B->Y  R     OAI21X1        1  55.5   504   804   22393    (-,-) 
  g414716/Y                           -       A->Y  F     NAND2X2        1  54.5   217   371   22764    (-,-) 
  g451538/Y                           -       A->Y  R     NAND2X2        2 137.2   304   564   23328    (-,-) 
  g451537/Y                           -       A->Y  F     NAND2X3        3 227.5   387   602   23930    (-,-) 
  g36/Y                               -       A->Y  R     INVX3          8 279.2   346   746   24676    (-,-) 
  g377317/Y                           -       A->Y  F     AOI21X1        1  32.7   268   456   25132    (-,-) 
  g407402/Y                           -       C->Y  R     OAI21X1        1  33.2   351   527   25659    (-,-) 
  CPU_IFD0_ProgramCounter_reg[29]/D   <<<     -     R     DFFRX1         1     -     -     0   25659    (-,-) 
#-------------------------------------------------------------------------------------------------------------

