============================================================
  Generated by:           Genus(TM) Synthesis Solution 21.19-s055_1
  Generated on:           Dec 31 2024  06:51:51 am
  Module:                 RISC_V_Cached
  Operating conditions:   PVT_1P8V_25C (balanced_tree)
  Wireload mode:          enclosed
  Area mode:              timing library
============================================================

                                 
  Gate   Instances      Area               Library           
-------------------------------------------------------------
ADDFX1           5     24800.000    KISTA_SOI_STDLIB2_CCS_TT 
ADDHX1           2      4480.000    KISTA_SOI_STDLIB2_CCS_TT 
AND2X1          61     58560.000    KISTA_SOI_STDLIB2_CCS_TT 
AND3X1          10     12800.000    KISTA_SOI_STDLIB2_CCS_TT 
AND4X1         151    241600.000    KISTA_SOI_STDLIB2_CCS_TT 
AO21X1         141    180480.000    KISTA_SOI_STDLIB2_CCS_TT 
AOI21X1        664    637440.000    KISTA_SOI_STDLIB2_CCS_TT 
BUFX2          211    135040.000    KISTA_SOI_STDLIB2_CCS_TT 
BUFX3           27     17280.000    KISTA_SOI_STDLIB2_CCS_TT 
BUFX4            2      1600.000    KISTA_SOI_STDLIB2_CCS_TT 
DFFRX1        1486   8083840.000    KISTA_SOI_STDLIB2_CCS_TT 
DFFSX1           3     15360.000    KISTA_SOI_STDLIB2_CCS_TT 
DFFX1         2594  11206080.000    KISTA_SOI_STDLIB2_CCS_TT 
INVX1           12      3840.000    KISTA_SOI_STDLIB2_CCS_TT 
INVX2          974    311680.000    KISTA_SOI_STDLIB2_CCS_TT 
INVX3         1355    433600.000    KISTA_SOI_STDLIB2_CCS_TT 
MX2X1          112    215040.000    KISTA_SOI_STDLIB2_CCS_TT 
NAND2X1       7913   5064320.000    KISTA_SOI_STDLIB2_CCS_TT 
NAND2X2       3137   2007680.000    KISTA_SOI_STDLIB2_CCS_TT 
NAND2X3          6      5760.000    KISTA_SOI_STDLIB2_CCS_TT 
NAND3X1        450    432000.000    KISTA_SOI_STDLIB2_CCS_TT 
NAND4X1       1075   1376000.000    KISTA_SOI_STDLIB2_CCS_TT 
NOR2X1         163    104320.000    KISTA_SOI_STDLIB2_CCS_TT 
NOR2X2        1050    672000.000    KISTA_SOI_STDLIB2_CCS_TT 
NOR2X3         101     96960.000    KISTA_SOI_STDLIB2_CCS_TT 
NOR3X1         121    116160.000    KISTA_SOI_STDLIB2_CCS_TT 
NOR4X1         195    249600.000    KISTA_SOI_STDLIB2_CCS_TT 
OA21X1          50     64000.000    KISTA_SOI_STDLIB2_CCS_TT 
OAI21X1       4294   4122240.000    KISTA_SOI_STDLIB2_CCS_TT 
OR2X1           57     54720.000    KISTA_SOI_STDLIB2_CCS_TT 
OR3X1           28     35840.000    KISTA_SOI_STDLIB2_CCS_TT 
OR4X1           14     22400.000    KISTA_SOI_STDLIB2_CCS_TT 
XNOR2X1         88    140800.000    KISTA_SOI_STDLIB2_CCS_TT 
XOR2X1          91    145600.000    KISTA_SOI_STDLIB2_CCS_TT 
-------------------------------------------------------------
total        26643  36293920.000                             


                                             
     Type      Instances     Area     Area % 
---------------------------------------------
sequential          4083 19305280.000   53.2 
inverter            2341   749120.000    2.1 
buffer               240   153920.000    0.4 
logic              19979 16085600.000   44.3 
physical_cells         0        0.000    0.0 
---------------------------------------------
total              26643 36293920.000  100.0 

