============================================================
  Generated by:           Genus(TM) Synthesis Solution 21.19-s055_1
  Generated on:           Dec 31 2024  07:39:57 am
  Module:                 RISC_V_Cached
  Operating conditions:   PVT_1P8V_25C (balanced_tree)
  Wireload mode:          enclosed
  Area mode:              timing library
============================================================

                                 
  Gate   Instances      Area               Library           
-------------------------------------------------------------
ADDFX1          41    203360.000    KISTA_SOI_STDLIB2_CCS_TT 
ADDHX1           3      6720.000    KISTA_SOI_STDLIB2_CCS_TT 
AND2X1         116    111360.000    KISTA_SOI_STDLIB2_CCS_TT 
AND3X1           4      5120.000    KISTA_SOI_STDLIB2_CCS_TT 
AND4X1          48     76800.000    KISTA_SOI_STDLIB2_CCS_TT 
AO21X1          92    117760.000    KISTA_SOI_STDLIB2_CCS_TT 
AOI21X1        845    811200.000    KISTA_SOI_STDLIB2_CCS_TT 
BUFX2          183    117120.000    KISTA_SOI_STDLIB2_CCS_TT 
BUFX3            9      5760.000    KISTA_SOI_STDLIB2_CCS_TT 
DFFRX1        1486   8083840.000    KISTA_SOI_STDLIB2_CCS_TT 
DFFSX1           3     15360.000    KISTA_SOI_STDLIB2_CCS_TT 
DFFX1         2557  11046240.000    KISTA_SOI_STDLIB2_CCS_TT 
INVX1           17      5440.000    KISTA_SOI_STDLIB2_CCS_TT 
INVX2         1021    326720.000    KISTA_SOI_STDLIB2_CCS_TT 
INVX3         1205    385600.000    KISTA_SOI_STDLIB2_CCS_TT 
MX2X1          107    205440.000    KISTA_SOI_STDLIB2_CCS_TT 
NAND2X1       7681   4915840.000    KISTA_SOI_STDLIB2_CCS_TT 
NAND2X2       2271   1453440.000    KISTA_SOI_STDLIB2_CCS_TT 
NAND3X1        270    259200.000    KISTA_SOI_STDLIB2_CCS_TT 
NAND4X1       1303   1667840.000    KISTA_SOI_STDLIB2_CCS_TT 
NOR2X1         192    122880.000    KISTA_SOI_STDLIB2_CCS_TT 
NOR2X2         583    373120.000    KISTA_SOI_STDLIB2_CCS_TT 
NOR2X3         115    110400.000    KISTA_SOI_STDLIB2_CCS_TT 
NOR3X1         171    164160.000    KISTA_SOI_STDLIB2_CCS_TT 
NOR4X1         275    352000.000    KISTA_SOI_STDLIB2_CCS_TT 
OA21X1          95    121600.000    KISTA_SOI_STDLIB2_CCS_TT 
OAI21X1       4370   4195200.000    KISTA_SOI_STDLIB2_CCS_TT 
OR2X1           71     68160.000    KISTA_SOI_STDLIB2_CCS_TT 
OR3X1           15     19200.000    KISTA_SOI_STDLIB2_CCS_TT 
OR4X1           22     35200.000    KISTA_SOI_STDLIB2_CCS_TT 
XNOR2X1         55     88000.000    KISTA_SOI_STDLIB2_CCS_TT 
XOR2X1         110    176000.000    KISTA_SOI_STDLIB2_CCS_TT 
-------------------------------------------------------------
total        25336  35646080.000                             


                                             
     Type      Instances     Area     Area % 
---------------------------------------------
sequential          4046 19145440.000   53.7 
inverter            2243   717760.000    2.0 
buffer               192   122880.000    0.3 
logic              18855 15660000.000   43.9 
physical_cells         0        0.000    0.0 
---------------------------------------------
total              25336 35646080.000  100.0 

