============================================================
  Generated by:           Genus(TM) Synthesis Solution 21.19-s055_1
  Generated on:           Dec 31 2024  03:40:52 pm
  Module:                 RISC_V_Cached
  Operating conditions:   PVT_1P8V_25C (balanced_tree)
  Wireload mode:          enclosed
  Area mode:              timing library
============================================================


Path 1: MET (111610 ps) Setup Check with Pin CPU_IFD0_ProgramCounter_reg[31]/CK->D
          Group: CLK
     Startpoint: (R) i_cache_dut_control_state_reg[1]/CK
          Clock: (R) CLK
       Endpoint: (R) CPU_IFD0_ProgramCounter_reg[31]/D
          Clock: (R) CLK

                     Capture       Launch     
        Clock Edge:+  244000            0     
       Src Latency:+       0            0     
       Net Latency:+     200 (I)      200 (I) 
           Arrival:=  244200          200     
                                              
             Setup:-    1747                  
       Uncertainty:-     300                  
     Required Time:=  242153                  
      Launch Clock:-     200                  
         Data Path:-  130343                  
             Slack:=  111610                  

#-------------------------------------------------------------------------------------------------------------------------------------------------------
#                               Timing Point                                Flags     Arc     Edge   Cell     Fanout  Load Trans Delay Arrival Instance 
#                                                                                                                     (fF)  (ps)  (ps)   (ps)  Location 
#-------------------------------------------------------------------------------------------------------------------------------------------------------
  i_cache_dut_control_state_reg[1]/CK                                       -       -         R     (arrival)   4047     -     0     0     200    (-,-) 
  i_cache_dut_control_state_reg[1]/Q                                        -       CK->Q     F     DFFRX1         4 195.4  1401  4678    4878    (-,-) 
  g248725/Y                                                                 -       A->Y      R     INVX3          4 137.8   345  1082    5960    (-,-) 
  g195631/Y                                                                 -       A->Y      F     NAND2X1        2 130.5   691   892    6852    (-,-) 
  g102813/Y                                                                 -       A->Y      R     INVX3          5 363.7   454  1062    7914    (-,-) 
  g195561/Y                                                                 -       B->Y      F     NAND2X2        2 111.6   315   550    8463    (-,-) 
  g195549/Y                                                                 -       B->Y      R     NOR2X2         2 133.6   549   863    9326    (-,-) 
  g195545/Y                                                                 -       A->Y      F     INVX3          7 288.6   303   584    9910    (-,-) 
  g195531/Y                                                                 -       B->Y      R     NOR2X1         4 161.0  1222  1652   11562    (-,-) 
  g195015/Y                                                                 -       A->Y      F     INVX2          2 110.8   349   477   12039    (-,-) 
  g195013/Y                                                                 -       A->Y      R     INVX2         15 545.3   955  1386   13425    (-,-) 
  g193725/Y                                                                 -       A->Y      F     NAND2X1        1  36.3   336   460   13885    (-,-) 
  g193094/Y                                                                 -       D->Y      R     NAND4X1        1  36.9   307   572   14457    (-,-) 
  g192995/Y                                                                 -       C->Y      F     NOR3X1         1  35.2   230   374   14831    (-,-) 
  g192877/Y                                                                 -       C->Y      R     NAND4X1        1  33.0   294   504   15335    (-,-) 
  g192850/Y                                                                 -       C->Y      F     AOI21X1        1  36.0   352   433   15768    (-,-) 
  g196136/Y                                                                 -       D->Y      F     AND4X1         5 254.2   685  1559   17327    (-,-) 
  drc_bufs196005/Y                                                          -       A->Y      R     INVX2          7 352.0   628  1252   18578    (-,-) 
  g192796/Y                                                                 -       A->Y      F     NOR2X2         6 314.4   479   880   19458    (-,-) 
  g192178/Y                                                                 -       B->Y      R     NAND2X2       15 577.6  1052  1579   21037    (-,-) 
  g192076/Y                                                                 -       A->Y      F     INVX3         17 581.7   605  1077   22114    (-,-) 
  g190455/Y                                                                 -       A->Y      R     NAND2X1        1  35.3   278   722   22836    (-,-) 
  g189360/Y                                                                 -       B->Y      F     NAND4X1        1  32.4   518   801   23638    (-,-) 
  g188952/Y                                                                 -       C->Y      R     NOR3X1         1  36.3   633  1032   24670    (-,-) 
  g188773/Y                                                                 -       D->Y      F     NAND4X1        1  29.8   519   752   25421    (-,-) 
  g188769/Y                                                                 -       D->Y      R     NOR4X1         1  36.3   931  1250   26671    (-,-) 
  g188659/Y                                                                 -       D->Y      F     NAND4X1        1  55.8   755  1078   27748    (-,-) 
  g188575/Y                                                                 -       B->Y      R     NOR2X2         1  36.3   261   736   28484    (-,-) 
  g188514/Y                                                                 -       D->Y      F     NAND4X1        3 146.5  1449  1688   30172    (-,-) 
  g188455/Y                                                                 -       B->Y      R     NAND2X2        3 125.2   418  1235   31408    (-,-) 
  g188436/Y                                                                 -       B->Y      F     NOR2X2         1  55.8   214   324   31732    (-,-) 
  g188407/Y                                                                 -       B->Y      R     NOR2X2         1  33.0   323   407   32139    (-,-) 
  g188404/Y                                                                 -       C->Y      F     AOI21X1        1  32.7   279   434   32572    (-,-) 
  g188386/Y                                                                 -       B->Y      R     AOI21X1        2  94.0   863  1166   33738    (-,-) 
  g188380/Y                                                                 -       B->Y      F     NOR2X1         1  32.4   254   394   34132    (-,-) 
  g188373/Y                                                                 -       C->Y      R     AOI21X1        1  34.8   462   859   34991    (-,-) 
  g188368/Y                                                                 -       B->Y      F     AOI21X1        2  64.4   388   672   35663    (-,-) 
  g188362/Y                                                                 -       B->Y      F     AO21X1         1  32.7   186  1077   36740    (-,-) 
  g188360/Y                                                                 -       C->Y      R     OAI21X1        1  36.8   380   486   37225    (-,-) 
  g3/Y                                                                      -       B->Y      R     AND2X1         1  34.0   195   855   38080    (-,-) 
  g251214/Y                                                                 -       A->Y      R     OA21X1         1  36.9   207   917   38997    (-,-) 
  g188354/Y                                                                 -       C->Y      F     NOR3X1         1  32.4   240   338   39336    (-,-) 
  g188353/Y                                                                 -       C->Y      R     AOI21X1        1  34.8   540   853   40189    (-,-) 
  g188351/Y                                                                 -       B->Y      F     AOI21X1        1  32.4   278   513   40701    (-,-) 
  g188349/Y                                                                 -       C->Y      R     AOI21X1        1  34.8   564   871   41572    (-,-) 
  g188348/Y                                                                 -       B->Y      F     AOI21X1        1  32.4   283   516   42089    (-,-) 
  g188347/Y                                                                 -       C->Y      R     AOI21X1        1  56.9   614  1046   43135    (-,-) 
  g188346/Y                                                                 -       B->Y      F     NAND2X2        1  36.3   194   335   43470    (-,-) 
  g188345/Y                                                                 -       C->Y      R     NAND3X1        2  92.1   456   675   44145    (-,-) 
  g188343/Y                                                                 -       B->Y      F     OAI21X1        1  36.3   304   489   44634    (-,-) 
  g188342/Y                                                                 -       C->Y      R     NAND3X1        1  36.3   262   528   45163    (-,-) 
  g188341/Y                                                                 -       D->Y      F     NAND4X1        1  33.4   530   681   45844    (-,-) 
  g188340/Y                                                                 -       B->Y      R     OAI21X1        1  36.3   382   834   46677    (-,-) 
  g188339/Y                                                                 -       D->Y      F     NAND4X1        1  33.4   530   717   47394    (-,-) 
  g188338/Y                                                                 -       B->Y      R     OAI21X1        2  91.7   750  1267   48661    (-,-) 
  g188336/Y                                                                 -       B->Y      F     AOI21X1        1  32.7   320   547   49208    (-,-) 
  g188334/Y                                                                 -       C->Y      R     OAI21X1        2  93.8   764   798   50006    (-,-) 
  g188332/Y                                                                 -       B->Y      F     NOR2X2         1  32.6   171   250   50256    (-,-) 
  g188329/Y                                                                 -       A->Y      R     OAI21X1        1  36.7   373   706   50962    (-,-) 
  g188328/Y                                                                 -       C->Y      F     NAND3X1        1  55.7   502   738   51700    (-,-) 
  g188327/Y                                                                 -       B->Y      R     NAND2X2        1  33.3   290   494   52194    (-,-) 
  g188326/Y                                                                 -       C->Y      F     OAI21X1        2  92.0   542   820   53014    (-,-) 
  g188325/Y                                                                 -       C->Y      R     NAND3X1        2  93.1   459   910   53924    (-,-) 
  g196115/Y                                                                 -       C->Y      R     OR3X1          1  56.3   253   866   54790    (-,-) 
  drc_bufs/Y                                                                -       A->Y      F     INVX2          8 270.0   356   593   55383    (-,-) 
  g188320/Y                                                                 -       A->Y      R     NAND2X1        1  33.3   343   558   55941    (-,-) 
  g188316/Y                                                                 -       C->Y      F     OAI21X1        3 170.4   878  1216   57156    (-,-) 
  CPU_IFD0_add_277_66_Y_CPU_IFD0_add_305_65_Y_CPU_IFD0_add_292_64_g785/Y    -       B->Y      R     NOR2X2         1  35.2   278   791   57947    (-,-) 
  CPU_IFD0_add_277_66_Y_CPU_IFD0_add_305_65_Y_CPU_IFD0_add_292_64_g780/Y    -       B->Y      F     OAI21X1        1 116.3   647   832   58780    (-,-) 
  CPU_IFD0_add_277_66_Y_CPU_IFD0_add_305_65_Y_CPU_IFD0_add_292_64_g779/COUT -       CIN->COUT F     ADDFX1         1 116.3   586  2448   61228    (-,-) 
  CPU_IFD0_add_277_66_Y_CPU_IFD0_add_305_65_Y_CPU_IFD0_add_292_64_g778/COUT -       CIN->COUT F     ADDFX1         1 116.3   586  2411   63639    (-,-) 
  CPU_IFD0_add_277_66_Y_CPU_IFD0_add_305_65_Y_CPU_IFD0_add_292_64_g777/COUT -       CIN->COUT F     ADDFX1         1 116.3   586  2411   66050    (-,-) 
  CPU_IFD0_add_277_66_Y_CPU_IFD0_add_305_65_Y_CPU_IFD0_add_292_64_g776/COUT -       CIN->COUT F     ADDFX1         1 116.3   586  2411   68462    (-,-) 
  CPU_IFD0_add_277_66_Y_CPU_IFD0_add_305_65_Y_CPU_IFD0_add_292_64_g775/COUT -       CIN->COUT F     ADDFX1         1 116.3   586  2411   70873    (-,-) 
  CPU_IFD0_add_277_66_Y_CPU_IFD0_add_305_65_Y_CPU_IFD0_add_292_64_g774/COUT -       CIN->COUT F     ADDFX1         1 116.3   586  2411   73284    (-,-) 
  CPU_IFD0_add_277_66_Y_CPU_IFD0_add_305_65_Y_CPU_IFD0_add_292_64_g773/COUT -       CIN->COUT F     ADDFX1         1 116.3   586  2411   75695    (-,-) 
  CPU_IFD0_add_277_66_Y_CPU_IFD0_add_305_65_Y_CPU_IFD0_add_292_64_g772/COUT -       CIN->COUT F     ADDFX1         1 116.3   586  2411   78106    (-,-) 
  CPU_IFD0_add_277_66_Y_CPU_IFD0_add_305_65_Y_CPU_IFD0_add_292_64_g771/COUT -       CIN->COUT F     ADDFX1         1 116.3   586  2411   80518    (-,-) 
  CPU_IFD0_add_277_66_Y_CPU_IFD0_add_305_65_Y_CPU_IFD0_add_292_64_g770/COUT -       CIN->COUT F     ADDFX1         1 116.3   586  2411   82929    (-,-) 
  CPU_IFD0_add_277_66_Y_CPU_IFD0_add_305_65_Y_CPU_IFD0_add_292_64_g769/COUT -       CIN->COUT F     ADDFX1         1 116.3   586  2411   85340    (-,-) 
  CPU_IFD0_add_277_66_Y_CPU_IFD0_add_305_65_Y_CPU_IFD0_add_292_64_g768/COUT -       CIN->COUT F     ADDFX1         1 116.3   586  2411   87752    (-,-) 
  CPU_IFD0_add_277_66_Y_CPU_IFD0_add_305_65_Y_CPU_IFD0_add_292_64_g767/COUT -       CIN->COUT F     ADDFX1         1 116.3   586  2411   90163    (-,-) 
  CPU_IFD0_add_277_66_Y_CPU_IFD0_add_305_65_Y_CPU_IFD0_add_292_64_g766/COUT -       CIN->COUT F     ADDFX1         1 116.3   586  2411   92574    (-,-) 
  CPU_IFD0_add_277_66_Y_CPU_IFD0_add_305_65_Y_CPU_IFD0_add_292_64_g765/COUT -       CIN->COUT F     ADDFX1         1 116.3   586  2411   94985    (-,-) 
  CPU_IFD0_add_277_66_Y_CPU_IFD0_add_305_65_Y_CPU_IFD0_add_292_64_g764/COUT -       CIN->COUT F     ADDFX1         1 116.3   586  2411   97397    (-,-) 
  CPU_IFD0_add_277_66_Y_CPU_IFD0_add_305_65_Y_CPU_IFD0_add_292_64_g763/COUT -       CIN->COUT F     ADDFX1         1 116.3   586  2411   99808    (-,-) 
  CPU_IFD0_add_277_66_Y_CPU_IFD0_add_305_65_Y_CPU_IFD0_add_292_64_g762/COUT -       CIN->COUT F     ADDFX1         1 116.3   586  2411  102219    (-,-) 
  CPU_IFD0_add_277_66_Y_CPU_IFD0_add_305_65_Y_CPU_IFD0_add_292_64_g761/COUT -       CIN->COUT F     ADDFX1         1 116.3   586  2411  104631    (-,-) 
  CPU_IFD0_add_277_66_Y_CPU_IFD0_add_305_65_Y_CPU_IFD0_add_292_64_g760/COUT -       CIN->COUT F     ADDFX1         1 116.3   586  2411  107042    (-,-) 
  CPU_IFD0_add_277_66_Y_CPU_IFD0_add_305_65_Y_CPU_IFD0_add_292_64_g759/COUT -       CIN->COUT F     ADDFX1         1 116.3   586  2411  109453    (-,-) 
  CPU_IFD0_add_277_66_Y_CPU_IFD0_add_305_65_Y_CPU_IFD0_add_292_64_g758/COUT -       CIN->COUT F     ADDFX1         1 116.3   586  2411  111864    (-,-) 
  CPU_IFD0_add_277_66_Y_CPU_IFD0_add_305_65_Y_CPU_IFD0_add_292_64_g757/COUT -       CIN->COUT F     ADDFX1         1 116.3   586  2411  114275    (-,-) 
  CPU_IFD0_add_277_66_Y_CPU_IFD0_add_305_65_Y_CPU_IFD0_add_292_64_g756/COUT -       CIN->COUT F     ADDFX1         1 116.3   586  2411  116687    (-,-) 
  CPU_IFD0_add_277_66_Y_CPU_IFD0_add_305_65_Y_CPU_IFD0_add_292_64_g755/COUT -       CIN->COUT F     ADDFX1         1 116.3   586  2411  119098    (-,-) 
  CPU_IFD0_add_277_66_Y_CPU_IFD0_add_305_65_Y_CPU_IFD0_add_292_64_g754/COUT -       CIN->COUT F     ADDFX1         1 116.3   586  2411  121509    (-,-) 
  CPU_IFD0_add_277_66_Y_CPU_IFD0_add_305_65_Y_CPU_IFD0_add_292_64_g753/COUT -       CIN->COUT F     ADDFX1         1 116.3   586  2411  123920    (-,-) 
  CPU_IFD0_add_277_66_Y_CPU_IFD0_add_305_65_Y_CPU_IFD0_add_292_64_g752/COUT -       CIN->COUT F     ADDFX1         1 116.3   586  2411  126331    (-,-) 
  CPU_IFD0_add_277_66_Y_CPU_IFD0_add_305_65_Y_CPU_IFD0_add_292_64_g751/COUT -       CIN->COUT F     ADDFX1         1  67.4   461  2183  128514    (-,-) 
  CPU_IFD0_add_277_66_Y_CPU_IFD0_add_305_65_Y_CPU_IFD0_add_292_64_g750/Y    -       B->Y      R     XNOR2X1        1  56.9   620  1246  129760    (-,-) 
  g229701/Y                                                                 -       B->Y      F     NAND2X2        1  36.3   194   336  130096    (-,-) 
  g229576/Y                                                                 -       C->Y      R     NAND3X1        1  33.2   257   447  130543    (-,-) 
  CPU_IFD0_ProgramCounter_reg[31]/D                                         <<<     -         R     DFFRX1         1     -     -     0  130543    (-,-) 
#-------------------------------------------------------------------------------------------------------------------------------------------------------

