============================================================
  Generated by:           Genus(TM) Synthesis Solution 21.19-s055_1
  Generated on:           Dec 31 2024  07:56:13 am
  Module:                 RISC_V_Cached
  Operating conditions:   PVT_1P8V_25C (balanced_tree)
  Wireload mode:          enclosed
  Area mode:              timing library
============================================================

                                 
  Gate   Instances      Area               Library           
-------------------------------------------------------------
ADDFX1          51    252960.000    KISTA_SOI_STDLIB2_CCS_TT 
ADDHX1           3      6720.000    KISTA_SOI_STDLIB2_CCS_TT 
AND2X1         121    116160.000    KISTA_SOI_STDLIB2_CCS_TT 
AND3X1           4      5120.000    KISTA_SOI_STDLIB2_CCS_TT 
AND4X1          40     64000.000    KISTA_SOI_STDLIB2_CCS_TT 
AO21X1          76     97280.000    KISTA_SOI_STDLIB2_CCS_TT 
AOI21X1        872    837120.000    KISTA_SOI_STDLIB2_CCS_TT 
BUFX2          171    109440.000    KISTA_SOI_STDLIB2_CCS_TT 
BUFX3           10      6400.000    KISTA_SOI_STDLIB2_CCS_TT 
DFFRX1        1486   8083840.000    KISTA_SOI_STDLIB2_CCS_TT 
DFFSX1           3     15360.000    KISTA_SOI_STDLIB2_CCS_TT 
DFFX1         2557  11046240.000    KISTA_SOI_STDLIB2_CCS_TT 
INVX1           26      8320.000    KISTA_SOI_STDLIB2_CCS_TT 
INVX2         1223    391360.000    KISTA_SOI_STDLIB2_CCS_TT 
INVX3         1178    376960.000    KISTA_SOI_STDLIB2_CCS_TT 
MX2X1          109    209280.000    KISTA_SOI_STDLIB2_CCS_TT 
NAND2X1       7391   4730240.000    KISTA_SOI_STDLIB2_CCS_TT 
NAND2X2       2401   1536640.000    KISTA_SOI_STDLIB2_CCS_TT 
NAND3X1        223    214080.000    KISTA_SOI_STDLIB2_CCS_TT 
NAND4X1       1346   1722880.000    KISTA_SOI_STDLIB2_CCS_TT 
NOR2X1         202    129280.000    KISTA_SOI_STDLIB2_CCS_TT 
NOR2X2         683    437120.000    KISTA_SOI_STDLIB2_CCS_TT 
NOR2X3         132    126720.000    KISTA_SOI_STDLIB2_CCS_TT 
NOR3X1         166    159360.000    KISTA_SOI_STDLIB2_CCS_TT 
NOR4X1         208    266240.000    KISTA_SOI_STDLIB2_CCS_TT 
OA21X1          89    113920.000    KISTA_SOI_STDLIB2_CCS_TT 
OAI21X1       4437   4259520.000    KISTA_SOI_STDLIB2_CCS_TT 
OR2X1           66     63360.000    KISTA_SOI_STDLIB2_CCS_TT 
OR3X1           16     20480.000    KISTA_SOI_STDLIB2_CCS_TT 
OR4X1           38     60800.000    KISTA_SOI_STDLIB2_CCS_TT 
XNOR2X1         45     72000.000    KISTA_SOI_STDLIB2_CCS_TT 
XOR2X1          92    147200.000    KISTA_SOI_STDLIB2_CCS_TT 
-------------------------------------------------------------
total        25465  35686400.000                             


                                             
     Type      Instances     Area     Area % 
---------------------------------------------
sequential          4046 19145440.000   53.6 
inverter            2427   776640.000    2.2 
buffer               181   115840.000    0.3 
logic              18811 15648480.000   43.8 
physical_cells         0        0.000    0.0 
---------------------------------------------
total              25465 35686400.000  100.0 

