============================================================
  Generated by:           Genus(TM) Synthesis Solution 21.19-s055_1
  Generated on:           Jan 02 2025  05:35:02 am
  Module:                 RISC_V_Cached
  Operating conditions:   PVT_1P8V_25C (balanced_tree)
  Wireload mode:          enclosed
  Area mode:              timing library
============================================================


Path 1: VIOLATED (-22057 ps) Setup Check with Pin CPU_IFD0_ProgramCounter_reg[25]/CK->D
          Group: CLK
     Startpoint: (R) CPU_IFD0_ProgramCounter_reg[6]/CK
          Clock: (R) CLK
       Endpoint: (R) CPU_IFD0_ProgramCounter_reg[25]/D
          Clock: (R) CLK

                     Capture       Launch     
        Clock Edge:+    6000            0     
       Src Latency:+       0            0     
       Net Latency:+     200 (I)      200 (I) 
           Arrival:=    6200          200     
                                              
             Setup:-    1726                  
       Uncertainty:-     300                  
     Required Time:=    4174                  
      Launch Clock:-     200                  
         Data Path:-   26031                  
             Slack:=  -22057                  

#-----------------------------------------------------------------------------------------------------------
#           Timing Point            Flags   Arc   Edge   Cell     Fanout  Load Trans Delay Arrival Instance 
#                                                                         (fF)  (ps)  (ps)   (ps)  Location 
#-----------------------------------------------------------------------------------------------------------
  CPU_IFD0_ProgramCounter_reg[6]/CK -       -     R     (arrival)   4079     -     0     0     200    (-,-) 
  CPU_IFD0_ProgramCounter_reg[6]/Q  -       CK->Q F     DFFRX1         1  55.4   658  3061    3261    (-,-) 
  fopt20/Y                          -       A->Y  R     INVX2          2 132.0   291   800    4061    (-,-) 
  fopt522885/Y                      -       A->Y  F     INVX3          2 149.4   158   339    4400    (-,-) 
  fopt519477/Y                      -       A->Y  R     INVX3          1  82.2   117   336    4736    (-,-) 
  g294042/Y                         -       B->Y  F     NAND2X3        2 153.7   283   427    5163    (-,-) 
  g294018/Y                         -       A->Y  R     INVX3          2 163.9   217   526    5689    (-,-) 
  g293978/Y                         -       B->Y  F     NAND2X3        4 265.3   436   642    6331    (-,-) 
  g293956/Y                         -       B->Y  R     NOR2X2         4 181.4   700  1120    7451    (-,-) 
  fopt521393/Y                      -       A->Y  F     INVX3          2 107.3   204   332    7783    (-,-) 
  fopt521394/Y                      -       A->Y  R     INVX3          3 146.4   190   451    8234    (-,-) 
  fopt522280/Y                      -       A->Y  F     INVX3          5 169.3   149   330    8564    (-,-) 
  g525603/Y                         -       B->Y  R     OAI21X1        1  37.1   377   616    9180    (-,-) 
  g525601/Y                         -       B->Y  F     NOR2X1         1  55.7   212   441    9621    (-,-) 
  g525597/Y                         -       B->Y  R     NAND2X2        1  80.6   202   446   10067    (-,-) 
  g525593/Y                         -       B->Y  F     NOR2X3         2 158.3   186   372   10439    (-,-) 
  g525565/Y                         -       B->Y  R     NAND2X3        2 132.0   232   463   10902    (-,-) 
  g525564/Y                         -       A->Y  F     INVX3          2 129.4   131   299   11201    (-,-) 
  g525563/Y                         -       A->Y  R     NOR2X2         2 111.0   458   775   11976    (-,-) 
  g524450/Y                         -       A->Y  F     NAND2X2        1  74.7   247   424   12400    (-,-) 
  g521706/Y                         -       A->Y  R     INVX3          4 327.3   396   714   13114    (-,-) 
  g524864/Y                         -       A->Y  F     NAND2X3        3 259.5   430   672   13786    (-,-) 
  fopt524863/Y                      -       A->Y  R     INVX4         12 527.4   475   919   14705    (-,-) 
  g525112/Y                         -       A->Y  F     NAND2X3        1  54.5   250   317   15022    (-,-) 
  g525699/Y                         -       A->Y  R     NAND2X2        1  57.1   171   429   15451    (-,-) 
  g525698/Y                         -       B->Y  F     NOR2X2         1  55.7   125   288   15739    (-,-) 
  g524853/Y                         -       B->Y  R     NAND2X2        1  36.9   122   306   16046    (-,-) 
  g525718/Y                         -       C->Y  F     NOR3X1         1  54.5   259   373   16418    (-,-) 
  g525717/Y                         -       A->Y  R     NAND2X2        2 113.2   265   546   16964    (-,-) 
  g524614/Y                         -       B->Y  F     NAND2X2        2 109.9   290   486   17450    (-,-) 
  g524613/Y                         -       A->Y  R     INVX2          1  33.0   104   348   17798    (-,-) 
  g524612/Y                         -       A->Y  F     OAI21X1        1  32.4   280   408   18206    (-,-) 
  g524611/Y                         -       C->Y  R     AOI21X1        1  35.2   465   875   19080    (-,-) 
  g490604/Y                         -       B->Y  F     OAI21X1        1  55.8   395   606   19686    (-,-) 
  g101/Y                            -       B->Y  R     NOR2X2         1  82.2   367   713   20399    (-,-) 
  g589/Y                            -       B->Y  F     NAND2X3        2 110.2   228   431   20830    (-,-) 
  g524521/Y                         -       B->Y  R     NAND2X2        1  82.2   202   459   21290    (-,-) 
  g525375/Y                         -       B->Y  F     NAND2X3        4 155.5   287   459   21749    (-,-) 
  g525613/Y                         -       B->Y  R     OAI21X1        1  57.1   515   857   22606    (-,-) 
  g525611/Y                         -       B->Y  F     NOR2X2         1  80.2   195   392   22999    (-,-) 
  g525604/Y                         -       B->Y  R     NAND2X3        2 112.4   208   440   23439    (-,-) 
  g561221/Y                         -       B->Y  F     NAND2X2        2 109.0   282   465   23905    (-,-) 
  g561220/Y                         -       A->Y  R     NAND2X2        2 153.0   332   640   24544    (-,-) 
  fopt42/Y                          -       A->Y  F     INVX3          3 185.5   193   389   24933    (-,-) 
  fopt525106/Y                      -       A->Y  R     INVX3          4 222.0   275   542   25475    (-,-) 
  g525357/Y                         -       A->Y  F     NAND2X2        1  54.5   288   355   25830    (-,-) 
  g525356/Y                         -       A->Y  R     NAND2X2        1  33.2   140   402   26231    (-,-) 
  CPU_IFD0_ProgramCounter_reg[25]/D <<<     -     R     DFFRX1         1     -     -     0   26231    (-,-) 
#-----------------------------------------------------------------------------------------------------------

