============================================================
  Generated by:           Genus(TM) Synthesis Solution 21.19-s055_1
  Generated on:           Jan 02 2025  04:05:59 am
  Module:                 RISC_V_Cached
  Operating conditions:   PVT_1P8V_25C (balanced_tree)
  Wireload mode:          enclosed
  Area mode:              timing library
============================================================


Path 1: VIOLATED (-25181 ps) Setup Check with Pin CPU_IFD0_ProgramCounter_reg[31]/CK->D
          Group: CLK
     Startpoint: (R) i_cache_dut_control_state_reg[0]/CK
          Clock: (R) CLK
       Endpoint: (R) CPU_IFD0_ProgramCounter_reg[31]/D
          Clock: (R) CLK

                     Capture       Launch     
        Clock Edge:+    2000            0     
       Src Latency:+       0            0     
       Net Latency:+     200 (I)      200 (I) 
           Arrival:=    2200          200     
                                              
             Setup:-    1739                  
       Uncertainty:-     300                  
     Required Time:=     161                  
      Launch Clock:-     200                  
         Data Path:-   25141                  
             Slack:=  -25181                  

#-------------------------------------------------------------------------------------------------------------
#            Timing Point             Flags   Arc   Edge   Cell     Fanout  Load Trans Delay Arrival Instance 
#                                                                           (fF)  (ps)  (ps)   (ps)  Location 
#-------------------------------------------------------------------------------------------------------------
  i_cache_dut_control_state_reg[0]/CK -       -     R     (arrival)   4081     -     0     0     200    (-,-) 
  i_cache_dut_control_state_reg[0]/Q  -       CK->Q F     DFFSX1         1  34.7   729  2903    3103    (-,-) 
  g452674/Y                           -       A->Y  F     BUFX3          3 164.4   195  1251    4354    (-,-) 
  fopt451438_dup/Y                    -       A->Y  R     INVX3          2 136.6   179   431    4785    (-,-) 
  g451620/Y                           -       A->Y  F     NOR2X2         2 132.6   220   412    5198    (-,-) 
  g495566/Y                           -       A->Y  R     NAND2X2        1  76.7   201   448    5646    (-,-) 
  g495565/Y                           -       A->Y  F     INVX3          4 241.6   209   399    6045    (-,-) 
  g495564/Y                           -       A->Y  R     NAND2X2        2 153.4   331   591    6635    (-,-) 
  g495567/Y                           -       A->Y  F     INVX3          6 286.2   264   495    7131    (-,-) 
  g457596/Y                           -       A->Y  R     NAND2X2        1  81.7   303   487    7618    (-,-) 
  g457595/Y                           -       A->Y  F     NAND2X3        1  79.6   196   350    7968    (-,-) 
  g508167/Y                           -       A->Y  R     NOR2X3         1  81.7   260   618    8586    (-,-) 
  g508166/Y                           -       A->Y  F     NAND2X3        1  79.6   173   346    8932    (-,-) 
  g508165/Y                           -       A->Y  R     NOR2X3         2  91.8   281   636    9568    (-,-) 
  g495523/Y                           -       B->Y  F     NAND2X2        1  74.7   222   402    9970    (-,-) 
  g499586/Y                           -       A->Y  R     INVX3          3 219.4   274   558   10528    (-,-) 
  g499585/Y                           -       A->Y  F     NAND2X3        5 298.5   479   712   11240    (-,-) 
  g454611/Y                           -       A->Y  R     INVX3          1  55.5   136   466   11706    (-,-) 
  g454610/Y                           -       A->Y  F     NAND2X2        1  74.7   214   393   12099    (-,-) 
  fopt452407/Y                        -       A->Y  R     INVX3          2 164.4   211   481   12580    (-,-) 
  g508391/Y                           -       B->Y  F     NAND2X3        3 204.8   358   542   13122    (-,-) 
  g451968/Y                           -       A->Y  R     INVX3          9 314.1   383   772   13894    (-,-) 
  g451977/Y                           -       A->Y  F     NAND2X1        1  54.5   419   527   14421    (-,-) 
  g223823__5477/Y                     -       A->Y  R     NAND2X2        1  57.1   194   538   14959    (-,-) 
  g135/Y                              -       B->Y  F     NOR2X2         1  54.5   131   290   15249    (-,-) 
  g453620/Y                           -       A->Y  R     NAND2X2        1  81.3   199   399   15648    (-,-) 
  g459076/Y                           -       A->Y  F     NOR2X3         3 166.7   193   396   16044    (-,-) 
  g495283/Y                           -       A->Y  R     NAND2X3        2 111.5   209   497   16541    (-,-) 
  g459074/Y                           -       A->Y  F     INVX3          1  79.6    95   236   16777    (-,-) 
  g457937/Y                           -       A->Y  R     NOR2X3         2  71.1   228   547   17324    (-,-) 
  g457725/Y                           -       B->Y  F     OAI21X1        1  55.7   382   519   17843    (-,-) 
  g456905/Y                           -       B->Y  R     NAND2X2        1  56.9   166   497   18340    (-,-) 
  g457602/Y                           -       B->Y  F     NAND2X2        1  55.7   182   329   18669    (-,-) 
  g547/Y                              -       B->Y  R     NAND2X2        1  56.9   154   380   19050    (-,-) 
  g455463/Y                           -       B->Y  F     NAND2X2        1  55.7   157   326   19376    (-,-) 
  g455461/Y                           -       B->Y  R     NAND2X2        1  82.2   222   416   19792    (-,-) 
  g457647/Y                           -       B->Y  F     NAND2X3        2 111.4   215   394   20186    (-,-) 
  g36_0/Y                             -       B->Y  R     NAND2X2        1  56.9   153   400   20586    (-,-) 
  g457644/Y                           -       B->Y  F     NAND2X2        2  89.8   243   404   20990    (-,-) 
  g454092/Y                           -       B->Y  R     NAND2X2        1  56.9   156   416   21406    (-,-) 
  g1935/Y                             -       B->Y  F     NAND2X2        1  55.7   266   327   21734    (-,-) 
  g495141/Y                           -       B->Y  R     NAND2X2        2  92.3   224   503   22236    (-,-) 
  g495139/Y                           -       B->Y  F     OAI21X1        1  54.5   383   511   22748    (-,-) 
  g495138/Y                           -       A->Y  R     NAND2X2        2 153.0   334   709   23456    (-,-) 
  fopt495137/Y                        -       A->Y  R     BUFX9         16 559.0   273   951   24407    (-,-) 
  g459081/Y                           -       A->Y  F     NAND2X1        1  34.1   313   404   24812    (-,-) 
  g419288/Y                           -       A->Y  R     NAND2X1        1  33.2   216   530   25341    (-,-) 
  CPU_IFD0_ProgramCounter_reg[31]/D   <<<     -     R     DFFRX1         1     -     -     0   25341    (-,-) 
#-------------------------------------------------------------------------------------------------------------

