============================================================
  Generated by:           Genus(TM) Synthesis Solution 21.19-s055_1
  Generated on:           Dec 31 2024  03:00:05 pm
  Module:                 RISC_V_Cached
  Operating conditions:   PVT_1P8V_25C (balanced_tree)
  Wireload mode:          enclosed
  Area mode:              timing library
============================================================

                                 
  Gate   Instances      Area               Library           
-------------------------------------------------------------
ADDFX1          61    302560.000    KISTA_SOI_STDLIB2_CCS_TT 
ADDHX1           3      6720.000    KISTA_SOI_STDLIB2_CCS_TT 
AND2X1         192    184320.000    KISTA_SOI_STDLIB2_CCS_TT 
AND3X1          13     16640.000    KISTA_SOI_STDLIB2_CCS_TT 
AND4X1          73    116800.000    KISTA_SOI_STDLIB2_CCS_TT 
AO21X1         104    133120.000    KISTA_SOI_STDLIB2_CCS_TT 
AOI21X1       1194   1146240.000    KISTA_SOI_STDLIB2_CCS_TT 
BUFX2          159    101760.000    KISTA_SOI_STDLIB2_CCS_TT 
BUFX3            6      3840.000    KISTA_SOI_STDLIB2_CCS_TT 
DFFRX1        1486   8083840.000    KISTA_SOI_STDLIB2_CCS_TT 
DFFSX1           3     15360.000    KISTA_SOI_STDLIB2_CCS_TT 
DFFX1         2557  11046240.000    KISTA_SOI_STDLIB2_CCS_TT 
INVX1          119     38080.000    KISTA_SOI_STDLIB2_CCS_TT 
INVX2         1385    443200.000    KISTA_SOI_STDLIB2_CCS_TT 
INVX3         1140    364800.000    KISTA_SOI_STDLIB2_CCS_TT 
MX2X1          103    197760.000    KISTA_SOI_STDLIB2_CCS_TT 
NAND2X1       6813   4360320.000    KISTA_SOI_STDLIB2_CCS_TT 
NAND2X2       2382   1524480.000    KISTA_SOI_STDLIB2_CCS_TT 
NAND3X1        215    206400.000    KISTA_SOI_STDLIB2_CCS_TT 
NAND4X1       1122   1436160.000    KISTA_SOI_STDLIB2_CCS_TT 
NOR2X1         226    144640.000    KISTA_SOI_STDLIB2_CCS_TT 
NOR2X2         545    348800.000    KISTA_SOI_STDLIB2_CCS_TT 
NOR2X3         128    122880.000    KISTA_SOI_STDLIB2_CCS_TT 
NOR3X1         241    231360.000    KISTA_SOI_STDLIB2_CCS_TT 
NOR4X1         178    227840.000    KISTA_SOI_STDLIB2_CCS_TT 
OA21X1         130    166400.000    KISTA_SOI_STDLIB2_CCS_TT 
OAI21X1       4622   4437120.000    KISTA_SOI_STDLIB2_CCS_TT 
OR2X1           70     67200.000    KISTA_SOI_STDLIB2_CCS_TT 
OR3X1           13     16640.000    KISTA_SOI_STDLIB2_CCS_TT 
OR4X1           34     54400.000    KISTA_SOI_STDLIB2_CCS_TT 
XNOR2X1         46     73600.000    KISTA_SOI_STDLIB2_CCS_TT 
XOR2X1          71    113600.000    KISTA_SOI_STDLIB2_CCS_TT 
-------------------------------------------------------------
total        25434  35733120.000                             


                                             
     Type      Instances     Area     Area % 
---------------------------------------------
sequential          4046 19145440.000   53.6 
inverter            2644   846080.000    2.4 
buffer               165   105600.000    0.3 
logic              18579 15636000.000   43.8 
physical_cells         0        0.000    0.0 
---------------------------------------------
total              25434 35733120.000  100.0 

