============================================================
  Generated by:           Genus(TM) Synthesis Solution 21.19-s055_1
  Generated on:           Dec 31 2024  07:23:58 am
  Module:                 RISC_V_Cached
  Operating conditions:   PVT_1P8V_25C (balanced_tree)
  Wireload mode:          enclosed
  Area mode:              timing library
============================================================


Path 1: MET (4204 ps) Setup Check with Pin CPU_IFD0_ProgramCounter_reg[30]/CK->D
          Group: CLK
     Startpoint: (R) i_cache_dut_control_state_reg[0]/CK
          Clock: (R) CLK
       Endpoint: (R) CPU_IFD0_ProgramCounter_reg[30]/D
          Clock: (R) CLK

                     Capture       Launch     
        Clock Edge:+   91000            0     
       Src Latency:+       0            0     
       Net Latency:+     200 (I)      200 (I) 
           Arrival:=   91200          200     
                                              
             Setup:-    1746                  
       Uncertainty:-     300                  
     Required Time:=   89154                  
      Launch Clock:-     200                  
         Data Path:-   84750                  
             Slack:=    4204                  

#-------------------------------------------------------------------------------------------------------------------------------------------------------
#                               Timing Point                                Flags     Arc     Edge   Cell     Fanout  Load Trans Delay Arrival Instance 
#                                                                                                                     (fF)  (ps)  (ps)   (ps)  Location 
#-------------------------------------------------------------------------------------------------------------------------------------------------------
  i_cache_dut_control_state_reg[0]/CK                                       -       -         R     (arrival)   4047     -     0     0     200    (-,-) 
  i_cache_dut_control_state_reg[0]/Q                                        -       CK->Q     F     DFFSX1         3 125.0  1344  4181    4381    (-,-) 
  g182099/Y                                                                 -       A->Y      F     BUFX2          2  88.6   177  1474    5855    (-,-) 
  g182078/Y                                                                 -       B->Y      R     NAND2X2       11 472.5   874  1177    7032    (-,-) 
  g182019/Y                                                                 -       B->Y      F     NOR2X2         3 186.1   383   690    7722    (-,-) 
  g182009/Y                                                                 -       A->Y      R     INVX3          6 460.1   548   974    8696    (-,-) 
  g181978/Y                                                                 -       B->Y      F     NOR2X3        16 545.4   523   896    9592    (-,-) 
  g180762/Y                                                                 -       A->Y      R     NAND2X1        1  55.5   321   762   10354    (-,-) 
  g180251/Y                                                                 -       A->Y      F     NAND2X2        1  31.9   144   288   10642    (-,-) 
  g251322/Y                                                                 -       C->Y      F     AO21X1         1  32.4   185  1131   11773    (-,-) 
  g251321/Y                                                                 -       C->Y      R     AOI21X1        1  35.0   464   829   12602    (-,-) 
  g251310/Y                                                                 -       A->Y      F     NAND3X1        1  31.9   370   606   13208    (-,-) 
  g251564/Y                                                                 -       C->Y      F     AO21X1         1  31.9   184  1234   14442    (-,-) 
  g251563/Y                                                                 -       C->Y      F     AO21X1         1  33.6   188  1156   15598    (-,-) 
  g251276/Y                                                                 -       A->Y      R     NOR3X1         1  34.7   615  1084   16682    (-,-) 
  g251571/Y                                                                 -       A->Y      F     NAND4X1        1  33.8   546   847   17528    (-,-) 
  g251261/Y                                                                 -       A->Y      F     OR2X1          6 332.3   885  2169   19697    (-,-) 
  g179710/Y                                                                 -       A->Y      R     NAND2X2        7 466.1   869  1650   21347    (-,-) 
  g179138/Y                                                                 -       A->Y      F     NOR2X2        10 364.7   581  1048   22395    (-,-) 
  g178943/Y                                                                 -       A->Y      F     BUFX2         13 443.3   585  1577   23972    (-,-) 
  g178775/Y                                                                 -       A->Y      R     NAND2X1        1  55.5   334   802   24775    (-,-) 
  g176895/Y                                                                 -       A->Y      F     NAND2X2        1  31.9   146   289   25063    (-,-) 
  g251250/Y                                                                 -       C->Y      F     AO21X1         1  32.4   185  1132   26195    (-,-) 
  g251249/Y                                                                 -       C->Y      R     AOI21X1        1  36.3   473   839   27034    (-,-) 
  g176332/Y                                                                 -       D->Y      F     NAND4X1        1  32.4   538   735   27770    (-,-) 
  g176318/Y                                                                 -       C->Y      R     NOR3X1         1  56.9   842  1281   29050    (-,-) 
  g176116/Y                                                                 -       B->Y      F     NAND2X2        3 137.1   476   722   29773    (-,-) 
  g175928/COUT                                                              -       A->COUT   F     ADDHX1         1  33.4   157  1096   30869    (-,-) 
  g175909/Y                                                                 -       B->Y      R     OAI21X1        1  34.8   361   602   31471    (-,-) 
  g175897/Y                                                                 -       B->Y      F     AOI21X1        1  29.8   240   452   31923    (-,-) 
  g175892/Y                                                                 -       D->Y      R     NOR4X1         1  36.9   938  1108   33031    (-,-) 
  g175890/Y                                                                 -       C->Y      F     NOR3X1         1  33.4   279   441   33473    (-,-) 
  g175885/Y                                                                 -       B->Y      R     OAI21X1        1  34.8   368   674   34146    (-,-) 
  g175881/Y                                                                 -       B->Y      F     AOI21X1        2  64.8   382   639   34785    (-,-) 
  g175879/Y                                                                 -       C->Y      R     NOR3X1         1  57.1   852  1194   35979    (-,-) 
  g175877/Y                                                                 -       B->Y      F     NOR2X2         2  69.7   241   376   36355    (-,-) 
  g175876/Y                                                                 -       C->Y      R     NAND3X1        1  33.3   252   477   36832    (-,-) 
  g175874/Y                                                                 -       C->Y      F     OAI21X1        1  32.6   292   512   37344    (-,-) 
  g175872/Y                                                                 -       A->Y      R     OAI21X1        1  56.9   514   917   38261    (-,-) 
  g175871/Y                                                                 -       B->Y      F     NAND2X2        2  92.0   288   510   38771    (-,-) 
  g175870/Y                                                                 -       B->Y      R     NAND2X2        2 113.4   264   560   39331    (-,-) 
  g175869/Y                                                                 -       B->Y      F     NOR2X2         7 272.3   402   636   39967    (-,-) 
  g251238/Y                                                                 -       S0->Y     R     MX2X1          3 163.6   620  1929   41896    (-,-) 
  CPU_IFD0_add_277_66_Y_CPU_IFD0_add_305_65_Y_CPU_IFD0_add_292_64_g874/Y    -       B->Y      F     NOR2X1         1  33.4   248   392   42288    (-,-) 
  CPU_IFD0_add_277_66_Y_CPU_IFD0_add_305_65_Y_CPU_IFD0_add_292_64_g835/Y    -       B->Y      R     OAI21X1        2 102.9   826  1194   43482    (-,-) 
  CPU_IFD0_add_277_66_Y_CPU_IFD0_add_305_65_Y_CPU_IFD0_add_292_64_g833/Y    -       C->Y      F     OAI21X1        1  55.7   536   724   44206    (-,-) 
  CPU_IFD0_add_277_66_Y_CPU_IFD0_add_305_65_Y_CPU_IFD0_add_292_64_g831/Y    -       B->Y      R     NAND2X2        2 102.9   253   691   44896    (-,-) 
  CPU_IFD0_add_277_66_Y_CPU_IFD0_add_305_65_Y_CPU_IFD0_add_292_64_g830/Y    -       C->Y      F     OAI21X1        1  55.7   536   633   45529    (-,-) 
  CPU_IFD0_add_277_66_Y_CPU_IFD0_add_305_65_Y_CPU_IFD0_add_292_64_g828/Y    -       B->Y      R     NAND2X2        2 102.9   253   691   46220    (-,-) 
  CPU_IFD0_add_277_66_Y_CPU_IFD0_add_305_65_Y_CPU_IFD0_add_292_64_g827/Y    -       C->Y      F     OAI21X1        1  55.7   536   633   46853    (-,-) 
  CPU_IFD0_add_277_66_Y_CPU_IFD0_add_305_65_Y_CPU_IFD0_add_292_64_g825/Y    -       B->Y      R     NAND2X2        2 102.9   253   691   47543    (-,-) 
  CPU_IFD0_add_277_66_Y_CPU_IFD0_add_305_65_Y_CPU_IFD0_add_292_64_g824/Y    -       C->Y      F     OAI21X1        1  55.7   506   633   48176    (-,-) 
  CPU_IFD0_add_277_66_Y_CPU_IFD0_add_305_65_Y_CPU_IFD0_add_292_64_g822/Y    -       B->Y      R     NAND2X2        2 102.9   253   674   48850    (-,-) 
  CPU_IFD0_add_277_66_Y_CPU_IFD0_add_305_65_Y_CPU_IFD0_add_292_64_g821/Y    -       C->Y      F     OAI21X1        1  55.7   483   633   49482    (-,-) 
  CPU_IFD0_add_277_66_Y_CPU_IFD0_add_305_65_Y_CPU_IFD0_add_292_64_g819/Y    -       B->Y      R     NAND2X2        2 102.9   253   660   50142    (-,-) 
  CPU_IFD0_add_277_66_Y_CPU_IFD0_add_305_65_Y_CPU_IFD0_add_292_64_g818/Y    -       C->Y      F     OAI21X1        1  55.7   478   633   50775    (-,-) 
  CPU_IFD0_add_277_66_Y_CPU_IFD0_add_305_65_Y_CPU_IFD0_add_292_64_g816/Y    -       B->Y      R     NAND2X2        2 102.9   253   656   51431    (-,-) 
  CPU_IFD0_add_277_66_Y_CPU_IFD0_add_305_65_Y_CPU_IFD0_add_292_64_g815/Y    -       C->Y      F     OAI21X1        1  55.7   483   633   52064    (-,-) 
  CPU_IFD0_add_277_66_Y_CPU_IFD0_add_305_65_Y_CPU_IFD0_add_292_64_g813/Y    -       B->Y      R     NAND2X2        2 102.9   250   660   52723    (-,-) 
  CPU_IFD0_add_277_66_Y_CPU_IFD0_add_305_65_Y_CPU_IFD0_add_292_64_g812/Y    -       C->Y      F     OAI21X1        1  55.7   483   632   53356    (-,-) 
  CPU_IFD0_add_277_66_Y_CPU_IFD0_add_305_65_Y_CPU_IFD0_add_292_64_g810/Y    -       B->Y      R     NAND2X2        2 102.9   253   660   54015    (-,-) 
  CPU_IFD0_add_277_66_Y_CPU_IFD0_add_305_65_Y_CPU_IFD0_add_292_64_g809/Y    -       C->Y      F     OAI21X1        1  55.7   419   633   54648    (-,-) 
  CPU_IFD0_add_277_66_Y_CPU_IFD0_add_305_65_Y_CPU_IFD0_add_292_64_g807/Y    -       B->Y      R     NAND2X2        2 102.9   247   620   55268    (-,-) 
  CPU_IFD0_add_277_66_Y_CPU_IFD0_add_305_65_Y_CPU_IFD0_add_292_64_g806/Y    -       C->Y      F     OAI21X1        1  55.7   422   632   55899    (-,-) 
  CPU_IFD0_add_277_66_Y_CPU_IFD0_add_305_65_Y_CPU_IFD0_add_292_64_g804/Y    -       B->Y      R     NAND2X2        2 102.9   247   622   56520    (-,-) 
  CPU_IFD0_add_277_66_Y_CPU_IFD0_add_305_65_Y_CPU_IFD0_add_292_64_g803/Y    -       C->Y      F     OAI21X1        1  55.7   536   632   57152    (-,-) 
  CPU_IFD0_add_277_66_Y_CPU_IFD0_add_305_65_Y_CPU_IFD0_add_292_64_g801/Y    -       B->Y      R     NAND2X2        2 102.9   252   691   57843    (-,-) 
  CPU_IFD0_add_277_66_Y_CPU_IFD0_add_305_65_Y_CPU_IFD0_add_292_64_g800/Y    -       C->Y      F     OAI21X1        1  55.7   536   633   58475    (-,-) 
  CPU_IFD0_add_277_66_Y_CPU_IFD0_add_305_65_Y_CPU_IFD0_add_292_64_g798/Y    -       B->Y      R     NAND2X2        2 102.9   252   691   59166    (-,-) 
  CPU_IFD0_add_277_66_Y_CPU_IFD0_add_305_65_Y_CPU_IFD0_add_292_64_g797/Y    -       C->Y      F     OAI21X1        1  55.7   391   633   59799    (-,-) 
  CPU_IFD0_add_277_66_Y_CPU_IFD0_add_305_65_Y_CPU_IFD0_add_292_64_g795/Y    -       B->Y      R     NAND2X2        2 102.9   246   602   60401    (-,-) 
  CPU_IFD0_add_277_66_Y_CPU_IFD0_add_305_65_Y_CPU_IFD0_add_292_64_g794/Y    -       C->Y      F     OAI21X1        1  55.7   536   632   61033    (-,-) 
  CPU_IFD0_add_277_66_Y_CPU_IFD0_add_305_65_Y_CPU_IFD0_add_292_64_g792/Y    -       B->Y      R     NAND2X2        2 102.9   252   691   61723    (-,-) 
  CPU_IFD0_add_277_66_Y_CPU_IFD0_add_305_65_Y_CPU_IFD0_add_292_64_g791/Y    -       C->Y      F     OAI21X1        1  55.7   535   633   62356    (-,-) 
  CPU_IFD0_add_277_66_Y_CPU_IFD0_add_305_65_Y_CPU_IFD0_add_292_64_g789/Y    -       B->Y      R     NAND2X2        2 102.9   252   691   63047    (-,-) 
  CPU_IFD0_add_277_66_Y_CPU_IFD0_add_305_65_Y_CPU_IFD0_add_292_64_g788/Y    -       C->Y      F     OAI21X1        1  55.7   536   633   63679    (-,-) 
  CPU_IFD0_add_277_66_Y_CPU_IFD0_add_305_65_Y_CPU_IFD0_add_292_64_g786/Y    -       B->Y      R     NAND2X2        2 102.9   252   691   64370    (-,-) 
  CPU_IFD0_add_277_66_Y_CPU_IFD0_add_305_65_Y_CPU_IFD0_add_292_64_g785/Y    -       C->Y      F     OAI21X1        1  55.7   536   633   65003    (-,-) 
  CPU_IFD0_add_277_66_Y_CPU_IFD0_add_305_65_Y_CPU_IFD0_add_292_64_g783/Y    -       B->Y      R     NAND2X2        2 102.9   253   691   65694    (-,-) 
  CPU_IFD0_add_277_66_Y_CPU_IFD0_add_305_65_Y_CPU_IFD0_add_292_64_g782/Y    -       C->Y      F     OAI21X1        1  55.7   536   633   66326    (-,-) 
  CPU_IFD0_add_277_66_Y_CPU_IFD0_add_305_65_Y_CPU_IFD0_add_292_64_g780/Y    -       B->Y      R     NAND2X2        2 102.9   253   691   67017    (-,-) 
  CPU_IFD0_add_277_66_Y_CPU_IFD0_add_305_65_Y_CPU_IFD0_add_292_64_g779/Y    -       C->Y      F     OAI21X1        1  55.7   426   633   67650    (-,-) 
  CPU_IFD0_add_277_66_Y_CPU_IFD0_add_305_65_Y_CPU_IFD0_add_292_64_g777/Y    -       B->Y      R     NAND2X2        2 102.9   246   624   68274    (-,-) 
  CPU_IFD0_add_277_66_Y_CPU_IFD0_add_305_65_Y_CPU_IFD0_add_292_64_g776/Y    -       C->Y      F     OAI21X1        1  55.7   506   632   68905    (-,-) 
  CPU_IFD0_add_277_66_Y_CPU_IFD0_add_305_65_Y_CPU_IFD0_add_292_64_g774/Y    -       B->Y      R     NAND2X2        2 102.9   253   674   69579    (-,-) 
  CPU_IFD0_add_277_66_Y_CPU_IFD0_add_305_65_Y_CPU_IFD0_add_292_64_g773/Y    -       C->Y      F     OAI21X1        1  55.7   506   633   70212    (-,-) 
  CPU_IFD0_add_277_66_Y_CPU_IFD0_add_305_65_Y_CPU_IFD0_add_292_64_g771/Y    -       B->Y      R     NAND2X2        2 102.9   251   674   70886    (-,-) 
  CPU_IFD0_add_277_66_Y_CPU_IFD0_add_305_65_Y_CPU_IFD0_add_292_64_g770/Y    -       C->Y      F     OAI21X1        1  55.7   506   632   71518    (-,-) 
  CPU_IFD0_add_277_66_Y_CPU_IFD0_add_305_65_Y_CPU_IFD0_add_292_64_g768/Y    -       B->Y      R     NAND2X2        2 102.9   251   674   72192    (-,-) 
  CPU_IFD0_add_277_66_Y_CPU_IFD0_add_305_65_Y_CPU_IFD0_add_292_64_g767/Y    -       C->Y      F     OAI21X1        1  55.7   397   632   72824    (-,-) 
  CPU_IFD0_add_277_66_Y_CPU_IFD0_add_305_65_Y_CPU_IFD0_add_292_64_g765/Y    -       B->Y      R     NAND2X2        2 102.9   251   606   73430    (-,-) 
  CPU_IFD0_add_277_66_Y_CPU_IFD0_add_305_65_Y_CPU_IFD0_add_292_64_g764/Y    -       C->Y      F     OAI21X1        1  55.7   506   632   74063    (-,-) 
  CPU_IFD0_add_277_66_Y_CPU_IFD0_add_305_65_Y_CPU_IFD0_add_292_64_g762/Y    -       B->Y      R     NAND2X2        2 102.9   253   674   74737    (-,-) 
  CPU_IFD0_add_277_66_Y_CPU_IFD0_add_305_65_Y_CPU_IFD0_add_292_64_g761/Y    -       C->Y      F     OAI21X1        1  55.7   506   633   75369    (-,-) 
  CPU_IFD0_add_277_66_Y_CPU_IFD0_add_305_65_Y_CPU_IFD0_add_292_64_g759/Y    -       B->Y      R     NAND2X2        2 102.9   251   674   76043    (-,-) 
  CPU_IFD0_add_277_66_Y_CPU_IFD0_add_305_65_Y_CPU_IFD0_add_292_64_g758/Y    -       C->Y      F     OAI21X1        1  55.7   506   632   76676    (-,-) 
  CPU_IFD0_add_277_66_Y_CPU_IFD0_add_305_65_Y_CPU_IFD0_add_292_64_g756/Y    -       B->Y      R     NAND2X2        2 102.9   248   674   77349    (-,-) 
  CPU_IFD0_add_277_66_Y_CPU_IFD0_add_305_65_Y_CPU_IFD0_add_292_64_g755/Y    -       C->Y      F     OAI21X1        1  55.7   464   632   77981    (-,-) 
  CPU_IFD0_add_277_66_Y_CPU_IFD0_add_305_65_Y_CPU_IFD0_add_292_64_g753/Y    -       B->Y      R     NAND2X2        1 126.3   287   700   78681    (-,-) 
  CPU_IFD0_add_277_66_Y_CPU_IFD0_add_305_65_Y_CPU_IFD0_add_292_64_g752/COUT -       CIN->COUT R     ADDFX1         1 126.3   781  2224   80906    (-,-) 
  CPU_IFD0_add_277_66_Y_CPU_IFD0_add_305_65_Y_CPU_IFD0_add_292_64_g751/SUM  -       CIN->SUM  R     ADDFX1         1  56.9   348  3296   84201    (-,-) 
  g230531/Y                                                                 -       B->Y      F     NAND2X2        1  36.3   187   307   84508    (-,-) 
  g230466/Y                                                                 -       C->Y      R     NAND3X1        1  33.2   252   442   84950    (-,-) 
  CPU_IFD0_ProgramCounter_reg[30]/D                                         <<<     -         R     DFFRX1         1     -     -     0   84950    (-,-) 
#-------------------------------------------------------------------------------------------------------------------------------------------------------

