============================================================
  Generated by:           Genus(TM) Synthesis Solution 21.19-s055_1
  Generated on:           Dec 31 2024  07:23:59 am
  Module:                 RISC_V_Cached
  Operating conditions:   PVT_1P8V_25C (balanced_tree)
  Wireload mode:          enclosed
  Area mode:              timing library
============================================================

                                 
  Gate   Instances      Area               Library           
-------------------------------------------------------------
ADDFX1          16     79360.000    KISTA_SOI_STDLIB2_CCS_TT 
ADDHX1           5     11200.000    KISTA_SOI_STDLIB2_CCS_TT 
AND2X1         118    113280.000    KISTA_SOI_STDLIB2_CCS_TT 
AND3X1           5      6400.000    KISTA_SOI_STDLIB2_CCS_TT 
AND4X1          63    100800.000    KISTA_SOI_STDLIB2_CCS_TT 
AO21X1         153    195840.000    KISTA_SOI_STDLIB2_CCS_TT 
AOI21X1        900    864000.000    KISTA_SOI_STDLIB2_CCS_TT 
BUFX2          187    119680.000    KISTA_SOI_STDLIB2_CCS_TT 
BUFX3            6      3840.000    KISTA_SOI_STDLIB2_CCS_TT 
DFFRX1        1486   8083840.000    KISTA_SOI_STDLIB2_CCS_TT 
DFFSX1           3     15360.000    KISTA_SOI_STDLIB2_CCS_TT 
DFFX1         2557  11046240.000    KISTA_SOI_STDLIB2_CCS_TT 
INVX1           18      5760.000    KISTA_SOI_STDLIB2_CCS_TT 
INVX2         1007    322240.000    KISTA_SOI_STDLIB2_CCS_TT 
INVX3         1258    402560.000    KISTA_SOI_STDLIB2_CCS_TT 
MX2X1          107    205440.000    KISTA_SOI_STDLIB2_CCS_TT 
NAND2X1       7479   4786560.000    KISTA_SOI_STDLIB2_CCS_TT 
NAND2X2       2390   1529600.000    KISTA_SOI_STDLIB2_CCS_TT 
NAND3X1        272    261120.000    KISTA_SOI_STDLIB2_CCS_TT 
NAND4X1       1240   1587200.000    KISTA_SOI_STDLIB2_CCS_TT 
NOR2X1         204    130560.000    KISTA_SOI_STDLIB2_CCS_TT 
NOR2X2         616    394240.000    KISTA_SOI_STDLIB2_CCS_TT 
NOR2X3         133    127680.000    KISTA_SOI_STDLIB2_CCS_TT 
NOR3X1         197    189120.000    KISTA_SOI_STDLIB2_CCS_TT 
NOR4X1         245    313600.000    KISTA_SOI_STDLIB2_CCS_TT 
OA21X1          91    116480.000    KISTA_SOI_STDLIB2_CCS_TT 
OAI21X1       4429   4251840.000    KISTA_SOI_STDLIB2_CCS_TT 
OR2X1           74     71040.000    KISTA_SOI_STDLIB2_CCS_TT 
OR3X1           14     17920.000    KISTA_SOI_STDLIB2_CCS_TT 
OR4X1           23     36800.000    KISTA_SOI_STDLIB2_CCS_TT 
XNOR2X1         40     64000.000    KISTA_SOI_STDLIB2_CCS_TT 
XOR2X1         150    240000.000    KISTA_SOI_STDLIB2_CCS_TT 
-------------------------------------------------------------
total        25486  35693600.000                             


                                             
     Type      Instances     Area     Area % 
---------------------------------------------
sequential          4046 19145440.000   53.6 
inverter            2283   730560.000    2.0 
buffer               193   123520.000    0.3 
logic              18964 15694080.000   44.0 
physical_cells         0        0.000    0.0 
---------------------------------------------
total              25486 35693600.000  100.0 

