============================================================
  Generated by:           Genus(TM) Synthesis Solution 21.19-s055_1
  Generated on:           Jan 02 2025  05:53:59 am
  Module:                 RISC_V_Cached
  Operating conditions:   PVT_1P8V_25C (balanced_tree)
  Wireload mode:          enclosed
  Area mode:              timing library
============================================================


Path 1: VIOLATED (-20756 ps) Setup Check with Pin CPU_IFD0_ProgramCounter_reg[31]/CK->D
          Group: CLK
     Startpoint: (R) CPU_IFD0_ProgramCounter_reg[2]/CK
          Clock: (R) CLK
       Endpoint: (R) CPU_IFD0_ProgramCounter_reg[31]/D
          Clock: (R) CLK

                     Capture       Launch     
        Clock Edge:+    7000            0     
       Src Latency:+       0            0     
       Net Latency:+     200 (I)      200 (I) 
           Arrival:=    7200          200     
                                              
             Setup:-    1724                  
       Uncertainty:-     300                  
     Required Time:=    5176                  
      Launch Clock:-     200                  
         Data Path:-   25732                  
             Slack:=  -20756                  

#-----------------------------------------------------------------------------------------------------------
#           Timing Point            Flags   Arc   Edge   Cell     Fanout  Load Trans Delay Arrival Instance 
#                                                                         (fF)  (ps)  (ps)   (ps)  Location 
#-----------------------------------------------------------------------------------------------------------
  CPU_IFD0_ProgramCounter_reg[2]/CK -       -     R     (arrival)   4081     -     0     0     200    (-,-) 
  CPU_IFD0_ProgramCounter_reg[2]/Q  -       CK->Q F     DFFRX1         1  34.7   548  2801    3001    (-,-) 
  fopt461506/Y                      -       A->Y  F     BUFX3          3 184.2   209  1149    4150    (-,-) 
  fopt461505/Y                      -       A->Y  R     INVX3          1  81.7   123   363    4513    (-,-) 
  g246148/Y                         -       A->Y  F     NAND2X3        2 149.4   265   444    4957    (-,-) 
  g246125/Y                         -       A->Y  R     INVX3          2 132.2   182   470    5427    (-,-) 
  g246124/Y                         -       A->Y  F     INVX3          2 111.2   109   268    5694    (-,-) 
  g466679/Y                         -       B->Y  R     NOR2X2         2 111.8   466   651    6345    (-,-) 
  fopt2/Y                           -       A->Y  F     INVX2          2 130.1   233   457    6802    (-,-) 
  fopt514911/Y                      -       A->Y  R     INVX3          1  82.2   127   377    7179    (-,-) 
  g466752/Y                         -       B->Y  F     NAND2X3        4 198.1   367   501    7681    (-,-) 
  g466696/Y                         -       B->Y  R     NOR2X1         1  55.3   507   872    8552    (-,-) 
  g500417/Y                         -       A->Y  F     NOR2X2         1  80.2   226   438    8990    (-,-) 
  g500415/Y                         -       B->Y  R     NAND2X3        2 112.4   207   459    9450    (-,-) 
  g135_0/Y                          -       B->Y  F     NOR2X2         1  54.5   141   291    9741    (-,-) 
  g500226/Y                         -       A->Y  R     NAND2X2        1  80.6   199   404   10146    (-,-) 
  g500225/Y                         -       B->Y  F     NOR2X3         3 168.8   208   381   10527    (-,-) 
  g466517/Y                         -       A->Y  R     NAND2X2        1  76.7   199   441   10967    (-,-) 
  g244130/Y                         -       A->Y  F     INVX3          2 160.4   144   324   11292    (-,-) 
  g244095/Y                         -       B->Y  R     NAND2X3        3 190.1   294   515   11807    (-,-) 
  g244085/Y                         -       A->Y  F     INVX3          2 158.3   165   349   12156    (-,-) 
  g464120/Y                         -       A->Y  R     NAND2X3        2 153.4   254   540   12697    (-,-) 
  fopt56/Y                          -       A->Y  F     INVX3          5 253.1   227   430   13127    (-,-) 
  g465696/Y                         -       B->Y  R     NAND2X2        1  35.1   248   356   13483    (-,-) 
  g465695/Y                         -       A->Y  R     AND2X1         1  56.9   268   933   14416    (-,-) 
  g465691/Y                         -       B->Y  F     NAND2X2        1  55.8   180   352   14768    (-,-) 
  g464938/Y                         -       B->Y  R     NOR2X2         1  56.9   274   477   15245    (-,-) 
  g590/Y                            -       B->Y  F     NAND2X2        1  79.6   236   412   15657    (-,-) 
  g589/Y                            -       A->Y  R     NOR2X3         1  76.7   252   622   16279    (-,-) 
  g588/Y                            -       A->Y  F     INVX3          4 220.5   202   398   16677    (-,-) 
  g585/Y                            -       A->Y  R     NOR2X3         2  70.1   234   590   17266    (-,-) 
  g583/Y                            -       B->Y  F     OAI21X1        1  54.5   379   515   17782    (-,-) 
  g465191/Y                         -       A->Y  R     NAND2X2        1  56.9   188   512   18294    (-,-) 
  g463966/Y                         -       B->Y  F     NAND2X2        1  55.7   234   334   18627    (-,-) 
  g433022/Y                         -       B->Y  R     NAND2X2        1  56.9   156   411   19038    (-,-) 
  g432948/Y                         -       B->Y  F     NAND2X2        1  80.2   221   383   19421    (-,-) 
  g465330/Y                         -       B->Y  R     NAND2X3        1  82.2   172   412   19833    (-,-) 
  g466170/Y                         -       B->Y  F     NAND2X3        2 111.4   215   381   20214    (-,-) 
  g466169/Y                         -       B->Y  R     NAND2X2        2  92.8   220   473   20687    (-,-) 
  g467120/Y                         -       B->Y  F     NAND2X2        2  91.4   255   427   21114    (-,-) 
  g467115/Y                         -       B->Y  R     NAND2X2        1  82.2   197   475   21589    (-,-) 
  g466994/Y                         -       B->Y  F     NAND2X3        1  54.5   131   296   21885    (-,-) 
  g118/Y                            -       A->Y  R     NAND2X2        1  82.2   201   401   22286    (-,-) 
  g500026/Y                         -       B->Y  F     NAND2X3        2 109.0   211   384   22671    (-,-) 
  g466204/Y                         -       A->Y  R     NAND2X2        1  82.2   209   453   23124    (-,-) 
  g17/Y                             -       B->Y  F     NAND2X3        2 111.2   205   390   23514    (-,-) 
  g463983/Y                         -       A->Y  R     INVX2          2 113.8   221   468   23982    (-,-) 
  g24_463981/Y                      -       B->Y  F     NAND2X2        1 110.1   288   472   24454    (-,-) 
  g463980/Y                         -       A->Y  R     INVX4          8 444.0   403   743   25197    (-,-) 
  g463979/Y                         -       A->Y  F     NAND2X2        1  54.5   237   364   25561    (-,-) 
  g463978/Y                         -       A->Y  R     NAND2X2        1  33.2   132   371   25932    (-,-) 
  CPU_IFD0_ProgramCounter_reg[31]/D <<<     -     R     DFFRX1         1     -     -     0   25932    (-,-) 
#-----------------------------------------------------------------------------------------------------------

