============================================================
  Generated by:           Genus(TM) Synthesis Solution 21.19-s055_1
  Generated on:           Dec 31 2024  03:08:11 pm
  Module:                 RISC_V_Cached
  Operating conditions:   PVT_1P8V_25C (balanced_tree)
  Wireload mode:          enclosed
  Area mode:              timing library
============================================================

                                 
  Gate   Instances      Area               Library           
-------------------------------------------------------------
ADDFX1          61    302560.000    KISTA_SOI_STDLIB2_CCS_TT 
ADDHX1           3      6720.000    KISTA_SOI_STDLIB2_CCS_TT 
AND2X1         191    183360.000    KISTA_SOI_STDLIB2_CCS_TT 
AND3X1          13     16640.000    KISTA_SOI_STDLIB2_CCS_TT 
AND4X1          73    116800.000    KISTA_SOI_STDLIB2_CCS_TT 
AO21X1         104    133120.000    KISTA_SOI_STDLIB2_CCS_TT 
AOI21X1       1194   1146240.000    KISTA_SOI_STDLIB2_CCS_TT 
BUFX2          156     99840.000    KISTA_SOI_STDLIB2_CCS_TT 
BUFX3            6      3840.000    KISTA_SOI_STDLIB2_CCS_TT 
DFFRX1        1486   8083840.000    KISTA_SOI_STDLIB2_CCS_TT 
DFFSX1           3     15360.000    KISTA_SOI_STDLIB2_CCS_TT 
DFFX1         2557  11046240.000    KISTA_SOI_STDLIB2_CCS_TT 
INVX1          119     38080.000    KISTA_SOI_STDLIB2_CCS_TT 
INVX2         1377    440640.000    KISTA_SOI_STDLIB2_CCS_TT 
INVX3         1145    366400.000    KISTA_SOI_STDLIB2_CCS_TT 
MX2X1          104    199680.000    KISTA_SOI_STDLIB2_CCS_TT 
NAND2X1       6808   4357120.000    KISTA_SOI_STDLIB2_CCS_TT 
NAND2X2       2385   1526400.000    KISTA_SOI_STDLIB2_CCS_TT 
NAND3X1        215    206400.000    KISTA_SOI_STDLIB2_CCS_TT 
NAND4X1       1122   1436160.000    KISTA_SOI_STDLIB2_CCS_TT 
NOR2X1         230    147200.000    KISTA_SOI_STDLIB2_CCS_TT 
NOR2X2         553    353920.000    KISTA_SOI_STDLIB2_CCS_TT 
NOR2X3         123    118080.000    KISTA_SOI_STDLIB2_CCS_TT 
NOR3X1         241    231360.000    KISTA_SOI_STDLIB2_CCS_TT 
NOR4X1         178    227840.000    KISTA_SOI_STDLIB2_CCS_TT 
OA21X1         130    166400.000    KISTA_SOI_STDLIB2_CCS_TT 
OAI21X1       4621   4436160.000    KISTA_SOI_STDLIB2_CCS_TT 
OR2X1           65     62400.000    KISTA_SOI_STDLIB2_CCS_TT 
OR3X1           13     16640.000    KISTA_SOI_STDLIB2_CCS_TT 
OR4X1           34     54400.000    KISTA_SOI_STDLIB2_CCS_TT 
XNOR2X1         46     73600.000    KISTA_SOI_STDLIB2_CCS_TT 
XOR2X1          71    113600.000    KISTA_SOI_STDLIB2_CCS_TT 
-------------------------------------------------------------
total        25427  35727040.000                             


                                             
     Type      Instances     Area     Area % 
---------------------------------------------
sequential          4046 19145440.000   53.6 
inverter            2641   845120.000    2.4 
buffer               162   103680.000    0.3 
logic              18578 15632800.000   43.8 
physical_cells         0        0.000    0.0 
---------------------------------------------
total              25427 35727040.000  100.0 

