============================================================
  Generated by:           Genus(TM) Synthesis Solution 21.19-s055_1
  Generated on:           Dec 31 2024  12:41:50 pm
  Module:                 RISC_V_Cached
  Operating conditions:   PVT_1P8V_25C (balanced_tree)
  Wireload mode:          enclosed
  Area mode:              timing library
============================================================

                                 
  Gate   Instances      Area               Library           
-------------------------------------------------------------
ADDFX1           4     19840.000    KISTA_SOI_STDLIB2_CCS_TT 
ADDHX1           3      6720.000    KISTA_SOI_STDLIB2_CCS_TT 
AND2X1          23     22080.000    KISTA_SOI_STDLIB2_CCS_TT 
AND3X1          12     15360.000    KISTA_SOI_STDLIB2_CCS_TT 
AND4X1          76    121600.000    KISTA_SOI_STDLIB2_CCS_TT 
AO21X1         102    130560.000    KISTA_SOI_STDLIB2_CCS_TT 
AOI21X1        649    623040.000    KISTA_SOI_STDLIB2_CCS_TT 
BUFX2          173    110720.000    KISTA_SOI_STDLIB2_CCS_TT 
BUFX3           30     19200.000    KISTA_SOI_STDLIB2_CCS_TT 
BUFX4           13     10400.000    KISTA_SOI_STDLIB2_CCS_TT 
BUFX9            5      4800.000    KISTA_SOI_STDLIB2_CCS_TT 
DFFRX1        1486   8083840.000    KISTA_SOI_STDLIB2_CCS_TT 
DFFSX1           3     15360.000    KISTA_SOI_STDLIB2_CCS_TT 
DFFX1         2594  11206080.000    KISTA_SOI_STDLIB2_CCS_TT 
INVX1           10      3200.000    KISTA_SOI_STDLIB2_CCS_TT 
INVX2          996    318720.000    KISTA_SOI_STDLIB2_CCS_TT 
INVX3         1417    453440.000    KISTA_SOI_STDLIB2_CCS_TT 
INVX4            3      1440.000    KISTA_SOI_STDLIB2_CCS_TT 
MX2X1          113    216960.000    KISTA_SOI_STDLIB2_CCS_TT 
NAND2X1       7989   5112960.000    KISTA_SOI_STDLIB2_CCS_TT 
NAND2X2       3164   2024960.000    KISTA_SOI_STDLIB2_CCS_TT 
NAND2X3         30     28800.000    KISTA_SOI_STDLIB2_CCS_TT 
NAND3X1        410    393600.000    KISTA_SOI_STDLIB2_CCS_TT 
NAND4X1       1120   1433600.000    KISTA_SOI_STDLIB2_CCS_TT 
NOR2X1         162    103680.000    KISTA_SOI_STDLIB2_CCS_TT 
NOR2X2        1223    782720.000    KISTA_SOI_STDLIB2_CCS_TT 
NOR2X3         116    111360.000    KISTA_SOI_STDLIB2_CCS_TT 
NOR3X1          87     83520.000    KISTA_SOI_STDLIB2_CCS_TT 
NOR4X1         186    238080.000    KISTA_SOI_STDLIB2_CCS_TT 
OA21X1          61     78080.000    KISTA_SOI_STDLIB2_CCS_TT 
OAI21X1       4327   4153920.000    KISTA_SOI_STDLIB2_CCS_TT 
OR2X1           47     45120.000    KISTA_SOI_STDLIB2_CCS_TT 
OR3X1           27     34560.000    KISTA_SOI_STDLIB2_CCS_TT 
OR4X1           14     22400.000    KISTA_SOI_STDLIB2_CCS_TT 
XNOR2X1         87    139200.000    KISTA_SOI_STDLIB2_CCS_TT 
XOR2X1         104    166400.000    KISTA_SOI_STDLIB2_CCS_TT 
-------------------------------------------------------------
total        26866  36336320.000                             


                                             
     Type      Instances     Area     Area % 
---------------------------------------------
sequential          4083 19305280.000   53.1 
inverter            2426   776800.000    2.1 
buffer               221   145120.000    0.4 
logic              20136 16109120.000   44.3 
physical_cells         0        0.000    0.0 
---------------------------------------------
total              26866 36336320.000  100.0 

