============================================================
  Generated by:           Genus(TM) Synthesis Solution 21.19-s055_1
  Generated on:           Jan 02 2025  06:14:05 am
  Module:                 RISC_V_Cached
  Operating conditions:   PVT_1P8V_25C (balanced_tree)
  Wireload mode:          enclosed
  Area mode:              timing library
============================================================

                                 
  Gate   Instances      Area               Library           
-------------------------------------------------------------
AND2X1          60     57600.000    KISTA_SOI_STDLIB2_CCS_TT 
AND3X1          10     12800.000    KISTA_SOI_STDLIB2_CCS_TT 
AND4X1          60     96000.000    KISTA_SOI_STDLIB2_CCS_TT 
AO21X1          31     39680.000    KISTA_SOI_STDLIB2_CCS_TT 
AOI21X1        857    822720.000    KISTA_SOI_STDLIB2_CCS_TT 
BUFX2          648    414720.000    KISTA_SOI_STDLIB2_CCS_TT 
BUFX3          155     99200.000    KISTA_SOI_STDLIB2_CCS_TT 
BUFX4           84     67200.000    KISTA_SOI_STDLIB2_CCS_TT 
BUFX9          135    129600.000    KISTA_SOI_STDLIB2_CCS_TT 
DFFRX1        1483   8067520.000    KISTA_SOI_STDLIB2_CCS_TT 
DFFSX1           3     15360.000    KISTA_SOI_STDLIB2_CCS_TT 
DFFX1         2594  11206080.000    KISTA_SOI_STDLIB2_CCS_TT 
INVX1          174     55680.000    KISTA_SOI_STDLIB2_CCS_TT 
INVX2         1633    522560.000    KISTA_SOI_STDLIB2_CCS_TT 
INVX3         2112    675840.000    KISTA_SOI_STDLIB2_CCS_TT 
INVX4          117     56160.000    KISTA_SOI_STDLIB2_CCS_TT 
MX2X1            5      9600.000    KISTA_SOI_STDLIB2_CCS_TT 
NAND2X1       7191   4602240.000    KISTA_SOI_STDLIB2_CCS_TT 
NAND2X2       4421   2829440.000    KISTA_SOI_STDLIB2_CCS_TT 
NAND2X3        324    311040.000    KISTA_SOI_STDLIB2_CCS_TT 
NAND3X1        293    281280.000    KISTA_SOI_STDLIB2_CCS_TT 
NAND4X1        843   1079040.000    KISTA_SOI_STDLIB2_CCS_TT 
NOR2X1         338    216320.000    KISTA_SOI_STDLIB2_CCS_TT 
NOR2X2        1734   1109760.000    KISTA_SOI_STDLIB2_CCS_TT 
NOR2X3         279    267840.000    KISTA_SOI_STDLIB2_CCS_TT 
NOR3X1         127    121920.000    KISTA_SOI_STDLIB2_CCS_TT 
NOR4X1         114    145920.000    KISTA_SOI_STDLIB2_CCS_TT 
OA21X1          39     49920.000    KISTA_SOI_STDLIB2_CCS_TT 
OAI21X1       4487   4307520.000    KISTA_SOI_STDLIB2_CCS_TT 
OR2X1           18     17280.000    KISTA_SOI_STDLIB2_CCS_TT 
OR3X1            7      8960.000    KISTA_SOI_STDLIB2_CCS_TT 
OR4X1            6      9600.000    KISTA_SOI_STDLIB2_CCS_TT 
XNOR2X1        156    249600.000    KISTA_SOI_STDLIB2_CCS_TT 
XOR2X1          50     80000.000    KISTA_SOI_STDLIB2_CCS_TT 
-------------------------------------------------------------
total        30588  38036000.000                             


                                             
     Type      Instances     Area     Area % 
---------------------------------------------
sequential          4080 19288960.000   50.7 
inverter            4036  1310240.000    3.4 
buffer              1022   710720.000    1.9 
logic              21450 16726080.000   44.0 
physical_cells         0        0.000    0.0 
---------------------------------------------
total              30588 38036000.000  100.0 

