============================================================
  Generated by:           Genus(TM) Synthesis Solution 21.19-s055_1
  Generated on:           Jan 02 2025  06:47:20 am
  Module:                 serv_synth_wrapper
  Operating conditions:   PVT_1P8V_25C (balanced_tree)
  Wireload mode:          enclosed
  Area mode:              timing library
============================================================

                                
  Gate   Instances     Area               Library           
------------------------------------------------------------
AND2X1          33    31680.000    KISTA_SOI_STDLIB2_CCS_TT 
AOI21X1         68    65280.000    KISTA_SOI_STDLIB2_CCS_TT 
BUFX2            5     3200.000    KISTA_SOI_STDLIB2_CCS_TT 
BUFX3          121    77440.000    KISTA_SOI_STDLIB2_CCS_TT 
BUFX4            8     6400.000    KISTA_SOI_STDLIB2_CCS_TT 
BUFX9            7     6720.000    KISTA_SOI_STDLIB2_CCS_TT 
DFFX1          182   786240.000    KISTA_SOI_STDLIB2_CCS_TT 
INVX1           58    18560.000    KISTA_SOI_STDLIB2_CCS_TT 
INVX2          185    59200.000    KISTA_SOI_STDLIB2_CCS_TT 
INVX3          143    45760.000    KISTA_SOI_STDLIB2_CCS_TT 
INVX4            5     2400.000    KISTA_SOI_STDLIB2_CCS_TT 
NAND2X1        125    80000.000    KISTA_SOI_STDLIB2_CCS_TT 
NAND2X2        230   147200.000    KISTA_SOI_STDLIB2_CCS_TT 
NAND2X3         28    26880.000    KISTA_SOI_STDLIB2_CCS_TT 
NAND3X1         33    31680.000    KISTA_SOI_STDLIB2_CCS_TT 
NAND4X1          8    10240.000    KISTA_SOI_STDLIB2_CCS_TT 
NOR2X1          34    21760.000    KISTA_SOI_STDLIB2_CCS_TT 
NOR2X2         119    76160.000    KISTA_SOI_STDLIB2_CCS_TT 
NOR2X3          33    31680.000    KISTA_SOI_STDLIB2_CCS_TT 
NOR3X1           7     6720.000    KISTA_SOI_STDLIB2_CCS_TT 
NOR4X1           5     6400.000    KISTA_SOI_STDLIB2_CCS_TT 
OA21X1           4     5120.000    KISTA_SOI_STDLIB2_CCS_TT 
OAI21X1        164   157440.000    KISTA_SOI_STDLIB2_CCS_TT 
OR2X1            3     2880.000    KISTA_SOI_STDLIB2_CCS_TT 
XNOR2X1          5     8000.000    KISTA_SOI_STDLIB2_CCS_TT 
XOR2X1           5     8000.000    KISTA_SOI_STDLIB2_CCS_TT 
------------------------------------------------------------
total         1618  1723040.000                             


                                            
     Type      Instances     Area    Area % 
--------------------------------------------
sequential           182  786240.000   45.6 
inverter             391  125920.000    7.3 
buffer               141   93760.000    5.4 
logic                904  717120.000   41.6 
physical_cells         0       0.000    0.0 
--------------------------------------------
total               1618 1723040.000  100.0 

