============================================================
  Generated by:           Genus(TM) Synthesis Solution 21.19-s055_1
  Generated on:           Jan 01 2025  03:02:53 am
  Module:                 serv_synth_wrapper
  Operating conditions:   PVT_1P8V_25C (balanced_tree)
  Wireload mode:          enclosed
  Area mode:              timing library
============================================================

                                
  Gate   Instances     Area               Library           
------------------------------------------------------------
ADDFX1           2     9920.000    KISTA_SOI_STDLIB2_CCS_TT 
ADDHX1           2     4480.000    KISTA_SOI_STDLIB2_CCS_TT 
AND2X1           8     7680.000    KISTA_SOI_STDLIB2_CCS_TT 
AND3X1           2     2560.000    KISTA_SOI_STDLIB2_CCS_TT 
AO21X1           8    10240.000    KISTA_SOI_STDLIB2_CCS_TT 
AOI21X1         50    48000.000    KISTA_SOI_STDLIB2_CCS_TT 
BUFX2           87    55680.000    KISTA_SOI_STDLIB2_CCS_TT 
BUFX3            6     3840.000    KISTA_SOI_STDLIB2_CCS_TT 
DFFX1          182   786240.000    KISTA_SOI_STDLIB2_CCS_TT 
INVX1           48    15360.000    KISTA_SOI_STDLIB2_CCS_TT 
INVX2           83    26560.000    KISTA_SOI_STDLIB2_CCS_TT 
INVX3           50    16000.000    KISTA_SOI_STDLIB2_CCS_TT 
MX2X1           41    78720.000    KISTA_SOI_STDLIB2_CCS_TT 
NAND2X1        182   116480.000    KISTA_SOI_STDLIB2_CCS_TT 
NAND2X2         92    58880.000    KISTA_SOI_STDLIB2_CCS_TT 
NAND3X1         74    71040.000    KISTA_SOI_STDLIB2_CCS_TT 
NAND4X1          5     6400.000    KISTA_SOI_STDLIB2_CCS_TT 
NOR2X1          16    10240.000    KISTA_SOI_STDLIB2_CCS_TT 
NOR2X2          59    37760.000    KISTA_SOI_STDLIB2_CCS_TT 
NOR2X3           2     1920.000    KISTA_SOI_STDLIB2_CCS_TT 
NOR3X1          15    14400.000    KISTA_SOI_STDLIB2_CCS_TT 
NOR4X1           2     2560.000    KISTA_SOI_STDLIB2_CCS_TT 
OA21X1           3     3840.000    KISTA_SOI_STDLIB2_CCS_TT 
OAI21X1        117   112320.000    KISTA_SOI_STDLIB2_CCS_TT 
OR2X1            3     2880.000    KISTA_SOI_STDLIB2_CCS_TT 
OR3X1            3     3840.000    KISTA_SOI_STDLIB2_CCS_TT 
XNOR2X1          5     8000.000    KISTA_SOI_STDLIB2_CCS_TT 
XOR2X1           6     9600.000    KISTA_SOI_STDLIB2_CCS_TT 
------------------------------------------------------------
total         1153  1525440.000                             


                                            
     Type      Instances     Area    Area % 
--------------------------------------------
sequential           182  786240.000   51.5 
inverter             181   57920.000    3.8 
buffer                93   59520.000    3.9 
logic                697  621760.000   40.8 
physical_cells         0       0.000    0.0 
--------------------------------------------
total               1153 1525440.000  100.0 

