============================================================
  Generated by:           Genus(TM) Synthesis Solution 21.19-s055_1
  Generated on:           Dec 31 2024  05:09:35 am
  Module:                 serv_synth_wrapper
  Operating conditions:   PVT_1P8V_25C (balanced_tree)
  Wireload mode:          enclosed
  Area mode:              timing library
============================================================

                                
  Gate   Instances     Area               Library           
------------------------------------------------------------
ADDFX1           1     4960.000    KISTA_SOI_STDLIB2_CCS_TT 
AND2X1          16    15360.000    KISTA_SOI_STDLIB2_CCS_TT 
AND3X1           1     1280.000    KISTA_SOI_STDLIB2_CCS_TT 
AO21X1           8    10240.000    KISTA_SOI_STDLIB2_CCS_TT 
AOI21X1         44    42240.000    KISTA_SOI_STDLIB2_CCS_TT 
BUFX2           85    54400.000    KISTA_SOI_STDLIB2_CCS_TT 
BUFX3            3     1920.000    KISTA_SOI_STDLIB2_CCS_TT 
DFFX1          182   786240.000    KISTA_SOI_STDLIB2_CCS_TT 
INVX1           42    13440.000    KISTA_SOI_STDLIB2_CCS_TT 
INVX2           87    27840.000    KISTA_SOI_STDLIB2_CCS_TT 
INVX3           49    15680.000    KISTA_SOI_STDLIB2_CCS_TT 
MX2X1           45    86400.000    KISTA_SOI_STDLIB2_CCS_TT 
NAND2X1        150    96000.000    KISTA_SOI_STDLIB2_CCS_TT 
NAND2X2        130    83200.000    KISTA_SOI_STDLIB2_CCS_TT 
NAND3X1         73    70080.000    KISTA_SOI_STDLIB2_CCS_TT 
NAND4X1          6     7680.000    KISTA_SOI_STDLIB2_CCS_TT 
NOR2X1          14     8960.000    KISTA_SOI_STDLIB2_CCS_TT 
NOR2X2          51    32640.000    KISTA_SOI_STDLIB2_CCS_TT 
NOR2X3           1      960.000    KISTA_SOI_STDLIB2_CCS_TT 
NOR3X1          22    21120.000    KISTA_SOI_STDLIB2_CCS_TT 
NOR4X1           3     3840.000    KISTA_SOI_STDLIB2_CCS_TT 
OA21X1           1     1280.000    KISTA_SOI_STDLIB2_CCS_TT 
OAI21X1        111   106560.000    KISTA_SOI_STDLIB2_CCS_TT 
OR2X1            4     3840.000    KISTA_SOI_STDLIB2_CCS_TT 
OR3X1            1     1280.000    KISTA_SOI_STDLIB2_CCS_TT 
XNOR2X1          7    11200.000    KISTA_SOI_STDLIB2_CCS_TT 
XOR2X1           9    14400.000    KISTA_SOI_STDLIB2_CCS_TT 
------------------------------------------------------------
total         1146  1523040.000                             


                                            
     Type      Instances     Area    Area % 
--------------------------------------------
sequential           182  786240.000   51.6 
inverter             178   56960.000    3.7 
buffer                88   56320.000    3.7 
logic                698  623520.000   40.9 
physical_cells         0       0.000    0.0 
--------------------------------------------
total               1146 1523040.000  100.0 

