============================================================
  Generated by:           Genus(TM) Synthesis Solution 21.19-s055_1
  Generated on:           Jan 02 2025  06:43:07 am
  Module:                 serv_synth_wrapper
  Operating conditions:   PVT_1P8V_25C (balanced_tree)
  Wireload mode:          enclosed
  Area mode:              timing library
============================================================

                                
  Gate   Instances     Area               Library           
------------------------------------------------------------
AND2X1          37    35520.000    KISTA_SOI_STDLIB2_CCS_TT 
AND3X1           1     1280.000    KISTA_SOI_STDLIB2_CCS_TT 
AND4X1           1     1600.000    KISTA_SOI_STDLIB2_CCS_TT 
AO21X1           2     2560.000    KISTA_SOI_STDLIB2_CCS_TT 
AOI21X1         63    60480.000    KISTA_SOI_STDLIB2_CCS_TT 
BUFX2            7     4480.000    KISTA_SOI_STDLIB2_CCS_TT 
BUFX3          164   104960.000    KISTA_SOI_STDLIB2_CCS_TT 
BUFX4            7     5600.000    KISTA_SOI_STDLIB2_CCS_TT 
BUFX9            3     2880.000    KISTA_SOI_STDLIB2_CCS_TT 
DFFX1          182   786240.000    KISTA_SOI_STDLIB2_CCS_TT 
INVX1           59    18880.000    KISTA_SOI_STDLIB2_CCS_TT 
INVX2          216    69120.000    KISTA_SOI_STDLIB2_CCS_TT 
INVX3          133    42560.000    KISTA_SOI_STDLIB2_CCS_TT 
INVX4           10     4800.000    KISTA_SOI_STDLIB2_CCS_TT 
MX2X1            2     3840.000    KISTA_SOI_STDLIB2_CCS_TT 
NAND2X1        155    99200.000    KISTA_SOI_STDLIB2_CCS_TT 
NAND2X2        283   181120.000    KISTA_SOI_STDLIB2_CCS_TT 
NAND2X3         21    20160.000    KISTA_SOI_STDLIB2_CCS_TT 
NAND3X1         48    46080.000    KISTA_SOI_STDLIB2_CCS_TT 
NAND4X1          6     7680.000    KISTA_SOI_STDLIB2_CCS_TT 
NOR2X1          27    17280.000    KISTA_SOI_STDLIB2_CCS_TT 
NOR2X2         112    71680.000    KISTA_SOI_STDLIB2_CCS_TT 
NOR2X3          24    23040.000    KISTA_SOI_STDLIB2_CCS_TT 
NOR3X1           5     4800.000    KISTA_SOI_STDLIB2_CCS_TT 
NOR4X1           2     2560.000    KISTA_SOI_STDLIB2_CCS_TT 
OA21X1           2     2560.000    KISTA_SOI_STDLIB2_CCS_TT 
OAI21X1        130   124800.000    KISTA_SOI_STDLIB2_CCS_TT 
XNOR2X1          4     6400.000    KISTA_SOI_STDLIB2_CCS_TT 
XOR2X1           6     9600.000    KISTA_SOI_STDLIB2_CCS_TT 
------------------------------------------------------------
total         1712  1761760.000                             


                                            
     Type      Instances     Area    Area % 
--------------------------------------------
sequential           182  786240.000   44.6 
inverter             418  135360.000    7.7 
buffer               181  117920.000    6.7 
logic                931  722240.000   41.0 
physical_cells         0       0.000    0.0 
--------------------------------------------
total               1712 1761760.000  100.0 

