============================================================
  Generated by:           Genus(TM) Synthesis Solution 21.19-s055_1
  Generated on:           Jan 02 2025  06:37:13 am
  Module:                 serv_synth_wrapper
  Operating conditions:   PVT_1P8V_25C (balanced_tree)
  Wireload mode:          enclosed
  Area mode:              timing library
============================================================

                                
  Gate   Instances     Area               Library           
------------------------------------------------------------
ADDHX1           1     2240.000    KISTA_SOI_STDLIB2_CCS_TT 
AND2X1           4     3840.000    KISTA_SOI_STDLIB2_CCS_TT 
AND4X1           1     1600.000    KISTA_SOI_STDLIB2_CCS_TT 
AO21X1           2     2560.000    KISTA_SOI_STDLIB2_CCS_TT 
AOI21X1         68    65280.000    KISTA_SOI_STDLIB2_CCS_TT 
BUFX2            6     3840.000    KISTA_SOI_STDLIB2_CCS_TT 
BUFX3          174   111360.000    KISTA_SOI_STDLIB2_CCS_TT 
BUFX4            6     4800.000    KISTA_SOI_STDLIB2_CCS_TT 
BUFX9            3     2880.000    KISTA_SOI_STDLIB2_CCS_TT 
DFFX1          182   786240.000    KISTA_SOI_STDLIB2_CCS_TT 
INVX1           58    18560.000    KISTA_SOI_STDLIB2_CCS_TT 
INVX2          251    80320.000    KISTA_SOI_STDLIB2_CCS_TT 
INVX3          124    39680.000    KISTA_SOI_STDLIB2_CCS_TT 
INVX4            8     3840.000    KISTA_SOI_STDLIB2_CCS_TT 
MX2X1            3     5760.000    KISTA_SOI_STDLIB2_CCS_TT 
NAND2X1        139    88960.000    KISTA_SOI_STDLIB2_CCS_TT 
NAND2X2        298   190720.000    KISTA_SOI_STDLIB2_CCS_TT 
NAND2X3         26    24960.000    KISTA_SOI_STDLIB2_CCS_TT 
NAND3X1         41    39360.000    KISTA_SOI_STDLIB2_CCS_TT 
NAND4X1          5     6400.000    KISTA_SOI_STDLIB2_CCS_TT 
NOR2X1          47    30080.000    KISTA_SOI_STDLIB2_CCS_TT 
NOR2X2         137    87680.000    KISTA_SOI_STDLIB2_CCS_TT 
NOR2X3          22    21120.000    KISTA_SOI_STDLIB2_CCS_TT 
NOR3X1           4     3840.000    KISTA_SOI_STDLIB2_CCS_TT 
NOR4X1           1     1280.000    KISTA_SOI_STDLIB2_CCS_TT 
OA21X1           2     2560.000    KISTA_SOI_STDLIB2_CCS_TT 
OAI21X1        120   115200.000    KISTA_SOI_STDLIB2_CCS_TT 
OR2X1            2     1920.000    KISTA_SOI_STDLIB2_CCS_TT 
XNOR2X1          7    11200.000    KISTA_SOI_STDLIB2_CCS_TT 
XOR2X1           1     1600.000    KISTA_SOI_STDLIB2_CCS_TT 
------------------------------------------------------------
total         1743  1759680.000                             


                                            
     Type      Instances     Area    Area % 
--------------------------------------------
sequential           182  786240.000   44.7 
inverter             441  142400.000    8.1 
buffer               189  122880.000    7.0 
logic                931  708160.000   40.2 
physical_cells         0       0.000    0.0 
--------------------------------------------
total               1743 1759680.000  100.0 

