============================================================
  Generated by:           Genus(TM) Synthesis Solution 21.19-s055_1
  Generated on:           Jan 02 2025  06:49:33 am
  Module:                 serv_synth_wrapper
  Operating conditions:   PVT_1P8V_25C (balanced_tree)
  Wireload mode:          enclosed
  Area mode:              timing library
============================================================

                                
  Gate   Instances     Area               Library           
------------------------------------------------------------
ADDHX1           1     2240.000    KISTA_SOI_STDLIB2_CCS_TT 
AND2X1           5     4800.000    KISTA_SOI_STDLIB2_CCS_TT 
AO21X1           3     3840.000    KISTA_SOI_STDLIB2_CCS_TT 
AOI21X1         48    46080.000    KISTA_SOI_STDLIB2_CCS_TT 
BUFX2           12     7680.000    KISTA_SOI_STDLIB2_CCS_TT 
BUFX3          119    76160.000    KISTA_SOI_STDLIB2_CCS_TT 
BUFX4           12     9600.000    KISTA_SOI_STDLIB2_CCS_TT 
BUFX9            3     2880.000    KISTA_SOI_STDLIB2_CCS_TT 
DFFX1          182   786240.000    KISTA_SOI_STDLIB2_CCS_TT 
INVX1           46    14720.000    KISTA_SOI_STDLIB2_CCS_TT 
INVX2          192    61440.000    KISTA_SOI_STDLIB2_CCS_TT 
INVX3          147    47040.000    KISTA_SOI_STDLIB2_CCS_TT 
INVX4           11     5280.000    KISTA_SOI_STDLIB2_CCS_TT 
MX2X1            1     1920.000    KISTA_SOI_STDLIB2_CCS_TT 
NAND2X1        155    99200.000    KISTA_SOI_STDLIB2_CCS_TT 
NAND2X2        327   209280.000    KISTA_SOI_STDLIB2_CCS_TT 
NAND2X3         24    23040.000    KISTA_SOI_STDLIB2_CCS_TT 
NAND3X1         69    66240.000    KISTA_SOI_STDLIB2_CCS_TT 
NAND4X1          5     6400.000    KISTA_SOI_STDLIB2_CCS_TT 
NOR2X1          30    19200.000    KISTA_SOI_STDLIB2_CCS_TT 
NOR2X2         132    84480.000    KISTA_SOI_STDLIB2_CCS_TT 
NOR2X3          30    28800.000    KISTA_SOI_STDLIB2_CCS_TT 
NOR3X1           6     5760.000    KISTA_SOI_STDLIB2_CCS_TT 
OA21X1           3     3840.000    KISTA_SOI_STDLIB2_CCS_TT 
OAI21X1        140   134400.000    KISTA_SOI_STDLIB2_CCS_TT 
OR2X1            5     4800.000    KISTA_SOI_STDLIB2_CCS_TT 
OR4X1            1     1600.000    KISTA_SOI_STDLIB2_CCS_TT 
XNOR2X1          2     3200.000    KISTA_SOI_STDLIB2_CCS_TT 
XOR2X1           4     6400.000    KISTA_SOI_STDLIB2_CCS_TT 
------------------------------------------------------------
total         1715  1766560.000                             


                                            
     Type      Instances     Area    Area % 
--------------------------------------------
sequential           182  786240.000   44.5 
inverter             396  128480.000    7.3 
buffer               146   96320.000    5.5 
logic                991  755520.000   42.8 
physical_cells         0       0.000    0.0 
--------------------------------------------
total               1715 1766560.000  100.0 

