============================================================
  Generated by:           Genus(TM) Synthesis Solution 21.19-s055_1
  Generated on:           Jan 02 2025  06:39:14 am
  Module:                 serv_synth_wrapper
  Operating conditions:   PVT_1P8V_25C (balanced_tree)
  Wireload mode:          enclosed
  Area mode:              timing library
============================================================

                                
  Gate   Instances     Area               Library           
------------------------------------------------------------
AND2X1          31    29760.000    KISTA_SOI_STDLIB2_CCS_TT 
AO21X1           1     1280.000    KISTA_SOI_STDLIB2_CCS_TT 
AOI21X1         69    66240.000    KISTA_SOI_STDLIB2_CCS_TT 
BUFX2            7     4480.000    KISTA_SOI_STDLIB2_CCS_TT 
BUFX3          163   104320.000    KISTA_SOI_STDLIB2_CCS_TT 
BUFX4           11     8800.000    KISTA_SOI_STDLIB2_CCS_TT 
BUFX9            6     5760.000    KISTA_SOI_STDLIB2_CCS_TT 
DFFX1          182   786240.000    KISTA_SOI_STDLIB2_CCS_TT 
INVX1           54    17280.000    KISTA_SOI_STDLIB2_CCS_TT 
INVX2          217    69440.000    KISTA_SOI_STDLIB2_CCS_TT 
INVX3          108    34560.000    KISTA_SOI_STDLIB2_CCS_TT 
INVX4            8     3840.000    KISTA_SOI_STDLIB2_CCS_TT 
MX2X1            1     1920.000    KISTA_SOI_STDLIB2_CCS_TT 
NAND2X1        117    74880.000    KISTA_SOI_STDLIB2_CCS_TT 
NAND2X2        292   186880.000    KISTA_SOI_STDLIB2_CCS_TT 
NAND2X3         22    21120.000    KISTA_SOI_STDLIB2_CCS_TT 
NAND3X1         46    44160.000    KISTA_SOI_STDLIB2_CCS_TT 
NAND4X1          5     6400.000    KISTA_SOI_STDLIB2_CCS_TT 
NOR2X1          22    14080.000    KISTA_SOI_STDLIB2_CCS_TT 
NOR2X2         124    79360.000    KISTA_SOI_STDLIB2_CCS_TT 
NOR2X3          26    24960.000    KISTA_SOI_STDLIB2_CCS_TT 
NOR3X1           8     7680.000    KISTA_SOI_STDLIB2_CCS_TT 
NOR4X1           2     2560.000    KISTA_SOI_STDLIB2_CCS_TT 
OAI21X1        128   122880.000    KISTA_SOI_STDLIB2_CCS_TT 
OR2X1            3     2880.000    KISTA_SOI_STDLIB2_CCS_TT 
XNOR2X1          6     9600.000    KISTA_SOI_STDLIB2_CCS_TT 
XOR2X1           3     4800.000    KISTA_SOI_STDLIB2_CCS_TT 
------------------------------------------------------------
total         1662  1736160.000                             


                                            
     Type      Instances     Area    Area % 
--------------------------------------------
sequential           182  786240.000   45.3 
inverter             387  125120.000    7.2 
buffer               187  123360.000    7.1 
logic                906  701440.000   40.4 
physical_cells         0       0.000    0.0 
--------------------------------------------
total               1662 1736160.000  100.0 

