============================================================
  Generated by:           Genus(TM) Synthesis Solution 21.19-s055_1
  Generated on:           Dec 31 2024  05:05:59 am
  Module:                 serv_synth_wrapper
  Operating conditions:   PVT_1P8V_25C (balanced_tree)
  Wireload mode:          enclosed
  Area mode:              timing library
============================================================

                                
  Gate   Instances     Area               Library           
------------------------------------------------------------
AND2X1          10     9600.000    KISTA_SOI_STDLIB2_CCS_TT 
AND3X1           1     1280.000    KISTA_SOI_STDLIB2_CCS_TT 
AND4X1           1     1600.000    KISTA_SOI_STDLIB2_CCS_TT 
AO21X1          10    12800.000    KISTA_SOI_STDLIB2_CCS_TT 
AOI21X1         54    51840.000    KISTA_SOI_STDLIB2_CCS_TT 
BUFX2           87    55680.000    KISTA_SOI_STDLIB2_CCS_TT 
BUFX3            5     3200.000    KISTA_SOI_STDLIB2_CCS_TT 
DFFX1          182   786240.000    KISTA_SOI_STDLIB2_CCS_TT 
INVX1           47    15040.000    KISTA_SOI_STDLIB2_CCS_TT 
INVX2           74    23680.000    KISTA_SOI_STDLIB2_CCS_TT 
INVX3           51    16320.000    KISTA_SOI_STDLIB2_CCS_TT 
MX2X1           39    74880.000    KISTA_SOI_STDLIB2_CCS_TT 
NAND2X1        144    92160.000    KISTA_SOI_STDLIB2_CCS_TT 
NAND2X2        102    65280.000    KISTA_SOI_STDLIB2_CCS_TT 
NAND3X1         56    53760.000    KISTA_SOI_STDLIB2_CCS_TT 
NAND4X1          7     8960.000    KISTA_SOI_STDLIB2_CCS_TT 
NOR2X1          22    14080.000    KISTA_SOI_STDLIB2_CCS_TT 
NOR2X2          75    48000.000    KISTA_SOI_STDLIB2_CCS_TT 
NOR2X3           1      960.000    KISTA_SOI_STDLIB2_CCS_TT 
NOR3X1          14    13440.000    KISTA_SOI_STDLIB2_CCS_TT 
NOR4X1           4     5120.000    KISTA_SOI_STDLIB2_CCS_TT 
OA21X1           6     7680.000    KISTA_SOI_STDLIB2_CCS_TT 
OAI21X1        127   121920.000    KISTA_SOI_STDLIB2_CCS_TT 
OR2X1            4     3840.000    KISTA_SOI_STDLIB2_CCS_TT 
OR3X1            1     1280.000    KISTA_SOI_STDLIB2_CCS_TT 
OR4X1            2     3200.000    KISTA_SOI_STDLIB2_CCS_TT 
XNOR2X1          9    14400.000    KISTA_SOI_STDLIB2_CCS_TT 
XOR2X1           8    12800.000    KISTA_SOI_STDLIB2_CCS_TT 
------------------------------------------------------------
total         1143  1519040.000                             


                                            
     Type      Instances     Area    Area % 
--------------------------------------------
sequential           182  786240.000   51.8 
inverter             172   55040.000    3.6 
buffer                92   58880.000    3.9 
logic                697  618880.000   40.7 
physical_cells         0       0.000    0.0 
--------------------------------------------
total               1143 1519040.000  100.0 

