============================================================
  Generated by:           Genus(TM) Synthesis Solution 21.19-s055_1
  Generated on:           Dec 31 2024  05:07:10 am
  Module:                 serv_synth_wrapper
  Operating conditions:   PVT_1P8V_25C (balanced_tree)
  Wireload mode:          enclosed
  Area mode:              timing library
============================================================


Path 1: MET (10747 ps) Setup Check with Pin cpu_state_gen_csr.misalign_trap_sync_r_reg/CK->D
          Group: CLK
     Startpoint: (R) cpu_decode_opcode_reg[1]/CK
          Clock: (R) CLK
       Endpoint: (R) cpu_state_gen_csr.misalign_trap_sync_r_reg/D
          Clock: (R) CLK

                     Capture       Launch     
        Clock Edge:+   37000            0     
       Src Latency:+       0            0     
       Net Latency:+     200 (I)      200 (I) 
           Arrival:=   37200          200     
                                              
             Setup:-    1308                  
       Uncertainty:-     300                  
     Required Time:=   35592                  
      Launch Clock:-     200                  
         Data Path:-   24645                  
             Slack:=   10747                  

#--------------------------------------------------------------------------------------------------------------------------
#                Timing Point                  Flags     Arc     Edge   Cell     Fanout  Load Trans Delay Arrival Instance 
#                                                                                        (fF)  (ps)  (ps)   (ps)  Location 
#--------------------------------------------------------------------------------------------------------------------------
  cpu_decode_opcode_reg[1]/CK                  -       -         R     (arrival)    182     -     0     0     200    (-,-) 
  cpu_decode_opcode_reg[1]/Q                   -       CK->Q     F     DFFX1          4 155.5  1456  4172    4372    (-,-) 
  drc_bufs13732/Y                              -       A->Y      R     INVX2          3 147.0   444  1292    5665    (-,-) 
  drc_bufs13731/Y                              -       A->Y      F     INVX2          3 125.3   223   439    6104    (-,-) 
  g13315__6417/Y                               -       A->Y      R     NOR2X2         3 149.0   644   964    7068    (-,-) 
  g13165__7410/Y                               -       B->Y      F     NAND2X2        2  68.3   279   457    7525    (-,-) 
  g13141__2802/Y                               -       B->Y      F     OR2X1          2  67.5   260  1124    8649    (-,-) 
  g13073__8428/Y                               -       A->Y      R     NAND2X1        1  33.3   342   496    9145    (-,-) 
  g13057__7410/Y                               -       C->Y      F     OAI21X1        1  32.7   339   529    9674    (-,-) 
  g12763__7410/Y                               -       B->Y      R     AOI21X1        2  91.5   882  1180   10854    (-,-) 
  g12662__5526/Y                               -       B->Y      F     OAI21X1        4 184.0   938  1389   12243    (-,-) 
  g12561__2883/Y                               -       B->Y      R     XOR2X1         1 126.3  1053  2024   14267    (-,-) 
  g12410__2883/COUT                            -       CIN->COUT R     ADDFX1         2 102.2   680  2361   16629    (-,-) 
  g12402__7098/Y                               -       B->Y      R     XOR2X1         1  62.5   622  1272   17901    (-,-) 
  g12391__1705/Y                               -       B->Y      R     XNOR2X1        1  56.9   617  1066   18966    (-,-) 
  g12387__5122/Y                               -       B->Y      F     NAND2X2        1  32.7   185   320   19286    (-,-) 
  g12385__5526/Y                               -       C->Y      R     OAI21X1        3 102.6   823   740   20026    (-,-) 
  g12380__6161/Y                               -       B->Y      F     OAI21X1        1  32.4   360   513   20538    (-,-) 
  g12375__1881/Y                               -       C->Y      R     AOI21X1        1  35.2   466   912   21450    (-,-) 
  g12371__7098/Y                               -       B->Y      F     OAI21X1        2 111.2   631   878   22328    (-,-) 
  g12369/Y                                     -       A->Y      R     INVX2          1  56.9   190   597   22925    (-,-) 
  g12367__2802/Y                               -       B->Y      F     NAND2X2        1  36.3   180   283   23208    (-,-) 
  g12364__6783/Y                               -       C->Y      R     NAND3X1        1  36.7   383   452   23660    (-,-) 
  g12362__5107/Y                               -       C->Y      F     NAND3X1        1  32.7   392   575   24235    (-,-) 
  g12360__2398/Y                               -       C->Y      R     OAI21X1        1  33.0   452   610   24845    (-,-) 
  cpu_state_gen_csr.misalign_trap_sync_r_reg/D <<<     -         R     DFFX1          1     -     -     0   24845    (-,-) 
#--------------------------------------------------------------------------------------------------------------------------

