============================================================
  Generated by:           Genus(TM) Synthesis Solution 21.19-s055_1
  Generated on:           Jan 02 2025  06:41:06 am
  Module:                 serv_synth_wrapper
  Operating conditions:   PVT_1P8V_25C (balanced_tree)
  Wireload mode:          enclosed
  Area mode:              timing library
============================================================

                                
  Gate   Instances     Area               Library           
------------------------------------------------------------
AND2X1          28    26880.000    KISTA_SOI_STDLIB2_CCS_TT 
AND4X1           1     1600.000    KISTA_SOI_STDLIB2_CCS_TT 
AO21X1           3     3840.000    KISTA_SOI_STDLIB2_CCS_TT 
AOI21X1         69    66240.000    KISTA_SOI_STDLIB2_CCS_TT 
BUFX2            2     1280.000    KISTA_SOI_STDLIB2_CCS_TT 
BUFX3          163   104320.000    KISTA_SOI_STDLIB2_CCS_TT 
BUFX4            7     5600.000    KISTA_SOI_STDLIB2_CCS_TT 
BUFX9            5     4800.000    KISTA_SOI_STDLIB2_CCS_TT 
DFFX1          182   786240.000    KISTA_SOI_STDLIB2_CCS_TT 
INVX1           59    18880.000    KISTA_SOI_STDLIB2_CCS_TT 
INVX2          221    70720.000    KISTA_SOI_STDLIB2_CCS_TT 
INVX3          113    36160.000    KISTA_SOI_STDLIB2_CCS_TT 
INVX4            7     3360.000    KISTA_SOI_STDLIB2_CCS_TT 
MX2X1            3     5760.000    KISTA_SOI_STDLIB2_CCS_TT 
NAND2X1        154    98560.000    KISTA_SOI_STDLIB2_CCS_TT 
NAND2X2        289   184960.000    KISTA_SOI_STDLIB2_CCS_TT 
NAND2X3         18    17280.000    KISTA_SOI_STDLIB2_CCS_TT 
NAND3X1         41    39360.000    KISTA_SOI_STDLIB2_CCS_TT 
NAND4X1          5     6400.000    KISTA_SOI_STDLIB2_CCS_TT 
NOR2X1          21    13440.000    KISTA_SOI_STDLIB2_CCS_TT 
NOR2X2         116    74240.000    KISTA_SOI_STDLIB2_CCS_TT 
NOR2X3          21    20160.000    KISTA_SOI_STDLIB2_CCS_TT 
NOR3X1           6     5760.000    KISTA_SOI_STDLIB2_CCS_TT 
NOR4X1           3     3840.000    KISTA_SOI_STDLIB2_CCS_TT 
OA21X1           1     1280.000    KISTA_SOI_STDLIB2_CCS_TT 
OAI21X1        124   119040.000    KISTA_SOI_STDLIB2_CCS_TT 
OR2X1            2     1920.000    KISTA_SOI_STDLIB2_CCS_TT 
XNOR2X1          4     6400.000    KISTA_SOI_STDLIB2_CCS_TT 
XOR2X1           6     9600.000    KISTA_SOI_STDLIB2_CCS_TT 
------------------------------------------------------------
total         1674  1737920.000                             


                                            
     Type      Instances     Area    Area % 
--------------------------------------------
sequential           182  786240.000   45.2 
inverter             400  129120.000    7.4 
buffer               177  116000.000    6.7 
logic                915  706560.000   40.7 
physical_cells         0       0.000    0.0 
--------------------------------------------
total               1674 1737920.000  100.0 

