============================================================
  Generated by:           Genus(TM) Synthesis Solution 21.19-s055_1
  Generated on:           Dec 31 2024  05:08:23 am
  Module:                 serv_synth_wrapper
  Operating conditions:   PVT_1P8V_25C (balanced_tree)
  Wireload mode:          enclosed
  Area mode:              timing library
============================================================


Path 1: MET (29667 ps) Setup Check with Pin cpu_state_gen_csr.misalign_trap_sync_r_reg/CK->D
          Group: CLK
     Startpoint: (R) cpu_state_o_cnt_reg[2]/CK
          Clock: (R) CLK
       Endpoint: (R) cpu_state_gen_csr.misalign_trap_sync_r_reg/D
          Clock: (R) CLK

                     Capture       Launch     
        Clock Edge:+   55000            0     
       Src Latency:+       0            0     
       Net Latency:+     200 (I)      200 (I) 
           Arrival:=   55200          200     
                                              
             Setup:-    1292                  
       Uncertainty:-     300                  
     Required Time:=   53608                  
      Launch Clock:-     200                  
         Data Path:-   23741                  
             Slack:=   29667                  

#--------------------------------------------------------------------------------------------------------------------------
#                Timing Point                  Flags     Arc     Edge   Cell     Fanout  Load Trans Delay Arrival Instance 
#                                                                                        (fF)  (ps)  (ps)   (ps)  Location 
#--------------------------------------------------------------------------------------------------------------------------
  cpu_state_o_cnt_reg[2]/CK                    -       -         R     (arrival)    182     -     0     0     200    (-,-) 
  cpu_state_o_cnt_reg[2]/Q                     -       CK->Q     F     DFFX1          4 132.6  1286  3884    4084    (-,-) 
  cpu_state_o_cnt_reg[2]/QN                    -       Q->QN     R     DFFX1          2 112.6   754  1598    5682    (-,-) 
  g12656__2883/Y                               -       B->Y      F     NOR2X2         2 111.1   351   496    6178    (-,-) 
  g12403__5477/Y                               -       B->Y      R     NAND2X2        2  93.9   384   558    6737    (-,-) 
  g12240__1666/Y                               -       B->Y      F     NOR2X2         3 143.4   356   491    7228    (-,-) 
  g12076/Y                                     -       A->Y      R     INVX3         12 471.6   561   970    8198    (-,-) 
  g12010__1705/Y                               -       B->Y      F     NOR2X1         1  32.4   204   382    8580    (-,-) 
  g12002__5107/Y                               -       C->Y      R     AOI21X1        3 107.6   955  1401    9981    (-,-) 
  g11908__4733/Y                               -       B->Y      F     OAI21X1        3 159.1   830  1295   11276    (-,-) 
  g11877__6417/Y                               -       B->Y      R     XNOR2X1        1 126.3  1082  2000   13276    (-,-) 
  g11741__2346/COUT                            -       CIN->COUT R     ADDFX1         2 126.5   782  2496   15772    (-,-) 
  g11733__6131/Y                               -       B->Y      R     XOR2X1         1  62.5   622  1284   17056    (-,-) 
  g11724__2346/Y                               -       B->Y      R     XNOR2X1        1  56.9   618  1066   18121    (-,-) 
  g11719__6131/Y                               -       B->Y      F     NAND2X2        1  32.7   185   320   18441    (-,-) 
  g11715__3680/Y                               -       C->Y      R     OAI21X1        3 102.6   823   740   19181    (-,-) 
  g11713__4733/Y                               -       B->Y      F     OAI21X1        1  32.4   346   513   19694    (-,-) 
  g11709__5115/Y                               -       C->Y      R     AOI21X1        1  35.2   466   905   20599    (-,-) 
  g11703__8246/Y                               -       B->Y      F     OAI21X1        2 111.2   636   877   21476    (-,-) 
  g11702/Y                                     -       A->Y      R     INVX2          1  56.9   191   600   22076    (-,-) 
  g11698__1617/Y                               -       B->Y      F     NAND2X2        1  36.3   158   283   22359    (-,-) 
  g11695__5526/Y                               -       C->Y      R     NAND3X1        1  36.7   273   438   22797    (-,-) 
  g11693__5107/Y                               -       C->Y      F     NAND3X1        1  32.7   378   542   23340    (-,-) 
  g11691__2398/Y                               -       C->Y      R     OAI21X1        1  33.0   357   601   23941    (-,-) 
  cpu_state_gen_csr.misalign_trap_sync_r_reg/D <<<     -         R     DFFX1          1     -     -     0   23941    (-,-) 
#--------------------------------------------------------------------------------------------------------------------------

