============================================================
  Generated by:           Genus(TM) Synthesis Solution 21.19-s055_1
  Generated on:           Jan 02 2025  06:39:14 am
  Module:                 serv_synth_wrapper
  Operating conditions:   PVT_1P8V_25C (balanced_tree)
  Wireload mode:          enclosed
  Area mode:              timing library
============================================================


Path 1: VIOLATED (-10234 ps) Setup Check with Pin cpu_state_gen_csr.misalign_trap_sync_r_reg/CK->D
          Group: CLK
     Startpoint: (R) cpu_state_o_cnt_reg[3]/CK
          Clock: (R) CLK
       Endpoint: (R) cpu_state_gen_csr.misalign_trap_sync_r_reg/D
          Clock: (R) CLK

                     Capture       Launch     
        Clock Edge:+    2000            0     
       Src Latency:+       0            0     
       Net Latency:+     200 (I)      200 (I) 
           Arrival:=    2200          200     
                                              
             Setup:-    1292                  
       Uncertainty:-     300                  
     Required Time:=     608                  
      Launch Clock:-     200                  
         Data Path:-   10642                  
             Slack:=  -10234                  

#----------------------------------------------------------------------------------------------------------------------
#                Timing Point                  Flags   Arc   Edge   Cell     Fanout  Load Trans Delay Arrival Instance 
#                                                                                    (fF)  (ps)  (ps)   (ps)  Location 
#----------------------------------------------------------------------------------------------------------------------
  cpu_state_o_cnt_reg[3]/CK                    -       -     R     (arrival)    182     -     0     0     200    (-,-) 
  cpu_state_o_cnt_reg[3]/Q                     -       CK->Q F     DFFX1          1  35.7   571  2626    2826    (-,-) 
  fopt20399/Y                                  -       A->Y  R     INVX1          2  90.9   372   844    3669    (-,-) 
  g23602/Y                                     -       A->Y  F     NOR2X2         3 124.7   244   476    4145    (-,-) 
  g23883/Y                                     -       A->Y  R     NAND3X1        1  81.7   419   688    4833    (-,-) 
  g25051/Y                                     -       A->Y  F     NAND2X3        3 124.5   254   446    5279    (-,-) 
  g25053/Y                                     -       B->Y  R     NAND2X2        1  82.2   208   474    5754    (-,-) 
  g25052/Y                                     -       B->Y  F     NAND2X3        2 116.5   214   398    6152    (-,-) 
  g23864/Y                                     -       B->Y  R     NAND2X3        2 139.1   242   491    6643    (-,-) 
  g23801/Y                                     -       B->Y  F     NAND2X3        2 110.2   209   398    7041    (-,-) 
  g23846/Y                                     -       B->Y  R     NAND2X2        2 114.0   282   512    7552    (-,-) 
  g23857/Y                                     -       B->Y  F     NAND2X2        1  74.7   219   402    7954    (-,-) 
  fopt77/Y                                     -       A->Y  R     INVX3          2 137.4   182   448    8402    (-,-) 
  g71/Y                                        -       A->Y  F     NOR2X3         1  79.0   128   304    8707    (-,-) 
  g69/Y                                        -       B->Y  R     NOR2X3         1  81.7   261   420    9127    (-,-) 
  g236/Y                                       -       A->Y  F     NAND2X3        2 114.3   218   406    9533    (-,-) 
  g23716/Y                                     -       B->Y  R     NAND2X3        2 113.8   206   457    9990    (-,-) 
  g20498/Y                                     -       B->Y  F     NAND2X2        1  33.4   138   277   10266    (-,-) 
  g32/Y                                        -       B->Y  R     OAI21X1        1  33.0   354   576   10842    (-,-) 
  cpu_state_gen_csr.misalign_trap_sync_r_reg/D <<<     -     R     DFFX1          1     -     -     0   10842    (-,-) 
#----------------------------------------------------------------------------------------------------------------------

