============================================================
  Generated by:           Genus(TM) Synthesis Solution 21.19-s055_1
  Generated on:           Jan 01 2025  03:03:28 am
  Module:                 serv_synth_wrapper
  Operating conditions:   PVT_1P8V_25C (balanced_tree)
  Wireload mode:          enclosed
  Area mode:              timing library
============================================================

                                
  Gate   Instances     Area               Library           
------------------------------------------------------------
ADDFX1           1     4960.000    KISTA_SOI_STDLIB2_CCS_TT 
ADDHX1           1     2240.000    KISTA_SOI_STDLIB2_CCS_TT 
AND2X1           7     6720.000    KISTA_SOI_STDLIB2_CCS_TT 
AND3X1           2     2560.000    KISTA_SOI_STDLIB2_CCS_TT 
AND4X1           1     1600.000    KISTA_SOI_STDLIB2_CCS_TT 
AO21X1           9    11520.000    KISTA_SOI_STDLIB2_CCS_TT 
AOI21X1         49    47040.000    KISTA_SOI_STDLIB2_CCS_TT 
BUFX2           88    56320.000    KISTA_SOI_STDLIB2_CCS_TT 
BUFX3            3     1920.000    KISTA_SOI_STDLIB2_CCS_TT 
DFFX1          182   786240.000    KISTA_SOI_STDLIB2_CCS_TT 
INVX1           50    16000.000    KISTA_SOI_STDLIB2_CCS_TT 
INVX2           88    28160.000    KISTA_SOI_STDLIB2_CCS_TT 
INVX3           54    17280.000    KISTA_SOI_STDLIB2_CCS_TT 
MX2X1           42    80640.000    KISTA_SOI_STDLIB2_CCS_TT 
NAND2X1        146    93440.000    KISTA_SOI_STDLIB2_CCS_TT 
NAND2X2        134    85760.000    KISTA_SOI_STDLIB2_CCS_TT 
NAND3X1         74    71040.000    KISTA_SOI_STDLIB2_CCS_TT 
NAND4X1          6     7680.000    KISTA_SOI_STDLIB2_CCS_TT 
NOR2X1          12     7680.000    KISTA_SOI_STDLIB2_CCS_TT 
NOR2X2          55    35200.000    KISTA_SOI_STDLIB2_CCS_TT 
NOR3X1          20    19200.000    KISTA_SOI_STDLIB2_CCS_TT 
NOR4X1           2     2560.000    KISTA_SOI_STDLIB2_CCS_TT 
OA21X1           5     6400.000    KISTA_SOI_STDLIB2_CCS_TT 
OAI21X1        110   105600.000    KISTA_SOI_STDLIB2_CCS_TT 
OR2X1            1      960.000    KISTA_SOI_STDLIB2_CCS_TT 
OR3X1            3     3840.000    KISTA_SOI_STDLIB2_CCS_TT 
XNOR2X1          9    14400.000    KISTA_SOI_STDLIB2_CCS_TT 
XOR2X1           6     9600.000    KISTA_SOI_STDLIB2_CCS_TT 
------------------------------------------------------------
total         1160  1526560.000                             


                                            
     Type      Instances     Area    Area % 
--------------------------------------------
sequential           182  786240.000   51.5 
inverter             192   61440.000    4.0 
buffer                91   58240.000    3.8 
logic                695  620640.000   40.7 
physical_cells         0       0.000    0.0 
--------------------------------------------
total               1160 1526560.000  100.0 

