============================================================
  Generated by:           Genus(TM) Synthesis Solution 21.19-s055_1
  Generated on:           Jan 01 2025  03:04:35 am
  Module:                 serv_synth_wrapper
  Operating conditions:   PVT_1P8V_25C (balanced_tree)
  Wireload mode:          enclosed
  Area mode:              timing library
============================================================

                                
  Gate   Instances     Area               Library           
------------------------------------------------------------
ADDFX1           1     4960.000    KISTA_SOI_STDLIB2_CCS_TT 
AND2X1          16    15360.000    KISTA_SOI_STDLIB2_CCS_TT 
AO21X1          10    12800.000    KISTA_SOI_STDLIB2_CCS_TT 
AOI21X1         49    47040.000    KISTA_SOI_STDLIB2_CCS_TT 
BUFX2           85    54400.000    KISTA_SOI_STDLIB2_CCS_TT 
BUFX3            6     3840.000    KISTA_SOI_STDLIB2_CCS_TT 
DFFX1          182   786240.000    KISTA_SOI_STDLIB2_CCS_TT 
INVX1           41    13120.000    KISTA_SOI_STDLIB2_CCS_TT 
INVX2           79    25280.000    KISTA_SOI_STDLIB2_CCS_TT 
INVX3           52    16640.000    KISTA_SOI_STDLIB2_CCS_TT 
MX2X1           46    88320.000    KISTA_SOI_STDLIB2_CCS_TT 
NAND2X1        149    95360.000    KISTA_SOI_STDLIB2_CCS_TT 
NAND2X2        119    76160.000    KISTA_SOI_STDLIB2_CCS_TT 
NAND3X1         77    73920.000    KISTA_SOI_STDLIB2_CCS_TT 
NAND4X1          6     7680.000    KISTA_SOI_STDLIB2_CCS_TT 
NOR2X1          17    10880.000    KISTA_SOI_STDLIB2_CCS_TT 
NOR2X2          51    32640.000    KISTA_SOI_STDLIB2_CCS_TT 
NOR2X3           1      960.000    KISTA_SOI_STDLIB2_CCS_TT 
NOR3X1          23    22080.000    KISTA_SOI_STDLIB2_CCS_TT 
NOR4X1           1     1280.000    KISTA_SOI_STDLIB2_CCS_TT 
OA21X1           1     1280.000    KISTA_SOI_STDLIB2_CCS_TT 
OAI21X1        107   102720.000    KISTA_SOI_STDLIB2_CCS_TT 
OR2X1            4     3840.000    KISTA_SOI_STDLIB2_CCS_TT 
OR3X1            2     2560.000    KISTA_SOI_STDLIB2_CCS_TT 
XNOR2X1          4     6400.000    KISTA_SOI_STDLIB2_CCS_TT 
XOR2X1          10    16000.000    KISTA_SOI_STDLIB2_CCS_TT 
------------------------------------------------------------
total         1139  1521760.000                             


                                            
     Type      Instances     Area    Area % 
--------------------------------------------
sequential           182  786240.000   51.7 
inverter             172   55040.000    3.6 
buffer                91   58240.000    3.8 
logic                694  622240.000   40.9 
physical_cells         0       0.000    0.0 
--------------------------------------------
total               1139 1521760.000  100.0 

