============================================================
  Generated by:           Genus(TM) Synthesis Solution 21.19-s055_1
  Generated on:           Jan 02 2025  06:53:49 am
  Module:                 serv_synth_wrapper
  Operating conditions:   PVT_1P8V_25C (balanced_tree)
  Wireload mode:          enclosed
  Area mode:              timing library
============================================================

                                
  Gate   Instances     Area               Library           
------------------------------------------------------------
ADDHX1           1     2240.000    KISTA_SOI_STDLIB2_CCS_TT 
AND2X1           9     8640.000    KISTA_SOI_STDLIB2_CCS_TT 
AND3X1           1     1280.000    KISTA_SOI_STDLIB2_CCS_TT 
AND4X1           1     1600.000    KISTA_SOI_STDLIB2_CCS_TT 
AO21X1           6     7680.000    KISTA_SOI_STDLIB2_CCS_TT 
AOI21X1         40    38400.000    KISTA_SOI_STDLIB2_CCS_TT 
BUFX2           62    39680.000    KISTA_SOI_STDLIB2_CCS_TT 
BUFX3           43    27520.000    KISTA_SOI_STDLIB2_CCS_TT 
BUFX4            4     3200.000    KISTA_SOI_STDLIB2_CCS_TT 
BUFX9            5     4800.000    KISTA_SOI_STDLIB2_CCS_TT 
DFFX1          182   786240.000    KISTA_SOI_STDLIB2_CCS_TT 
INVX1           60    19200.000    KISTA_SOI_STDLIB2_CCS_TT 
INVX2          188    60160.000    KISTA_SOI_STDLIB2_CCS_TT 
INVX3          131    41920.000    KISTA_SOI_STDLIB2_CCS_TT 
INVX4            5     2400.000    KISTA_SOI_STDLIB2_CCS_TT 
MX2X1            3     5760.000    KISTA_SOI_STDLIB2_CCS_TT 
NAND2X1        153    97920.000    KISTA_SOI_STDLIB2_CCS_TT 
NAND2X2        335   214400.000    KISTA_SOI_STDLIB2_CCS_TT 
NAND2X3         24    23040.000    KISTA_SOI_STDLIB2_CCS_TT 
NAND3X1         60    57600.000    KISTA_SOI_STDLIB2_CCS_TT 
NAND4X1          9    11520.000    KISTA_SOI_STDLIB2_CCS_TT 
NOR2X1          32    20480.000    KISTA_SOI_STDLIB2_CCS_TT 
NOR2X2          80    51200.000    KISTA_SOI_STDLIB2_CCS_TT 
NOR2X3          29    27840.000    KISTA_SOI_STDLIB2_CCS_TT 
NOR3X1           6     5760.000    KISTA_SOI_STDLIB2_CCS_TT 
NOR4X1           2     2560.000    KISTA_SOI_STDLIB2_CCS_TT 
OA21X1           3     3840.000    KISTA_SOI_STDLIB2_CCS_TT 
OAI21X1        107   102720.000    KISTA_SOI_STDLIB2_CCS_TT 
OR2X1            2     1920.000    KISTA_SOI_STDLIB2_CCS_TT 
OR3X1            2     2560.000    KISTA_SOI_STDLIB2_CCS_TT 
OR4X1            1     1600.000    KISTA_SOI_STDLIB2_CCS_TT 
XNOR2X1          6     9600.000    KISTA_SOI_STDLIB2_CCS_TT 
XOR2X1           2     3200.000    KISTA_SOI_STDLIB2_CCS_TT 
------------------------------------------------------------
total         1594  1688480.000                             


                                            
     Type      Instances     Area    Area % 
--------------------------------------------
sequential           182  786240.000   46.6 
inverter             384  123680.000    7.3 
buffer               114   75200.000    4.5 
logic                914  703360.000   41.7 
physical_cells         0       0.000    0.0 
--------------------------------------------
total               1594 1688480.000  100.0 

