============================================================
  Generated by:           Genus(TM) Synthesis Solution 21.19-s055_1
  Generated on:           Jan 02 2025  06:44:57 am
  Module:                 serv_synth_wrapper
  Operating conditions:   PVT_1P8V_25C (balanced_tree)
  Wireload mode:          enclosed
  Area mode:              timing library
============================================================

                                
  Gate   Instances     Area               Library           
------------------------------------------------------------
AND2X1          32    30720.000    KISTA_SOI_STDLIB2_CCS_TT 
AND3X1           2     2560.000    KISTA_SOI_STDLIB2_CCS_TT 
AO21X1           3     3840.000    KISTA_SOI_STDLIB2_CCS_TT 
AOI21X1         68    65280.000    KISTA_SOI_STDLIB2_CCS_TT 
BUFX2            3     1920.000    KISTA_SOI_STDLIB2_CCS_TT 
BUFX3          128    81920.000    KISTA_SOI_STDLIB2_CCS_TT 
BUFX4            5     4000.000    KISTA_SOI_STDLIB2_CCS_TT 
BUFX9            6     5760.000    KISTA_SOI_STDLIB2_CCS_TT 
DFFX1          182   786240.000    KISTA_SOI_STDLIB2_CCS_TT 
INVX1           43    13760.000    KISTA_SOI_STDLIB2_CCS_TT 
INVX2          179    57280.000    KISTA_SOI_STDLIB2_CCS_TT 
INVX3          134    42880.000    KISTA_SOI_STDLIB2_CCS_TT 
INVX4            1      480.000    KISTA_SOI_STDLIB2_CCS_TT 
MX2X1            2     3840.000    KISTA_SOI_STDLIB2_CCS_TT 
NAND2X1        144    92160.000    KISTA_SOI_STDLIB2_CCS_TT 
NAND2X2        285   182400.000    KISTA_SOI_STDLIB2_CCS_TT 
NAND2X3         27    25920.000    KISTA_SOI_STDLIB2_CCS_TT 
NAND3X1         41    39360.000    KISTA_SOI_STDLIB2_CCS_TT 
NAND4X1          9    11520.000    KISTA_SOI_STDLIB2_CCS_TT 
NOR2X1          24    15360.000    KISTA_SOI_STDLIB2_CCS_TT 
NOR2X2         102    65280.000    KISTA_SOI_STDLIB2_CCS_TT 
NOR2X3          35    33600.000    KISTA_SOI_STDLIB2_CCS_TT 
NOR3X1           8     7680.000    KISTA_SOI_STDLIB2_CCS_TT 
NOR4X1           2     2560.000    KISTA_SOI_STDLIB2_CCS_TT 
OA21X1           1     1280.000    KISTA_SOI_STDLIB2_CCS_TT 
OAI21X1        123   118080.000    KISTA_SOI_STDLIB2_CCS_TT 
OR2X1            2     1920.000    KISTA_SOI_STDLIB2_CCS_TT 
OR3X1            1     1280.000    KISTA_SOI_STDLIB2_CCS_TT 
XNOR2X1          8    12800.000    KISTA_SOI_STDLIB2_CCS_TT 
XOR2X1           4     6400.000    KISTA_SOI_STDLIB2_CCS_TT 
------------------------------------------------------------
total         1604  1718080.000                             


                                            
     Type      Instances     Area    Area % 
--------------------------------------------
sequential           182  786240.000   45.8 
inverter             357  114400.000    6.7 
buffer               142   93600.000    5.4 
logic                923  723840.000   42.1 
physical_cells         0       0.000    0.0 
--------------------------------------------
total               1604 1718080.000  100.0 

