============================================================
  Generated by:           Genus(TM) Synthesis Solution 21.19-s055_1
  Generated on:           Jan 01 2025  03:02:18 am
  Module:                 serv_synth_wrapper
  Operating conditions:   PVT_1P8V_25C (balanced_tree)
  Wireload mode:          enclosed
  Area mode:              timing library
============================================================

                                
  Gate   Instances     Area               Library           
------------------------------------------------------------
ADDFX1           1     4960.000    KISTA_SOI_STDLIB2_CCS_TT 
AND2X1          10     9600.000    KISTA_SOI_STDLIB2_CCS_TT 
AND3X1           1     1280.000    KISTA_SOI_STDLIB2_CCS_TT 
AND4X1           1     1600.000    KISTA_SOI_STDLIB2_CCS_TT 
AO21X1           8    10240.000    KISTA_SOI_STDLIB2_CCS_TT 
AOI21X1         63    60480.000    KISTA_SOI_STDLIB2_CCS_TT 
BUFX2           85    54400.000    KISTA_SOI_STDLIB2_CCS_TT 
BUFX3            3     1920.000    KISTA_SOI_STDLIB2_CCS_TT 
DFFX1          182   786240.000    KISTA_SOI_STDLIB2_CCS_TT 
INVX1           39    12480.000    KISTA_SOI_STDLIB2_CCS_TT 
INVX2           71    22720.000    KISTA_SOI_STDLIB2_CCS_TT 
INVX3           55    17600.000    KISTA_SOI_STDLIB2_CCS_TT 
MX2X1           40    76800.000    KISTA_SOI_STDLIB2_CCS_TT 
NAND2X1        140    89600.000    KISTA_SOI_STDLIB2_CCS_TT 
NAND2X2        101    64640.000    KISTA_SOI_STDLIB2_CCS_TT 
NAND3X1         57    54720.000    KISTA_SOI_STDLIB2_CCS_TT 
NAND4X1          8    10240.000    KISTA_SOI_STDLIB2_CCS_TT 
NOR2X1          18    11520.000    KISTA_SOI_STDLIB2_CCS_TT 
NOR2X2          59    37760.000    KISTA_SOI_STDLIB2_CCS_TT 
NOR2X3           1      960.000    KISTA_SOI_STDLIB2_CCS_TT 
NOR3X1          13    12480.000    KISTA_SOI_STDLIB2_CCS_TT 
NOR4X1           1     1280.000    KISTA_SOI_STDLIB2_CCS_TT 
OA21X1           7     8960.000    KISTA_SOI_STDLIB2_CCS_TT 
OAI21X1        126   120960.000    KISTA_SOI_STDLIB2_CCS_TT 
OR2X1            7     6720.000    KISTA_SOI_STDLIB2_CCS_TT 
OR3X1            5     6400.000    KISTA_SOI_STDLIB2_CCS_TT 
OR4X1            1     1600.000    KISTA_SOI_STDLIB2_CCS_TT 
XNOR2X1          8    12800.000    KISTA_SOI_STDLIB2_CCS_TT 
XOR2X1           5     8000.000    KISTA_SOI_STDLIB2_CCS_TT 
------------------------------------------------------------
total         1116  1508960.000                             


                                            
     Type      Instances     Area    Area % 
--------------------------------------------
sequential           182  786240.000   52.1 
inverter             165   52800.000    3.5 
buffer                88   56320.000    3.7 
logic                681  613600.000   40.7 
physical_cells         0       0.000    0.0 
--------------------------------------------
total               1116 1508960.000  100.0 

