============================================================
  Generated by:           Genus(TM) Synthesis Solution 21.19-s055_1
  Generated on:           Dec 31 2024  05:08:23 am
  Module:                 serv_synth_wrapper
  Operating conditions:   PVT_1P8V_25C (balanced_tree)
  Wireload mode:          enclosed
  Area mode:              timing library
============================================================

                                
  Gate   Instances     Area               Library           
------------------------------------------------------------
ADDFX1           1     4960.000    KISTA_SOI_STDLIB2_CCS_TT 
ADDHX1           1     2240.000    KISTA_SOI_STDLIB2_CCS_TT 
AND2X1           9     8640.000    KISTA_SOI_STDLIB2_CCS_TT 
AND3X1           2     2560.000    KISTA_SOI_STDLIB2_CCS_TT 
AND4X1           1     1600.000    KISTA_SOI_STDLIB2_CCS_TT 
AO21X1           9    11520.000    KISTA_SOI_STDLIB2_CCS_TT 
AOI21X1         46    44160.000    KISTA_SOI_STDLIB2_CCS_TT 
BUFX2           86    55040.000    KISTA_SOI_STDLIB2_CCS_TT 
BUFX3            4     2560.000    KISTA_SOI_STDLIB2_CCS_TT 
DFFX1          182   786240.000    KISTA_SOI_STDLIB2_CCS_TT 
INVX1           48    15360.000    KISTA_SOI_STDLIB2_CCS_TT 
INVX2           80    25600.000    KISTA_SOI_STDLIB2_CCS_TT 
INVX3           56    17920.000    KISTA_SOI_STDLIB2_CCS_TT 
MX2X1           43    82560.000    KISTA_SOI_STDLIB2_CCS_TT 
NAND2X1        153    97920.000    KISTA_SOI_STDLIB2_CCS_TT 
NAND2X2        125    80000.000    KISTA_SOI_STDLIB2_CCS_TT 
NAND3X1         75    72000.000    KISTA_SOI_STDLIB2_CCS_TT 
NAND4X1          6     7680.000    KISTA_SOI_STDLIB2_CCS_TT 
NOR2X1          13     8320.000    KISTA_SOI_STDLIB2_CCS_TT 
NOR2X2          54    34560.000    KISTA_SOI_STDLIB2_CCS_TT 
NOR3X1          20    19200.000    KISTA_SOI_STDLIB2_CCS_TT 
NOR4X1           3     3840.000    KISTA_SOI_STDLIB2_CCS_TT 
OA21X1           5     6400.000    KISTA_SOI_STDLIB2_CCS_TT 
OAI21X1        109   104640.000    KISTA_SOI_STDLIB2_CCS_TT 
OR2X1            1      960.000    KISTA_SOI_STDLIB2_CCS_TT 
OR3X1            3     3840.000    KISTA_SOI_STDLIB2_CCS_TT 
XNOR2X1         10    16000.000    KISTA_SOI_STDLIB2_CCS_TT 
XOR2X1           5     8000.000    KISTA_SOI_STDLIB2_CCS_TT 
------------------------------------------------------------
total         1150  1524320.000                             


                                            
     Type      Instances     Area    Area % 
--------------------------------------------
sequential           182  786240.000   51.6 
inverter             184   58880.000    3.9 
buffer                90   57600.000    3.8 
logic                694  621600.000   40.8 
physical_cells         0       0.000    0.0 
--------------------------------------------
total               1150 1524320.000  100.0 

