============================================================
  Generated by:           Genus(TM) Synthesis Solution 21.19-s055_1
  Generated on:           Jan 02 2025  06:51:58 am
  Module:                 serv_synth_wrapper
  Operating conditions:   PVT_1P8V_25C (balanced_tree)
  Wireload mode:          enclosed
  Area mode:              timing library
============================================================


Path 1: VIOLATED (-3752 ps) Setup Check with Pin cpu_state_o_ctrl_jump_reg/CK->D
          Group: CLK
     Startpoint: (R) cpu_state_o_cnt_reg[3]/CK
          Clock: (R) CLK
       Endpoint: (R) cpu_state_o_ctrl_jump_reg/D
          Clock: (R) CLK

                     Capture       Launch     
        Clock Edge:+    8000            0     
       Src Latency:+       0            0     
       Net Latency:+     200 (I)      200 (I) 
           Arrival:=    8200          200     
                                              
             Setup:-    1275                  
       Uncertainty:-     300                  
     Required Time:=    6625                  
      Launch Clock:-     200                  
         Data Path:-   10178                  
             Slack:=   -3752                  

#-----------------------------------------------------------------------------------------------------
#        Timing Point         Flags   Arc   Edge   Cell     Fanout  Load Trans Delay Arrival Instance 
#                                                                   (fF)  (ps)  (ps)   (ps)  Location 
#-----------------------------------------------------------------------------------------------------
  cpu_state_o_cnt_reg[3]/CK   -       -     R     (arrival)    182     -     0     0     200    (-,-) 
  cpu_state_o_cnt_reg[3]/Q    -       CK->Q F     DFFX1          1  34.7   564  2611    2811    (-,-) 
  g26394/Y                    -       A->Y  F     BUFX3          4 180.0   206  1155    3966    (-,-) 
  g26392/Y                    -       B->Y  R     NAND2X2        1  80.6   203   442    4408    (-,-) 
  g26388/Y                    -       B->Y  F     NOR2X3         2 134.7   170   347    4755    (-,-) 
  g26338/Y                    -       B->Y  R     NAND2X3        2  90.4   194   394    5149    (-,-) 
  g17_0/Y                     -       A->Y  F     NAND2X2        1  55.7   173   352    5501    (-,-) 
  g26459/Y                    -       B->Y  R     NAND2X2        1  82.2   202   426    5927    (-,-) 
  g27347/Y                    -       B->Y  F     NAND2X3        3 166.9   289   478    6405    (-,-) 
  g27345/Y                    -       B->Y  R     NAND2X2        1  56.9   163   443    6848    (-,-) 
  g26529/Y                    -       B->Y  F     NAND2X2        1  80.2   232   385    7233    (-,-) 
  g26778/Y                    -       B->Y  R     NAND2X3        2 137.7   241   500    7733    (-,-) 
  g26329/Y                    -       B->Y  F     NAND2X3        1  79.0   186   344    8078    (-,-) 
  g26700/Y                    -       B->Y  R     NOR2X3         2 116.5   339   547    8624    (-,-) 
  g26698/Y                    -       B->Y  F     OAI21X1        1  55.7   382   559    9183    (-,-) 
  g26240/Y                    -       B->Y  R     NAND2X2        1  56.9   182   497    9681    (-,-) 
  g26238/Y                    -       B->Y  F     NAND2X2        1  34.6   130   277    9957    (-,-) 
  g26235/Y                    -       A->Y  R     NAND3X1        1  33.0   245   420   10378    (-,-) 
  cpu_state_o_ctrl_jump_reg/D <<<     -     R     DFFX1          1     -     -     0   10378    (-,-) 
#-----------------------------------------------------------------------------------------------------

