============================================================
  Generated by:           Genus(TM) Synthesis Solution 21.19-s055_1
  Generated on:           Jan 01 2025  03:01:04 am
  Module:                 serv_synth_wrapper
  Operating conditions:   PVT_1P8V_25C (balanced_tree)
  Wireload mode:          enclosed
  Area mode:              timing library
============================================================

                                
  Gate   Instances     Area               Library           
------------------------------------------------------------
AND2X1          42    40320.000    KISTA_SOI_STDLIB2_CCS_TT 
AO21X1           2     2560.000    KISTA_SOI_STDLIB2_CCS_TT 
AOI21X1         63    60480.000    KISTA_SOI_STDLIB2_CCS_TT 
BUFX2           58    37120.000    KISTA_SOI_STDLIB2_CCS_TT 
BUFX3           46    29440.000    KISTA_SOI_STDLIB2_CCS_TT 
BUFX4            7     5600.000    KISTA_SOI_STDLIB2_CCS_TT 
BUFX9            2     1920.000    KISTA_SOI_STDLIB2_CCS_TT 
DFFX1          182   786240.000    KISTA_SOI_STDLIB2_CCS_TT 
INVX1           81    25920.000    KISTA_SOI_STDLIB2_CCS_TT 
INVX2          194    62080.000    KISTA_SOI_STDLIB2_CCS_TT 
INVX3          176    56320.000    KISTA_SOI_STDLIB2_CCS_TT 
INVX4           10     4800.000    KISTA_SOI_STDLIB2_CCS_TT 
MX2X1            1     1920.000    KISTA_SOI_STDLIB2_CCS_TT 
NAND2X1         95    60800.000    KISTA_SOI_STDLIB2_CCS_TT 
NAND2X2        359   229760.000    KISTA_SOI_STDLIB2_CCS_TT 
NAND2X3         33    31680.000    KISTA_SOI_STDLIB2_CCS_TT 
NAND3X1         34    32640.000    KISTA_SOI_STDLIB2_CCS_TT 
NAND4X1          9    11520.000    KISTA_SOI_STDLIB2_CCS_TT 
NOR2X1          22    14080.000    KISTA_SOI_STDLIB2_CCS_TT 
NOR2X2         114    72960.000    KISTA_SOI_STDLIB2_CCS_TT 
NOR2X3          30    28800.000    KISTA_SOI_STDLIB2_CCS_TT 
NOR3X1           7     6720.000    KISTA_SOI_STDLIB2_CCS_TT 
NOR4X1           2     2560.000    KISTA_SOI_STDLIB2_CCS_TT 
OA21X1           3     3840.000    KISTA_SOI_STDLIB2_CCS_TT 
OAI21X1        124   119040.000    KISTA_SOI_STDLIB2_CCS_TT 
OR2X1            6     5760.000    KISTA_SOI_STDLIB2_CCS_TT 
OR3X1            1     1280.000    KISTA_SOI_STDLIB2_CCS_TT 
XNOR2X1          3     4800.000    KISTA_SOI_STDLIB2_CCS_TT 
XOR2X1           6     9600.000    KISTA_SOI_STDLIB2_CCS_TT 
------------------------------------------------------------
total         1712  1750560.000                             


                                            
     Type      Instances     Area    Area % 
--------------------------------------------
sequential           182  786240.000   44.9 
inverter             461  149120.000    8.5 
buffer               113   74080.000    4.2 
logic                956  741120.000   42.3 
physical_cells         0       0.000    0.0 
--------------------------------------------
total               1712 1750560.000  100.0 

