============================================================
  Generated by:           Genus(TM) Synthesis Solution 21.19-s055_1
  Generated on:           Jan 01 2025  03:04:35 am
  Module:                 serv_synth_wrapper
  Operating conditions:   PVT_1P8V_25C (balanced_tree)
  Wireload mode:          enclosed
  Area mode:              timing library
============================================================


Path 1: MET (38384 ps) Setup Check with Pin cpu_state_gen_csr.misalign_trap_sync_r_reg/CK->D
          Group: CLK
     Startpoint: (R) cpu_decode_opcode_reg[4]/CK
          Clock: (R) CLK
       Endpoint: (R) cpu_state_gen_csr.misalign_trap_sync_r_reg/D
          Clock: (R) CLK

                     Capture       Launch     
        Clock Edge:+   64000            0     
       Src Latency:+       0            0     
       Net Latency:+     200 (I)      200 (I) 
           Arrival:=   64200          200     
                                              
             Setup:-    1293                  
       Uncertainty:-     300                  
     Required Time:=   62607                  
      Launch Clock:-     200                  
         Data Path:-   24022                  
             Slack:=   38384                  

#--------------------------------------------------------------------------------------------------------------------------
#                Timing Point                  Flags     Arc     Edge   Cell     Fanout  Load Trans Delay Arrival Instance 
#                                                                                        (fF)  (ps)  (ps)   (ps)  Location 
#--------------------------------------------------------------------------------------------------------------------------
  cpu_decode_opcode_reg[4]/CK                  -       -         R     (arrival)    182     -     0     0     200    (-,-) 
  cpu_decode_opcode_reg[4]/Q                   -       CK->Q     F     DFFX1          2 111.2  1128  3610    3810    (-,-) 
  g12956/Y                                     -       A->Y      R     INVX2         13 581.3  1019  1995    5806    (-,-) 
  g12829__6161/Y                               -       B->Y      F     NOR2X2         4 178.4   407   693    6498    (-,-) 
  g12677__8246/Y                               -       B->Y      R     NAND2X2        2  91.9   230   588    7087    (-,-) 
  g12626__9945/Y                               -       B->Y      F     NAND2X2        4 155.3   431   585    7672    (-,-) 
  g12254__9945/Y                               -       A->Y      R     NOR2X1         1  33.0   445   789    8460    (-,-) 
  g12234__8428/Y                               -       C->Y      F     AOI21X1        3  95.9   602   683    9143    (-,-) 
  g12087__1617/Y                               -       B->Y      R     OAI21X1        4 198.4  1470  2131   11274    (-,-) 
  g12054__5477/Y                               -       A->Y      R     XOR2X1         1 126.3  1059  1827   13102    (-,-) 
  g11926__8246/COUT                            -       CIN->COUT R     ADDFX1         2 102.2   680  2363   15465    (-,-) 
  g11915__5107/Y                               -       B->Y      R     XOR2X1         1  69.6   670  1326   16791    (-,-) 
  g13957/Y                                     -       B->Y      F     XOR2X1         1  33.8   345   826   17617    (-,-) 
  g13956/Y                                     -       A->Y      F     OR2X1          1  32.7   174  1092   18709    (-,-) 
  g11885__9945/Y                               -       C->Y      R     OAI21X1        3 102.6   823   733   19441    (-,-) 
  g11881__5115/Y                               -       B->Y      F     OAI21X1        1  32.4   343   513   19954    (-,-) 
  g11877__7098/Y                               -       C->Y      R     AOI21X1        1  35.2   466   904   20858    (-,-) 
  g11871__1705/Y                               -       B->Y      F     OAI21X1        2 111.2   638   877   21736    (-,-) 
  g11870/Y                                     -       A->Y      R     INVX2          1  56.9   191   601   22337    (-,-) 
  g11866__3680/Y                               -       B->Y      F     NAND2X2        1  36.3   193   283   22620    (-,-) 
  g11863__4319/Y                               -       C->Y      R     NAND3X1        1  36.7   273   460   23080    (-,-) 
  g11861__5107/Y                               -       C->Y      F     NAND3X1        1  32.7   377   542   23622    (-,-) 
  g11859__2398/Y                               -       C->Y      R     OAI21X1        1  33.0   362   600   24222    (-,-) 
  cpu_state_gen_csr.misalign_trap_sync_r_reg/D <<<     -         R     DFFX1          1     -     -     0   24222    (-,-) 
#--------------------------------------------------------------------------------------------------------------------------

