============================================================
  Generated by:           Genus(TM) Synthesis Solution 21.19-s055_1
  Generated on:           Dec 31 2024  05:11:57 am
  Module:                 serv_synth_wrapper
  Operating conditions:   PVT_1P8V_25C (balanced_tree)
  Wireload mode:          enclosed
  Area mode:              timing library
============================================================

                                
  Gate   Instances     Area               Library           
------------------------------------------------------------
ADDFX1           1     4960.000    KISTA_SOI_STDLIB2_CCS_TT 
AND2X1          14    13440.000    KISTA_SOI_STDLIB2_CCS_TT 
AND3X1           1     1280.000    KISTA_SOI_STDLIB2_CCS_TT 
AO21X1          10    12800.000    KISTA_SOI_STDLIB2_CCS_TT 
AOI21X1         59    56640.000    KISTA_SOI_STDLIB2_CCS_TT 
BUFX2           62    39680.000    KISTA_SOI_STDLIB2_CCS_TT 
BUFX3            1      640.000    KISTA_SOI_STDLIB2_CCS_TT 
DFFX1          182   786240.000    KISTA_SOI_STDLIB2_CCS_TT 
INVX1           46    14720.000    KISTA_SOI_STDLIB2_CCS_TT 
INVX2           99    31680.000    KISTA_SOI_STDLIB2_CCS_TT 
INVX3           81    25920.000    KISTA_SOI_STDLIB2_CCS_TT 
MX2X1           38    72960.000    KISTA_SOI_STDLIB2_CCS_TT 
NAND2X1        111    71040.000    KISTA_SOI_STDLIB2_CCS_TT 
NAND2X2        171   109440.000    KISTA_SOI_STDLIB2_CCS_TT 
NAND3X1         70    67200.000    KISTA_SOI_STDLIB2_CCS_TT 
NAND4X1          4     5120.000    KISTA_SOI_STDLIB2_CCS_TT 
NOR2X1          11     7040.000    KISTA_SOI_STDLIB2_CCS_TT 
NOR2X2          62    39680.000    KISTA_SOI_STDLIB2_CCS_TT 
NOR3X1          18    17280.000    KISTA_SOI_STDLIB2_CCS_TT 
NOR4X1           2     2560.000    KISTA_SOI_STDLIB2_CCS_TT 
OA21X1           2     2560.000    KISTA_SOI_STDLIB2_CCS_TT 
OAI21X1        112   107520.000    KISTA_SOI_STDLIB2_CCS_TT 
OR2X1            1      960.000    KISTA_SOI_STDLIB2_CCS_TT 
OR3X1            2     2560.000    KISTA_SOI_STDLIB2_CCS_TT 
XNOR2X1          7    11200.000    KISTA_SOI_STDLIB2_CCS_TT 
XOR2X1           9    14400.000    KISTA_SOI_STDLIB2_CCS_TT 
------------------------------------------------------------
total         1176  1519520.000                             


                                            
     Type      Instances     Area    Area % 
--------------------------------------------
sequential           182  786240.000   51.7 
inverter             226   72320.000    4.8 
buffer                63   40320.000    2.7 
logic                705  620640.000   40.8 
physical_cells         0       0.000    0.0 
--------------------------------------------
total               1176 1519520.000  100.0 

