============================================================
  Generated by:           Genus(TM) Synthesis Solution 21.19-s055_1
  Generated on:           Dec 31 2024  05:53:23 am
  Module:                 serv_synth_wrapper
  Operating conditions:   PVT_1P8V_25C (balanced_tree)
  Wireload mode:          enclosed
  Area mode:              timing library
============================================================

                                
  Gate   Instances     Area               Library           
------------------------------------------------------------
ADDFX1           1     4960.000    KISTA_SOI_STDLIB2_CCS_TT 
AND2X1          13    12480.000    KISTA_SOI_STDLIB2_CCS_TT 
AO21X1           9    11520.000    KISTA_SOI_STDLIB2_CCS_TT 
AOI21X1         47    45120.000    KISTA_SOI_STDLIB2_CCS_TT 
BUFX2           84    53760.000    KISTA_SOI_STDLIB2_CCS_TT 
BUFX3            5     3200.000    KISTA_SOI_STDLIB2_CCS_TT 
DFFX1          182   786240.000    KISTA_SOI_STDLIB2_CCS_TT 
INVX1           41    13120.000    KISTA_SOI_STDLIB2_CCS_TT 
INVX2           71    22720.000    KISTA_SOI_STDLIB2_CCS_TT 
INVX3           66    21120.000    KISTA_SOI_STDLIB2_CCS_TT 
MX2X1           45    86400.000    KISTA_SOI_STDLIB2_CCS_TT 
NAND2X1        123    78720.000    KISTA_SOI_STDLIB2_CCS_TT 
NAND2X2        160   102400.000    KISTA_SOI_STDLIB2_CCS_TT 
NAND3X1         69    66240.000    KISTA_SOI_STDLIB2_CCS_TT 
NAND4X1          6     7680.000    KISTA_SOI_STDLIB2_CCS_TT 
NOR2X1          15     9600.000    KISTA_SOI_STDLIB2_CCS_TT 
NOR2X2          54    34560.000    KISTA_SOI_STDLIB2_CCS_TT 
NOR2X3           1      960.000    KISTA_SOI_STDLIB2_CCS_TT 
NOR3X1          20    19200.000    KISTA_SOI_STDLIB2_CCS_TT 
NOR4X1           4     5120.000    KISTA_SOI_STDLIB2_CCS_TT 
OA21X1           5     6400.000    KISTA_SOI_STDLIB2_CCS_TT 
OAI21X1        106   101760.000    KISTA_SOI_STDLIB2_CCS_TT 
OR2X1            4     3840.000    KISTA_SOI_STDLIB2_CCS_TT 
OR3X1            1     1280.000    KISTA_SOI_STDLIB2_CCS_TT 
OR4X1            1     1600.000    KISTA_SOI_STDLIB2_CCS_TT 
XNOR2X1          8    12800.000    KISTA_SOI_STDLIB2_CCS_TT 
XOR2X1           8    12800.000    KISTA_SOI_STDLIB2_CCS_TT 
------------------------------------------------------------
total         1149  1525600.000                             


                                            
     Type      Instances     Area    Area % 
--------------------------------------------
sequential           182  786240.000   51.5 
inverter             178   56960.000    3.7 
buffer                89   56960.000    3.7 
logic                700  625440.000   41.0 
physical_cells         0       0.000    0.0 
--------------------------------------------
total               1149 1525600.000  100.0 

