============================================================
  Generated by:           Genus(TM) Synthesis Solution 21.19-s055_1
  Generated on:           Jan 02 2025  06:37:13 am
  Module:                 serv_synth_wrapper
  Operating conditions:   PVT_1P8V_25C (balanced_tree)
  Wireload mode:          enclosed
  Area mode:              timing library
============================================================


Path 1: VIOLATED (-11193 ps) Setup Check with Pin cpu_state_o_ctrl_jump_reg/CK->D
          Group: CLK
     Startpoint: (R) cpu_decode_opcode_reg[2]/CK
          Clock: (R) CLK
       Endpoint: (R) cpu_state_o_ctrl_jump_reg/D
          Clock: (R) CLK

                     Capture       Launch     
        Clock Edge:+    1000            0     
       Src Latency:+       0            0     
       Net Latency:+     200 (I)      200 (I) 
           Arrival:=    1200          200     
                                              
             Setup:-    1292                  
       Uncertainty:-     300                  
     Required Time:=    -392                  
      Launch Clock:-     200                  
         Data Path:-   10602                  
             Slack:=  -11193                  

#-----------------------------------------------------------------------------------------------------
#        Timing Point         Flags   Arc   Edge   Cell     Fanout  Load Trans Delay Arrival Instance 
#                                                                   (fF)  (ps)  (ps)   (ps)  Location 
#-----------------------------------------------------------------------------------------------------
  cpu_decode_opcode_reg[2]/CK -       -     R     (arrival)    182     -     0     0     200    (-,-) 
  cpu_decode_opcode_reg[2]/Q  -       CK->Q F     DFFX1          1  34.7   564  2611    2811    (-,-) 
  g23841/Y                    -       A->Y  F     BUFX3          2 111.0   154  1063    3874    (-,-) 
  g36/Y                       -       C->Y  R     NAND3X1        1  81.7   419   609    4483    (-,-) 
  g23838/Y                    -       A->Y  F     NAND2X3        2 114.9   241   427    4910    (-,-) 
  g20976/Y                    -       B->Y  R     NAND2X3        2 117.1   215   475    5386    (-,-) 
  g21013/Y                    -       B->Y  F     NAND2X3        2 112.4   207   394    5779    (-,-) 
  g21012/Y                    -       B->Y  R     NOR2X3         3 192.2   510   756    6536    (-,-) 
  g21007/Y                    -       B->Y  F     NOR2X3         1  80.2   159   319    6855    (-,-) 
  g21321/Y                    -       B->Y  R     NAND2X3        2 112.4   213   419    7274    (-,-) 
  g29_0/Y                     -       B->Y  F     NAND2X2        2  91.7   254   426    7700    (-,-) 
  g21349/Y                    -       B->Y  R     NAND2X1        2  90.5   400   682    8381    (-,-) 
  g58/Y                       -       A->Y  F     NAND3X1        1  36.3   390   636    9018    (-,-) 
  g21360/Y                    -       D->Y  R     NAND4X1        1  55.5   372   683    9701    (-,-) 
  g21124/Y                    -       A->Y  F     NAND2X2        2  65.2   256   390   10092    (-,-) 
  g173/Y                      -       A->Y  R     OAI21X1        1  33.0   351   710   10802    (-,-) 
  cpu_state_o_ctrl_jump_reg/D <<<     -     R     DFFX1          1     -     -     0   10802    (-,-) 
#-----------------------------------------------------------------------------------------------------

