============================================================
  Generated by:           Genus(TM) Synthesis Solution 21.19-s055_1
  Generated on:           Jan 02 2025  06:51:58 am
  Module:                 serv_synth_wrapper
  Operating conditions:   PVT_1P8V_25C (balanced_tree)
  Wireload mode:          enclosed
  Area mode:              timing library
============================================================

                                
  Gate   Instances     Area               Library           
------------------------------------------------------------
AND2X1          39    37440.000    KISTA_SOI_STDLIB2_CCS_TT 
AND3X1           2     2560.000    KISTA_SOI_STDLIB2_CCS_TT 
AO21X1           6     7680.000    KISTA_SOI_STDLIB2_CCS_TT 
AOI21X1         67    64320.000    KISTA_SOI_STDLIB2_CCS_TT 
BUFX2            8     5120.000    KISTA_SOI_STDLIB2_CCS_TT 
BUFX3           45    28800.000    KISTA_SOI_STDLIB2_CCS_TT 
BUFX4           10     8000.000    KISTA_SOI_STDLIB2_CCS_TT 
BUFX9            4     3840.000    KISTA_SOI_STDLIB2_CCS_TT 
DFFX1          182   786240.000    KISTA_SOI_STDLIB2_CCS_TT 
INVX1           56    17920.000    KISTA_SOI_STDLIB2_CCS_TT 
INVX2          275    88000.000    KISTA_SOI_STDLIB2_CCS_TT 
INVX3          136    43520.000    KISTA_SOI_STDLIB2_CCS_TT 
INVX4           14     6720.000    KISTA_SOI_STDLIB2_CCS_TT 
MX2X1            1     1920.000    KISTA_SOI_STDLIB2_CCS_TT 
NAND2X1        142    90880.000    KISTA_SOI_STDLIB2_CCS_TT 
NAND2X2        286   183040.000    KISTA_SOI_STDLIB2_CCS_TT 
NAND2X3         25    24000.000    KISTA_SOI_STDLIB2_CCS_TT 
NAND3X1         39    37440.000    KISTA_SOI_STDLIB2_CCS_TT 
NAND4X1          6     7680.000    KISTA_SOI_STDLIB2_CCS_TT 
NOR2X1          23    14720.000    KISTA_SOI_STDLIB2_CCS_TT 
NOR2X2         116    74240.000    KISTA_SOI_STDLIB2_CCS_TT 
NOR2X3          50    48000.000    KISTA_SOI_STDLIB2_CCS_TT 
NOR3X1          12    11520.000    KISTA_SOI_STDLIB2_CCS_TT 
NOR4X1           1     1280.000    KISTA_SOI_STDLIB2_CCS_TT 
OA21X1           4     5120.000    KISTA_SOI_STDLIB2_CCS_TT 
OAI21X1        158   151680.000    KISTA_SOI_STDLIB2_CCS_TT 
OR2X1            6     5760.000    KISTA_SOI_STDLIB2_CCS_TT 
OR3X1            1     1280.000    KISTA_SOI_STDLIB2_CCS_TT 
XNOR2X1          4     6400.000    KISTA_SOI_STDLIB2_CCS_TT 
XOR2X1           2     3200.000    KISTA_SOI_STDLIB2_CCS_TT 
------------------------------------------------------------
total         1720  1768320.000                             


                                            
     Type      Instances     Area    Area % 
--------------------------------------------
sequential           182  786240.000   44.5 
inverter             481  156160.000    8.8 
buffer                67   45760.000    2.6 
logic                990  780160.000   44.1 
physical_cells         0       0.000    0.0 
--------------------------------------------
total               1720 1768320.000  100.0 

