============================================================
  Generated by:           Genus(TM) Synthesis Solution 21.19-s055_1
  Generated on:           Dec 17 2024  04:04:19 pm
  Module:                 CiscV
  Operating conditions:   PVT_1P8V_25C (balanced_tree)
  Wireload mode:          enclosed
  Area mode:              timing library
============================================================

                                 
  Gate   Instances      Area               Library           
-------------------------------------------------------------
ADDFX1          76    376960.000    KISTA_SOI_STDLIB2_CCS_TT 
ADDHX1           4      8960.000    KISTA_SOI_STDLIB2_CCS_TT 
AND2X1         138    132480.000    KISTA_SOI_STDLIB2_CCS_TT 
AND3X1          16     20480.000    KISTA_SOI_STDLIB2_CCS_TT 
AND4X1          26     41600.000    KISTA_SOI_STDLIB2_CCS_TT 
AO21X1          33     42240.000    KISTA_SOI_STDLIB2_CCS_TT 
AOI21X1        959    920640.000    KISTA_SOI_STDLIB2_CCS_TT 
BUFX2          149     95360.000    KISTA_SOI_STDLIB2_CCS_TT 
BUFX3           53     33920.000    KISTA_SOI_STDLIB2_CCS_TT 
DFFX1         1379   5957280.000    KISTA_SOI_STDLIB2_CCS_TT 
INVX1            6      1920.000    KISTA_SOI_STDLIB2_CCS_TT 
INVX2          796    254720.000    KISTA_SOI_STDLIB2_CCS_TT 
INVX3          655    209600.000    KISTA_SOI_STDLIB2_CCS_TT 
MX2X1           42     80640.000    KISTA_SOI_STDLIB2_CCS_TT 
NAND2X1       3091   1978240.000    KISTA_SOI_STDLIB2_CCS_TT 
NAND2X2       1337    855680.000    KISTA_SOI_STDLIB2_CCS_TT 
NAND3X1        230    220800.000    KISTA_SOI_STDLIB2_CCS_TT 
NAND4X1        576    737280.000    KISTA_SOI_STDLIB2_CCS_TT 
NOR2X1         210    134400.000    KISTA_SOI_STDLIB2_CCS_TT 
NOR2X2         552    353280.000    KISTA_SOI_STDLIB2_CCS_TT 
NOR2X3          20     19200.000    KISTA_SOI_STDLIB2_CCS_TT 
NOR3X1         150    144000.000    KISTA_SOI_STDLIB2_CCS_TT 
NOR4X1         100    128000.000    KISTA_SOI_STDLIB2_CCS_TT 
OA21X1          56     71680.000    KISTA_SOI_STDLIB2_CCS_TT 
OAI21X1       1999   1919040.000    KISTA_SOI_STDLIB2_CCS_TT 
OR2X1           51     48960.000    KISTA_SOI_STDLIB2_CCS_TT 
OR3X1           17     21760.000    KISTA_SOI_STDLIB2_CCS_TT 
OR4X1           11     17600.000    KISTA_SOI_STDLIB2_CCS_TT 
XNOR2X1         30     48000.000    KISTA_SOI_STDLIB2_CCS_TT 
XOR2X1          36     57600.000    KISTA_SOI_STDLIB2_CCS_TT 
-------------------------------------------------------------
total        12798  14932320.000                             


                                             
     Type      Instances     Area     Area % 
---------------------------------------------
sequential          1379  5957280.000   39.9 
inverter            1457   466240.000    3.1 
buffer               202   129280.000    0.9 
logic               9760  8379520.000   56.1 
physical_cells         0        0.000    0.0 
---------------------------------------------
total              12798 14932320.000  100.0 

