============================================================
  Generated by:           Genus(TM) Synthesis Solution 21.19-s055_1
  Generated on:           Dec 17 2024  04:04:19 pm
  Module:                 CiscV
  Operating conditions:   PVT_1P8V_25C (balanced_tree)
  Wireload mode:          enclosed
  Area mode:              timing library
============================================================


Path 1: MET (11596 ps) Setup Check with Pin alu_result_reg[31]/CK->D
          Group: CLK
     Startpoint: (R) U0_rs2_data_internal_reg[3]/CK
          Clock: (R) CLK
       Endpoint: (F) alu_result_reg[31]/D
          Clock: (R) CLK

                     Capture       Launch     
        Clock Edge:+  100000            0     
       Src Latency:+       0            0     
       Net Latency:+     200 (I)      200 (I) 
           Arrival:=  100200          200     
                                              
             Setup:-     899                  
       Uncertainty:-     300                  
     Required Time:=   99001                  
      Launch Clock:-     200                  
         Data Path:-   87206                  
             Slack:=   11596                  

#------------------------------------------------------------------------------------------------------------
#         Timing Point           Flags     Arc     Edge   Cell     Fanout  Load Trans Delay Arrival Instance 
#                                                                          (fF)  (ps)  (ps)   (ps)  Location 
#------------------------------------------------------------------------------------------------------------
  U0_rs2_data_internal_reg[3]/CK -       -         R     (arrival)   1376     -     0     0     200    (-,-) 
  U0_rs2_data_internal_reg[3]/Q  -       CK->Q     F     DFFX1          1  35.3   568  2620    2820    (-,-) 
  g339199/Y                      -       A->Y      F     BUFX2         12 580.2   753  1767    4587    (-,-) 
  g308892/Y                      -       A->Y      R     INVX3         10 504.2   606  1283    5870    (-,-) 
  g308822/Y                      -       B->Y      F     NOR2X3        12 452.1   514   824    6694    (-,-) 
  g308576/Y                      -       A->Y      R     INVX2          2 133.0   272   710    7405    (-,-) 
  g308572/Y                      -       A->Y      F     INVX2         14 498.3   640   929    8334    (-,-) 
  g308221/Y                      -       B->Y      R     NAND2X2        2 112.6   283   776    9110    (-,-) 
  g307585/Y                      -       A->Y      F     INVX2         14 538.0   690   991   10101    (-,-) 
  g305946/Y                      -       B->Y      R     NAND2X2        1  35.3   275   584   10684    (-,-) 
  g304523/Y                      -       B->Y      F     NAND4X1        1  54.7   699  1006   11690    (-,-) 
  g303746__2346/Y                -       A->Y      R     NOR2X2         2 113.8   493  1035   12725    (-,-) 
  g303735/Y                      -       A->Y      F     INVX3          1  55.7   126   229   12954    (-,-) 
  g303677__6131/Y                -       B->Y      R     NAND2X2        1  33.3   169   299   13253    (-,-) 
  g341015/Y                      -       C->Y      F     OAI21X1        1  31.9   328   494   13747    (-,-) 
  g341014/Y                      -       C->Y      F     AO21X1         3 175.9   524  1762   15509    (-,-) 
  g252312/Y                      -       A->Y      F     BUFX3          7 581.6   517  1547   17056    (-,-) 
  g341092/COUT                   -       B->COUT   F     ADDFX1         2  91.6   523  2748   19804    (-,-) 
  add_3781_38_g792/Y             -       C->Y      R     OAI21X1        1  56.9   517   795   20598    (-,-) 
  add_3781_38_g790/Y             -       B->Y      F     NAND2X2        1 116.3   332   582   21180    (-,-) 
  g341091/COUT                   -       CIN->COUT F     ADDFX1         2  91.6   523  2148   23328    (-,-) 
  add_3781_38_g786/Y             -       C->Y      R     OAI21X1        1  56.9   514   795   24122    (-,-) 
  add_3781_38_g784/Y             -       B->Y      F     NAND2X2        1 116.3   331   581   24703    (-,-) 
  g341090/COUT                   -       CIN->COUT F     ADDFX1         2  91.6   523  2147   26851    (-,-) 
  add_3781_38_g780/Y             -       C->Y      R     OAI21X1        1  56.9   516   795   27646    (-,-) 
  add_3781_38_g778/Y             -       B->Y      F     NAND2X2        1 116.3   331   581   28227    (-,-) 
  g341089/COUT                   -       CIN->COUT F     ADDFX1         1 116.3   586  2263   30490    (-,-) 
  g341088/COUT                   -       CIN->COUT F     ADDFX1         1 116.3   586  2411   32901    (-,-) 
  add_3781_38_g771/COUT          -       CIN->COUT F     ADDFX1         1 116.3   586  2411   35312    (-,-) 
  add_3781_38_g770/COUT          -       CIN->COUT F     ADDFX1         1 116.3   586  2411   37723    (-,-) 
  add_3781_38_g769/COUT          -       CIN->COUT F     ADDFX1         1 116.3   586  2411   40135    (-,-) 
  add_3781_38_g768/COUT          -       CIN->COUT F     ADDFX1         1 116.3   586  2411   42546    (-,-) 
  add_3781_38_g767/COUT          -       CIN->COUT F     ADDFX1         1 116.3   586  2411   44957    (-,-) 
  add_3781_38_g766/COUT          -       CIN->COUT F     ADDFX1         1 116.3   586  2411   47368    (-,-) 
  add_3781_38_g765/COUT          -       CIN->COUT F     ADDFX1         1 116.3   586  2411   49780    (-,-) 
  add_3781_38_g764/COUT          -       CIN->COUT F     ADDFX1         1 116.3   586  2411   52191    (-,-) 
  add_3781_38_g763/COUT          -       CIN->COUT F     ADDFX1         1 116.3   586  2411   54602    (-,-) 
  add_3781_38_g762/COUT          -       CIN->COUT F     ADDFX1         1 116.3   586  2411   57014    (-,-) 
  add_3781_38_g761/COUT          -       CIN->COUT F     ADDFX1         1 116.3   586  2411   59425    (-,-) 
  add_3781_38_g760/COUT          -       CIN->COUT F     ADDFX1         1 116.3   586  2411   61836    (-,-) 
  add_3781_38_g759/COUT          -       CIN->COUT F     ADDFX1         1 116.3   586  2411   64248    (-,-) 
  add_3781_38_g758/COUT          -       CIN->COUT F     ADDFX1         1 116.3   587  2411   66659    (-,-) 
  add_3781_38_g757/COUT          -       CIN->COUT F     ADDFX1         1 116.3   587  2412   69070    (-,-) 
  add_3781_38_g756/COUT          -       CIN->COUT F     ADDFX1         1 116.3   587  2412   71482    (-,-) 
  add_3781_38_g755/COUT          -       CIN->COUT F     ADDFX1         1 116.3   587  2412   73894    (-,-) 
  add_3781_38_g754/COUT          -       CIN->COUT F     ADDFX1         1 116.3   586  2412   76305    (-,-) 
  add_3781_38_g753/COUT          -       CIN->COUT F     ADDFX1         1 116.3   586  2411   78716    (-,-) 
  add_3781_38_g752/COUT          -       CIN->COUT F     ADDFX1         1 116.3   586  2411   81127    (-,-) 
  add_3781_38_g751/COUT          -       CIN->COUT F     ADDFX1         1  58.9   439  2143   83271    (-,-) 
  add_3781_38_g750/Y             -       B->Y      F     XOR2X1         3 123.9   706  1420   84690    (-,-) 
  g336041/Y                      -       A->Y      R     NAND2X1        1  56.9   330   886   85577    (-,-) 
  g333714/Y                      -       B->Y      F     NAND2X2        1  32.4   143   291   85868    (-,-) 
  g330224/Y                      -       C->Y      R     AOI21X1        1  36.3   471   820   86687    (-,-) 
  g330120/Y                      -       D->Y      F     NAND4X1        1  30.6   524   718   87406    (-,-) 
  alu_result_reg[31]/D           <<<     -         F     DFFX1          1     -     -     0   87406    (-,-) 
#------------------------------------------------------------------------------------------------------------

