============================================================
  Generated by:           Genus(TM) Synthesis Solution 21.19-s055_1
  Generated on:           Dec 30 2024  06:41:53 pm
  Module:                 BRISC_top_no_io
  Operating conditions:   PVT_1P8V_25C (balanced_tree)
  Wireload mode:          enclosed
  Area mode:              timing library
============================================================

                                 
  Gate   Instances      Area               Library           
-------------------------------------------------------------
ADDHX1           1      2240.000    KISTA_SOI_STDLIB2_CCS_TT 
AND2X1         148    142080.000    KISTA_SOI_STDLIB2_CCS_TT 
AND3X1          10     12800.000    KISTA_SOI_STDLIB2_CCS_TT 
AND4X1          37     59200.000    KISTA_SOI_STDLIB2_CCS_TT 
AO21X1          41     52480.000    KISTA_SOI_STDLIB2_CCS_TT 
AOI21X1       1151   1104960.000    KISTA_SOI_STDLIB2_CCS_TT 
BUFX2          360    230400.000    KISTA_SOI_STDLIB2_CCS_TT 
BUFX3           17     10880.000    KISTA_SOI_STDLIB2_CCS_TT 
BUFX4            9      7200.000    KISTA_SOI_STDLIB2_CCS_TT 
DFFX1         1472   6359040.000    KISTA_SOI_STDLIB2_CCS_TT 
INVX1          142     45440.000    KISTA_SOI_STDLIB2_CCS_TT 
INVX2          988    316160.000    KISTA_SOI_STDLIB2_CCS_TT 
INVX3          848    271360.000    KISTA_SOI_STDLIB2_CCS_TT 
INVX4           10      4800.000    KISTA_SOI_STDLIB2_CCS_TT 
MX2X1           80    153600.000    KISTA_SOI_STDLIB2_CCS_TT 
NAND2X1       4115   2633600.000    KISTA_SOI_STDLIB2_CCS_TT 
NAND2X2       1308    837120.000    KISTA_SOI_STDLIB2_CCS_TT 
NAND2X3         23     22080.000    KISTA_SOI_STDLIB2_CCS_TT 
NAND3X1        296    284160.000    KISTA_SOI_STDLIB2_CCS_TT 
NAND4X1        741    948480.000    KISTA_SOI_STDLIB2_CCS_TT 
NOR2X1         363    232320.000    KISTA_SOI_STDLIB2_CCS_TT 
NOR2X2         793    507520.000    KISTA_SOI_STDLIB2_CCS_TT 
NOR2X3          65     62400.000    KISTA_SOI_STDLIB2_CCS_TT 
NOR3X1         141    135360.000    KISTA_SOI_STDLIB2_CCS_TT 
NOR4X1         140    179200.000    KISTA_SOI_STDLIB2_CCS_TT 
OA21X1          65     83200.000    KISTA_SOI_STDLIB2_CCS_TT 
OAI21X1       2114   2029440.000    KISTA_SOI_STDLIB2_CCS_TT 
OR2X1           37     35520.000    KISTA_SOI_STDLIB2_CCS_TT 
OR3X1           11     14080.000    KISTA_SOI_STDLIB2_CCS_TT 
OR4X1           18     28800.000    KISTA_SOI_STDLIB2_CCS_TT 
XNOR2X1        110    176000.000    KISTA_SOI_STDLIB2_CCS_TT 
XOR2X1          43     68800.000    KISTA_SOI_STDLIB2_CCS_TT 
-------------------------------------------------------------
total        15697  17050720.000                             


                                             
     Type      Instances     Area     Area % 
---------------------------------------------
sequential          1472  6359040.000   37.3 
inverter            1988   637760.000    3.7 
buffer               386   248480.000    1.5 
logic              11851  9805440.000   57.5 
physical_cells         0        0.000    0.0 
---------------------------------------------
total              15697 17050720.000  100.0 

